L 08/17/2014 - 00:01:25: SourceMod error session started
L 08/17/2014 - 00:01:25: Info (map "heights_hunt") (file "errors_20140817.log")
L 08/17/2014 - 00:01:25: Error log file session closed.
L 08/17/2014 - 00:01:25: SourceMod error session started
L 08/17/2014 - 00:01:25: Info (map "heights_hunt") (file "errors_20140817.log")
L 08/17/2014 - 00:01:25: [SM] Fatal error encountered parsing translation file "sm_hidename.phrases.txt"
L 08/17/2014 - 00:01:25: [SM] Error (line 0, column 0): Stream failed to open
L 08/17/2014 - 00:01:27: [SM] Plugin encountered error 4: Invalid parameter or parameter type
L 08/17/2014 - 00:01:27: [SM] Native "Format" reported: Language phrase "Prefix_Chat" not found
L 08/17/2014 - 00:01:27: [SM] Displaying call stack trace for plugin "hidename.smx":
L 08/17/2014 - 00:01:27: [SM]   [0]  Line 83, hidename.sp::OnConfigsExecuted()
L 08/17/2014 - 00:07:41: Error log file session closed.
L 08/17/2014 - 00:07:41: SourceMod error session started
L 08/17/2014 - 00:07:41: Info (map "ministry_hunt") (file "errors_20140817.log")
L 08/17/2014 - 00:07:41: [SM] Fatal error encountered parsing translation file "sm_hidename.phrases.txt"
L 08/17/2014 - 00:07:41: [SM] Error (line 0, column 0): Stream failed to open
L 08/17/2014 - 00:07:41: [SM] Plugin encountered error 4: Invalid parameter or parameter type
L 08/17/2014 - 00:07:41: [SM] Native "Format" reported: Language phrase "Prefix_Chat" not found
L 08/17/2014 - 00:07:41: [SM] Displaying call stack trace for plugin "hidename.smx":
L 08/17/2014 - 00:07:41: [SM]   [0]  Line 83, hidename.sp::OnConfigsExecuted()
L 08/17/2014 - 00:12:17: Error log file session closed.
L 08/17/2014 - 00:12:17: SourceMod error session started
L 08/17/2014 - 00:12:17: Info (map "uprising_hunt") (file "errors_20140817.log")
L 08/17/2014 - 00:12:17: [SM] Fatal error encountered parsing translation file "sm_hidename.phrases.txt"
L 08/17/2014 - 00:12:17: [SM] Error (line 0, column 0): Stream failed to open
L 08/17/2014 - 00:12:17: [SM] Plugin encountered error 4: Invalid parameter or parameter type
L 08/17/2014 - 00:12:17: [SM] Native "Format" reported: Language phrase "Prefix_Chat" not found
L 08/17/2014 - 00:12:17: [SM] Displaying call stack trace for plugin "hidename.smx":
L 08/17/2014 - 00:12:17: [SM]   [0]  Line 83, hidename.sp::OnConfigsExecuted()
L 08/17/2014 - 00:16:23: Error log file session closed.
L 08/17/2014 - 00:16:23: SourceMod error session started
L 08/17/2014 - 00:16:23: Info (map "sinjar_coop") (file "errors_20140817.log")
L 08/17/2014 - 00:16:23: [SM] Fatal error encountered parsing translation file "sm_hidename.phrases.txt"
L 08/17/2014 - 00:16:23: [SM] Error (line 0, column 0): Stream failed to open
L 08/17/2014 - 00:16:30: [SM] Plugin encountered error 4: Invalid parameter or parameter type
L 08/17/2014 - 00:16:30: [SM] Native "Format" reported: Language phrase "Prefix_Chat" not found
L 08/17/2014 - 00:16:30: [SM] Displaying call stack trace for plugin "hidename.smx":
L 08/17/2014 - 00:16:30: [SM]   [0]  Line 83, hidename.sp::OnConfigsExecuted()
L 08/17/2014 - 00:30:58: Error log file session closed.
L 08/17/2014 - 00:30:58: SourceMod error session started
L 08/17/2014 - 00:30:58: Info (map "district_coop") (file "errors_20140817.log")
L 08/17/2014 - 00:30:58: [SM] Fatal error encountered parsing translation file "sm_hidename.phrases.txt"
L 08/17/2014 - 00:30:58: [SM] Error (line 0, column 0): Stream failed to open
L 08/17/2014 - 00:30:59: [SM] Plugin encountered error 4: Invalid parameter or parameter type
L 08/17/2014 - 00:30:59: [SM] Native "Format" reported: Language phrase "Prefix_Chat" not found
L 08/17/2014 - 00:30:59: [SM] Displaying call stack trace for plugin "hidename.smx":
L 08/17/2014 - 00:30:59: [SM]   [0]  Line 83, hidename.sp::OnConfigsExecuted()
L 08/17/2014 - 00:55:09: Error log file session closed.
L 08/17/2014 - 00:55:09: SourceMod error session started
L 08/17/2014 - 00:55:09: Info (map "panj_hunt") (file "errors_20140817.log")
L 08/17/2014 - 00:55:09: [SM] Fatal error encountered parsing translation file "sm_hidename.phrases.txt"
L 08/17/2014 - 00:55:09: [SM] Error (line 0, column 0): Stream failed to open
L 08/17/2014 - 00:55:15: [SM] Plugin encountered error 4: Invalid parameter or parameter type
L 08/17/2014 - 00:55:15: [SM] Native "Format" reported: Language phrase "Prefix_Chat" not found
L 08/17/2014 - 00:55:15: [SM] Displaying call stack trace for plugin "hidename.smx":
L 08/17/2014 - 00:55:15: [SM]   [0]  Line 83, hidename.sp::OnConfigsExecuted()
L 08/17/2014 - 00:59:44: Error log file session closed.
L 08/17/2014 - 00:59:44: SourceMod error session started
L 08/17/2014 - 00:59:44: Info (map "buhriz_coop") (file "errors_20140817.log")
L 08/17/2014 - 00:59:44: [SM] Fatal error encountered parsing translation file "sm_hidename.phrases.txt"
L 08/17/2014 - 00:59:44: [SM] Error (line 0, column 0): Stream failed to open
L 08/17/2014 - 00:59:59: [SM] Plugin encountered error 4: Invalid parameter or parameter type
L 08/17/2014 - 00:59:59: [SM] Native "Format" reported: Language phrase "Prefix_Chat" not found
L 08/17/2014 - 00:59:59: [SM] Displaying call stack trace for plugin "hidename.smx":
L 08/17/2014 - 00:59:59: [SM]   [0]  Line 83, hidename.sp::OnConfigsExecuted()
L 08/17/2014 - 01:17:35: Error log file session closed.
L 08/17/2014 - 01:17:35: SourceMod error session started
L 08/17/2014 - 01:17:35: Info (map "contact_hunt") (file "errors_20140817.log")
L 08/17/2014 - 01:17:35: [SM] Fatal error encountered parsing translation file "sm_hidename.phrases.txt"
L 08/17/2014 - 01:17:35: [SM] Error (line 0, column 0): Stream failed to open
L 08/17/2014 - 01:17:35: [SM] Plugin encountered error 4: Invalid parameter or parameter type
L 08/17/2014 - 01:17:35: [SM] Native "Format" reported: Language phrase "Prefix_Chat" not found
L 08/17/2014 - 01:17:35: [SM] Displaying call stack trace for plugin "hidename.smx":
L 08/17/2014 - 01:17:35: [SM]   [0]  Line 83, hidename.sp::OnConfigsExecuted()
L 08/17/2014 - 01:21:24: Error log file session closed.
L 08/17/2014 - 01:21:24: SourceMod error session started
L 08/17/2014 - 01:21:24: Info (map "sinjar_coop") (file "errors_20140817.log")
L 08/17/2014 - 01:21:24: [SM] Fatal error encountered parsing translation file "sm_hidename.phrases.txt"
L 08/17/2014 - 01:21:24: [SM] Error (line 0, column 0): Stream failed to open
L 08/17/2014 - 01:21:32: [SM] Plugin encountered error 4: Invalid parameter or parameter type
L 08/17/2014 - 01:21:32: [SM] Native "Format" reported: Language phrase "Prefix_Chat" not found
L 08/17/2014 - 01:21:32: [SM] Displaying call stack trace for plugin "hidename.smx":
L 08/17/2014 - 01:21:32: [SM]   [0]  Line 83, hidename.sp::OnConfigsExecuted()
L 08/17/2014 - 01:36:48: Error log file session closed.
L 08/17/2014 - 01:36:48: SourceMod error session started
L 08/17/2014 - 01:36:48: Info (map "revolt_coop") (file "errors_20140817.log")
L 08/17/2014 - 01:36:48: [SM] Fatal error encountered parsing translation file "sm_hidename.phrases.txt"
L 08/17/2014 - 01:36:48: [SM] Error (line 0, column 0): Stream failed to open
L 08/17/2014 - 01:36:48: [SM] Plugin encountered error 4: Invalid parameter or parameter type
L 08/17/2014 - 01:36:48: [SM] Native "Format" reported: Language phrase "Prefix_Chat" not found
L 08/17/2014 - 01:36:48: [SM] Displaying call stack trace for plugin "hidename.smx":
L 08/17/2014 - 01:36:48: [SM]   [0]  Line 83, hidename.sp::OnConfigsExecuted()
L 08/17/2014 - 01:53:27: Error log file session closed.
L 08/17/2014 - 01:53:27: SourceMod error session started
L 08/17/2014 - 01:53:27: Info (map "buhriz_coop") (file "errors_20140817.log")
L 08/17/2014 - 01:53:27: [SM] Fatal error encountered parsing translation file "sm_hidename.phrases.txt"
L 08/17/2014 - 01:53:27: [SM] Error (line 0, column 0): Stream failed to open
L 08/17/2014 - 01:53:42: [SM] Plugin encountered error 4: Invalid parameter or parameter type
L 08/17/2014 - 01:53:42: [SM] Native "Format" reported: Language phrase "Prefix_Chat" not found
L 08/17/2014 - 01:53:42: [SM] Displaying call stack trace for plugin "hidename.smx":
L 08/17/2014 - 01:53:42: [SM]   [0]  Line 83, hidename.sp::OnConfigsExecuted()
L 08/17/2014 - 02:11:13: Error log file session closed.
L 08/17/2014 - 02:11:13: SourceMod error session started
L 08/17/2014 - 02:11:13: Info (map "market_coop") (file "errors_20140817.log")
L 08/17/2014 - 02:11:13: [SM] Fatal error encountered parsing translation file "sm_hidename.phrases.txt"
L 08/17/2014 - 02:11:13: [SM] Error (line 0, column 0): Stream failed to open
L 08/17/2014 - 02:11:13: [SM] Plugin encountered error 4: Invalid parameter or parameter type
L 08/17/2014 - 02:11:13: [SM] Native "Format" reported: Language phrase "Prefix_Chat" not found
L 08/17/2014 - 02:11:13: [SM] Displaying call stack trace for plugin "hidename.smx":
L 08/17/2014 - 02:11:13: [SM]   [0]  Line 83, hidename.sp::OnConfigsExecuted()
L 08/17/2014 - 02:47:41: Error log file session closed.
L 08/17/2014 - 02:47:41: SourceMod error session started
L 08/17/2014 - 02:47:41: Info (map "heights_coop") (file "errors_20140817.log")
L 08/17/2014 - 02:47:41: [SM] Fatal error encountered parsing translation file "sm_hidename.phrases.txt"
L 08/17/2014 - 02:47:41: [SM] Error (line 0, column 0): Stream failed to open
L 08/17/2014 - 02:47:44: [SM] Plugin encountered error 4: Invalid parameter or parameter type
L 08/17/2014 - 02:47:44: [SM] Native "Format" reported: Language phrase "Prefix_Chat" not found
L 08/17/2014 - 02:47:44: [SM] Displaying call stack trace for plugin "hidename.smx":
L 08/17/2014 - 02:47:44: [SM]   [0]  Line 83, hidename.sp::OnConfigsExecuted()
L 08/17/2014 - 03:18:20: Error log file session closed.
L 08/17/2014 - 03:18:20: SourceMod error session started
L 08/17/2014 - 03:18:20: Info (map "contact_coop") (file "errors_20140817.log")
L 08/17/2014 - 03:18:20: [SM] Fatal error encountered parsing translation file "sm_hidename.phrases.txt"
L 08/17/2014 - 03:18:20: [SM] Error (line 0, column 0): Stream failed to open
L 08/17/2014 - 03:18:20: [SM] Plugin encountered error 4: Invalid parameter or parameter type
L 08/17/2014 - 03:18:20: [SM] Native "Format" reported: Language phrase "Prefix_Chat" not found
L 08/17/2014 - 03:18:20: [SM] Displaying call stack trace for plugin "hidename.smx":
L 08/17/2014 - 03:18:20: [SM]   [0]  Line 83, hidename.sp::OnConfigsExecuted()
L 08/17/2014 - 03:54:27: Error log file session closed.
L 08/17/2014 - 03:54:27: SourceMod error session started
L 08/17/2014 - 03:54:27: Info (map "market_coop") (file "errors_20140817.log")
L 08/17/2014 - 03:54:27: [SM] Fatal error encountered parsing translation file "sm_hidename.phrases.txt"
L 08/17/2014 - 03:54:27: [SM] Error (line 0, column 0): Stream failed to open
L 08/17/2014 - 03:54:27: [SM] Plugin encountered error 4: Invalid parameter or parameter type
L 08/17/2014 - 03:54:27: [SM] Native "Format" reported: Language phrase "Prefix_Chat" not found
L 08/17/2014 - 03:54:27: [SM] Displaying call stack trace for plugin "hidename.smx":
L 08/17/2014 - 03:54:27: [SM]   [0]  Line 83, hidename.sp::OnConfigsExecuted()
L 08/17/2014 - 04:38:26: Error log file session closed.
L 08/17/2014 - 04:38:26: SourceMod error session started
L 08/17/2014 - 04:38:26: Info (map "district_coop") (file "errors_20140817.log")
L 08/17/2014 - 04:38:26: [SM] Fatal error encountered parsing translation file "sm_hidename.phrases.txt"
L 08/17/2014 - 04:38:26: [SM] Error (line 0, column 0): Stream failed to open
L 08/17/2014 - 04:38:27: [SM] Plugin encountered error 4: Invalid parameter or parameter type
L 08/17/2014 - 04:38:27: [SM] Native "Format" reported: Language phrase "Prefix_Chat" not found
L 08/17/2014 - 04:38:27: [SM] Displaying call stack trace for plugin "hidename.smx":
L 08/17/2014 - 04:38:27: [SM]   [0]  Line 83, hidename.sp::OnConfigsExecuted()
L 08/17/2014 - 06:37:21: Error log file session closed.
L 08/17/2014 - 06:37:21: SourceMod error session started
L 08/17/2014 - 06:37:21: Info (map "ministry_coop") (file "errors_20140817.log")
L 08/17/2014 - 06:37:21: [SM] Fatal error encountered parsing translation file "sm_hidename.phrases.txt"
L 08/17/2014 - 06:37:21: [SM] Error (line 0, column 0): Stream failed to open
L 08/17/2014 - 07:32:28: Error log file session closed.
L 08/17/2014 - 07:32:28: SourceMod error session started
L 08/17/2014 - 07:32:28: Info (map "ministry_coop") (file "errors_20140817.log")
L 08/17/2014 - 07:32:28: [SM] Fatal error encountered parsing translation file "sm_hidename.phrases.txt"
L 08/17/2014 - 07:32:28: [SM] Error (line 0, column 0): Stream failed to open
L 08/17/2014 - 08:27:29: Error log file session closed.
L 08/17/2014 - 08:27:29: SourceMod error session started
L 08/17/2014 - 08:27:29: Info (map "ministry_coop") (file "errors_20140817.log")
L 08/17/2014 - 08:27:29: [SM] Fatal error encountered parsing translation file "sm_hidename.phrases.txt"
L 08/17/2014 - 08:27:29: [SM] Error (line 0, column 0): Stream failed to open
L 08/17/2014 - 09:22:30: Error log file session closed.
L 08/17/2014 - 09:22:30: SourceMod error session started
L 08/17/2014 - 09:22:30: Info (map "ministry_coop") (file "errors_20140817.log")
L 08/17/2014 - 09:22:30: [SM] Fatal error encountered parsing translation file "sm_hidename.phrases.txt"
L 08/17/2014 - 09:22:30: [SM] Error (line 0, column 0): Stream failed to open
L 08/17/2014 - 10:17:34: Error log file session closed.
L 08/17/2014 - 10:17:34: SourceMod error session started
L 08/17/2014 - 10:17:34: Info (map "ministry_coop") (file "errors_20140817.log")
L 08/17/2014 - 10:17:34: [SM] Fatal error encountered parsing translation file "sm_hidename.phrases.txt"
L 08/17/2014 - 10:17:34: [SM] Error (line 0, column 0): Stream failed to open
L 08/17/2014 - 10:36:00: [SM] Plugin encountered error 4: Invalid parameter or parameter type
L 08/17/2014 - 10:36:00: [SM] Native "Format" reported: Language phrase "Prefix_Chat" not found
L 08/17/2014 - 10:36:00: [SM] Displaying call stack trace for plugin "hidename.smx":
L 08/17/2014 - 10:36:00: [SM]   [0]  Line 83, hidename.sp::OnConfigsExecuted()
L 08/17/2014 - 10:46:32: Error log file session closed.
L 08/17/2014 - 10:46:32: SourceMod error session started
L 08/17/2014 - 10:46:32: Info (map "siege_coop") (file "errors_20140817.log")
L 08/17/2014 - 10:46:32: [SM] Fatal error encountered parsing translation file "sm_hidename.phrases.txt"
L 08/17/2014 - 10:46:32: [SM] Error (line 0, column 0): Stream failed to open
L 08/17/2014 - 10:46:32: [SM] Plugin encountered error 4: Invalid parameter or parameter type
L 08/17/2014 - 10:46:32: [SM] Native "Format" reported: Language phrase "Prefix_Chat" not found
L 08/17/2014 - 10:46:32: [SM] Displaying call stack trace for plugin "hidename.smx":
L 08/17/2014 - 10:46:32: [SM]   [0]  Line 83, hidename.sp::OnConfigsExecuted()
L 08/17/2014 - 10:52:29: Error log file session closed.
L 08/17/2014 - 10:52:29: SourceMod error session started
L 08/17/2014 - 10:52:29: Info (map "district_hunt") (file "errors_20140817.log")
L 08/17/2014 - 10:52:29: [SM] Fatal error encountered parsing translation file "sm_hidename.phrases.txt"
L 08/17/2014 - 10:52:29: [SM] Error (line 0, column 0): Stream failed to open
L 08/17/2014 - 10:52:30: [SM] Plugin encountered error 4: Invalid parameter or parameter type
L 08/17/2014 - 10:52:30: [SM] Native "Format" reported: Language phrase "Prefix_Chat" not found
L 08/17/2014 - 10:52:30: [SM] Displaying call stack trace for plugin "hidename.smx":
L 08/17/2014 - 10:52:30: [SM]   [0]  Line 83, hidename.sp::OnConfigsExecuted()
L 08/17/2014 - 11:39:19: Error log file session closed.
L 08/17/2014 - 11:39:19: SourceMod error session started
L 08/17/2014 - 11:39:19: Info (map "contact_coop") (file "errors_20140817.log")
L 08/17/2014 - 11:39:19: [SM] Fatal error encountered parsing translation file "sm_hidename.phrases.txt"
L 08/17/2014 - 11:39:19: [SM] Error (line 0, column 0): Stream failed to open
L 08/17/2014 - 11:39:19: [SM] Plugin encountered error 4: Invalid parameter or parameter type
L 08/17/2014 - 11:39:19: [SM] Native "Format" reported: Language phrase "Prefix_Chat" not found
L 08/17/2014 - 11:39:19: [SM] Displaying call stack trace for plugin "hidename.smx":
L 08/17/2014 - 11:39:19: [SM]   [0]  Line 83, hidename.sp::OnConfigsExecuted()
L 08/17/2014 - 11:42:54: Error log file session closed.
L 08/17/2014 - 11:42:54: SourceMod error session started
L 08/17/2014 - 11:42:54: Info (map "heights_hunt") (file "errors_20140817.log")
L 08/17/2014 - 11:42:54: [SM] Fatal error encountered parsing translation file "sm_hidename.phrases.txt"
L 08/17/2014 - 11:42:54: [SM] Error (line 0, column 0): Stream failed to open
L 08/17/2014 - 11:42:57: [SM] Plugin encountered error 4: Invalid parameter or parameter type
L 08/17/2014 - 11:42:57: [SM] Native "Format" reported: Language phrase "Prefix_Chat" not found
L 08/17/2014 - 11:42:57: [SM] Displaying call stack trace for plugin "hidename.smx":
L 08/17/2014 - 11:42:57: [SM]   [0]  Line 83, hidename.sp::OnConfigsExecuted()
L 08/17/2014 - 11:59:39: Error log file session closed.
L 08/17/2014 - 11:59:39: SourceMod error session started
L 08/17/2014 - 11:59:39: Info (map "ministry_hunt") (file "errors_20140817.log")
L 08/17/2014 - 11:59:39: [SM] Fatal error encountered parsing translation file "sm_hidename.phrases.txt"
L 08/17/2014 - 11:59:39: [SM] Error (line 0, column 0): Stream failed to open
L 08/17/2014 - 11:59:39: [SM] Plugin encountered error 4: Invalid parameter or parameter type
L 08/17/2014 - 11:59:39: [SM] Native "Format" reported: Language phrase "Prefix_Chat" not found
L 08/17/2014 - 11:59:39: [SM] Displaying call stack trace for plugin "hidename.smx":
L 08/17/2014 - 11:59:39: [SM]   [0]  Line 83, hidename.sp::OnConfigsExecuted()
L 08/17/2014 - 13:02:12: Error log file session closed.
L 08/17/2014 - 13:02:12: SourceMod error session started
L 08/17/2014 - 13:02:12: Info (map "uprising_hunt") (file "errors_20140817.log")
L 08/17/2014 - 13:02:12: [SM] Fatal error encountered parsing translation file "sm_hidename.phrases.txt"
L 08/17/2014 - 13:02:12: [SM] Error (line 0, column 0): Stream failed to open
L 08/17/2014 - 13:24:31: [SM] Plugin encountered error 4: Invalid parameter or parameter type
L 08/17/2014 - 13:24:31: [SM] Native "Format" reported: Language phrase "Prefix_Chat" not found
L 08/17/2014 - 13:24:31: [SM] Displaying call stack trace for plugin "hidename.smx":
L 08/17/2014 - 13:24:31: [SM]   [0]  Line 83, hidename.sp::OnConfigsExecuted()
L 08/17/2014 - 13:33:52: Error log file session closed.
L 08/17/2014 - 13:33:52: SourceMod error session started
L 08/17/2014 - 13:33:52: Info (map "panj_hunt") (file "errors_20140817.log")
L 08/17/2014 - 13:33:52: [SM] Fatal error encountered parsing translation file "sm_hidename.phrases.txt"
L 08/17/2014 - 13:33:52: [SM] Error (line 0, column 0): Stream failed to open
L 08/17/2014 - 13:33:58: [SM] Plugin encountered error 4: Invalid parameter or parameter type
L 08/17/2014 - 13:33:58: [SM] Native "Format" reported: Language phrase "Prefix_Chat" not found
L 08/17/2014 - 13:33:58: [SM] Displaying call stack trace for plugin "hidename.smx":
L 08/17/2014 - 13:33:58: [SM]   [0]  Line 83, hidename.sp::OnConfigsExecuted()
L 08/17/2014 - 13:40:15: Error log file session closed.
L 08/17/2014 - 13:40:15: SourceMod error session started
L 08/17/2014 - 13:40:15: Info (map "contact_hunt") (file "errors_20140817.log")
L 08/17/2014 - 13:40:15: [SM] Fatal error encountered parsing translation file "sm_hidename.phrases.txt"
L 08/17/2014 - 13:40:15: [SM] Error (line 0, column 0): Stream failed to open
L 08/17/2014 - 13:40:15: [SM] Plugin encountered error 4: Invalid parameter or parameter type
L 08/17/2014 - 13:40:15: [SM] Native "Format" reported: Language phrase "Prefix_Chat" not found
L 08/17/2014 - 13:40:15: [SM] Displaying call stack trace for plugin "hidename.smx":
L 08/17/2014 - 13:40:15: [SM]   [0]  Line 83, hidename.sp::OnConfigsExecuted()
L 08/17/2014 - 13:54:40: Error log file session closed.
L 08/17/2014 - 13:54:40: SourceMod error session started
L 08/17/2014 - 13:54:40: Info (map "sinjar_coop") (file "errors_20140817.log")
L 08/17/2014 - 13:54:40: [SM] Fatal error encountered parsing translation file "sm_hidename.phrases.txt"
L 08/17/2014 - 13:54:40: [SM] Error (line 0, column 0): Stream failed to open
L 08/17/2014 - 13:54:47: [SM] Plugin encountered error 4: Invalid parameter or parameter type
L 08/17/2014 - 13:54:47: [SM] Native "Format" reported: Language phrase "Prefix_Chat" not found
L 08/17/2014 - 13:54:47: [SM] Displaying call stack trace for plugin "hidename.smx":
L 08/17/2014 - 13:54:47: [SM]   [0]  Line 83, hidename.sp::OnConfigsExecuted()
L 08/17/2014 - 16:27:09: SourceMod error session started
L 08/17/2014 - 16:27:09: Info (map "ministry_coop") (file "errors_20140817.log")
L 08/17/2014 - 16:27:09: [SM] Unable to load extension "steamtools.ext": libvstdlib_srv.so: cannot open shared object file: No such file or directory
L 08/17/2014 - 16:27:09: [SM] Fatal error encountered parsing translation file "sm_hidename.phrases.txt"
L 08/17/2014 - 16:27:09: [SM] Error (line 0, column 0): Stream failed to open
L 08/17/2014 - 16:27:19: [SM] Plugin encountered error 4: Invalid parameter or parameter type
L 08/17/2014 - 16:27:19: [SM] Native "Format" reported: Language phrase "Prefix_Chat" not found
L 08/17/2014 - 16:27:19: [SM] Displaying call stack trace for plugin "hidename.smx":
L 08/17/2014 - 16:27:19: [SM]   [0]  Line 83, hidename.sp::OnConfigsExecuted()
L 08/17/2014 - 16:43:16: Error log file session closed.
L 08/17/2014 - 16:43:16: SourceMod error session started
L 08/17/2014 - 16:43:16: Info (map "siege_coop") (file "errors_20140817.log")
L 08/17/2014 - 16:43:16: [SM] Fatal error encountered parsing translation file "sm_hidename.phrases.txt"
L 08/17/2014 - 16:43:16: [SM] Error (line 0, column 0): Stream failed to open
L 08/17/2014 - 16:43:16: [SM] Plugin encountered error 4: Invalid parameter or parameter type
L 08/17/2014 - 16:43:16: [SM] Native "Format" reported: Language phrase "Prefix_Chat" not found
L 08/17/2014 - 16:43:16: [SM] Displaying call stack trace for plugin "hidename.smx":
L 08/17/2014 - 16:43:16: [SM]   [0]  Line 83, hidename.sp::OnConfigsExecuted()
L 08/17/2014 - 16:45:32: Error log file session closed.
L 08/17/2014 - 16:45:32: SourceMod error session started
L 08/17/2014 - 16:45:32: Info (map "panj_hunt") (file "errors_20140817.log")
L 08/17/2014 - 16:45:32: [SM] Fatal error encountered parsing translation file "sm_hidename.phrases.txt"
L 08/17/2014 - 16:45:32: [SM] Error (line 0, column 0): Stream failed to open
L 08/17/2014 - 16:45:39: [SM] Plugin encountered error 4: Invalid parameter or parameter type
L 08/17/2014 - 16:45:39: [SM] Native "Format" reported: Language phrase "Prefix_Chat" not found
L 08/17/2014 - 16:45:39: [SM] Displaying call stack trace for plugin "hidename.smx":
L 08/17/2014 - 16:45:39: [SM]   [0]  Line 83, hidename.sp::OnConfigsExecuted()
L 08/17/2014 - 17:01:32: Error log file session closed.
L 08/17/2014 - 17:01:32: SourceMod error session started
L 08/17/2014 - 17:01:32: Info (map "sinjar_coop") (file "errors_20140817.log")
L 08/17/2014 - 17:01:32: [SM] Fatal error encountered parsing translation file "sm_hidename.phrases.txt"
L 08/17/2014 - 17:01:32: [SM] Error (line 0, column 0): Stream failed to open
L 08/17/2014 - 17:01:38: [SM] Plugin encountered error 4: Invalid parameter or parameter type
L 08/17/2014 - 17:01:38: [SM] Native "Format" reported: Language phrase "Prefix_Chat" not found
L 08/17/2014 - 17:01:38: [SM] Displaying call stack trace for plugin "hidename.smx":
L 08/17/2014 - 17:01:38: [SM]   [0]  Line 83, hidename.sp::OnConfigsExecuted()
L 08/17/2014 - 17:36:37: Error log file session closed.
L 08/17/2014 - 17:36:37: SourceMod error session started
L 08/17/2014 - 17:36:37: Info (map "market_coop") (file "errors_20140817.log")
L 08/17/2014 - 17:36:37: [SM] Fatal error encountered parsing translation file "sm_hidename.phrases.txt"
L 08/17/2014 - 17:36:37: [SM] Error (line 0, column 0): Stream failed to open
L 08/17/2014 - 17:36:38: [SM] Plugin encountered error 4: Invalid parameter or parameter type
L 08/17/2014 - 17:36:38: [SM] Native "Format" reported: Language phrase "Prefix_Chat" not found
L 08/17/2014 - 17:36:38: [SM] Displaying call stack trace for plugin "hidename.smx":
L 08/17/2014 - 17:36:38: [SM]   [0]  Line 83, hidename.sp::OnConfigsExecuted()
L 08/17/2014 - 17:57:47: Error log file session closed.
L 08/17/2014 - 17:57:47: SourceMod error session started
L 08/17/2014 - 17:57:47: Info (map "district_hunt") (file "errors_20140817.log")
L 08/17/2014 - 17:57:47: [SM] Fatal error encountered parsing translation file "sm_hidename.phrases.txt"
L 08/17/2014 - 17:57:47: [SM] Error (line 0, column 0): Stream failed to open
L 08/17/2014 - 17:57:48: [SM] Plugin encountered error 4: Invalid parameter or parameter type
L 08/17/2014 - 17:57:48: [SM] Native "Format" reported: Language phrase "Prefix_Chat" not found
L 08/17/2014 - 17:57:48: [SM] Displaying call stack trace for plugin "hidename.smx":
L 08/17/2014 - 17:57:48: [SM]   [0]  Line 83, hidename.sp::OnConfigsExecuted()
L 08/17/2014 - 17:59:12: Error log file session closed.
L 08/17/2014 - 17:59:12: SourceMod error session started
L 08/17/2014 - 17:59:12: Info (map "buhriz_coop") (file "errors_20140817.log")
L 08/17/2014 - 17:59:12: [SM] Fatal error encountered parsing translation file "sm_hidename.phrases.txt"
L 08/17/2014 - 17:59:12: [SM] Error (line 0, column 0): Stream failed to open
L 08/17/2014 - 17:59:28: [SM] Plugin encountered error 4: Invalid parameter or parameter type
L 08/17/2014 - 17:59:28: [SM] Native "Format" reported: Language phrase "Prefix_Chat" not found
L 08/17/2014 - 17:59:28: [SM] Displaying call stack trace for plugin "hidename.smx":
L 08/17/2014 - 17:59:28: [SM]   [0]  Line 83, hidename.sp::OnConfigsExecuted()
L 08/17/2014 - 18:14:10: Error log file session closed.
L 08/17/2014 - 18:14:10: SourceMod error session started
L 08/17/2014 - 18:14:10: Info (map "district_coop") (file "errors_20140817.log")
L 08/17/2014 - 18:14:10: [SM] Fatal error encountered parsing translation file "sm_hidename.phrases.txt"
L 08/17/2014 - 18:14:10: [SM] Error (line 0, column 0): Stream failed to open
L 08/17/2014 - 18:14:10: [SM] Plugin encountered error 4: Invalid parameter or parameter type
L 08/17/2014 - 18:14:10: [SM] Native "Format" reported: Language phrase "Prefix_Chat" not found
L 08/17/2014 - 18:14:10: [SM] Displaying call stack trace for plugin "hidename.smx":
L 08/17/2014 - 18:14:10: [SM]   [0]  Line 83, hidename.sp::OnConfigsExecuted()
L 08/17/2014 - 18:42:23: Error log file session closed.
L 08/17/2014 - 18:42:23: SourceMod error session started
L 08/17/2014 - 18:42:23: Info (map "heights_hunt") (file "errors_20140817.log")
L 08/17/2014 - 18:42:23: [SM] Fatal error encountered parsing translation file "sm_hidename.phrases.txt"
L 08/17/2014 - 18:42:23: [SM] Error (line 0, column 0): Stream failed to open
L 08/17/2014 - 18:42:26: [SM] Plugin encountered error 4: Invalid parameter or parameter type
L 08/17/2014 - 18:42:26: [SM] Native "Format" reported: Language phrase "Prefix_Chat" not found
L 08/17/2014 - 18:42:26: [SM] Displaying call stack trace for plugin "hidename.smx":
L 08/17/2014 - 18:42:26: [SM]   [0]  Line 83, hidename.sp::OnConfigsExecuted()
L 08/17/2014 - 18:46:20: Error log file session closed.
L 08/17/2014 - 18:46:20: SourceMod error session started
L 08/17/2014 - 18:46:20: Info (map "ministry_hunt") (file "errors_20140817.log")
L 08/17/2014 - 18:46:20: [SM] Fatal error encountered parsing translation file "sm_hidename.phrases.txt"
L 08/17/2014 - 18:46:20: [SM] Error (line 0, column 0): Stream failed to open
L 08/17/2014 - 18:46:20: [SM] Plugin encountered error 4: Invalid parameter or parameter type
L 08/17/2014 - 18:46:20: [SM] Native "Format" reported: Language phrase "Prefix_Chat" not found
L 08/17/2014 - 18:46:20: [SM] Displaying call stack trace for plugin "hidename.smx":
L 08/17/2014 - 18:46:20: [SM]   [0]  Line 83, hidename.sp::OnConfigsExecuted()
L 08/17/2014 - 18:50:25: Error log file session closed.
L 08/17/2014 - 18:50:25: SourceMod error session started
L 08/17/2014 - 18:50:25: Info (map "uprising_hunt") (file "errors_20140817.log")
L 08/17/2014 - 18:50:25: [SM] Fatal error encountered parsing translation file "sm_hidename.phrases.txt"
L 08/17/2014 - 18:50:25: [SM] Error (line 0, column 0): Stream failed to open
L 08/17/2014 - 18:50:25: [SM] Plugin encountered error 4: Invalid parameter or parameter type
L 08/17/2014 - 18:50:25: [SM] Native "Format" reported: Language phrase "Prefix_Chat" not found
L 08/17/2014 - 18:50:25: [SM] Displaying call stack trace for plugin "hidename.smx":
L 08/17/2014 - 18:50:25: [SM]   [0]  Line 83, hidename.sp::OnConfigsExecuted()
L 08/17/2014 - 18:54:34: Error log file session closed.
L 08/17/2014 - 18:54:34: SourceMod error session started
L 08/17/2014 - 18:54:34: Info (map "panj_hunt") (file "errors_20140817.log")
L 08/17/2014 - 18:54:34: [SM] Fatal error encountered parsing translation file "sm_hidename.phrases.txt"
L 08/17/2014 - 18:54:34: [SM] Error (line 0, column 0): Stream failed to open
L 08/17/2014 - 18:54:40: [SM] Plugin encountered error 4: Invalid parameter or parameter type
L 08/17/2014 - 18:54:40: [SM] Native "Format" reported: Language phrase "Prefix_Chat" not found
L 08/17/2014 - 18:54:40: [SM] Displaying call stack trace for plugin "hidename.smx":
L 08/17/2014 - 18:54:40: [SM]   [0]  Line 83, hidename.sp::OnConfigsExecuted()
L 08/17/2014 - 18:59:06: Error log file session closed.
L 08/17/2014 - 18:59:06: SourceMod error session started
L 08/17/2014 - 18:59:06: Info (map "contact_hunt") (file "errors_20140817.log")
L 08/17/2014 - 18:59:06: [SM] Fatal error encountered parsing translation file "sm_hidename.phrases.txt"
L 08/17/2014 - 18:59:06: [SM] Error (line 0, column 0): Stream failed to open
L 08/17/2014 - 18:59:06: [SM] Plugin encountered error 4: Invalid parameter or parameter type
L 08/17/2014 - 18:59:06: [SM] Native "Format" reported: Language phrase "Prefix_Chat" not found
L 08/17/2014 - 18:59:06: [SM] Displaying call stack trace for plugin "hidename.smx":
L 08/17/2014 - 18:59:06: [SM]   [0]  Line 83, hidename.sp::OnConfigsExecuted()
L 08/17/2014 - 19:02:51: Error log file session closed.
L 08/17/2014 - 19:02:51: SourceMod error session started
L 08/17/2014 - 19:02:51: Info (map "sinjar_coop") (file "errors_20140817.log")
L 08/17/2014 - 19:02:51: [SM] Fatal error encountered parsing translation file "sm_hidename.phrases.txt"
L 08/17/2014 - 19:02:51: [SM] Error (line 0, column 0): Stream failed to open
L 08/17/2014 - 19:02:58: [SM] Plugin encountered error 4: Invalid parameter or parameter type
L 08/17/2014 - 19:02:58: [SM] Native "Format" reported: Language phrase "Prefix_Chat" not found
L 08/17/2014 - 19:02:58: [SM] Displaying call stack trace for plugin "hidename.smx":
L 08/17/2014 - 19:02:58: [SM]   [0]  Line 83, hidename.sp::OnConfigsExecuted()
L 08/17/2014 - 19:20:01: Error log file session closed.
L 08/17/2014 - 19:20:01: SourceMod error session started
L 08/17/2014 - 19:20:01: Info (map "revolt_coop") (file "errors_20140817.log")
L 08/17/2014 - 19:20:01: [SM] Fatal error encountered parsing translation file "sm_hidename.phrases.txt"
L 08/17/2014 - 19:20:01: [SM] Error (line 0, column 0): Stream failed to open
L 08/17/2014 - 19:20:02: [SM] Plugin encountered error 4: Invalid parameter or parameter type
L 08/17/2014 - 19:20:02: [SM] Native "Format" reported: Language phrase "Prefix_Chat" not found
L 08/17/2014 - 19:20:02: [SM] Displaying call stack trace for plugin "hidename.smx":
L 08/17/2014 - 19:20:02: [SM]   [0]  Line 83, hidename.sp::OnConfigsExecuted()
L 08/17/2014 - 19:43:43: Error log file session closed.
L 08/17/2014 - 19:43:43: SourceMod error session started
L 08/17/2014 - 19:43:43: Info (map "buhriz_coop") (file "errors_20140817.log")
L 08/17/2014 - 19:43:43: [SM] Fatal error encountered parsing translation file "sm_hidename.phrases.txt"
L 08/17/2014 - 19:43:43: [SM] Error (line 0, column 0): Stream failed to open
L 08/17/2014 - 19:43:59: [SM] Plugin encountered error 4: Invalid parameter or parameter type
L 08/17/2014 - 19:43:59: [SM] Native "Format" reported: Language phrase "Prefix_Chat" not found
L 08/17/2014 - 19:43:59: [SM] Displaying call stack trace for plugin "hidename.smx":
L 08/17/2014 - 19:43:59: [SM]   [0]  Line 83, hidename.sp::OnConfigsExecuted()
L 08/17/2014 - 20:01:46: Error log file session closed.
L 08/17/2014 - 20:01:46: SourceMod error session started
L 08/17/2014 - 20:01:46: Info (map "market_coop") (file "errors_20140817.log")
L 08/17/2014 - 20:01:46: [SM] Fatal error encountered parsing translation file "sm_hidename.phrases.txt"
L 08/17/2014 - 20:01:46: [SM] Error (line 0, column 0): Stream failed to open
L 08/17/2014 - 20:01:46: [SM] Plugin encountered error 4: Invalid parameter or parameter type
L 08/17/2014 - 20:01:46: [SM] Native "Format" reported: Language phrase "Prefix_Chat" not found
L 08/17/2014 - 20:01:46: [SM] Displaying call stack trace for plugin "hidename.smx":
L 08/17/2014 - 20:01:46: [SM]   [0]  Line 83, hidename.sp::OnConfigsExecuted()
L 08/17/2014 - 20:34:32: Error log file session closed.
L 08/17/2014 - 20:34:32: SourceMod error session started
L 08/17/2014 - 20:34:32: Info (map "heights_coop") (file "errors_20140817.log")
L 08/17/2014 - 20:34:32: [SM] Fatal error encountered parsing translation file "sm_hidename.phrases.txt"
L 08/17/2014 - 20:34:32: [SM] Error (line 0, column 0): Stream failed to open
L 08/17/2014 - 20:34:35: [SM] Plugin encountered error 4: Invalid parameter or parameter type
L 08/17/2014 - 20:34:35: [SM] Native "Format" reported: Language phrase "Prefix_Chat" not found
L 08/17/2014 - 20:34:35: [SM] Displaying call stack trace for plugin "hidename.smx":
L 08/17/2014 - 20:34:35: [SM]   [0]  Line 83, hidename.sp::OnConfigsExecuted()
L 08/17/2014 - 20:51:24: Error log file session closed.
L 08/17/2014 - 20:51:24: SourceMod error session started
L 08/17/2014 - 20:51:24: Info (map "buhriz_coop") (file "errors_20140817.log")
L 08/17/2014 - 20:51:24: [SM] Fatal error encountered parsing translation file "sm_hidename.phrases.txt"
L 08/17/2014 - 20:51:24: [SM] Error (line 0, column 0): Stream failed to open
L 08/17/2014 - 20:51:39: [SM] Plugin encountered error 4: Invalid parameter or parameter type
L 08/17/2014 - 20:51:39: [SM] Native "Format" reported: Language phrase "Prefix_Chat" not found
L 08/17/2014 - 20:51:39: [SM] Displaying call stack trace for plugin "hidename.smx":
L 08/17/2014 - 20:51:39: [SM]   [0]  Line 83, hidename.sp::OnConfigsExecuted()
L 08/17/2014 - 21:10:22: Error log file session closed.
L 08/17/2014 - 21:10:22: SourceMod error session started
L 08/17/2014 - 21:10:22: Info (map "contact_coop") (file "errors_20140817.log")
L 08/17/2014 - 21:10:22: [SM] Fatal error encountered parsing translation file "sm_hidename.phrases.txt"
L 08/17/2014 - 21:10:22: [SM] Error (line 0, column 0): Stream failed to open
L 08/17/2014 - 21:10:23: [SM] Plugin encountered error 4: Invalid parameter or parameter type
L 08/17/2014 - 21:10:23: [SM] Native "Format" reported: Language phrase "Prefix_Chat" not found
L 08/17/2014 - 21:10:23: [SM] Displaying call stack trace for plugin "hidename.smx":
L 08/17/2014 - 21:10:23: [SM]   [0]  Line 83, hidename.sp::OnConfigsExecuted()
L 08/17/2014 - 21:50:09: SourceMod error session started
L 08/17/2014 - 21:50:09: Info (map "ministry_coop") (file "errors_20140817.log")
L 08/17/2014 - 21:50:09: [SM] Unable to load extension "steamtools.ext": libvstdlib_srv.so: cannot open shared object file: No such file or directory
L 08/17/2014 - 21:50:09: [SM] Fatal error encountered parsing translation file "sm_hidename.phrases.txt"
L 08/17/2014 - 21:50:09: [SM] Error (line 0, column 0): Stream failed to open
L 08/17/2014 - 21:50:23: [SM] Plugin encountered error 4: Invalid parameter or parameter type
L 08/17/2014 - 21:50:23: [SM] Native "Format" reported: Language phrase "Prefix_Chat" not found
L 08/17/2014 - 21:50:23: [SM] Displaying call stack trace for plugin "hidename.smx":
L 08/17/2014 - 21:50:23: [SM]   [0]  Line 83, hidename.sp::OnConfigsExecuted()
L 08/17/2014 - 22:05:39: Error log file session closed.
L 08/17/2014 - 22:05:39: SourceMod error session started
L 08/17/2014 - 22:05:39: Info (map "siege_coop") (file "errors_20140817.log")
L 08/17/2014 - 22:05:39: [SM] Fatal error encountered parsing translation file "sm_hidename.phrases.txt"
L 08/17/2014 - 22:05:39: [SM] Error (line 0, column 0): Stream failed to open
L 08/17/2014 - 22:05:39: [SM] Plugin encountered error 4: Invalid parameter or parameter type
L 08/17/2014 - 22:05:39: [SM] Native "Format" reported: Language phrase "Prefix_Chat" not found
L 08/17/2014 - 22:05:39: [SM] Displaying call stack trace for plugin "hidename.smx":
L 08/17/2014 - 22:05:39: [SM]   [0]  Line 83, hidename.sp::OnConfigsExecuted()
L 08/17/2014 - 23:17:59: Error log file session closed.
L 08/17/2014 - 23:17:59: SourceMod error session started
L 08/17/2014 - 23:17:59: Info (map "district_hunt") (file "errors_20140817.log")
L 08/17/2014 - 23:17:59: [SM] Fatal error encountered parsing translation file "sm_hidename.phrases.txt"
L 08/17/2014 - 23:17:59: [SM] Error (line 0, column 0): Stream failed to open
L 08/17/2014 - 23:17:59: [SM] Plugin encountered error 4: Invalid parameter or parameter type
L 08/17/2014 - 23:17:59: [SM] Native "Format" reported: Language phrase "Prefix_Chat" not found
L 08/17/2014 - 23:17:59: [SM] Displaying call stack trace for plugin "hidename.smx":
L 08/17/2014 - 23:17:59: [SM]   [0]  Line 83, hidename.sp::OnConfigsExecuted()
L 08/17/2014 - 23:22:10: Error log file session closed.
L 08/17/2014 - 23:22:10: SourceMod error session started
L 08/17/2014 - 23:22:10: Info (map "heights_hunt") (file "errors_20140817.log")
L 08/17/2014 - 23:22:10: [SM] Fatal error encountered parsing translation file "sm_hidename.phrases.txt"
L 08/17/2014 - 23:22:10: [SM] Error (line 0, column 0): Stream failed to open
L 08/17/2014 - 23:22:12: [SM] Plugin encountered error 4: Invalid parameter or parameter type
L 08/17/2014 - 23:22:12: [SM] Native "Format" reported: Language phrase "Prefix_Chat" not found
L 08/17/2014 - 23:22:12: [SM] Displaying call stack trace for plugin "hidename.smx":
L 08/17/2014 - 23:22:12: [SM]   [0]  Line 83, hidename.sp::OnConfigsExecuted()
L 08/17/2014 - 23:26:28: Error log file session closed.
L 08/17/2014 - 23:26:28: SourceMod error session started
L 08/17/2014 - 23:26:28: Info (map "ministry_hunt") (file "errors_20140817.log")
L 08/17/2014 - 23:26:28: [SM] Fatal error encountered parsing translation file "sm_hidename.phrases.txt"
L 08/17/2014 - 23:26:28: [SM] Error (line 0, column 0): Stream failed to open
L 08/17/2014 - 23:26:28: [SM] Plugin encountered error 4: Invalid parameter or parameter type
L 08/17/2014 - 23:26:28: [SM] Native "Format" reported: Language phrase "Prefix_Chat" not found
L 08/17/2014 - 23:26:28: [SM] Displaying call stack trace for plugin "hidename.smx":
L 08/17/2014 - 23:26:28: [SM]   [0]  Line 83, hidename.sp::OnConfigsExecuted()
L 08/17/2014 - 23:35:05: Error log file session closed.
L 08/17/2014 - 23:35:05: SourceMod error session started
L 08/17/2014 - 23:35:05: Info (map "uprising_hunt") (file "errors_20140817.log")
L 08/17/2014 - 23:35:05: [SM] Fatal error encountered parsing translation file "sm_hidename.phrases.txt"
L 08/17/2014 - 23:35:05: [SM] Error (line 0, column 0): Stream failed to open
L 08/17/2014 - 23:35:05: [SM] Plugin encountered error 4: Invalid parameter or parameter type
L 08/17/2014 - 23:35:05: [SM] Native "Format" reported: Language phrase "Prefix_Chat" not found
L 08/17/2014 - 23:35:05: [SM] Displaying call stack trace for plugin "hidename.smx":
L 08/17/2014 - 23:35:05: [SM]   [0]  Line 83, hidename.sp::OnConfigsExecuted()
L 08/17/2014 - 23:38:05: Error log file session closed.
L 08/17/2014 - 23:38:05: SourceMod error session started
L 08/17/2014 - 23:38:05: Info (map "panj_hunt") (file "errors_20140817.log")
L 08/17/2014 - 23:38:05: [SM] Fatal error encountered parsing translation file "sm_hidename.phrases.txt"
L 08/17/2014 - 23:38:05: [SM] Error (line 0, column 0): Stream failed to open
L 08/17/2014 - 23:38:11: [SM] Plugin encountered error 4: Invalid parameter or parameter type
L 08/17/2014 - 23:38:11: [SM] Native "Format" reported: Language phrase "Prefix_Chat" not found
L 08/17/2014 - 23:38:11: [SM] Displaying call stack trace for plugin "hidename.smx":
L 08/17/2014 - 23:38:11: [SM]   [0]  Line 83, hidename.sp::OnConfigsExecuted()
L 08/17/2014 - 23:42:33: Error log file session closed.
L 08/17/2014 - 23:42:33: SourceMod error session started
L 08/17/2014 - 23:42:33: Info (map "contact_hunt") (file "errors_20140817.log")
L 08/17/2014 - 23:42:33: [SM] Fatal error encountered parsing translation file "sm_hidename.phrases.txt"
L 08/17/2014 - 23:42:33: [SM] Error (line 0, column 0): Stream failed to open
L 08/17/2014 - 23:42:33: [SM] Plugin encountered error 4: Invalid parameter or parameter type
L 08/17/2014 - 23:42:33: [SM] Native "Format" reported: Language phrase "Prefix_Chat" not found
L 08/17/2014 - 23:42:33: [SM] Displaying call stack trace for plugin "hidename.smx":
L 08/17/2014 - 23:42:33: [SM]   [0]  Line 83, hidename.sp::OnConfigsExecuted()
L 08/17/2014 - 23:46:37: Error log file session closed.
L 08/17/2014 - 23:46:37: SourceMod error session started
L 08/17/2014 - 23:46:37: Info (map "sinjar_coop") (file "errors_20140817.log")
L 08/17/2014 - 23:46:37: [SM] Fatal error encountered parsing translation file "sm_hidename.phrases.txt"
L 08/17/2014 - 23:46:37: [SM] Error (line 0, column 0): Stream failed to open
L 08/17/2014 - 23:46:43: [SM] Plugin encountered error 4: Invalid parameter or parameter type
L 08/17/2014 - 23:46:43: [SM] Native "Format" reported: Language phrase "Prefix_Chat" not found
L 08/17/2014 - 23:46:43: [SM] Displaying call stack trace for plugin "hidename.smx":
L 08/17/2014 - 23:46:43: [SM]   [0]  Line 83, hidename.sp::OnConfigsExecuted()
