L 08/15/2014 - 00:08:15: SourceMod error session started
L 08/15/2014 - 00:08:15: Info (map "siege_coop") (file "errors_20140815.log")
L 08/15/2014 - 00:08:15: Error log file session closed.
L 08/15/2014 - 00:08:15: SourceMod error session started
L 08/15/2014 - 00:08:15: Info (map "siege_coop") (file "errors_20140815.log")
L 08/15/2014 - 00:08:15: [SM] Fatal error encountered parsing translation file "sm_hidename.phrases.txt"
L 08/15/2014 - 00:08:15: [SM] Error (line 0, column 0): Stream failed to open
L 08/15/2014 - 00:08:16: [SM] Plugin encountered error 4: Invalid parameter or parameter type
L 08/15/2014 - 00:08:16: [SM] Native "Format" reported: Language phrase "Prefix_Chat" not found
L 08/15/2014 - 00:08:16: [SM] Displaying call stack trace for plugin "hidename.smx":
L 08/15/2014 - 00:08:16: [SM]   [0]  Line 83, hidename.sp::OnConfigsExecuted()
L 08/15/2014 - 00:43:46: Error log file session closed.
L 08/15/2014 - 00:43:46: SourceMod error session started
L 08/15/2014 - 00:43:46: Info (map "district_hunt") (file "errors_20140815.log")
L 08/15/2014 - 00:43:46: [SM] Fatal error encountered parsing translation file "sm_hidename.phrases.txt"
L 08/15/2014 - 00:43:46: [SM] Error (line 0, column 0): Stream failed to open
L 08/15/2014 - 00:43:47: [SM] Plugin encountered error 4: Invalid parameter or parameter type
L 08/15/2014 - 00:43:47: [SM] Native "Format" reported: Language phrase "Prefix_Chat" not found
L 08/15/2014 - 00:43:47: [SM] Displaying call stack trace for plugin "hidename.smx":
L 08/15/2014 - 00:43:47: [SM]   [0]  Line 83, hidename.sp::OnConfigsExecuted()
L 08/15/2014 - 00:49:03: Error log file session closed.
L 08/15/2014 - 00:49:03: SourceMod error session started
L 08/15/2014 - 00:49:03: Info (map "heights_hunt") (file "errors_20140815.log")
L 08/15/2014 - 00:49:03: [SM] Fatal error encountered parsing translation file "sm_hidename.phrases.txt"
L 08/15/2014 - 00:49:03: [SM] Error (line 0, column 0): Stream failed to open
L 08/15/2014 - 00:49:06: [SM] Plugin encountered error 4: Invalid parameter or parameter type
L 08/15/2014 - 00:49:06: [SM] Native "Format" reported: Language phrase "Prefix_Chat" not found
L 08/15/2014 - 00:49:06: [SM] Displaying call stack trace for plugin "hidename.smx":
L 08/15/2014 - 00:49:06: [SM]   [0]  Line 83, hidename.sp::OnConfigsExecuted()
L 08/15/2014 - 00:54:39: Error log file session closed.
L 08/15/2014 - 00:54:39: SourceMod error session started
L 08/15/2014 - 00:54:39: Info (map "ministry_hunt") (file "errors_20140815.log")
L 08/15/2014 - 00:54:39: [SM] Fatal error encountered parsing translation file "sm_hidename.phrases.txt"
L 08/15/2014 - 00:54:39: [SM] Error (line 0, column 0): Stream failed to open
L 08/15/2014 - 00:54:39: [SM] Plugin encountered error 4: Invalid parameter or parameter type
L 08/15/2014 - 00:54:39: [SM] Native "Format" reported: Language phrase "Prefix_Chat" not found
L 08/15/2014 - 00:54:39: [SM] Displaying call stack trace for plugin "hidename.smx":
L 08/15/2014 - 00:54:39: [SM]   [0]  Line 83, hidename.sp::OnConfigsExecuted()
L 08/15/2014 - 00:57:40: Error log file session closed.
L 08/15/2014 - 00:57:40: SourceMod error session started
L 08/15/2014 - 00:57:40: Info (map "uprising_hunt") (file "errors_20140815.log")
L 08/15/2014 - 00:57:40: [SM] Fatal error encountered parsing translation file "sm_hidename.phrases.txt"
L 08/15/2014 - 00:57:40: [SM] Error (line 0, column 0): Stream failed to open
L 08/15/2014 - 00:57:40: [SM] Plugin encountered error 4: Invalid parameter or parameter type
L 08/15/2014 - 00:57:40: [SM] Native "Format" reported: Language phrase "Prefix_Chat" not found
L 08/15/2014 - 00:57:40: [SM] Displaying call stack trace for plugin "hidename.smx":
L 08/15/2014 - 00:57:40: [SM]   [0]  Line 83, hidename.sp::OnConfigsExecuted()
L 08/15/2014 - 01:01:31: Error log file session closed.
L 08/15/2014 - 01:01:31: SourceMod error session started
L 08/15/2014 - 01:01:31: Info (map "district_coop") (file "errors_20140815.log")
L 08/15/2014 - 01:01:31: [SM] Fatal error encountered parsing translation file "sm_hidename.phrases.txt"
L 08/15/2014 - 01:01:31: [SM] Error (line 0, column 0): Stream failed to open
L 08/15/2014 - 01:01:32: [SM] Plugin encountered error 4: Invalid parameter or parameter type
L 08/15/2014 - 01:01:32: [SM] Native "Format" reported: Language phrase "Prefix_Chat" not found
L 08/15/2014 - 01:01:32: [SM] Displaying call stack trace for plugin "hidename.smx":
L 08/15/2014 - 01:01:32: [SM]   [0]  Line 83, hidename.sp::OnConfigsExecuted()
L 08/15/2014 - 01:22:09: SourceMod error session started
L 08/15/2014 - 01:22:09: Info (map "ministry_coop") (file "errors_20140815.log")
L 08/15/2014 - 01:22:09: [SM] Unable to load extension "steamtools.ext": libvstdlib_srv.so: cannot open shared object file: No such file or directory
L 08/15/2014 - 01:22:09: [SM] Fatal error encountered parsing translation file "sm_hidename.phrases.txt"
L 08/15/2014 - 01:22:09: [SM] Error (line 0, column 0): Stream failed to open
L 08/15/2014 - 01:22:11: [SM] Plugin encountered error 4: Invalid parameter or parameter type
L 08/15/2014 - 01:22:11: [SM] Native "Format" reported: Language phrase "Prefix_Chat" not found
L 08/15/2014 - 01:22:11: [SM] Displaying call stack trace for plugin "hidename.smx":
L 08/15/2014 - 01:22:11: [SM]   [0]  Line 83, hidename.sp::OnConfigsExecuted()
L 08/15/2014 - 01:38:30: Error log file session closed.
L 08/15/2014 - 01:38:30: SourceMod error session started
L 08/15/2014 - 01:38:30: Info (map "siege_coop") (file "errors_20140815.log")
L 08/15/2014 - 01:38:30: [SM] Fatal error encountered parsing translation file "sm_hidename.phrases.txt"
L 08/15/2014 - 01:38:30: [SM] Error (line 0, column 0): Stream failed to open
L 08/15/2014 - 01:38:30: [SM] Plugin encountered error 4: Invalid parameter or parameter type
L 08/15/2014 - 01:38:30: [SM] Native "Format" reported: Language phrase "Prefix_Chat" not found
L 08/15/2014 - 01:38:30: [SM] Displaying call stack trace for plugin "hidename.smx":
L 08/15/2014 - 01:38:30: [SM]   [0]  Line 83, hidename.sp::OnConfigsExecuted()
L 08/15/2014 - 02:01:09: Error log file session closed.
L 08/15/2014 - 02:01:09: SourceMod error session started
L 08/15/2014 - 02:01:09: Info (map "revolt_coop") (file "errors_20140815.log")
L 08/15/2014 - 02:01:09: [SM] Fatal error encountered parsing translation file "sm_hidename.phrases.txt"
L 08/15/2014 - 02:01:09: [SM] Error (line 0, column 0): Stream failed to open
L 08/15/2014 - 02:01:10: [SM] Plugin encountered error 4: Invalid parameter or parameter type
L 08/15/2014 - 02:01:10: [SM] Native "Format" reported: Language phrase "Prefix_Chat" not found
L 08/15/2014 - 02:01:10: [SM] Displaying call stack trace for plugin "hidename.smx":
L 08/15/2014 - 02:01:10: [SM]   [0]  Line 83, hidename.sp::OnConfigsExecuted()
L 08/15/2014 - 02:35:46: Error log file session closed.
L 08/15/2014 - 02:35:46: SourceMod error session started
L 08/15/2014 - 02:35:46: Info (map "district_hunt") (file "errors_20140815.log")
L 08/15/2014 - 02:35:46: [SM] Fatal error encountered parsing translation file "sm_hidename.phrases.txt"
L 08/15/2014 - 02:35:46: [SM] Error (line 0, column 0): Stream failed to open
L 08/15/2014 - 02:35:46: [SM] Plugin encountered error 4: Invalid parameter or parameter type
L 08/15/2014 - 02:35:46: [SM] Native "Format" reported: Language phrase "Prefix_Chat" not found
L 08/15/2014 - 02:35:46: [SM] Displaying call stack trace for plugin "hidename.smx":
L 08/15/2014 - 02:35:46: [SM]   [0]  Line 83, hidename.sp::OnConfigsExecuted()
L 08/15/2014 - 02:42:54: Error log file session closed.
L 08/15/2014 - 02:42:54: SourceMod error session started
L 08/15/2014 - 02:42:54: Info (map "buhriz_coop") (file "errors_20140815.log")
L 08/15/2014 - 02:42:54: [SM] Fatal error encountered parsing translation file "sm_hidename.phrases.txt"
L 08/15/2014 - 02:42:54: [SM] Error (line 0, column 0): Stream failed to open
L 08/15/2014 - 02:43:12: [SM] Plugin encountered error 4: Invalid parameter or parameter type
L 08/15/2014 - 02:43:12: [SM] Native "Format" reported: Language phrase "Prefix_Chat" not found
L 08/15/2014 - 02:43:12: [SM] Displaying call stack trace for plugin "hidename.smx":
L 08/15/2014 - 02:43:12: [SM]   [0]  Line 83, hidename.sp::OnConfigsExecuted()
L 08/15/2014 - 03:05:54: Error log file session closed.
L 08/15/2014 - 03:05:54: SourceMod error session started
L 08/15/2014 - 03:05:54: Info (map "heights_hunt") (file "errors_20140815.log")
L 08/15/2014 - 03:05:54: [SM] Fatal error encountered parsing translation file "sm_hidename.phrases.txt"
L 08/15/2014 - 03:05:54: [SM] Error (line 0, column 0): Stream failed to open
L 08/15/2014 - 03:05:57: [SM] Plugin encountered error 4: Invalid parameter or parameter type
L 08/15/2014 - 03:05:57: [SM] Native "Format" reported: Language phrase "Prefix_Chat" not found
L 08/15/2014 - 03:05:57: [SM] Displaying call stack trace for plugin "hidename.smx":
L 08/15/2014 - 03:05:57: [SM]   [0]  Line 83, hidename.sp::OnConfigsExecuted()
L 08/15/2014 - 03:09:17: Error log file session closed.
L 08/15/2014 - 03:09:17: SourceMod error session started
L 08/15/2014 - 03:09:17: Info (map "ministry_hunt") (file "errors_20140815.log")
L 08/15/2014 - 03:09:17: [SM] Fatal error encountered parsing translation file "sm_hidename.phrases.txt"
L 08/15/2014 - 03:09:17: [SM] Error (line 0, column 0): Stream failed to open
L 08/15/2014 - 03:09:18: [SM] Plugin encountered error 4: Invalid parameter or parameter type
L 08/15/2014 - 03:09:18: [SM] Native "Format" reported: Language phrase "Prefix_Chat" not found
L 08/15/2014 - 03:09:18: [SM] Displaying call stack trace for plugin "hidename.smx":
L 08/15/2014 - 03:09:18: [SM]   [0]  Line 83, hidename.sp::OnConfigsExecuted()
L 08/15/2014 - 03:14:56: Error log file session closed.
L 08/15/2014 - 03:14:56: SourceMod error session started
L 08/15/2014 - 03:14:56: Info (map "uprising_hunt") (file "errors_20140815.log")
L 08/15/2014 - 03:14:56: [SM] Fatal error encountered parsing translation file "sm_hidename.phrases.txt"
L 08/15/2014 - 03:14:56: [SM] Error (line 0, column 0): Stream failed to open
L 08/15/2014 - 03:14:57: [SM] Plugin encountered error 4: Invalid parameter or parameter type
L 08/15/2014 - 03:14:57: [SM] Native "Format" reported: Language phrase "Prefix_Chat" not found
L 08/15/2014 - 03:14:57: [SM] Displaying call stack trace for plugin "hidename.smx":
L 08/15/2014 - 03:14:57: [SM]   [0]  Line 83, hidename.sp::OnConfigsExecuted()
L 08/15/2014 - 03:17:41: Error log file session closed.
L 08/15/2014 - 03:17:41: SourceMod error session started
L 08/15/2014 - 03:17:41: Info (map "panj_hunt") (file "errors_20140815.log")
L 08/15/2014 - 03:17:41: [SM] Fatal error encountered parsing translation file "sm_hidename.phrases.txt"
L 08/15/2014 - 03:17:41: [SM] Error (line 0, column 0): Stream failed to open
L 08/15/2014 - 03:17:47: [SM] Plugin encountered error 4: Invalid parameter or parameter type
L 08/15/2014 - 03:17:47: [SM] Native "Format" reported: Language phrase "Prefix_Chat" not found
L 08/15/2014 - 03:17:47: [SM] Displaying call stack trace for plugin "hidename.smx":
L 08/15/2014 - 03:17:47: [SM]   [0]  Line 83, hidename.sp::OnConfigsExecuted()
L 08/15/2014 - 03:26:55: Error log file session closed.
L 08/15/2014 - 03:26:55: SourceMod error session started
L 08/15/2014 - 03:26:55: Info (map "contact_hunt") (file "errors_20140815.log")
L 08/15/2014 - 03:26:55: [SM] Fatal error encountered parsing translation file "sm_hidename.phrases.txt"
L 08/15/2014 - 03:26:55: [SM] Error (line 0, column 0): Stream failed to open
L 08/15/2014 - 03:26:55: [SM] Plugin encountered error 4: Invalid parameter or parameter type
L 08/15/2014 - 03:26:55: [SM] Native "Format" reported: Language phrase "Prefix_Chat" not found
L 08/15/2014 - 03:26:55: [SM] Displaying call stack trace for plugin "hidename.smx":
L 08/15/2014 - 03:26:55: [SM]   [0]  Line 83, hidename.sp::OnConfigsExecuted()
L 08/15/2014 - 03:30:02: Error log file session closed.
L 08/15/2014 - 03:30:02: SourceMod error session started
L 08/15/2014 - 03:30:02: Info (map "sinjar_coop") (file "errors_20140815.log")
L 08/15/2014 - 03:30:02: [SM] Fatal error encountered parsing translation file "sm_hidename.phrases.txt"
L 08/15/2014 - 03:30:02: [SM] Error (line 0, column 0): Stream failed to open
L 08/15/2014 - 03:30:09: [SM] Plugin encountered error 4: Invalid parameter or parameter type
L 08/15/2014 - 03:30:09: [SM] Native "Format" reported: Language phrase "Prefix_Chat" not found
L 08/15/2014 - 03:30:09: [SM] Displaying call stack trace for plugin "hidename.smx":
L 08/15/2014 - 03:30:09: [SM]   [0]  Line 83, hidename.sp::OnConfigsExecuted()
L 08/15/2014 - 03:56:02: Error log file session closed.
L 08/15/2014 - 03:56:02: SourceMod error session started
L 08/15/2014 - 03:56:02: Info (map "revolt_coop") (file "errors_20140815.log")
L 08/15/2014 - 03:56:02: [SM] Fatal error encountered parsing translation file "sm_hidename.phrases.txt"
L 08/15/2014 - 03:56:02: [SM] Error (line 0, column 0): Stream failed to open
L 08/15/2014 - 03:56:03: [SM] Plugin encountered error 4: Invalid parameter or parameter type
L 08/15/2014 - 03:56:03: [SM] Native "Format" reported: Language phrase "Prefix_Chat" not found
L 08/15/2014 - 03:56:03: [SM] Displaying call stack trace for plugin "hidename.smx":
L 08/15/2014 - 03:56:03: [SM]   [0]  Line 83, hidename.sp::OnConfigsExecuted()
L 08/15/2014 - 04:17:46: Error log file session closed.
L 08/15/2014 - 04:17:46: SourceMod error session started
L 08/15/2014 - 04:17:46: Info (map "buhriz_coop") (file "errors_20140815.log")
L 08/15/2014 - 04:17:46: [SM] Fatal error encountered parsing translation file "sm_hidename.phrases.txt"
L 08/15/2014 - 04:17:46: [SM] Error (line 0, column 0): Stream failed to open
L 08/15/2014 - 04:18:01: [SM] Plugin encountered error 4: Invalid parameter or parameter type
L 08/15/2014 - 04:18:01: [SM] Native "Format" reported: Language phrase "Prefix_Chat" not found
L 08/15/2014 - 04:18:01: [SM] Displaying call stack trace for plugin "hidename.smx":
L 08/15/2014 - 04:18:01: [SM]   [0]  Line 83, hidename.sp::OnConfigsExecuted()
L 08/15/2014 - 04:37:00: Error log file session closed.
L 08/15/2014 - 04:37:00: SourceMod error session started
L 08/15/2014 - 04:37:00: Info (map "market_coop") (file "errors_20140815.log")
L 08/15/2014 - 04:37:00: [SM] Fatal error encountered parsing translation file "sm_hidename.phrases.txt"
L 08/15/2014 - 04:37:00: [SM] Error (line 0, column 0): Stream failed to open
L 08/15/2014 - 04:37:00: [SM] Plugin encountered error 4: Invalid parameter or parameter type
L 08/15/2014 - 04:37:00: [SM] Native "Format" reported: Language phrase "Prefix_Chat" not found
L 08/15/2014 - 04:37:00: [SM] Displaying call stack trace for plugin "hidename.smx":
L 08/15/2014 - 04:37:00: [SM]   [0]  Line 83, hidename.sp::OnConfigsExecuted()
L 08/15/2014 - 05:18:49: Error log file session closed.
L 08/15/2014 - 05:18:49: SourceMod error session started
L 08/15/2014 - 05:18:49: Info (map "heights_coop") (file "errors_20140815.log")
L 08/15/2014 - 05:18:49: [SM] Fatal error encountered parsing translation file "sm_hidename.phrases.txt"
L 08/15/2014 - 05:18:49: [SM] Error (line 0, column 0): Stream failed to open
L 08/15/2014 - 05:18:52: [SM] Plugin encountered error 4: Invalid parameter or parameter type
L 08/15/2014 - 05:18:52: [SM] Native "Format" reported: Language phrase "Prefix_Chat" not found
L 08/15/2014 - 05:18:52: [SM] Displaying call stack trace for plugin "hidename.smx":
L 08/15/2014 - 05:18:52: [SM]   [0]  Line 83, hidename.sp::OnConfigsExecuted()
L 08/15/2014 - 05:41:48: Error log file session closed.
L 08/15/2014 - 05:41:48: SourceMod error session started
L 08/15/2014 - 05:41:48: Info (map "contact_coop") (file "errors_20140815.log")
L 08/15/2014 - 05:41:48: [SM] Fatal error encountered parsing translation file "sm_hidename.phrases.txt"
L 08/15/2014 - 05:41:48: [SM] Error (line 0, column 0): Stream failed to open
L 08/15/2014 - 05:41:49: [SM] Plugin encountered error 4: Invalid parameter or parameter type
L 08/15/2014 - 05:41:49: [SM] Native "Format" reported: Language phrase "Prefix_Chat" not found
L 08/15/2014 - 05:41:49: [SM] Displaying call stack trace for plugin "hidename.smx":
L 08/15/2014 - 05:41:49: [SM]   [0]  Line 83, hidename.sp::OnConfigsExecuted()
L 08/15/2014 - 06:09:21: Error log file session closed.
L 08/15/2014 - 06:09:21: SourceMod error session started
L 08/15/2014 - 06:09:21: Info (map "district_coop") (file "errors_20140815.log")
L 08/15/2014 - 06:09:21: [SM] Fatal error encountered parsing translation file "sm_hidename.phrases.txt"
L 08/15/2014 - 06:09:21: [SM] Error (line 0, column 0): Stream failed to open
L 08/15/2014 - 06:09:22: [SM] Plugin encountered error 4: Invalid parameter or parameter type
L 08/15/2014 - 06:09:22: [SM] Native "Format" reported: Language phrase "Prefix_Chat" not found
L 08/15/2014 - 06:09:22: [SM] Displaying call stack trace for plugin "hidename.smx":
L 08/15/2014 - 06:09:22: [SM]   [0]  Line 83, hidename.sp::OnConfigsExecuted()
L 08/15/2014 - 06:20:16: Error log file session closed.
L 08/15/2014 - 06:20:16: SourceMod error session started
L 08/15/2014 - 06:20:16: Info (map "ministry_coop") (file "errors_20140815.log")
L 08/15/2014 - 06:20:16: [SM] Fatal error encountered parsing translation file "sm_hidename.phrases.txt"
L 08/15/2014 - 06:20:16: [SM] Error (line 0, column 0): Stream failed to open
L 08/15/2014 - 06:20:17: [SM] Plugin encountered error 4: Invalid parameter or parameter type
L 08/15/2014 - 06:20:17: [SM] Native "Format" reported: Language phrase "Prefix_Chat" not found
L 08/15/2014 - 06:20:17: [SM] Displaying call stack trace for plugin "hidename.smx":
L 08/15/2014 - 06:20:17: [SM]   [0]  Line 83, hidename.sp::OnConfigsExecuted()
L 08/15/2014 - 06:32:01: Error log file session closed.
L 08/15/2014 - 06:32:01: SourceMod error session started
L 08/15/2014 - 06:32:01: Info (map "siege_coop") (file "errors_20140815.log")
L 08/15/2014 - 06:32:01: [SM] Fatal error encountered parsing translation file "sm_hidename.phrases.txt"
L 08/15/2014 - 06:32:01: [SM] Error (line 0, column 0): Stream failed to open
L 08/15/2014 - 06:32:02: [SM] Plugin encountered error 4: Invalid parameter or parameter type
L 08/15/2014 - 06:32:02: [SM] Native "Format" reported: Language phrase "Prefix_Chat" not found
L 08/15/2014 - 06:32:02: [SM] Displaying call stack trace for plugin "hidename.smx":
L 08/15/2014 - 06:32:02: [SM]   [0]  Line 83, hidename.sp::OnConfigsExecuted()
L 08/15/2014 - 06:35:47: Error log file session closed.
L 08/15/2014 - 06:35:47: SourceMod error session started
L 08/15/2014 - 06:35:47: Info (map "district_hunt") (file "errors_20140815.log")
L 08/15/2014 - 06:35:47: [SM] Fatal error encountered parsing translation file "sm_hidename.phrases.txt"
L 08/15/2014 - 06:35:47: [SM] Error (line 0, column 0): Stream failed to open
L 08/15/2014 - 06:35:47: [SM] Plugin encountered error 4: Invalid parameter or parameter type
L 08/15/2014 - 06:35:47: [SM] Native "Format" reported: Language phrase "Prefix_Chat" not found
L 08/15/2014 - 06:35:47: [SM] Displaying call stack trace for plugin "hidename.smx":
L 08/15/2014 - 06:35:47: [SM]   [0]  Line 83, hidename.sp::OnConfigsExecuted()
L 08/15/2014 - 06:47:13: Error log file session closed.
L 08/15/2014 - 06:47:13: SourceMod error session started
L 08/15/2014 - 06:47:13: Info (map "heights_hunt") (file "errors_20140815.log")
L 08/15/2014 - 06:47:13: [SM] Fatal error encountered parsing translation file "sm_hidename.phrases.txt"
L 08/15/2014 - 06:47:13: [SM] Error (line 0, column 0): Stream failed to open
L 08/15/2014 - 06:47:16: [SM] Plugin encountered error 4: Invalid parameter or parameter type
L 08/15/2014 - 06:47:16: [SM] Native "Format" reported: Language phrase "Prefix_Chat" not found
L 08/15/2014 - 06:47:16: [SM] Displaying call stack trace for plugin "hidename.smx":
L 08/15/2014 - 06:47:16: [SM]   [0]  Line 83, hidename.sp::OnConfigsExecuted()
L 08/15/2014 - 06:56:05: Error log file session closed.
L 08/15/2014 - 06:56:05: SourceMod error session started
L 08/15/2014 - 06:56:05: Info (map "ministry_hunt") (file "errors_20140815.log")
L 08/15/2014 - 06:56:05: [SM] Fatal error encountered parsing translation file "sm_hidename.phrases.txt"
L 08/15/2014 - 06:56:05: [SM] Error (line 0, column 0): Stream failed to open
L 08/15/2014 - 06:56:05: [SM] Plugin encountered error 4: Invalid parameter or parameter type
L 08/15/2014 - 06:56:05: [SM] Native "Format" reported: Language phrase "Prefix_Chat" not found
L 08/15/2014 - 06:56:05: [SM] Displaying call stack trace for plugin "hidename.smx":
L 08/15/2014 - 06:56:05: [SM]   [0]  Line 83, hidename.sp::OnConfigsExecuted()
L 08/15/2014 - 07:52:29: Error log file session closed.
L 08/15/2014 - 07:52:29: SourceMod error session started
L 08/15/2014 - 07:52:29: Info (map "uprising_hunt") (file "errors_20140815.log")
L 08/15/2014 - 07:52:29: [SM] Fatal error encountered parsing translation file "sm_hidename.phrases.txt"
L 08/15/2014 - 07:52:29: [SM] Error (line 0, column 0): Stream failed to open
L 08/15/2014 - 08:47:30: Error log file session closed.
L 08/15/2014 - 08:47:30: SourceMod error session started
L 08/15/2014 - 08:47:30: Info (map "uprising_hunt") (file "errors_20140815.log")
L 08/15/2014 - 08:47:30: [SM] Fatal error encountered parsing translation file "sm_hidename.phrases.txt"
L 08/15/2014 - 08:47:30: [SM] Error (line 0, column 0): Stream failed to open
L 08/15/2014 - 09:42:28: Error log file session closed.
L 08/15/2014 - 09:42:28: SourceMod error session started
L 08/15/2014 - 09:42:28: Info (map "uprising_hunt") (file "errors_20140815.log")
L 08/15/2014 - 09:42:28: [SM] Fatal error encountered parsing translation file "sm_hidename.phrases.txt"
L 08/15/2014 - 09:42:28: [SM] Error (line 0, column 0): Stream failed to open
L 08/15/2014 - 09:52:44: [SM] Plugin encountered error 4: Invalid parameter or parameter type
L 08/15/2014 - 09:52:44: [SM] Native "Format" reported: Language phrase "Prefix_Chat" not found
L 08/15/2014 - 09:52:44: [SM] Displaying call stack trace for plugin "hidename.smx":
L 08/15/2014 - 09:52:44: [SM]   [0]  Line 83, hidename.sp::OnConfigsExecuted()
L 08/15/2014 - 11:17:40: Error log file session closed.
L 08/15/2014 - 11:17:40: SourceMod error session started
L 08/15/2014 - 11:17:40: Info (map "panj_hunt") (file "errors_20140815.log")
L 08/15/2014 - 11:17:40: [SM] Fatal error encountered parsing translation file "sm_hidename.phrases.txt"
L 08/15/2014 - 11:17:40: [SM] Error (line 0, column 0): Stream failed to open
L 08/15/2014 - 12:12:46: Error log file session closed.
L 08/15/2014 - 12:12:46: SourceMod error session started
L 08/15/2014 - 12:12:46: Info (map "panj_hunt") (file "errors_20140815.log")
L 08/15/2014 - 12:12:46: [SM] Fatal error encountered parsing translation file "sm_hidename.phrases.txt"
L 08/15/2014 - 12:12:46: [SM] Error (line 0, column 0): Stream failed to open
L 08/15/2014 - 12:16:52: [SM] Plugin encountered error 4: Invalid parameter or parameter type
L 08/15/2014 - 12:16:52: [SM] Native "Format" reported: Language phrase "Prefix_Chat" not found
L 08/15/2014 - 12:16:52: [SM] Displaying call stack trace for plugin "hidename.smx":
L 08/15/2014 - 12:16:52: [SM]   [0]  Line 83, hidename.sp::OnConfigsExecuted()
L 08/15/2014 - 13:04:09: Error log file session closed.
L 08/15/2014 - 13:04:09: SourceMod error session started
L 08/15/2014 - 13:04:09: Info (map "sinjar") (file "errors_20140815.log")
L 08/15/2014 - 13:04:09: [SM] Fatal error encountered parsing translation file "sm_hidename.phrases.txt"
L 08/15/2014 - 13:04:09: [SM] Error (line 0, column 0): Stream failed to open
L 08/15/2014 - 13:04:10: [SM] Plugin encountered error 4: Invalid parameter or parameter type
L 08/15/2014 - 13:04:10: [SM] Native "Format" reported: Language phrase "Prefix_Chat" not found
L 08/15/2014 - 13:04:10: [SM] Displaying call stack trace for plugin "hidename.smx":
L 08/15/2014 - 13:04:10: [SM]   [0]  Line 83, hidename.sp::OnConfigsExecuted()
L 08/15/2014 - 13:06:52: Error log file session closed.
L 08/15/2014 - 13:06:52: SourceMod error session started
L 08/15/2014 - 13:06:52: Info (map "sinjar_coop") (file "errors_20140815.log")
L 08/15/2014 - 13:06:52: [SM] Fatal error encountered parsing translation file "sm_hidename.phrases.txt"
L 08/15/2014 - 13:06:52: [SM] Error (line 0, column 0): Stream failed to open
L 08/15/2014 - 13:06:59: [SM] Plugin encountered error 4: Invalid parameter or parameter type
L 08/15/2014 - 13:06:59: [SM] Native "Format" reported: Language phrase "Prefix_Chat" not found
L 08/15/2014 - 13:06:59: [SM] Displaying call stack trace for plugin "hidename.smx":
L 08/15/2014 - 13:06:59: [SM]   [0]  Line 83, hidename.sp::OnConfigsExecuted()
L 08/15/2014 - 13:37:28: Error log file session closed.
L 08/15/2014 - 13:37:28: SourceMod error session started
L 08/15/2014 - 13:37:28: Info (map "contact_hunt") (file "errors_20140815.log")
L 08/15/2014 - 13:37:28: [SM] Fatal error encountered parsing translation file "sm_hidename.phrases.txt"
L 08/15/2014 - 13:37:28: [SM] Error (line 0, column 0): Stream failed to open
L 08/15/2014 - 13:37:28: [SM] Plugin encountered error 4: Invalid parameter or parameter type
L 08/15/2014 - 13:37:28: [SM] Native "Format" reported: Language phrase "Prefix_Chat" not found
L 08/15/2014 - 13:37:28: [SM] Displaying call stack trace for plugin "hidename.smx":
L 08/15/2014 - 13:37:28: [SM]   [0]  Line 83, hidename.sp::OnConfigsExecuted()
L 08/15/2014 - 13:43:21: Error log file session closed.
L 08/15/2014 - 13:43:21: SourceMod error session started
L 08/15/2014 - 13:43:21: Info (map "buhriz_coop") (file "errors_20140815.log")
L 08/15/2014 - 13:43:21: [SM] Fatal error encountered parsing translation file "sm_hidename.phrases.txt"
L 08/15/2014 - 13:43:21: [SM] Error (line 0, column 0): Stream failed to open
L 08/15/2014 - 13:43:37: [SM] Plugin encountered error 4: Invalid parameter or parameter type
L 08/15/2014 - 13:43:37: [SM] Native "Format" reported: Language phrase "Prefix_Chat" not found
L 08/15/2014 - 13:43:37: [SM] Displaying call stack trace for plugin "hidename.smx":
L 08/15/2014 - 13:43:37: [SM]   [0]  Line 83, hidename.sp::OnConfigsExecuted()
L 08/15/2014 - 13:58:10: SourceMod error session started
L 08/15/2014 - 13:58:10: Info (map "ministry_coop") (file "errors_20140815.log")
L 08/15/2014 - 13:58:10: [SM] Unable to load extension "steamtools.ext": libvstdlib_srv.so: cannot open shared object file: No such file or directory
L 08/15/2014 - 13:58:10: [SM] Fatal error encountered parsing translation file "sm_hidename.phrases.txt"
L 08/15/2014 - 13:58:10: [SM] Error (line 0, column 0): Stream failed to open
L 08/15/2014 - 13:58:42: [SM] Plugin encountered error 4: Invalid parameter or parameter type
L 08/15/2014 - 13:58:42: [SM] Native "Format" reported: Language phrase "Prefix_Chat" not found
L 08/15/2014 - 13:58:42: [SM] Displaying call stack trace for plugin "hidename.smx":
L 08/15/2014 - 13:58:42: [SM]   [0]  Line 83, hidename.sp::OnConfigsExecuted()
L 08/15/2014 - 14:01:03: SourceMod error session started
L 08/15/2014 - 14:01:03: Info (map "ministry_coop") (file "errors_20140815.log")
L 08/15/2014 - 14:01:03: [SM] Unable to load extension "steamtools.ext": libvstdlib_srv.so: cannot open shared object file: No such file or directory
L 08/15/2014 - 14:01:03: [SM] Fatal error encountered parsing translation file "sm_hidename.phrases.txt"
L 08/15/2014 - 14:01:03: [SM] Error (line 0, column 0): Stream failed to open
L 08/15/2014 - 14:01:09: [SM] Plugin encountered error 4: Invalid parameter or parameter type
L 08/15/2014 - 14:01:09: [SM] Native "Format" reported: Language phrase "Prefix_Chat" not found
L 08/15/2014 - 14:01:09: [SM] Displaying call stack trace for plugin "hidename.smx":
L 08/15/2014 - 14:01:09: [SM]   [0]  Line 83, hidename.sp::OnConfigsExecuted()
L 08/15/2014 - 14:59:45: Error log file session closed.
L 08/15/2014 - 14:59:45: SourceMod error session started
L 08/15/2014 - 14:59:45: Info (map "siege_coop") (file "errors_20140815.log")
L 08/15/2014 - 14:59:45: [SM] Fatal error encountered parsing translation file "sm_hidename.phrases.txt"
L 08/15/2014 - 14:59:45: [SM] Error (line 0, column 0): Stream failed to open
L 08/15/2014 - 14:59:45: [SM] Plugin encountered error 4: Invalid parameter or parameter type
L 08/15/2014 - 14:59:45: [SM] Native "Format" reported: Language phrase "Prefix_Chat" not found
L 08/15/2014 - 14:59:45: [SM] Displaying call stack trace for plugin "hidename.smx":
L 08/15/2014 - 14:59:45: [SM]   [0]  Line 83, hidename.sp::OnConfigsExecuted()
L 08/15/2014 - 15:18:40: Error log file session closed.
L 08/15/2014 - 15:18:40: SourceMod error session started
L 08/15/2014 - 15:18:40: Info (map "revolt_coop") (file "errors_20140815.log")
L 08/15/2014 - 15:18:40: [SM] Fatal error encountered parsing translation file "sm_hidename.phrases.txt"
L 08/15/2014 - 15:18:40: [SM] Error (line 0, column 0): Stream failed to open
L 08/15/2014 - 15:18:41: [SM] Plugin encountered error 4: Invalid parameter or parameter type
L 08/15/2014 - 15:18:41: [SM] Native "Format" reported: Language phrase "Prefix_Chat" not found
L 08/15/2014 - 15:18:41: [SM] Displaying call stack trace for plugin "hidename.smx":
L 08/15/2014 - 15:18:41: [SM]   [0]  Line 83, hidename.sp::OnConfigsExecuted()
L 08/15/2014 - 15:37:59: Error log file session closed.
L 08/15/2014 - 15:37:59: SourceMod error session started
L 08/15/2014 - 15:37:59: Info (map "district_hunt") (file "errors_20140815.log")
L 08/15/2014 - 15:37:59: [SM] Fatal error encountered parsing translation file "sm_hidename.phrases.txt"
L 08/15/2014 - 15:37:59: [SM] Error (line 0, column 0): Stream failed to open
L 08/15/2014 - 15:38:00: [SM] Plugin encountered error 4: Invalid parameter or parameter type
L 08/15/2014 - 15:38:00: [SM] Native "Format" reported: Language phrase "Prefix_Chat" not found
L 08/15/2014 - 15:38:00: [SM] Displaying call stack trace for plugin "hidename.smx":
L 08/15/2014 - 15:38:00: [SM]   [0]  Line 83, hidename.sp::OnConfigsExecuted()
L 08/15/2014 - 15:58:35: Error log file session closed.
L 08/15/2014 - 15:58:35: SourceMod error session started
L 08/15/2014 - 15:58:35: Info (map "heights_hunt") (file "errors_20140815.log")
L 08/15/2014 - 15:58:35: [SM] Fatal error encountered parsing translation file "sm_hidename.phrases.txt"
L 08/15/2014 - 15:58:35: [SM] Error (line 0, column 0): Stream failed to open
L 08/15/2014 - 15:58:38: [SM] Plugin encountered error 4: Invalid parameter or parameter type
L 08/15/2014 - 15:58:38: [SM] Native "Format" reported: Language phrase "Prefix_Chat" not found
L 08/15/2014 - 15:58:38: [SM] Displaying call stack trace for plugin "hidename.smx":
L 08/15/2014 - 15:58:38: [SM]   [0]  Line 83, hidename.sp::OnConfigsExecuted()
L 08/15/2014 - 16:28:02: Error log file session closed.
L 08/15/2014 - 16:28:02: SourceMod error session started
L 08/15/2014 - 16:28:02: Info (map "ministry_hunt") (file "errors_20140815.log")
L 08/15/2014 - 16:28:02: [SM] Fatal error encountered parsing translation file "sm_hidename.phrases.txt"
L 08/15/2014 - 16:28:02: [SM] Error (line 0, column 0): Stream failed to open
L 08/15/2014 - 16:28:02: [SM] Plugin encountered error 4: Invalid parameter or parameter type
L 08/15/2014 - 16:28:02: [SM] Native "Format" reported: Language phrase "Prefix_Chat" not found
L 08/15/2014 - 16:28:02: [SM] Displaying call stack trace for plugin "hidename.smx":
L 08/15/2014 - 16:28:02: [SM]   [0]  Line 83, hidename.sp::OnConfigsExecuted()
L 08/15/2014 - 16:44:34: Error log file session closed.
L 08/15/2014 - 16:44:34: SourceMod error session started
L 08/15/2014 - 16:44:34: Info (map "uprising_hunt") (file "errors_20140815.log")
L 08/15/2014 - 16:44:34: [SM] Fatal error encountered parsing translation file "sm_hidename.phrases.txt"
L 08/15/2014 - 16:44:34: [SM] Error (line 0, column 0): Stream failed to open
L 08/15/2014 - 16:44:34: [SM] Plugin encountered error 4: Invalid parameter or parameter type
L 08/15/2014 - 16:44:34: [SM] Native "Format" reported: Language phrase "Prefix_Chat" not found
L 08/15/2014 - 16:44:34: [SM] Displaying call stack trace for plugin "hidename.smx":
L 08/15/2014 - 16:44:34: [SM]   [0]  Line 83, hidename.sp::OnConfigsExecuted()
L 08/15/2014 - 16:47:45: Error log file session closed.
L 08/15/2014 - 16:47:45: SourceMod error session started
L 08/15/2014 - 16:47:45: Info (map "panj_hunt") (file "errors_20140815.log")
L 08/15/2014 - 16:47:45: [SM] Fatal error encountered parsing translation file "sm_hidename.phrases.txt"
L 08/15/2014 - 16:47:45: [SM] Error (line 0, column 0): Stream failed to open
L 08/15/2014 - 16:47:51: [SM] Plugin encountered error 4: Invalid parameter or parameter type
L 08/15/2014 - 16:47:51: [SM] Native "Format" reported: Language phrase "Prefix_Chat" not found
L 08/15/2014 - 16:47:51: [SM] Displaying call stack trace for plugin "hidename.smx":
L 08/15/2014 - 16:47:51: [SM]   [0]  Line 83, hidename.sp::OnConfigsExecuted()
L 08/15/2014 - 16:53:34: Error log file session closed.
L 08/15/2014 - 16:53:34: SourceMod error session started
L 08/15/2014 - 16:53:34: Info (map "contact_hunt") (file "errors_20140815.log")
L 08/15/2014 - 16:53:34: [SM] Fatal error encountered parsing translation file "sm_hidename.phrases.txt"
L 08/15/2014 - 16:53:34: [SM] Error (line 0, column 0): Stream failed to open
L 08/15/2014 - 16:53:34: [SM] Plugin encountered error 4: Invalid parameter or parameter type
L 08/15/2014 - 16:53:34: [SM] Native "Format" reported: Language phrase "Prefix_Chat" not found
L 08/15/2014 - 16:53:34: [SM] Displaying call stack trace for plugin "hidename.smx":
L 08/15/2014 - 16:53:34: [SM]   [0]  Line 83, hidename.sp::OnConfigsExecuted()
L 08/15/2014 - 16:57:55: Error log file session closed.
L 08/15/2014 - 16:57:55: SourceMod error session started
L 08/15/2014 - 16:57:55: Info (map "siege_coop") (file "errors_20140815.log")
L 08/15/2014 - 16:57:55: [SM] Fatal error encountered parsing translation file "sm_hidename.phrases.txt"
L 08/15/2014 - 16:57:55: [SM] Error (line 0, column 0): Stream failed to open
L 08/15/2014 - 16:57:55: [SM] Plugin encountered error 4: Invalid parameter or parameter type
L 08/15/2014 - 16:57:55: [SM] Native "Format" reported: Language phrase "Prefix_Chat" not found
L 08/15/2014 - 16:57:55: [SM] Displaying call stack trace for plugin "hidename.smx":
L 08/15/2014 - 16:57:55: [SM]   [0]  Line 83, hidename.sp::OnConfigsExecuted()
L 08/15/2014 - 17:40:19: Error log file session closed.
L 08/15/2014 - 17:40:19: SourceMod error session started
L 08/15/2014 - 17:40:19: Info (map "sinjar_coop") (file "errors_20140815.log")
L 08/15/2014 - 17:40:19: [SM] Fatal error encountered parsing translation file "sm_hidename.phrases.txt"
L 08/15/2014 - 17:40:19: [SM] Error (line 0, column 0): Stream failed to open
L 08/15/2014 - 17:40:25: [SM] Plugin encountered error 4: Invalid parameter or parameter type
L 08/15/2014 - 17:40:25: [SM] Native "Format" reported: Language phrase "Prefix_Chat" not found
L 08/15/2014 - 17:40:25: [SM] Displaying call stack trace for plugin "hidename.smx":
L 08/15/2014 - 17:40:25: [SM]   [0]  Line 83, hidename.sp::OnConfigsExecuted()
L 08/15/2014 - 18:13:26: Error log file session closed.
L 08/15/2014 - 18:13:26: SourceMod error session started
L 08/15/2014 - 18:13:26: Info (map "revolt_coop") (file "errors_20140815.log")
L 08/15/2014 - 18:13:26: [SM] Fatal error encountered parsing translation file "sm_hidename.phrases.txt"
L 08/15/2014 - 18:13:26: [SM] Error (line 0, column 0): Stream failed to open
L 08/15/2014 - 18:13:27: [SM] Plugin encountered error 4: Invalid parameter or parameter type
L 08/15/2014 - 18:13:27: [SM] Native "Format" reported: Language phrase "Prefix_Chat" not found
L 08/15/2014 - 18:13:27: [SM] Displaying call stack trace for plugin "hidename.smx":
L 08/15/2014 - 18:13:27: [SM]   [0]  Line 83, hidename.sp::OnConfigsExecuted()
L 08/15/2014 - 18:26:02: Error log file session closed.
L 08/15/2014 - 18:26:02: SourceMod error session started
L 08/15/2014 - 18:26:02: Info (map "buhriz_coop") (file "errors_20140815.log")
L 08/15/2014 - 18:26:02: [SM] Fatal error encountered parsing translation file "sm_hidename.phrases.txt"
L 08/15/2014 - 18:26:02: [SM] Error (line 0, column 0): Stream failed to open
L 08/15/2014 - 18:26:17: [SM] Plugin encountered error 4: Invalid parameter or parameter type
L 08/15/2014 - 18:26:17: [SM] Native "Format" reported: Language phrase "Prefix_Chat" not found
L 08/15/2014 - 18:26:17: [SM] Displaying call stack trace for plugin "hidename.smx":
L 08/15/2014 - 18:26:17: [SM]   [0]  Line 83, hidename.sp::OnConfigsExecuted()
L 08/15/2014 - 19:32:38: Error log file session closed.
L 08/15/2014 - 19:32:38: SourceMod error session started
L 08/15/2014 - 19:32:38: Info (map "market_coop") (file "errors_20140815.log")
L 08/15/2014 - 19:32:38: [SM] Fatal error encountered parsing translation file "sm_hidename.phrases.txt"
L 08/15/2014 - 19:32:38: [SM] Error (line 0, column 0): Stream failed to open
L 08/15/2014 - 19:32:39: [SM] Plugin encountered error 4: Invalid parameter or parameter type
L 08/15/2014 - 19:32:39: [SM] Native "Format" reported: Language phrase "Prefix_Chat" not found
L 08/15/2014 - 19:32:39: [SM] Displaying call stack trace for plugin "hidename.smx":
L 08/15/2014 - 19:32:39: [SM]   [0]  Line 83, hidename.sp::OnConfigsExecuted()
L 08/15/2014 - 20:14:23: Error log file session closed.
L 08/15/2014 - 20:14:23: SourceMod error session started
L 08/15/2014 - 20:14:23: Info (map "heights_coop") (file "errors_20140815.log")
L 08/15/2014 - 20:14:23: [SM] Fatal error encountered parsing translation file "sm_hidename.phrases.txt"
L 08/15/2014 - 20:14:23: [SM] Error (line 0, column 0): Stream failed to open
L 08/15/2014 - 20:14:26: [SM] Plugin encountered error 4: Invalid parameter or parameter type
L 08/15/2014 - 20:14:26: [SM] Native "Format" reported: Language phrase "Prefix_Chat" not found
L 08/15/2014 - 20:14:26: [SM] Displaying call stack trace for plugin "hidename.smx":
L 08/15/2014 - 20:14:26: [SM]   [0]  Line 83, hidename.sp::OnConfigsExecuted()
L 08/15/2014 - 20:36:08: Error log file session closed.
L 08/15/2014 - 20:36:08: SourceMod error session started
L 08/15/2014 - 20:36:08: Info (map "contact_coop") (file "errors_20140815.log")
L 08/15/2014 - 20:36:08: [SM] Fatal error encountered parsing translation file "sm_hidename.phrases.txt"
L 08/15/2014 - 20:36:08: [SM] Error (line 0, column 0): Stream failed to open
L 08/15/2014 - 20:36:09: [SM] Plugin encountered error 4: Invalid parameter or parameter type
L 08/15/2014 - 20:36:09: [SM] Native "Format" reported: Language phrase "Prefix_Chat" not found
L 08/15/2014 - 20:36:09: [SM] Displaying call stack trace for plugin "hidename.smx":
L 08/15/2014 - 20:36:09: [SM]   [0]  Line 83, hidename.sp::OnConfigsExecuted()
L 08/15/2014 - 22:07:00: Error log file session closed.
L 08/15/2014 - 22:07:00: SourceMod error session started
L 08/15/2014 - 22:07:00: Info (map "district_coop") (file "errors_20140815.log")
L 08/15/2014 - 22:07:00: [SM] Fatal error encountered parsing translation file "sm_hidename.phrases.txt"
L 08/15/2014 - 22:07:00: [SM] Error (line 0, column 0): Stream failed to open
L 08/15/2014 - 22:07:01: [SM] Plugin encountered error 4: Invalid parameter or parameter type
L 08/15/2014 - 22:07:01: [SM] Native "Format" reported: Language phrase "Prefix_Chat" not found
L 08/15/2014 - 22:07:01: [SM] Displaying call stack trace for plugin "hidename.smx":
L 08/15/2014 - 22:07:01: [SM]   [0]  Line 83, hidename.sp::OnConfigsExecuted()
L 08/15/2014 - 22:53:16: Error log file session closed.
L 08/15/2014 - 22:53:16: SourceMod error session started
L 08/15/2014 - 22:53:16: Info (map "ministry_coop") (file "errors_20140815.log")
L 08/15/2014 - 22:53:16: [SM] Fatal error encountered parsing translation file "sm_hidename.phrases.txt"
L 08/15/2014 - 22:53:16: [SM] Error (line 0, column 0): Stream failed to open
L 08/15/2014 - 22:53:17: [SM] Plugin encountered error 4: Invalid parameter or parameter type
L 08/15/2014 - 22:53:17: [SM] Native "Format" reported: Language phrase "Prefix_Chat" not found
L 08/15/2014 - 22:53:17: [SM] Displaying call stack trace for plugin "hidename.smx":
L 08/15/2014 - 22:53:17: [SM]   [0]  Line 83, hidename.sp::OnConfigsExecuted()
L 08/15/2014 - 23:14:57: Error log file session closed.
L 08/15/2014 - 23:14:57: SourceMod error session started
L 08/15/2014 - 23:14:57: Info (map "siege_coop") (file "errors_20140815.log")
L 08/15/2014 - 23:14:57: [SM] Fatal error encountered parsing translation file "sm_hidename.phrases.txt"
L 08/15/2014 - 23:14:57: [SM] Error (line 0, column 0): Stream failed to open
L 08/15/2014 - 23:14:58: [SM] Plugin encountered error 4: Invalid parameter or parameter type
L 08/15/2014 - 23:14:58: [SM] Native "Format" reported: Language phrase "Prefix_Chat" not found
L 08/15/2014 - 23:14:58: [SM] Displaying call stack trace for plugin "hidename.smx":
L 08/15/2014 - 23:14:58: [SM]   [0]  Line 83, hidename.sp::OnConfigsExecuted()
L 08/15/2014 - 23:44:09: SourceMod error session started
L 08/15/2014 - 23:44:09: Info (map "ministry_coop") (file "errors_20140815.log")
L 08/15/2014 - 23:44:09: [SM] Unable to load extension "steamtools.ext": libvstdlib_srv.so: cannot open shared object file: No such file or directory
L 08/15/2014 - 23:44:09: [SM] Fatal error encountered parsing translation file "sm_hidename.phrases.txt"
L 08/15/2014 - 23:44:09: [SM] Error (line 0, column 0): Stream failed to open
L 08/15/2014 - 23:44:13: [SM] Plugin encountered error 4: Invalid parameter or parameter type
L 08/15/2014 - 23:44:13: [SM] Native "Format" reported: Language phrase "Prefix_Chat" not found
L 08/15/2014 - 23:44:13: [SM] Displaying call stack trace for plugin "hidename.smx":
L 08/15/2014 - 23:44:13: [SM]   [0]  Line 83, hidename.sp::OnConfigsExecuted()
