L 08/12/2014 - 04:39:03: SourceMod error session started
L 08/12/2014 - 04:39:03: Info (map "ministry_coop") (file "errors_20140812.log")
L 08/12/2014 - 04:39:03: [SM] Unable to load extension "steamtools.ext": libvstdlib_srv.so: cannot open shared object file: No such file or directory
L 08/12/2014 - 04:40:03: SourceMod error session started
L 08/12/2014 - 04:40:03: Info (map "ministry_coop") (file "errors_20140812.log")
L 08/12/2014 - 04:40:03: [SM] Unable to load extension "steamtools.ext": libvstdlib_srv.so: cannot open shared object file: No such file or directory
L 08/12/2014 - 05:12:40: Error log file session closed.
L 08/12/2014 - 06:02:03: SourceMod error session started
L 08/12/2014 - 06:02:03: Info (map "ministry_coop") (file "errors_20140812.log")
L 08/12/2014 - 06:02:03: [SM] Unable to load extension "steamtools.ext": libvstdlib_srv.so: cannot open shared object file: No such file or directory
L 08/12/2014 - 06:34:42: SourceMod error session started
L 08/12/2014 - 06:34:42: Info (map "ministry_coop") (file "errors_20140812.log")
L 08/12/2014 - 06:34:42: [SM] Unable to load extension "steamtools.ext": libvstdlib_srv.so: cannot open shared object file: No such file or directory
L 08/12/2014 - 06:48:32: Error log file session closed.
L 08/12/2014 - 07:17:19: SourceMod error session started
L 08/12/2014 - 07:17:19: Info (map "district_hunt") (file "errors_20140812.log")
L 08/12/2014 - 07:17:19: [SM] Fatal error encountered parsing translation file "sm_hidename.phrases.txt"
L 08/12/2014 - 07:17:19: [SM] Error (line 0, column 0): Stream failed to open
L 08/12/2014 - 07:17:19: [SM] Plugin encountered error 4: Invalid parameter or parameter type
L 08/12/2014 - 07:17:19: [SM] Native "Format" reported: Language phrase "Prefix_Chat" not found
L 08/12/2014 - 07:17:19: [SM] Displaying call stack trace for plugin "hidename.smx":
L 08/12/2014 - 07:17:19: [SM]   [0]  Line 83, hidename.sp::OnConfigsExecuted()
L 08/12/2014 - 07:29:13: [SM] Native "GetClientName" reported: Client 15 is not connected
L 08/12/2014 - 07:29:13: [SM] Displaying call stack trace for plugin "playercount.smx":
L 08/12/2014 - 07:29:13: [SM]   [0]  Line 27, playercount.sp::Command_Player_Count()
L 08/12/2014 - 07:30:22: [SM] Native "GetClientTeam" reported: Client 15 is not in game
L 08/12/2014 - 07:30:22: [SM] Displaying call stack trace for plugin "playercount.smx":
L 08/12/2014 - 07:30:22: [SM]   [0]  Line 28, playercount.sp::Command_Player_Count()
L 08/12/2014 - 07:30:51: Error log file session closed.
L 08/12/2014 - 07:30:51: SourceMod error session started
L 08/12/2014 - 07:30:51: Info (map "heights_hunt") (file "errors_20140812.log")
L 08/12/2014 - 07:30:51: [SM] Fatal error encountered parsing translation file "sm_hidename.phrases.txt"
L 08/12/2014 - 07:30:51: [SM] Error (line 0, column 0): Stream failed to open
L 08/12/2014 - 07:30:53: [SM] Plugin encountered error 4: Invalid parameter or parameter type
L 08/12/2014 - 07:30:53: [SM] Native "Format" reported: Language phrase "Prefix_Chat" not found
L 08/12/2014 - 07:30:53: [SM] Displaying call stack trace for plugin "hidename.smx":
L 08/12/2014 - 07:30:53: [SM]   [0]  Line 83, hidename.sp::OnConfigsExecuted()
L 08/12/2014 - 07:50:32: Error log file session closed.
L 08/12/2014 - 07:50:32: SourceMod error session started
L 08/12/2014 - 07:50:32: Info (map "ministry_hunt") (file "errors_20140812.log")
L 08/12/2014 - 07:50:32: [SM] Fatal error encountered parsing translation file "sm_hidename.phrases.txt"
L 08/12/2014 - 07:50:32: [SM] Error (line 0, column 0): Stream failed to open
L 08/12/2014 - 07:50:32: [SM] Plugin encountered error 4: Invalid parameter or parameter type
L 08/12/2014 - 07:50:32: [SM] Native "Format" reported: Language phrase "Prefix_Chat" not found
L 08/12/2014 - 07:50:32: [SM] Displaying call stack trace for plugin "hidename.smx":
L 08/12/2014 - 07:50:32: [SM]   [0]  Line 83, hidename.sp::OnConfigsExecuted()
L 08/12/2014 - 07:56:44: Error log file session closed.
L 08/12/2014 - 07:56:44: SourceMod error session started
L 08/12/2014 - 07:56:44: Info (map "uprising_hunt") (file "errors_20140812.log")
L 08/12/2014 - 07:56:44: [SM] Fatal error encountered parsing translation file "sm_hidename.phrases.txt"
L 08/12/2014 - 07:56:44: [SM] Error (line 0, column 0): Stream failed to open
L 08/12/2014 - 07:56:45: [SM] Plugin encountered error 4: Invalid parameter or parameter type
L 08/12/2014 - 07:56:45: [SM] Native "Format" reported: Language phrase "Prefix_Chat" not found
L 08/12/2014 - 07:56:45: [SM] Displaying call stack trace for plugin "hidename.smx":
L 08/12/2014 - 07:56:45: [SM]   [0]  Line 83, hidename.sp::OnConfigsExecuted()
L 08/12/2014 - 07:59:30: Error log file session closed.
L 08/12/2014 - 07:59:30: SourceMod error session started
L 08/12/2014 - 07:59:30: Info (map "panj_hunt") (file "errors_20140812.log")
L 08/12/2014 - 07:59:30: [SM] Fatal error encountered parsing translation file "sm_hidename.phrases.txt"
L 08/12/2014 - 07:59:30: [SM] Error (line 0, column 0): Stream failed to open
L 08/12/2014 - 07:59:36: [SM] Plugin encountered error 4: Invalid parameter or parameter type
L 08/12/2014 - 07:59:36: [SM] Native "Format" reported: Language phrase "Prefix_Chat" not found
L 08/12/2014 - 07:59:36: [SM] Displaying call stack trace for plugin "hidename.smx":
L 08/12/2014 - 07:59:36: [SM]   [0]  Line 83, hidename.sp::OnConfigsExecuted()
L 08/12/2014 - 09:01:06: Error log file session closed.
L 08/12/2014 - 09:01:06: SourceMod error session started
L 08/12/2014 - 09:01:06: Info (map "contact_hunt") (file "errors_20140812.log")
L 08/12/2014 - 09:01:06: [SM] Fatal error encountered parsing translation file "sm_hidename.phrases.txt"
L 08/12/2014 - 09:01:06: [SM] Error (line 0, column 0): Stream failed to open
L 08/12/2014 - 09:01:06: [SM] Plugin encountered error 4: Invalid parameter or parameter type
L 08/12/2014 - 09:01:06: [SM] Native "Format" reported: Language phrase "Prefix_Chat" not found
L 08/12/2014 - 09:01:06: [SM] Displaying call stack trace for plugin "hidename.smx":
L 08/12/2014 - 09:01:06: [SM]   [0]  Line 83, hidename.sp::OnConfigsExecuted()
L 08/12/2014 - 09:06:18: [SM] Fatal error encountered parsing translation file "l4d_teamspanel.phrases.txt"
L 08/12/2014 - 09:06:18: [SM] Error (line 0, column 0): Stream failed to open
L 08/12/2014 - 09:06:18: [SM] Error parsing gameconfig file "/home/insserver/serverfiles/insurgency/addons/sourcemod/gamedata/l4dteamspanel.txt":
L 08/12/2014 - 09:06:18: [SM] Error 1 on line 0, col 0: Stream failed to open
L 08/12/2014 - 09:06:18: [SM] Native "LoadGameConfigFile" reported: Unable to open l4dteamspanel: File could not be opened: No such file or directory
L 08/12/2014 - 09:06:18: [SM] Displaying call stack trace for plugin "teamspanel.smx":
L 08/12/2014 - 09:06:18: [SM]   [0]  Line 73, teamspanel.sp::OnPluginStart()
L 08/12/2014 - 09:11:34: [SM] Native "GetConVarInt" reported: Invalid convar handle 0 (error 4)
L 08/12/2014 - 09:11:34: [SM] Displaying call stack trace for plugin "teamspanel.smx":
L 08/12/2014 - 09:11:34: [SM]   [0]  Line 218, teamspanel.sp::BuildPrintPanel()
L 08/12/2014 - 09:11:34: [SM]   [1]  Line 411, teamspanel.sp::PrintTeamsToClient()
L 08/12/2014 - 09:14:30: Error log file session closed.
L 08/12/2014 - 09:14:30: SourceMod error session started
L 08/12/2014 - 09:14:30: Info (map "sinjar_coop") (file "errors_20140812.log")
L 08/12/2014 - 09:14:30: [SM] Fatal error encountered parsing translation file "sm_hidename.phrases.txt"
L 08/12/2014 - 09:14:30: [SM] Error (line 0, column 0): Stream failed to open
L 08/12/2014 - 09:14:37: [SM] Plugin encountered error 4: Invalid parameter or parameter type
L 08/12/2014 - 09:14:37: [SM] Native "Format" reported: Language phrase "Prefix_Chat" not found
L 08/12/2014 - 09:14:37: [SM] Displaying call stack trace for plugin "hidename.smx":
L 08/12/2014 - 09:14:37: [SM]   [0]  Line 83, hidename.sp::OnConfigsExecuted()
L 08/12/2014 - 09:15:26: [SM] Native "GetConVarInt" reported: Invalid convar handle 0 (error 4)
L 08/12/2014 - 09:15:26: [SM] Displaying call stack trace for plugin "teamspanel.smx":
L 08/12/2014 - 09:15:26: [SM]   [0]  Line 218, teamspanel.sp::BuildPrintPanel()
L 08/12/2014 - 09:15:26: [SM]   [1]  Line 411, teamspanel.sp::PrintTeamsToClient()
L 08/12/2014 - 09:15:35: [SM] Native "GetConVarInt" reported: Invalid convar handle 0 (error 4)
L 08/12/2014 - 09:15:35: [SM] Displaying call stack trace for plugin "teamspanel.smx":
L 08/12/2014 - 09:15:35: [SM]   [0]  Line 218, teamspanel.sp::BuildPrintPanel()
L 08/12/2014 - 09:15:35: [SM]   [1]  Line 411, teamspanel.sp::PrintTeamsToClient()
L 08/12/2014 - 09:16:51: [SM] Native "GetConVarInt" reported: Invalid convar handle 0 (error 4)
L 08/12/2014 - 09:16:51: [SM] Displaying call stack trace for plugin "teamspanel.smx":
L 08/12/2014 - 09:16:51: [SM]   [0]  Line 218, teamspanel.sp::BuildPrintPanel()
L 08/12/2014 - 09:16:51: [SM]   [1]  Line 411, teamspanel.sp::PrintTeamsToClient()
L 08/12/2014 - 09:16:57: [SM] Native "GetConVarInt" reported: Invalid convar handle 0 (error 4)
L 08/12/2014 - 09:16:57: [SM] Displaying call stack trace for plugin "teamspanel.smx":
L 08/12/2014 - 09:16:57: [SM]   [0]  Line 218, teamspanel.sp::BuildPrintPanel()
L 08/12/2014 - 09:16:57: [SM]   [1]  Line 411, teamspanel.sp::PrintTeamsToClient()
L 08/12/2014 - 09:19:28: [SM] Native "GetConVarInt" reported: Invalid convar handle 0 (error 4)
L 08/12/2014 - 09:19:28: [SM] Displaying call stack trace for plugin "teamspanel.smx":
L 08/12/2014 - 09:19:28: [SM]   [0]  Line 218, teamspanel.sp::BuildPrintPanel()
L 08/12/2014 - 09:19:28: [SM]   [1]  Line 411, teamspanel.sp::PrintTeamsToClient()
L 08/12/2014 - 09:20:28: [SM] Native "GetConVarInt" reported: Invalid convar handle 0 (error 4)
L 08/12/2014 - 09:20:28: [SM] Displaying call stack trace for plugin "teamspanel.smx":
L 08/12/2014 - 09:20:28: [SM]   [0]  Line 218, teamspanel.sp::BuildPrintPanel()
L 08/12/2014 - 09:20:28: [SM]   [1]  Line 487, teamspanel.sp::OnConnect()
L 08/12/2014 - 09:23:06: [SM] Native "GetConVarInt" reported: Invalid convar handle 0 (error 4)
L 08/12/2014 - 09:23:06: [SM] Displaying call stack trace for plugin "teamspanel.smx":
L 08/12/2014 - 09:23:06: [SM]   [0]  Line 218, teamspanel.sp::BuildPrintPanel()
L 08/12/2014 - 09:23:06: [SM]   [1]  Line 411, teamspanel.sp::PrintTeamsToClient()
L 08/12/2014 - 09:27:50: [SM] Plugin encountered error 4: Invalid parameter or parameter type
L 08/12/2014 - 09:27:50: [SM] Native "Format" reported: Language phrase "Prefix_Chat" not found
L 08/12/2014 - 09:27:50: [SM] Displaying call stack trace for plugin "hidename.smx":
L 08/12/2014 - 09:27:50: [SM]   [0]  Line 83, hidename.sp::OnConfigsExecuted()
L 08/12/2014 - 09:27:58: [SM] Native "GetConVarInt" reported: Invalid convar handle 0 (error 4)
L 08/12/2014 - 09:27:58: [SM] Displaying call stack trace for plugin "teamspanel.smx":
L 08/12/2014 - 09:27:58: [SM]   [0]  Line 218, teamspanel.sp::BuildPrintPanel()
L 08/12/2014 - 09:27:58: [SM]   [1]  Line 411, teamspanel.sp::PrintTeamsToClient()
L 08/12/2014 - 09:31:55: Error log file session closed.
L 08/12/2014 - 09:31:55: SourceMod error session started
L 08/12/2014 - 09:31:55: Info (map "revolt_coop") (file "errors_20140812.log")
L 08/12/2014 - 09:31:55: [SM] Fatal error encountered parsing translation file "sm_hidename.phrases.txt"
L 08/12/2014 - 09:31:55: [SM] Error (line 0, column 0): Stream failed to open
L 08/12/2014 - 09:31:55: [SM] Plugin encountered error 4: Invalid parameter or parameter type
L 08/12/2014 - 09:31:55: [SM] Native "Format" reported: Language phrase "Prefix_Chat" not found
L 08/12/2014 - 09:31:55: [SM] Displaying call stack trace for plugin "hidename.smx":
L 08/12/2014 - 09:31:55: [SM]   [0]  Line 83, hidename.sp::OnConfigsExecuted()
L 08/12/2014 - 09:32:38: Error log file session closed.
L 08/12/2014 - 09:32:38: SourceMod error session started
L 08/12/2014 - 09:32:38: Info (map "buhriz_coop") (file "errors_20140812.log")
L 08/12/2014 - 09:32:38: [SM] Fatal error encountered parsing translation file "sm_hidename.phrases.txt"
L 08/12/2014 - 09:32:38: [SM] Error (line 0, column 0): Stream failed to open
L 08/12/2014 - 09:32:54: [SM] Plugin encountered error 4: Invalid parameter or parameter type
L 08/12/2014 - 09:32:54: [SM] Native "Format" reported: Language phrase "Prefix_Chat" not found
L 08/12/2014 - 09:32:54: [SM] Displaying call stack trace for plugin "hidename.smx":
L 08/12/2014 - 09:32:54: [SM]   [0]  Line 83, hidename.sp::OnConfigsExecuted()
L 08/12/2014 - 09:34:59: [SM] Native "GetConVarInt" reported: Invalid convar handle 0 (error 4)
L 08/12/2014 - 09:34:59: [SM] Displaying call stack trace for plugin "teamspanel.smx":
L 08/12/2014 - 09:34:59: [SM]   [0]  Line 218, teamspanel.sp::BuildPrintPanel()
L 08/12/2014 - 09:34:59: [SM]   [1]  Line 411, teamspanel.sp::PrintTeamsToClient()
L 08/12/2014 - 09:35:26: [SM] Native "GetConVarInt" reported: Invalid convar handle 0 (error 4)
L 08/12/2014 - 09:35:26: [SM] Displaying call stack trace for plugin "teamspanel.smx":
L 08/12/2014 - 09:35:26: [SM]   [0]  Line 218, teamspanel.sp::BuildPrintPanel()
L 08/12/2014 - 09:35:26: [SM]   [1]  Line 487, teamspanel.sp::OnConnect()
L 08/12/2014 - 09:37:31: [SM] Native "GetConVarInt" reported: Invalid convar handle 0 (error 4)
L 08/12/2014 - 09:37:31: [SM] Displaying call stack trace for plugin "teamspanel.smx":
L 08/12/2014 - 09:37:31: [SM]   [0]  Line 218, teamspanel.sp::BuildPrintPanel()
L 08/12/2014 - 09:37:31: [SM]   [1]  Line 487, teamspanel.sp::OnConnect()
L 08/12/2014 - 09:40:03: [SM] Native "GetConVarInt" reported: Invalid convar handle 0 (error 4)
L 08/12/2014 - 09:40:03: [SM] Displaying call stack trace for plugin "teamspanel.smx":
L 08/12/2014 - 09:40:03: [SM]   [0]  Line 218, teamspanel.sp::BuildPrintPanel()
L 08/12/2014 - 09:40:03: [SM]   [1]  Line 487, teamspanel.sp::OnConnect()
L 08/12/2014 - 09:45:56: [SM] Native "GetConVarInt" reported: Invalid convar handle 0 (error 4)
L 08/12/2014 - 09:45:56: [SM] Displaying call stack trace for plugin "teamspanel.smx":
L 08/12/2014 - 09:45:56: [SM]   [0]  Line 218, teamspanel.sp::BuildPrintPanel()
L 08/12/2014 - 09:45:56: [SM]   [1]  Line 487, teamspanel.sp::OnConnect()
L 08/12/2014 - 09:50:30: [SM] Native "GetConVarInt" reported: Invalid convar handle 0 (error 4)
L 08/12/2014 - 09:50:30: [SM] Displaying call stack trace for plugin "teamspanel.smx":
L 08/12/2014 - 09:50:30: [SM]   [0]  Line 218, teamspanel.sp::BuildPrintPanel()
L 08/12/2014 - 09:50:30: [SM]   [1]  Line 487, teamspanel.sp::OnConnect()
L 08/12/2014 - 09:50:42: Error log file session closed.
L 08/12/2014 - 09:50:42: SourceMod error session started
L 08/12/2014 - 09:50:42: Info (map "market_coop") (file "errors_20140812.log")
L 08/12/2014 - 09:50:42: [SM] Fatal error encountered parsing translation file "sm_hidename.phrases.txt"
L 08/12/2014 - 09:50:42: [SM] Error (line 0, column 0): Stream failed to open
L 08/12/2014 - 09:50:43: [SM] Plugin encountered error 4: Invalid parameter or parameter type
L 08/12/2014 - 09:50:43: [SM] Native "Format" reported: Language phrase "Prefix_Chat" not found
L 08/12/2014 - 09:50:43: [SM] Displaying call stack trace for plugin "hidename.smx":
L 08/12/2014 - 09:50:43: [SM]   [0]  Line 83, hidename.sp::OnConfigsExecuted()
L 08/12/2014 - 09:51:05: [SM] Native "GetConVarInt" reported: Invalid convar handle 0 (error 4)
L 08/12/2014 - 09:51:05: [SM] Displaying call stack trace for plugin "teamspanel.smx":
L 08/12/2014 - 09:51:05: [SM]   [0]  Line 218, teamspanel.sp::BuildPrintPanel()
L 08/12/2014 - 09:51:05: [SM]   [1]  Line 487, teamspanel.sp::OnConnect()
L 08/12/2014 - 09:56:23: [SM] Native "GetConVarInt" reported: Invalid convar handle 0 (error 4)
L 08/12/2014 - 09:56:23: [SM] Displaying call stack trace for plugin "teamspanel.smx":
L 08/12/2014 - 09:56:23: [SM]   [0]  Line 218, teamspanel.sp::BuildPrintPanel()
L 08/12/2014 - 09:56:23: [SM]   [1]  Line 487, teamspanel.sp::OnConnect()
L 08/12/2014 - 09:56:50: [SM] Native "GetConVarInt" reported: Invalid convar handle 0 (error 4)
L 08/12/2014 - 09:56:50: [SM] Displaying call stack trace for plugin "teamspanel.smx":
L 08/12/2014 - 09:56:50: [SM]   [0]  Line 218, teamspanel.sp::BuildPrintPanel()
L 08/12/2014 - 09:56:50: [SM]   [1]  Line 411, teamspanel.sp::PrintTeamsToClient()
L 08/12/2014 - 10:08:18: [SM] Native "GetConVarInt" reported: Invalid convar handle 0 (error 4)
L 08/12/2014 - 10:08:18: [SM] Displaying call stack trace for plugin "teamspanel.smx":
L 08/12/2014 - 10:08:18: [SM]   [0]  Line 218, teamspanel.sp::BuildPrintPanel()
L 08/12/2014 - 10:08:18: [SM]   [1]  Line 487, teamspanel.sp::OnConnect()
L 08/12/2014 - 10:23:20: Error log file session closed.
L 08/12/2014 - 10:23:20: SourceMod error session started
L 08/12/2014 - 10:23:20: Info (map "heights_coop") (file "errors_20140812.log")
L 08/12/2014 - 10:23:20: [SM] Fatal error encountered parsing translation file "sm_hidename.phrases.txt"
L 08/12/2014 - 10:23:20: [SM] Error (line 0, column 0): Stream failed to open
L 08/12/2014 - 10:23:23: [SM] Plugin encountered error 4: Invalid parameter or parameter type
L 08/12/2014 - 10:23:23: [SM] Native "Format" reported: Language phrase "Prefix_Chat" not found
L 08/12/2014 - 10:23:23: [SM] Displaying call stack trace for plugin "hidename.smx":
L 08/12/2014 - 10:23:23: [SM]   [0]  Line 83, hidename.sp::OnConfigsExecuted()
L 08/12/2014 - 10:28:24: [SM] Native "GetEntProp" reported: Property "m_iScore" not found (entity 11/player)
L 08/12/2014 - 10:28:24: [SM] Displaying call stack trace for plugin "teamspanel.smx":
L 08/12/2014 - 10:28:24: [SM]   [0]  Line 157, teamspanel.sp::BuildPrintPanel()
L 08/12/2014 - 10:28:24: [SM]   [1]  Line 222, teamspanel.sp::PrintTeamsToClient()
L 08/12/2014 - 10:29:05: [SM] Native "GetEntProp" reported: Property "m_iScore" not found (entity 11/player)
L 08/12/2014 - 10:29:05: [SM] Displaying call stack trace for plugin "teamspanel.smx":
L 08/12/2014 - 10:29:05: [SM]   [0]  Line 157, teamspanel.sp::BuildPrintPanel()
L 08/12/2014 - 10:29:05: [SM]   [1]  Line 222, teamspanel.sp::PrintTeamsToClient()
L 08/12/2014 - 10:30:11: [SM] Native "GetEntProp" reported: Property "m_iScore" not found (entity 11/player)
L 08/12/2014 - 10:30:11: [SM] Displaying call stack trace for plugin "teamspanel.smx":
L 08/12/2014 - 10:30:11: [SM]   [0]  Line 157, teamspanel.sp::BuildPrintPanel()
L 08/12/2014 - 10:30:11: [SM]   [1]  Line 222, teamspanel.sp::PrintTeamsToClient()
L 08/12/2014 - 10:30:32: [SM] Native "GetEntProp" reported: Property "m_iScore" not found (entity 21/player)
L 08/12/2014 - 10:30:32: [SM] Displaying call stack trace for plugin "teamspanel.smx":
L 08/12/2014 - 10:30:32: [SM]   [0]  Line 157, teamspanel.sp::BuildPrintPanel()
L 08/12/2014 - 10:30:32: [SM]   [1]  Line 268, teamspanel.sp::OnConnect()
L 08/12/2014 - 10:31:03: [SM] Native "GetEntProp" reported: Property "m_iScore" not found (entity 2/player)
L 08/12/2014 - 10:31:03: [SM] Displaying call stack trace for plugin "teamspanel.smx":
L 08/12/2014 - 10:31:03: [SM]   [0]  Line 157, teamspanel.sp::BuildPrintPanel()
L 08/12/2014 - 10:31:03: [SM]   [1]  Line 268, teamspanel.sp::OnConnect()
L 08/12/2014 - 10:38:03: SourceMod error session started
L 08/12/2014 - 10:38:03: Info (map "ministry_coop") (file "errors_20140812.log")
L 08/12/2014 - 10:38:03: [SM] Unable to load extension "steamtools.ext": libvstdlib_srv.so: cannot open shared object file: No such file or directory
L 08/12/2014 - 10:38:03: [SM] Fatal error encountered parsing translation file "sm_hidename.phrases.txt"
L 08/12/2014 - 10:38:03: [SM] Error (line 0, column 0): Stream failed to open
L 08/12/2014 - 10:38:03: [SM] Error parsing gameconfig file "/home/insserver/serverfiles/insurgency/addons/sourcemod/gamedata/l4dteamspanel.txt":
L 08/12/2014 - 10:38:03: [SM] Error 1 on line 0, col 0: Stream failed to open
L 08/12/2014 - 10:38:03: [SM] Native "LoadGameConfigFile" reported: Unable to open l4dteamspanel: File could not be opened: No such file or directory
L 08/12/2014 - 10:38:03: [SM] Displaying call stack trace for plugin "teamspanel.smx":
L 08/12/2014 - 10:38:03: [SM]   [0]  Line 66, teamspanel.sp::OnPluginStart()
L 08/12/2014 - 10:38:06: [SM] Plugin encountered error 4: Invalid parameter or parameter type
L 08/12/2014 - 10:38:06: [SM] Native "Format" reported: Language phrase "Prefix_Chat" not found
L 08/12/2014 - 10:38:06: [SM] Displaying call stack trace for plugin "hidename.smx":
L 08/12/2014 - 10:38:06: [SM]   [0]  Line 83, hidename.sp::OnConfigsExecuted()
L 08/12/2014 - 10:38:16: SourceMod error session started
L 08/12/2014 - 10:38:16: Info (map "ministry_coop") (file "errors_20140812.log")
L 08/12/2014 - 10:38:16: [SM] Unable to load extension "steamtools.ext": libvstdlib_srv.so: cannot open shared object file: No such file or directory
L 08/12/2014 - 10:38:16: [SM] Fatal error encountered parsing translation file "sm_hidename.phrases.txt"
L 08/12/2014 - 10:38:16: [SM] Error (line 0, column 0): Stream failed to open
L 08/12/2014 - 10:38:16: [SM] Error parsing gameconfig file "/home/insserver/serverfiles/insurgency/addons/sourcemod/gamedata/l4dteamspanel.txt":
L 08/12/2014 - 10:38:16: [SM] Error 1 on line 0, col 0: Stream failed to open
L 08/12/2014 - 10:38:16: [SM] Native "LoadGameConfigFile" reported: Unable to open l4dteamspanel: File could not be opened: No such file or directory
L 08/12/2014 - 10:38:16: [SM] Displaying call stack trace for plugin "teamspanel.smx":
L 08/12/2014 - 10:38:16: [SM]   [0]  Line 66, teamspanel.sp::OnPluginStart()
L 08/12/2014 - 10:38:28: [SM] Plugin encountered error 4: Invalid parameter or parameter type
L 08/12/2014 - 10:38:28: [SM] Native "Format" reported: Language phrase "Prefix_Chat" not found
L 08/12/2014 - 10:38:28: [SM] Displaying call stack trace for plugin "hidename.smx":
L 08/12/2014 - 10:38:28: [SM]   [0]  Line 83, hidename.sp::OnConfigsExecuted()
L 08/12/2014 - 10:40:58: Error log file session closed.
L 08/12/2014 - 10:40:58: SourceMod error session started
L 08/12/2014 - 10:40:58: Info (map "siege_coop") (file "errors_20140812.log")
L 08/12/2014 - 10:40:58: [SM] Fatal error encountered parsing translation file "sm_hidename.phrases.txt"
L 08/12/2014 - 10:40:58: [SM] Error (line 0, column 0): Stream failed to open
L 08/12/2014 - 10:40:59: [SM] Plugin encountered error 4: Invalid parameter or parameter type
L 08/12/2014 - 10:40:59: [SM] Native "Format" reported: Language phrase "Prefix_Chat" not found
L 08/12/2014 - 10:40:59: [SM] Displaying call stack trace for plugin "hidename.smx":
L 08/12/2014 - 10:40:59: [SM]   [0]  Line 83, hidename.sp::OnConfigsExecuted()
L 08/12/2014 - 10:43:11: [SM] Native "GetEntPropString" reported: Property "m_iScore" not found (entity 11/player)
L 08/12/2014 - 10:43:11: [SM] Displaying call stack trace for plugin "teamspanel.smx":
L 08/12/2014 - 10:43:11: [SM]   [0]  Line 158, teamspanel.sp::BuildPrintPanel()
L 08/12/2014 - 10:43:11: [SM]   [1]  Line 223, teamspanel.sp::PrintTeamsToClient()
L 08/12/2014 - 10:44:18: [SM] Native "GetEntPropString" reported: Property "m_iScore" not found (entity 11/player)
L 08/12/2014 - 10:44:18: [SM] Displaying call stack trace for plugin "teamspanel.smx":
L 08/12/2014 - 10:44:18: [SM]   [0]  Line 158, teamspanel.sp::BuildPrintPanel()
L 08/12/2014 - 10:44:18: [SM]   [1]  Line 223, teamspanel.sp::PrintTeamsToClient()
L 08/12/2014 - 10:47:08: [SM] Native "GetEntPropString" reported: Property "m_iScore" not found (entity 11/player)
L 08/12/2014 - 10:47:08: [SM] Displaying call stack trace for plugin "teamspanel.smx":
L 08/12/2014 - 10:47:08: [SM]   [0]  Line 158, teamspanel.sp::BuildPrintPanel()
L 08/12/2014 - 10:47:08: [SM]   [1]  Line 223, teamspanel.sp::PrintTeamsToClient()
L 08/12/2014 - 11:01:16: [SM] Native "GetEntPropString" reported: Property "m_iScore" not found (entity 3/player)
L 08/12/2014 - 11:01:16: [SM] Displaying call stack trace for plugin "teamspanel.smx":
L 08/12/2014 - 11:01:16: [SM]   [0]  Line 158, teamspanel.sp::BuildPrintPanel()
L 08/12/2014 - 11:01:16: [SM]   [1]  Line 269, teamspanel.sp::OnConnect()
L 08/12/2014 - 11:08:52: Error log file session closed.
L 08/12/2014 - 11:08:52: SourceMod error session started
L 08/12/2014 - 11:08:52: Info (map "district_hunt") (file "errors_20140812.log")
L 08/12/2014 - 11:08:52: [SM] Fatal error encountered parsing translation file "sm_hidename.phrases.txt"
L 08/12/2014 - 11:08:52: [SM] Error (line 0, column 0): Stream failed to open
L 08/12/2014 - 11:08:53: [SM] Plugin encountered error 4: Invalid parameter or parameter type
L 08/12/2014 - 11:08:53: [SM] Native "Format" reported: Language phrase "Prefix_Chat" not found
L 08/12/2014 - 11:08:53: [SM] Displaying call stack trace for plugin "hidename.smx":
L 08/12/2014 - 11:08:53: [SM]   [0]  Line 83, hidename.sp::OnConfigsExecuted()
L 08/12/2014 - 11:19:03: Error log file session closed.
L 08/12/2014 - 11:19:03: SourceMod error session started
L 08/12/2014 - 11:19:03: Info (map "heights_hunt") (file "errors_20140812.log")
L 08/12/2014 - 11:19:03: [SM] Fatal error encountered parsing translation file "sm_hidename.phrases.txt"
L 08/12/2014 - 11:19:03: [SM] Error (line 0, column 0): Stream failed to open
L 08/12/2014 - 11:19:05: [SM] Plugin encountered error 4: Invalid parameter or parameter type
L 08/12/2014 - 11:19:05: [SM] Native "Format" reported: Language phrase "Prefix_Chat" not found
L 08/12/2014 - 11:19:05: [SM] Displaying call stack trace for plugin "hidename.smx":
L 08/12/2014 - 11:19:05: [SM]   [0]  Line 83, hidename.sp::OnConfigsExecuted()
L 08/12/2014 - 11:24:48: Error log file session closed.
L 08/12/2014 - 11:24:48: SourceMod error session started
L 08/12/2014 - 11:24:48: Info (map "ministry_hunt") (file "errors_20140812.log")
L 08/12/2014 - 11:24:48: [SM] Fatal error encountered parsing translation file "sm_hidename.phrases.txt"
L 08/12/2014 - 11:24:48: [SM] Error (line 0, column 0): Stream failed to open
L 08/12/2014 - 11:24:49: [SM] Plugin encountered error 4: Invalid parameter or parameter type
L 08/12/2014 - 11:24:49: [SM] Native "Format" reported: Language phrase "Prefix_Chat" not found
L 08/12/2014 - 11:24:49: [SM] Displaying call stack trace for plugin "hidename.smx":
L 08/12/2014 - 11:24:49: [SM]   [0]  Line 83, hidename.sp::OnConfigsExecuted()
L 08/12/2014 - 11:45:42: Error log file session closed.
L 08/12/2014 - 11:45:42: SourceMod error session started
L 08/12/2014 - 11:45:42: Info (map "uprising_hunt") (file "errors_20140812.log")
L 08/12/2014 - 11:45:42: [SM] Fatal error encountered parsing translation file "sm_hidename.phrases.txt"
L 08/12/2014 - 11:45:42: [SM] Error (line 0, column 0): Stream failed to open
L 08/12/2014 - 11:45:43: [SM] Plugin encountered error 4: Invalid parameter or parameter type
L 08/12/2014 - 11:45:43: [SM] Native "Format" reported: Language phrase "Prefix_Chat" not found
L 08/12/2014 - 11:45:43: [SM] Displaying call stack trace for plugin "hidename.smx":
L 08/12/2014 - 11:45:43: [SM]   [0]  Line 83, hidename.sp::OnConfigsExecuted()
L 08/12/2014 - 13:11:49: Error log file session closed.
L 08/12/2014 - 13:11:49: SourceMod error session started
L 08/12/2014 - 13:11:49: Info (map "ministry_coop") (file "errors_20140812.log")
L 08/12/2014 - 13:11:49: [SM] Fatal error encountered parsing translation file "sm_hidename.phrases.txt"
L 08/12/2014 - 13:11:49: [SM] Error (line 0, column 0): Stream failed to open
L 08/12/2014 - 13:11:49: [SM] Plugin encountered error 4: Invalid parameter or parameter type
L 08/12/2014 - 13:11:49: [SM] Native "Format" reported: Language phrase "Prefix_Chat" not found
L 08/12/2014 - 13:11:49: [SM] Displaying call stack trace for plugin "hidename.smx":
L 08/12/2014 - 13:11:49: [SM]   [0]  Line 83, hidename.sp::OnConfigsExecuted()
L 08/12/2014 - 13:25:23: Error log file session closed.
L 08/12/2014 - 13:25:23: SourceMod error session started
L 08/12/2014 - 13:25:23: Info (map "panj_hunt") (file "errors_20140812.log")
L 08/12/2014 - 13:25:23: [SM] Fatal error encountered parsing translation file "sm_hidename.phrases.txt"
L 08/12/2014 - 13:25:23: [SM] Error (line 0, column 0): Stream failed to open
L 08/12/2014 - 13:25:29: [SM] Plugin encountered error 4: Invalid parameter or parameter type
L 08/12/2014 - 13:25:29: [SM] Native "Format" reported: Language phrase "Prefix_Chat" not found
L 08/12/2014 - 13:25:29: [SM] Displaying call stack trace for plugin "hidename.smx":
L 08/12/2014 - 13:25:29: [SM]   [0]  Line 83, hidename.sp::OnConfigsExecuted()
L 08/12/2014 - 13:33:56: Error log file session closed.
L 08/12/2014 - 13:33:56: SourceMod error session started
L 08/12/2014 - 13:33:56: Info (map "contact_hunt") (file "errors_20140812.log")
L 08/12/2014 - 13:33:56: [SM] Fatal error encountered parsing translation file "sm_hidename.phrases.txt"
L 08/12/2014 - 13:33:56: [SM] Error (line 0, column 0): Stream failed to open
L 08/12/2014 - 13:33:57: [SM] Plugin encountered error 4: Invalid parameter or parameter type
L 08/12/2014 - 13:33:57: [SM] Native "Format" reported: Language phrase "Prefix_Chat" not found
L 08/12/2014 - 13:33:57: [SM] Displaying call stack trace for plugin "hidename.smx":
L 08/12/2014 - 13:33:57: [SM]   [0]  Line 83, hidename.sp::OnConfigsExecuted()
L 08/12/2014 - 13:42:37: Error log file session closed.
L 08/12/2014 - 13:42:37: SourceMod error session started
L 08/12/2014 - 13:42:37: Info (map "battle_sdk_example") (file "errors_20140812.log")
L 08/12/2014 - 13:42:37: [SM] Fatal error encountered parsing translation file "sm_hidename.phrases.txt"
L 08/12/2014 - 13:42:37: [SM] Error (line 0, column 0): Stream failed to open
L 08/12/2014 - 13:42:37: [SM] Plugin encountered error 4: Invalid parameter or parameter type
L 08/12/2014 - 13:42:37: [SM] Native "Format" reported: Language phrase "Prefix_Chat" not found
L 08/12/2014 - 13:42:37: [SM] Displaying call stack trace for plugin "hidename.smx":
L 08/12/2014 - 13:42:37: [SM]   [0]  Line 83, hidename.sp::OnConfigsExecuted()
L 08/12/2014 - 13:45:52: Error log file session closed.
L 08/12/2014 - 13:45:52: SourceMod error session started
L 08/12/2014 - 13:45:52: Info (map "anbar_coop_beta4") (file "errors_20140812.log")
L 08/12/2014 - 13:45:52: [SM] Fatal error encountered parsing translation file "sm_hidename.phrases.txt"
L 08/12/2014 - 13:45:52: [SM] Error (line 0, column 0): Stream failed to open
L 08/12/2014 - 13:45:53: [SM] Plugin encountered error 4: Invalid parameter or parameter type
L 08/12/2014 - 13:45:53: [SM] Native "Format" reported: Language phrase "Prefix_Chat" not found
L 08/12/2014 - 13:45:53: [SM] Displaying call stack trace for plugin "hidename.smx":
L 08/12/2014 - 13:45:53: [SM]   [0]  Line 83, hidename.sp::OnConfigsExecuted()
L 08/12/2014 - 13:59:26: Error log file session closed.
L 08/12/2014 - 13:59:26: SourceMod error session started
L 08/12/2014 - 13:59:26: Info (map "sinjar_coop") (file "errors_20140812.log")
L 08/12/2014 - 13:59:26: [SM] Fatal error encountered parsing translation file "sm_hidename.phrases.txt"
L 08/12/2014 - 13:59:26: [SM] Error (line 0, column 0): Stream failed to open
L 08/12/2014 - 13:59:33: [SM] Plugin encountered error 4: Invalid parameter or parameter type
L 08/12/2014 - 13:59:33: [SM] Native "Format" reported: Language phrase "Prefix_Chat" not found
L 08/12/2014 - 13:59:33: [SM] Displaying call stack trace for plugin "hidename.smx":
L 08/12/2014 - 13:59:33: [SM]   [0]  Line 83, hidename.sp::OnConfigsExecuted()
L 08/12/2014 - 15:42:59: Error log file session closed.
L 08/12/2014 - 15:42:59: SourceMod error session started
L 08/12/2014 - 15:42:59: Info (map "revolt_coop") (file "errors_20140812.log")
L 08/12/2014 - 15:42:59: [SM] Fatal error encountered parsing translation file "sm_hidename.phrases.txt"
L 08/12/2014 - 15:42:59: [SM] Error (line 0, column 0): Stream failed to open
L 08/12/2014 - 15:43:00: [SM] Plugin encountered error 4: Invalid parameter or parameter type
L 08/12/2014 - 15:43:00: [SM] Native "Format" reported: Language phrase "Prefix_Chat" not found
L 08/12/2014 - 15:43:00: [SM] Displaying call stack trace for plugin "hidename.smx":
L 08/12/2014 - 15:43:00: [SM]   [0]  Line 83, hidename.sp::OnConfigsExecuted()
L 08/12/2014 - 16:03:38: [SM] Plugin encountered error 15: Array index is out of bounds
L 08/12/2014 - 16:03:38: [SM] Displaying call stack trace for plugin "teamspanel.smx":
L 08/12/2014 - 16:03:38: [SM]   [0]  Line 445, teamspanel.sp::OnClientPostAdminCheck()
L 08/12/2014 - 16:04:34: [SM] Plugin encountered error 15: Array index is out of bounds
L 08/12/2014 - 16:04:34: [SM] Displaying call stack trace for plugin "teamspanel.smx":
L 08/12/2014 - 16:04:34: [SM]   [0]  Line 466, teamspanel.sp::OnClientDisconnect()
L 08/12/2014 - 16:07:49: Error log file session closed.
L 08/12/2014 - 16:07:49: SourceMod error session started
L 08/12/2014 - 16:07:49: Info (map "buhriz_coop") (file "errors_20140812.log")
L 08/12/2014 - 16:07:49: [SM] Fatal error encountered parsing translation file "sm_hidename.phrases.txt"
L 08/12/2014 - 16:07:49: [SM] Error (line 0, column 0): Stream failed to open
L 08/12/2014 - 16:08:05: [SM] Plugin encountered error 4: Invalid parameter or parameter type
L 08/12/2014 - 16:08:05: [SM] Native "Format" reported: Language phrase "Prefix_Chat" not found
L 08/12/2014 - 16:08:05: [SM] Displaying call stack trace for plugin "hidename.smx":
L 08/12/2014 - 16:08:05: [SM]   [0]  Line 83, hidename.sp::OnConfigsExecuted()
L 08/12/2014 - 16:25:19: Error log file session closed.
L 08/12/2014 - 16:25:19: SourceMod error session started
L 08/12/2014 - 16:25:19: Info (map "market_coop") (file "errors_20140812.log")
L 08/12/2014 - 16:25:19: [SM] Fatal error encountered parsing translation file "sm_hidename.phrases.txt"
L 08/12/2014 - 16:25:19: [SM] Error (line 0, column 0): Stream failed to open
L 08/12/2014 - 16:25:20: [SM] Plugin encountered error 4: Invalid parameter or parameter type
L 08/12/2014 - 16:25:20: [SM] Native "Format" reported: Language phrase "Prefix_Chat" not found
L 08/12/2014 - 16:25:20: [SM] Displaying call stack trace for plugin "hidename.smx":
L 08/12/2014 - 16:25:20: [SM]   [0]  Line 83, hidename.sp::OnConfigsExecuted()
L 08/12/2014 - 16:27:22: [SM] Plugin encountered error 15: Array index is out of bounds
L 08/12/2014 - 16:27:22: [SM] Displaying call stack trace for plugin "teamspanel.smx":
L 08/12/2014 - 16:27:22: [SM]   [0]  Line 445, teamspanel.sp::OnClientPostAdminCheck()
L 08/12/2014 - 16:31:10: [SM] Plugin encountered error 15: Array index is out of bounds
L 08/12/2014 - 16:31:10: [SM] Displaying call stack trace for plugin "teamspanel.smx":
L 08/12/2014 - 16:31:10: [SM]   [0]  Line 466, teamspanel.sp::OnClientDisconnect()
L 08/12/2014 - 16:33:03: SourceMod error session started
L 08/12/2014 - 16:33:03: Info (map "ministry_coop") (file "errors_20140812.log")
L 08/12/2014 - 16:33:03: [SM] Unable to load extension "steamtools.ext": libvstdlib_srv.so: cannot open shared object file: No such file or directory
L 08/12/2014 - 16:33:03: [SM] Fatal error encountered parsing translation file "sm_hidename.phrases.txt"
L 08/12/2014 - 16:33:03: [SM] Error (line 0, column 0): Stream failed to open
L 08/12/2014 - 16:33:03: [SM] Error parsing gameconfig file "/home/insserver/serverfiles/insurgency/addons/sourcemod/gamedata/l4dteamspanel.txt":
L 08/12/2014 - 16:33:03: [SM] Error 1 on line 0, col 0: Stream failed to open
L 08/12/2014 - 16:33:03: [SM] Native "LoadGameConfigFile" reported: Unable to open l4dteamspanel: File could not be opened: No such file or directory
L 08/12/2014 - 16:33:03: [SM] Displaying call stack trace for plugin "teamspanel.smx":
L 08/12/2014 - 16:33:03: [SM]   [0]  Line 76, teamspanel.sp::OnPluginStart()
L 08/12/2014 - 16:33:09: [SM] Plugin encountered error 4: Invalid parameter or parameter type
L 08/12/2014 - 16:33:09: [SM] Native "Format" reported: Language phrase "Prefix_Chat" not found
L 08/12/2014 - 16:33:09: [SM] Displaying call stack trace for plugin "hidename.smx":
L 08/12/2014 - 16:33:09: [SM]   [0]  Line 83, hidename.sp::OnConfigsExecuted()
L 08/12/2014 - 16:44:03: SourceMod error session started
L 08/12/2014 - 16:44:03: Info (map "ministry_coop") (file "errors_20140812.log")
L 08/12/2014 - 16:44:03: [SM] Unable to load extension "steamtools.ext": libvstdlib_srv.so: cannot open shared object file: No such file or directory
L 08/12/2014 - 16:44:03: [SM] Fatal error encountered parsing translation file "sm_hidename.phrases.txt"
L 08/12/2014 - 16:44:03: [SM] Error (line 0, column 0): Stream failed to open
L 08/12/2014 - 16:44:03: [SM] Error parsing gameconfig file "/home/insserver/serverfiles/insurgency/addons/sourcemod/gamedata/l4dteamspanel.txt":
L 08/12/2014 - 16:44:03: [SM] Error 1 on line 0, col 0: Stream failed to open
L 08/12/2014 - 16:44:03: [SM] Native "LoadGameConfigFile" reported: Unable to open l4dteamspanel: File could not be opened: No such file or directory
L 08/12/2014 - 16:44:03: [SM] Displaying call stack trace for plugin "teamspanel.smx":
L 08/12/2014 - 16:44:03: [SM]   [0]  Line 76, teamspanel.sp::OnPluginStart()
L 08/12/2014 - 16:44:33: [SM] Plugin encountered error 4: Invalid parameter or parameter type
L 08/12/2014 - 16:44:33: [SM] Native "Format" reported: Language phrase "Prefix_Chat" not found
L 08/12/2014 - 16:44:33: [SM] Displaying call stack trace for plugin "hidename.smx":
L 08/12/2014 - 16:44:33: [SM]   [0]  Line 83, hidename.sp::OnConfigsExecuted()
L 08/12/2014 - 17:24:54: Error log file session closed.
L 08/12/2014 - 17:24:54: SourceMod error session started
L 08/12/2014 - 17:24:54: Info (map "siege_coop") (file "errors_20140812.log")
L 08/12/2014 - 17:24:54: [SM] Fatal error encountered parsing translation file "sm_hidename.phrases.txt"
L 08/12/2014 - 17:24:54: [SM] Error (line 0, column 0): Stream failed to open
L 08/12/2014 - 17:24:55: [SM] Plugin encountered error 4: Invalid parameter or parameter type
L 08/12/2014 - 17:24:55: [SM] Native "Format" reported: Language phrase "Prefix_Chat" not found
L 08/12/2014 - 17:24:55: [SM] Displaying call stack trace for plugin "hidename.smx":
L 08/12/2014 - 17:24:55: [SM]   [0]  Line 83, hidename.sp::OnConfigsExecuted()
L 08/12/2014 - 17:49:44: Error log file session closed.
L 08/12/2014 - 17:49:44: SourceMod error session started
L 08/12/2014 - 17:49:44: Info (map "district_hunt") (file "errors_20140812.log")
L 08/12/2014 - 17:49:44: [SM] Fatal error encountered parsing translation file "sm_hidename.phrases.txt"
L 08/12/2014 - 17:49:44: [SM] Error (line 0, column 0): Stream failed to open
L 08/12/2014 - 17:49:45: [SM] Plugin encountered error 4: Invalid parameter or parameter type
L 08/12/2014 - 17:49:45: [SM] Native "Format" reported: Language phrase "Prefix_Chat" not found
L 08/12/2014 - 17:49:45: [SM] Displaying call stack trace for plugin "hidename.smx":
L 08/12/2014 - 17:49:45: [SM]   [0]  Line 83, hidename.sp::OnConfigsExecuted()
L 08/12/2014 - 17:55:16: Error log file session closed.
L 08/12/2014 - 17:55:16: SourceMod error session started
L 08/12/2014 - 17:55:16: Info (map "heights_hunt") (file "errors_20140812.log")
L 08/12/2014 - 17:55:16: [SM] Fatal error encountered parsing translation file "sm_hidename.phrases.txt"
L 08/12/2014 - 17:55:16: [SM] Error (line 0, column 0): Stream failed to open
L 08/12/2014 - 17:55:18: [SM] Plugin encountered error 4: Invalid parameter or parameter type
L 08/12/2014 - 17:55:18: [SM] Native "Format" reported: Language phrase "Prefix_Chat" not found
L 08/12/2014 - 17:55:18: [SM] Displaying call stack trace for plugin "hidename.smx":
L 08/12/2014 - 17:55:18: [SM]   [0]  Line 83, hidename.sp::OnConfigsExecuted()
L 08/12/2014 - 18:01:55: Error log file session closed.
L 08/12/2014 - 18:01:55: SourceMod error session started
L 08/12/2014 - 18:01:55: Info (map "ministry_hunt") (file "errors_20140812.log")
L 08/12/2014 - 18:01:55: [SM] Fatal error encountered parsing translation file "sm_hidename.phrases.txt"
L 08/12/2014 - 18:01:55: [SM] Error (line 0, column 0): Stream failed to open
L 08/12/2014 - 18:01:55: [SM] Plugin encountered error 4: Invalid parameter or parameter type
L 08/12/2014 - 18:01:55: [SM] Native "Format" reported: Language phrase "Prefix_Chat" not found
L 08/12/2014 - 18:01:55: [SM] Displaying call stack trace for plugin "hidename.smx":
L 08/12/2014 - 18:01:55: [SM]   [0]  Line 83, hidename.sp::OnConfigsExecuted()
L 08/12/2014 - 18:05:45: Error log file session closed.
L 08/12/2014 - 18:05:45: SourceMod error session started
L 08/12/2014 - 18:05:45: Info (map "uprising_hunt") (file "errors_20140812.log")
L 08/12/2014 - 18:05:45: [SM] Fatal error encountered parsing translation file "sm_hidename.phrases.txt"
L 08/12/2014 - 18:05:45: [SM] Error (line 0, column 0): Stream failed to open
L 08/12/2014 - 18:05:45: [SM] Plugin encountered error 4: Invalid parameter or parameter type
L 08/12/2014 - 18:05:45: [SM] Native "Format" reported: Language phrase "Prefix_Chat" not found
L 08/12/2014 - 18:05:45: [SM] Displaying call stack trace for plugin "hidename.smx":
L 08/12/2014 - 18:05:45: [SM]   [0]  Line 83, hidename.sp::OnConfigsExecuted()
L 08/12/2014 - 18:10:19: Error log file session closed.
L 08/12/2014 - 18:10:19: SourceMod error session started
L 08/12/2014 - 18:10:19: Info (map "panj_hunt") (file "errors_20140812.log")
L 08/12/2014 - 18:10:19: [SM] Fatal error encountered parsing translation file "sm_hidename.phrases.txt"
L 08/12/2014 - 18:10:19: [SM] Error (line 0, column 0): Stream failed to open
L 08/12/2014 - 18:10:25: [SM] Plugin encountered error 4: Invalid parameter or parameter type
L 08/12/2014 - 18:10:25: [SM] Native "Format" reported: Language phrase "Prefix_Chat" not found
L 08/12/2014 - 18:10:25: [SM] Displaying call stack trace for plugin "hidename.smx":
L 08/12/2014 - 18:10:25: [SM]   [0]  Line 83, hidename.sp::OnConfigsExecuted()
L 08/12/2014 - 18:16:35: Error log file session closed.
L 08/12/2014 - 18:16:35: SourceMod error session started
L 08/12/2014 - 18:16:35: Info (map "contact_hunt") (file "errors_20140812.log")
L 08/12/2014 - 18:16:35: [SM] Fatal error encountered parsing translation file "sm_hidename.phrases.txt"
L 08/12/2014 - 18:16:35: [SM] Error (line 0, column 0): Stream failed to open
L 08/12/2014 - 18:16:35: [SM] Plugin encountered error 4: Invalid parameter or parameter type
L 08/12/2014 - 18:16:35: [SM] Native "Format" reported: Language phrase "Prefix_Chat" not found
L 08/12/2014 - 18:16:35: [SM] Displaying call stack trace for plugin "hidename.smx":
L 08/12/2014 - 18:16:35: [SM]   [0]  Line 83, hidename.sp::OnConfigsExecuted()
L 08/12/2014 - 18:20:12: Error log file session closed.
L 08/12/2014 - 18:20:12: SourceMod error session started
L 08/12/2014 - 18:20:12: Info (map "sinjar_coop") (file "errors_20140812.log")
L 08/12/2014 - 18:20:12: [SM] Fatal error encountered parsing translation file "sm_hidename.phrases.txt"
L 08/12/2014 - 18:20:12: [SM] Error (line 0, column 0): Stream failed to open
L 08/12/2014 - 18:20:19: [SM] Plugin encountered error 4: Invalid parameter or parameter type
L 08/12/2014 - 18:20:19: [SM] Native "Format" reported: Language phrase "Prefix_Chat" not found
L 08/12/2014 - 18:20:19: [SM] Displaying call stack trace for plugin "hidename.smx":
L 08/12/2014 - 18:20:19: [SM]   [0]  Line 83, hidename.sp::OnConfigsExecuted()
L 08/12/2014 - 18:39:02: [SM] Plugin encountered error 15: Array index is out of bounds
L 08/12/2014 - 18:39:02: [SM] Displaying call stack trace for plugin "teamspanel.smx":
L 08/12/2014 - 18:39:02: [SM]   [0]  Line 445, teamspanel.sp::OnClientPostAdminCheck()
L 08/12/2014 - 18:51:05: [SM] Plugin encountered error 15: Array index is out of bounds
L 08/12/2014 - 18:51:05: [SM] Displaying call stack trace for plugin "teamspanel.smx":
L 08/12/2014 - 18:51:05: [SM]   [0]  Line 466, teamspanel.sp::OnClientDisconnect()
L 08/12/2014 - 18:51:25: Error log file session closed.
L 08/12/2014 - 18:51:25: SourceMod error session started
L 08/12/2014 - 18:51:25: Info (map "revolt_coop") (file "errors_20140812.log")
L 08/12/2014 - 18:51:25: [SM] Fatal error encountered parsing translation file "sm_hidename.phrases.txt"
L 08/12/2014 - 18:51:25: [SM] Error (line 0, column 0): Stream failed to open
L 08/12/2014 - 18:51:26: [SM] Plugin encountered error 4: Invalid parameter or parameter type
L 08/12/2014 - 18:51:26: [SM] Native "Format" reported: Language phrase "Prefix_Chat" not found
L 08/12/2014 - 18:51:26: [SM] Displaying call stack trace for plugin "hidename.smx":
L 08/12/2014 - 18:51:26: [SM]   [0]  Line 83, hidename.sp::OnConfigsExecuted()
L 08/12/2014 - 18:56:19: [SM] Plugin encountered error 15: Array index is out of bounds
L 08/12/2014 - 18:56:19: [SM] Displaying call stack trace for plugin "teamspanel.smx":
L 08/12/2014 - 18:56:19: [SM]   [0]  Line 445, teamspanel.sp::OnClientPostAdminCheck()
L 08/12/2014 - 19:13:18: [SM] Plugin encountered error 15: Array index is out of bounds
L 08/12/2014 - 19:13:18: [SM] Displaying call stack trace for plugin "teamspanel.smx":
L 08/12/2014 - 19:13:18: [SM]   [0]  Line 466, teamspanel.sp::OnClientDisconnect()
L 08/12/2014 - 19:13:19: Error log file session closed.
L 08/12/2014 - 19:13:19: SourceMod error session started
L 08/12/2014 - 19:13:19: Info (map "buhriz_coop") (file "errors_20140812.log")
L 08/12/2014 - 19:13:19: [SM] Fatal error encountered parsing translation file "sm_hidename.phrases.txt"
L 08/12/2014 - 19:13:19: [SM] Error (line 0, column 0): Stream failed to open
L 08/12/2014 - 19:13:34: [SM] Plugin encountered error 4: Invalid parameter or parameter type
L 08/12/2014 - 19:13:34: [SM] Native "Format" reported: Language phrase "Prefix_Chat" not found
L 08/12/2014 - 19:13:34: [SM] Displaying call stack trace for plugin "hidename.smx":
L 08/12/2014 - 19:13:34: [SM]   [0]  Line 83, hidename.sp::OnConfigsExecuted()
L 08/12/2014 - 19:13:49: [SM] Plugin encountered error 15: Array index is out of bounds
L 08/12/2014 - 19:13:49: [SM] Displaying call stack trace for plugin "teamspanel.smx":
L 08/12/2014 - 19:13:49: [SM]   [0]  Line 445, teamspanel.sp::OnClientPostAdminCheck()
L 08/12/2014 - 19:29:44: [SM] Plugin encountered error 15: Array index is out of bounds
L 08/12/2014 - 19:29:44: [SM] Displaying call stack trace for plugin "teamspanel.smx":
L 08/12/2014 - 19:29:44: [SM]   [0]  Line 466, teamspanel.sp::OnClientDisconnect()
L 08/12/2014 - 19:29:45: Error log file session closed.
L 08/12/2014 - 19:29:45: SourceMod error session started
L 08/12/2014 - 19:29:45: Info (map "market_coop") (file "errors_20140812.log")
L 08/12/2014 - 19:29:45: [SM] Fatal error encountered parsing translation file "sm_hidename.phrases.txt"
L 08/12/2014 - 19:29:45: [SM] Error (line 0, column 0): Stream failed to open
L 08/12/2014 - 19:29:46: [SM] Plugin encountered error 4: Invalid parameter or parameter type
L 08/12/2014 - 19:29:46: [SM] Native "Format" reported: Language phrase "Prefix_Chat" not found
L 08/12/2014 - 19:29:46: [SM] Displaying call stack trace for plugin "hidename.smx":
L 08/12/2014 - 19:29:46: [SM]   [0]  Line 83, hidename.sp::OnConfigsExecuted()
L 08/12/2014 - 19:30:03: [SM] Plugin encountered error 15: Array index is out of bounds
L 08/12/2014 - 19:30:03: [SM] Displaying call stack trace for plugin "teamspanel.smx":
L 08/12/2014 - 19:30:03: [SM]   [0]  Line 445, teamspanel.sp::OnClientPostAdminCheck()
L 08/12/2014 - 19:43:05: [SM] Plugin encountered error 15: Array index is out of bounds
L 08/12/2014 - 19:43:05: [SM] Displaying call stack trace for plugin "teamspanel.smx":
L 08/12/2014 - 19:43:05: [SM]   [0]  Line 466, teamspanel.sp::OnClientDisconnect()
L 08/12/2014 - 19:49:38: Error log file session closed.
L 08/12/2014 - 19:49:38: SourceMod error session started
L 08/12/2014 - 19:49:38: Info (map "heights_coop") (file "errors_20140812.log")
L 08/12/2014 - 19:49:38: [SM] Fatal error encountered parsing translation file "sm_hidename.phrases.txt"
L 08/12/2014 - 19:49:38: [SM] Error (line 0, column 0): Stream failed to open
L 08/12/2014 - 19:49:41: [SM] Plugin encountered error 4: Invalid parameter or parameter type
L 08/12/2014 - 19:49:41: [SM] Native "Format" reported: Language phrase "Prefix_Chat" not found
L 08/12/2014 - 19:49:41: [SM] Displaying call stack trace for plugin "hidename.smx":
L 08/12/2014 - 19:49:41: [SM]   [0]  Line 83, hidename.sp::OnConfigsExecuted()
L 08/12/2014 - 20:13:50: Error log file session closed.
L 08/12/2014 - 20:13:50: SourceMod error session started
L 08/12/2014 - 20:13:50: Info (map "contact_coop") (file "errors_20140812.log")
L 08/12/2014 - 20:13:50: [SM] Fatal error encountered parsing translation file "sm_hidename.phrases.txt"
L 08/12/2014 - 20:13:50: [SM] Error (line 0, column 0): Stream failed to open
L 08/12/2014 - 20:13:51: [SM] Plugin encountered error 4: Invalid parameter or parameter type
L 08/12/2014 - 20:13:51: [SM] Native "Format" reported: Language phrase "Prefix_Chat" not found
L 08/12/2014 - 20:13:51: [SM] Displaying call stack trace for plugin "hidename.smx":
L 08/12/2014 - 20:13:51: [SM]   [0]  Line 83, hidename.sp::OnConfigsExecuted()
L 08/12/2014 - 20:18:32: [SM] Plugin encountered error 15: Array index is out of bounds
L 08/12/2014 - 20:18:32: [SM] Displaying call stack trace for plugin "teamspanel.smx":
L 08/12/2014 - 20:18:32: [SM]   [0]  Line 196, teamspanel.sp::OnClientPostAdminCheck()
L 08/12/2014 - 20:22:55: [SM] Plugin encountered error 15: Array index is out of bounds
L 08/12/2014 - 20:22:55: [SM] Displaying call stack trace for plugin "teamspanel.smx":
L 08/12/2014 - 20:22:55: [SM]   [0]  Line 217, teamspanel.sp::OnClientDisconnect()
L 08/12/2014 - 20:32:56: Error log file session closed.
L 08/12/2014 - 20:32:56: SourceMod error session started
L 08/12/2014 - 20:32:56: Info (map "district_coop") (file "errors_20140812.log")
L 08/12/2014 - 20:32:56: [SM] Fatal error encountered parsing translation file "sm_hidename.phrases.txt"
L 08/12/2014 - 20:32:56: [SM] Error (line 0, column 0): Stream failed to open
L 08/12/2014 - 20:32:57: [SM] Plugin encountered error 4: Invalid parameter or parameter type
L 08/12/2014 - 20:32:57: [SM] Native "Format" reported: Language phrase "Prefix_Chat" not found
L 08/12/2014 - 20:32:57: [SM] Displaying call stack trace for plugin "hidename.smx":
L 08/12/2014 - 20:32:57: [SM]   [0]  Line 83, hidename.sp::OnConfigsExecuted()
L 08/12/2014 - 20:47:19: [SM] Plugin encountered error 15: Array index is out of bounds
L 08/12/2014 - 20:47:19: [SM] Displaying call stack trace for plugin "teamspanel.smx":
L 08/12/2014 - 20:47:19: [SM]   [0]  Line 196, teamspanel.sp::OnClientPostAdminCheck()
L 08/12/2014 - 20:50:45: [SM] Plugin encountered error 15: Array index is out of bounds
L 08/12/2014 - 20:50:45: [SM] Displaying call stack trace for plugin "teamspanel.smx":
L 08/12/2014 - 20:50:45: [SM]   [0]  Line 217, teamspanel.sp::OnClientDisconnect()
L 08/12/2014 - 20:50:46: Error log file session closed.
L 08/12/2014 - 20:50:46: SourceMod error session started
L 08/12/2014 - 20:50:46: Info (map "ministry_coop") (file "errors_20140812.log")
L 08/12/2014 - 20:50:46: [SM] Fatal error encountered parsing translation file "sm_hidename.phrases.txt"
L 08/12/2014 - 20:50:46: [SM] Error (line 0, column 0): Stream failed to open
L 08/12/2014 - 20:50:46: [SM] Plugin encountered error 4: Invalid parameter or parameter type
L 08/12/2014 - 20:50:46: [SM] Native "Format" reported: Language phrase "Prefix_Chat" not found
L 08/12/2014 - 20:50:46: [SM] Displaying call stack trace for plugin "hidename.smx":
L 08/12/2014 - 20:50:46: [SM]   [0]  Line 83, hidename.sp::OnConfigsExecuted()
L 08/12/2014 - 20:50:59: [SM] Plugin encountered error 15: Array index is out of bounds
L 08/12/2014 - 20:50:59: [SM] Displaying call stack trace for plugin "teamspanel.smx":
L 08/12/2014 - 20:50:59: [SM]   [0]  Line 196, teamspanel.sp::OnClientPostAdminCheck()
L 08/12/2014 - 21:03:44: [SM] Plugin encountered error 15: Array index is out of bounds
L 08/12/2014 - 21:03:44: [SM] Displaying call stack trace for plugin "teamspanel.smx":
L 08/12/2014 - 21:03:44: [SM]   [0]  Line 217, teamspanel.sp::OnClientDisconnect()
L 08/12/2014 - 21:03:45: Error log file session closed.
L 08/12/2014 - 21:03:45: SourceMod error session started
L 08/12/2014 - 21:03:45: Info (map "siege_coop") (file "errors_20140812.log")
L 08/12/2014 - 21:03:45: [SM] Fatal error encountered parsing translation file "sm_hidename.phrases.txt"
L 08/12/2014 - 21:03:45: [SM] Error (line 0, column 0): Stream failed to open
L 08/12/2014 - 21:03:45: [SM] Plugin encountered error 4: Invalid parameter or parameter type
L 08/12/2014 - 21:03:45: [SM] Native "Format" reported: Language phrase "Prefix_Chat" not found
L 08/12/2014 - 21:03:45: [SM] Displaying call stack trace for plugin "hidename.smx":
L 08/12/2014 - 21:03:45: [SM]   [0]  Line 83, hidename.sp::OnConfigsExecuted()
L 08/12/2014 - 21:03:55: [SM] Plugin encountered error 15: Array index is out of bounds
L 08/12/2014 - 21:03:55: [SM] Displaying call stack trace for plugin "teamspanel.smx":
L 08/12/2014 - 21:03:55: [SM]   [0]  Line 149, teamspanel.sp::OnClientPostAdminCheck()
L 08/12/2014 - 21:17:45: [SM] Plugin encountered error 15: Array index is out of bounds
L 08/12/2014 - 21:17:45: [SM] Displaying call stack trace for plugin "teamspanel.smx":
L 08/12/2014 - 21:17:45: [SM]   [0]  Line 119, teamspanel.sp::OnClientDisconnect()
L 08/12/2014 - 21:17:46: Error log file session closed.
L 08/12/2014 - 21:17:46: SourceMod error session started
L 08/12/2014 - 21:17:46: Info (map "district_hunt") (file "errors_20140812.log")
L 08/12/2014 - 21:17:46: [SM] Fatal error encountered parsing translation file "sm_hidename.phrases.txt"
L 08/12/2014 - 21:17:46: [SM] Error (line 0, column 0): Stream failed to open
L 08/12/2014 - 21:17:47: [SM] Plugin encountered error 4: Invalid parameter or parameter type
L 08/12/2014 - 21:17:47: [SM] Native "Format" reported: Language phrase "Prefix_Chat" not found
L 08/12/2014 - 21:17:47: [SM] Displaying call stack trace for plugin "hidename.smx":
L 08/12/2014 - 21:17:47: [SM]   [0]  Line 83, hidename.sp::OnConfigsExecuted()
L 08/12/2014 - 21:17:58: [SM] Plugin encountered error 15: Array index is out of bounds
L 08/12/2014 - 21:17:58: [SM] Displaying call stack trace for plugin "teamspanel.smx":
L 08/12/2014 - 21:17:58: [SM]   [0]  Line 103, teamspanel.sp::OnClientPostAdminCheck()
L 08/12/2014 - 21:27:51: [SM] Plugin encountered error 15: Array index is out of bounds
L 08/12/2014 - 21:27:51: [SM] Displaying call stack trace for plugin "teamspanel.smx":
L 08/12/2014 - 21:27:51: [SM]   [0]  Line 114, teamspanel.sp::OnClientDisconnect()
L 08/12/2014 - 21:27:51: Error log file session closed.
L 08/12/2014 - 21:27:51: SourceMod error session started
L 08/12/2014 - 21:27:51: Info (map "heights_hunt") (file "errors_20140812.log")
L 08/12/2014 - 21:27:51: [SM] Fatal error encountered parsing translation file "sm_hidename.phrases.txt"
L 08/12/2014 - 21:27:51: [SM] Error (line 0, column 0): Stream failed to open
L 08/12/2014 - 21:27:54: [SM] Plugin encountered error 4: Invalid parameter or parameter type
L 08/12/2014 - 21:27:54: [SM] Native "Format" reported: Language phrase "Prefix_Chat" not found
L 08/12/2014 - 21:27:54: [SM] Displaying call stack trace for plugin "hidename.smx":
L 08/12/2014 - 21:27:54: [SM]   [0]  Line 83, hidename.sp::OnConfigsExecuted()
L 08/12/2014 - 21:28:06: [SM] Plugin encountered error 15: Array index is out of bounds
L 08/12/2014 - 21:28:06: [SM] Displaying call stack trace for plugin "teamspanel.smx":
L 08/12/2014 - 21:28:06: [SM]   [0]  Line 98, teamspanel.sp::OnClientPostAdminCheck()
L 08/12/2014 - 21:35:05: [SM] Plugin encountered error 15: Array index is out of bounds
L 08/12/2014 - 21:35:05: [SM] Displaying call stack trace for plugin "teamspanel.smx":
L 08/12/2014 - 21:35:05: [SM]   [0]  Line 114, teamspanel.sp::OnClientDisconnect()
L 08/12/2014 - 21:35:06: Error log file session closed.
L 08/12/2014 - 21:35:06: SourceMod error session started
L 08/12/2014 - 21:35:06: Info (map "ministry_hunt") (file "errors_20140812.log")
L 08/12/2014 - 21:35:06: [SM] Fatal error encountered parsing translation file "sm_hidename.phrases.txt"
L 08/12/2014 - 21:35:06: [SM] Error (line 0, column 0): Stream failed to open
L 08/12/2014 - 21:35:06: [SM] Plugin encountered error 4: Invalid parameter or parameter type
L 08/12/2014 - 21:35:06: [SM] Native "Format" reported: Language phrase "Prefix_Chat" not found
L 08/12/2014 - 21:35:06: [SM] Displaying call stack trace for plugin "hidename.smx":
L 08/12/2014 - 21:35:06: [SM]   [0]  Line 83, hidename.sp::OnConfigsExecuted()
L 08/12/2014 - 21:35:19: [SM] Plugin encountered error 15: Array index is out of bounds
L 08/12/2014 - 21:35:19: [SM] Displaying call stack trace for plugin "teamspanel.smx":
L 08/12/2014 - 21:35:19: [SM]   [0]  Line 98, teamspanel.sp::OnClientPostAdminCheck()
L 08/12/2014 - 21:37:59: [SM] Plugin encountered error 15: Array index is out of bounds
L 08/12/2014 - 21:37:59: [SM] Displaying call stack trace for plugin "teamspanel.smx":
L 08/12/2014 - 21:37:59: [SM]   [0]  Line 114, teamspanel.sp::OnClientDisconnect()
L 08/12/2014 - 21:39:11: Error log file session closed.
L 08/12/2014 - 21:39:11: SourceMod error session started
L 08/12/2014 - 21:39:11: Info (map "uprising_hunt") (file "errors_20140812.log")
L 08/12/2014 - 21:39:11: [SM] Fatal error encountered parsing translation file "sm_hidename.phrases.txt"
L 08/12/2014 - 21:39:11: [SM] Error (line 0, column 0): Stream failed to open
L 08/12/2014 - 21:39:11: [SM] Plugin encountered error 4: Invalid parameter or parameter type
L 08/12/2014 - 21:39:11: [SM] Native "Format" reported: Language phrase "Prefix_Chat" not found
L 08/12/2014 - 21:39:11: [SM] Displaying call stack trace for plugin "hidename.smx":
L 08/12/2014 - 21:39:11: [SM]   [0]  Line 83, hidename.sp::OnConfigsExecuted()
L 08/12/2014 - 21:45:31: Error log file session closed.
L 08/12/2014 - 21:45:37: SourceMod error session started
L 08/12/2014 - 21:45:37: Info (map "ministry_coop") (file "errors_20140812.log")
L 08/12/2014 - 21:45:37: [SM] Unable to load extension "steamtools.ext": libvstdlib_srv.so: cannot open shared object file: No such file or directory
L 08/12/2014 - 21:45:37: [SM] Fatal error encountered parsing translation file "sm_hidename.phrases.txt"
L 08/12/2014 - 21:45:37: [SM] Error (line 0, column 0): Stream failed to open
L 08/12/2014 - 21:45:54: [SM] Plugin encountered error 4: Invalid parameter or parameter type
L 08/12/2014 - 21:45:54: [SM] Native "Format" reported: Language phrase "Prefix_Chat" not found
L 08/12/2014 - 21:45:54: [SM] Displaying call stack trace for plugin "hidename.smx":
L 08/12/2014 - 21:45:54: [SM]   [0]  Line 83, hidename.sp::OnConfigsExecuted()
L 08/12/2014 - 22:13:02: Error log file session closed.
L 08/12/2014 - 22:13:02: SourceMod error session started
L 08/12/2014 - 22:13:02: Info (map "siege_coop") (file "errors_20140812.log")
L 08/12/2014 - 22:13:02: [SM] Fatal error encountered parsing translation file "sm_hidename.phrases.txt"
L 08/12/2014 - 22:13:02: [SM] Error (line 0, column 0): Stream failed to open
L 08/12/2014 - 22:13:03: [SM] Plugin encountered error 4: Invalid parameter or parameter type
L 08/12/2014 - 22:13:03: [SM] Native "Format" reported: Language phrase "Prefix_Chat" not found
L 08/12/2014 - 22:13:03: [SM] Displaying call stack trace for plugin "hidename.smx":
L 08/12/2014 - 22:13:03: [SM]   [0]  Line 83, hidename.sp::OnConfigsExecuted()
L 08/12/2014 - 22:35:23: Error log file session closed.
L 08/12/2014 - 22:35:23: SourceMod error session started
L 08/12/2014 - 22:35:23: Info (map "district_hunt") (file "errors_20140812.log")
L 08/12/2014 - 22:35:23: [SM] Fatal error encountered parsing translation file "sm_hidename.phrases.txt"
L 08/12/2014 - 22:35:23: [SM] Error (line 0, column 0): Stream failed to open
L 08/12/2014 - 22:35:24: [SM] Plugin encountered error 4: Invalid parameter or parameter type
L 08/12/2014 - 22:35:24: [SM] Native "Format" reported: Language phrase "Prefix_Chat" not found
L 08/12/2014 - 22:35:24: [SM] Displaying call stack trace for plugin "hidename.smx":
L 08/12/2014 - 22:35:24: [SM]   [0]  Line 83, hidename.sp::OnConfigsExecuted()
L 08/12/2014 - 22:52:02: Error log file session closed.
L 08/12/2014 - 22:52:02: SourceMod error session started
L 08/12/2014 - 22:52:02: Info (map "heights_hunt") (file "errors_20140812.log")
L 08/12/2014 - 22:52:02: [SM] Fatal error encountered parsing translation file "sm_hidename.phrases.txt"
L 08/12/2014 - 22:52:02: [SM] Error (line 0, column 0): Stream failed to open
L 08/12/2014 - 22:52:05: [SM] Plugin encountered error 4: Invalid parameter or parameter type
L 08/12/2014 - 22:52:05: [SM] Native "Format" reported: Language phrase "Prefix_Chat" not found
L 08/12/2014 - 22:52:05: [SM] Displaying call stack trace for plugin "hidename.smx":
L 08/12/2014 - 22:52:05: [SM]   [0]  Line 83, hidename.sp::OnConfigsExecuted()
L 08/12/2014 - 23:03:27: Error log file session closed.
L 08/12/2014 - 23:03:36: SourceMod error session started
L 08/12/2014 - 23:03:36: Info (map "ministry_coop") (file "errors_20140812.log")
L 08/12/2014 - 23:03:36: [SM] Unable to load extension "steamtools.ext": libvstdlib_srv.so: cannot open shared object file: No such file or directory
L 08/12/2014 - 23:03:36: [SM] Fatal error encountered parsing translation file "sm_hidename.phrases.txt"
L 08/12/2014 - 23:03:36: [SM] Error (line 0, column 0): Stream failed to open
L 08/12/2014 - 23:04:37: [SM] Plugin encountered error 4: Invalid parameter or parameter type
L 08/12/2014 - 23:04:37: [SM] Native "Format" reported: Language phrase "Prefix_Chat" not found
L 08/12/2014 - 23:04:37: [SM] Displaying call stack trace for plugin "hidename.smx":
L 08/12/2014 - 23:04:37: [SM]   [0]  Line 83, hidename.sp::OnConfigsExecuted()
L 08/12/2014 - 23:24:31: Error log file session closed.
L 08/12/2014 - 23:24:31: SourceMod error session started
L 08/12/2014 - 23:24:31: Info (map "siege_coop") (file "errors_20140812.log")
L 08/12/2014 - 23:24:31: [SM] Fatal error encountered parsing translation file "sm_hidename.phrases.txt"
L 08/12/2014 - 23:24:31: [SM] Error (line 0, column 0): Stream failed to open
L 08/12/2014 - 23:24:32: [SM] Plugin encountered error 4: Invalid parameter or parameter type
L 08/12/2014 - 23:24:32: [SM] Native "Format" reported: Language phrase "Prefix_Chat" not found
L 08/12/2014 - 23:24:32: [SM] Displaying call stack trace for plugin "hidename.smx":
L 08/12/2014 - 23:24:32: [SM]   [0]  Line 83, hidename.sp::OnConfigsExecuted()
L 08/12/2014 - 23:52:23: Error log file session closed.
L 08/12/2014 - 23:52:23: SourceMod error session started
L 08/12/2014 - 23:52:23: Info (map "district_hunt") (file "errors_20140812.log")
L 08/12/2014 - 23:52:23: [SM] Fatal error encountered parsing translation file "sm_hidename.phrases.txt"
L 08/12/2014 - 23:52:23: [SM] Error (line 0, column 0): Stream failed to open
L 08/12/2014 - 23:52:24: [SM] Plugin encountered error 4: Invalid parameter or parameter type
L 08/12/2014 - 23:52:24: [SM] Native "Format" reported: Language phrase "Prefix_Chat" not found
L 08/12/2014 - 23:52:24: [SM] Displaying call stack trace for plugin "hidename.smx":
L 08/12/2014 - 23:52:24: [SM]   [0]  Line 83, hidename.sp::OnConfigsExecuted()
L 08/12/2014 - 23:58:13: Error log file session closed.
L 08/12/2014 - 23:58:13: SourceMod error session started
L 08/12/2014 - 23:58:13: Info (map "heights_hunt") (file "errors_20140812.log")
L 08/12/2014 - 23:58:13: [SM] Fatal error encountered parsing translation file "sm_hidename.phrases.txt"
L 08/12/2014 - 23:58:13: [SM] Error (line 0, column 0): Stream failed to open
L 08/12/2014 - 23:58:16: [SM] Plugin encountered error 4: Invalid parameter or parameter type
L 08/12/2014 - 23:58:16: [SM] Native "Format" reported: Language phrase "Prefix_Chat" not found
L 08/12/2014 - 23:58:16: [SM] Displaying call stack trace for plugin "hidename.smx":
L 08/12/2014 - 23:58:16: [SM]   [0]  Line 83, hidename.sp::OnConfigsExecuted()
