L 08/12/2014 - 00:13:44: SourceMod log file session started (file "L20140812.log") (Version "1.6.0")
L 08/12/2014 - 00:13:44: [SM] Changed map to "siege_coop"
L 08/12/2014 - 00:13:44: [SM] Changed map to "siege_coop"
L 08/12/2014 - 00:13:44: -------- Mapchange to siege_coop --------
L 08/12/2014 - 00:13:44: [basecommands.smx] "Console<0><Console><Console>" changed cvar (cvar "ins_bot_max_setup_gate_defend_range") (value "5000")
L 08/12/2014 - 00:13:44: [basecommands.smx] "Console<0><Console><Console>" changed cvar (cvar "ins_bot_min_setup_gate_defend_range") (value "800")
L 08/12/2014 - 00:13:44: [basecommands.smx] "Console<0><Console><Console>" changed cvar (cvar "ins_bot_min_setup_gate_sniper_defend_range") (value "400")
L 08/12/2014 - 00:13:44: [basecommands.smx] "Console<0><Console><Console>" changed cvar (cvar "ins_bot_suppress_visible_requirement") (value "0.5")
L 08/12/2014 - 00:13:44: [basecommands.smx] "Console<0><Console><Console>" changed cvar (cvar "ins_bot_suppressing_fire_duration") (value "3.0")
L 08/12/2014 - 00:13:44: [basecommands.smx] "Console<0><Console><Console>" changed cvar (cvar "bot_hearing_flashbang_effect_max_distance") (value "1500")
L 08/12/2014 - 00:13:44: [basecommands.smx] "Console<0><Console><Console>" changed cvar (cvar "bot_hearing_silenced_weapon_sound_reduction") (value "0.75")
L 08/12/2014 - 01:08:53: [SM] Changed map to "siege_coop"
L 08/12/2014 - 01:08:53: [SM] Changed map to "siege_coop"
L 08/12/2014 - 01:08:54: -------- Mapchange to siege_coop --------
L 08/12/2014 - 01:08:54: [basecommands.smx] "Console<0><Console><Console>" changed cvar (cvar "ins_bot_max_setup_gate_defend_range") (value "5000")
L 08/12/2014 - 01:08:54: [basecommands.smx] "Console<0><Console><Console>" changed cvar (cvar "ins_bot_min_setup_gate_defend_range") (value "800")
L 08/12/2014 - 01:08:54: [basecommands.smx] "Console<0><Console><Console>" changed cvar (cvar "ins_bot_min_setup_gate_sniper_defend_range") (value "400")
L 08/12/2014 - 01:08:54: [basecommands.smx] "Console<0><Console><Console>" changed cvar (cvar "ins_bot_suppress_visible_requirement") (value "0.5")
L 08/12/2014 - 01:08:54: [basecommands.smx] "Console<0><Console><Console>" changed cvar (cvar "ins_bot_suppressing_fire_duration") (value "3.0")
L 08/12/2014 - 01:08:54: [basecommands.smx] "Console<0><Console><Console>" changed cvar (cvar "bot_hearing_flashbang_effect_max_distance") (value "1500")
L 08/12/2014 - 01:08:54: [basecommands.smx] "Console<0><Console><Console>" changed cvar (cvar "bot_hearing_silenced_weapon_sound_reduction") (value "0.75")
L 08/12/2014 - 02:03:53: [SM] Changed map to "siege_coop"
L 08/12/2014 - 02:03:53: [SM] Changed map to "siege_coop"
L 08/12/2014 - 02:03:54: -------- Mapchange to siege_coop --------
L 08/12/2014 - 02:03:54: [basecommands.smx] "Console<0><Console><Console>" changed cvar (cvar "ins_bot_max_setup_gate_defend_range") (value "5000")
L 08/12/2014 - 02:03:54: [basecommands.smx] "Console<0><Console><Console>" changed cvar (cvar "ins_bot_min_setup_gate_defend_range") (value "800")
L 08/12/2014 - 02:03:54: [basecommands.smx] "Console<0><Console><Console>" changed cvar (cvar "ins_bot_min_setup_gate_sniper_defend_range") (value "400")
L 08/12/2014 - 02:03:54: [basecommands.smx] "Console<0><Console><Console>" changed cvar (cvar "ins_bot_suppress_visible_requirement") (value "0.5")
L 08/12/2014 - 02:03:54: [basecommands.smx] "Console<0><Console><Console>" changed cvar (cvar "ins_bot_suppressing_fire_duration") (value "3.0")
L 08/12/2014 - 02:03:54: [basecommands.smx] "Console<0><Console><Console>" changed cvar (cvar "bot_hearing_flashbang_effect_max_distance") (value "1500")
L 08/12/2014 - 02:03:54: [basecommands.smx] "Console<0><Console><Console>" changed cvar (cvar "bot_hearing_silenced_weapon_sound_reduction") (value "0.75")
L 08/12/2014 - 02:58:57: [SM] Changed map to "siege_coop"
L 08/12/2014 - 02:58:57: [SM] Changed map to "siege_coop"
L 08/12/2014 - 02:58:57: -------- Mapchange to siege_coop --------
L 08/12/2014 - 02:58:57: [basecommands.smx] "Console<0><Console><Console>" changed cvar (cvar "ins_bot_max_setup_gate_defend_range") (value "5000")
L 08/12/2014 - 02:58:57: [basecommands.smx] "Console<0><Console><Console>" changed cvar (cvar "ins_bot_min_setup_gate_defend_range") (value "800")
L 08/12/2014 - 02:58:57: [basecommands.smx] "Console<0><Console><Console>" changed cvar (cvar "ins_bot_min_setup_gate_sniper_defend_range") (value "400")
L 08/12/2014 - 02:58:57: [basecommands.smx] "Console<0><Console><Console>" changed cvar (cvar "ins_bot_suppress_visible_requirement") (value "0.5")
L 08/12/2014 - 02:58:57: [basecommands.smx] "Console<0><Console><Console>" changed cvar (cvar "ins_bot_suppressing_fire_duration") (value "3.0")
L 08/12/2014 - 02:58:57: [basecommands.smx] "Console<0><Console><Console>" changed cvar (cvar "bot_hearing_flashbang_effect_max_distance") (value "1500")
L 08/12/2014 - 02:58:57: [basecommands.smx] "Console<0><Console><Console>" changed cvar (cvar "bot_hearing_silenced_weapon_sound_reduction") (value "0.75")
L 08/12/2014 - 03:54:13: [SM] Changed map to "siege_coop"
L 08/12/2014 - 03:54:13: [SM] Changed map to "siege_coop"
L 08/12/2014 - 03:54:14: -------- Mapchange to siege_coop --------
L 08/12/2014 - 03:54:14: [basecommands.smx] "Console<0><Console><Console>" changed cvar (cvar "ins_bot_max_setup_gate_defend_range") (value "5000")
L 08/12/2014 - 03:54:14: [basecommands.smx] "Console<0><Console><Console>" changed cvar (cvar "ins_bot_min_setup_gate_defend_range") (value "800")
L 08/12/2014 - 03:54:14: [basecommands.smx] "Console<0><Console><Console>" changed cvar (cvar "ins_bot_min_setup_gate_sniper_defend_range") (value "400")
L 08/12/2014 - 03:54:14: [basecommands.smx] "Console<0><Console><Console>" changed cvar (cvar "ins_bot_suppress_visible_requirement") (value "0.5")
L 08/12/2014 - 03:54:14: [basecommands.smx] "Console<0><Console><Console>" changed cvar (cvar "ins_bot_suppressing_fire_duration") (value "3.0")
L 08/12/2014 - 03:54:14: [basecommands.smx] "Console<0><Console><Console>" changed cvar (cvar "bot_hearing_flashbang_effect_max_distance") (value "1500")
L 08/12/2014 - 03:54:14: [basecommands.smx] "Console<0><Console><Console>" changed cvar (cvar "bot_hearing_silenced_weapon_sound_reduction") (value "0.75")
L 08/12/2014 - 04:38:55: Log file closed.
L 08/12/2014 - 04:39:03: SourceMod log file session started (file "L20140812.log") (Version "1.6.0")
L 08/12/2014 - 04:39:03: -------- Mapchange to ministry_coop --------
L 08/12/2014 - 04:39:03: [basecommands.smx] "Console<0><Console><Console>" changed cvar (cvar "ins_bot_max_setup_gate_defend_range") (value "5000")
L 08/12/2014 - 04:39:03: [basecommands.smx] "Console<0><Console><Console>" changed cvar (cvar "ins_bot_min_setup_gate_defend_range") (value "800")
L 08/12/2014 - 04:39:03: [basecommands.smx] "Console<0><Console><Console>" changed cvar (cvar "ins_bot_min_setup_gate_sniper_defend_range") (value "400")
L 08/12/2014 - 04:39:03: [basecommands.smx] "Console<0><Console><Console>" changed cvar (cvar "ins_bot_suppress_visible_requirement") (value "0.5")
L 08/12/2014 - 04:39:03: [basecommands.smx] "Console<0><Console><Console>" changed cvar (cvar "ins_bot_suppressing_fire_duration") (value "3.0")
L 08/12/2014 - 04:39:03: [basecommands.smx] "Console<0><Console><Console>" changed cvar (cvar "bot_hearing_flashbang_effect_max_distance") (value "1500")
L 08/12/2014 - 04:39:03: [basecommands.smx] "Console<0><Console><Console>" changed cvar (cvar "bot_hearing_silenced_weapon_sound_reduction") (value "0.75")
L 08/12/2014 - 04:40:03: SourceMod log file session started (file "L20140812.log") (Version "1.6.0")
L 08/12/2014 - 04:40:03: -------- Mapchange to ministry_coop --------
L 08/12/2014 - 04:40:03: [basecommands.smx] "Console<0><Console><Console>" changed cvar (cvar "ins_bot_max_setup_gate_defend_range") (value "5000")
L 08/12/2014 - 04:40:03: [basecommands.smx] "Console<0><Console><Console>" changed cvar (cvar "ins_bot_min_setup_gate_defend_range") (value "800")
L 08/12/2014 - 04:40:03: [basecommands.smx] "Console<0><Console><Console>" changed cvar (cvar "ins_bot_min_setup_gate_sniper_defend_range") (value "400")
L 08/12/2014 - 04:40:03: [basecommands.smx] "Console<0><Console><Console>" changed cvar (cvar "ins_bot_suppress_visible_requirement") (value "0.5")
L 08/12/2014 - 04:40:03: [basecommands.smx] "Console<0><Console><Console>" changed cvar (cvar "ins_bot_suppressing_fire_duration") (value "3.0")
L 08/12/2014 - 04:40:03: [basecommands.smx] "Console<0><Console><Console>" changed cvar (cvar "bot_hearing_flashbang_effect_max_distance") (value "1500")
L 08/12/2014 - 04:40:03: [basecommands.smx] "Console<0><Console><Console>" changed cvar (cvar "bot_hearing_silenced_weapon_sound_reduction") (value "0.75")
L 08/12/2014 - 05:12:39: [SM] Changed map to "siege_coop"
L 08/12/2014 - 05:12:40: -------- Mapchange to siege_coop --------
L 08/12/2014 - 05:12:40: [basecommands.smx] "Console<0><Console><Console>" changed cvar (cvar "ins_bot_max_setup_gate_defend_range") (value "5000")
L 08/12/2014 - 05:12:40: [basecommands.smx] "Console<0><Console><Console>" changed cvar (cvar "ins_bot_min_setup_gate_defend_range") (value "800")
L 08/12/2014 - 05:12:40: [basecommands.smx] "Console<0><Console><Console>" changed cvar (cvar "ins_bot_min_setup_gate_sniper_defend_range") (value "400")
L 08/12/2014 - 05:12:40: [basecommands.smx] "Console<0><Console><Console>" changed cvar (cvar "ins_bot_suppress_visible_requirement") (value "0.5")
L 08/12/2014 - 05:12:40: [basecommands.smx] "Console<0><Console><Console>" changed cvar (cvar "ins_bot_suppressing_fire_duration") (value "3.0")
L 08/12/2014 - 05:12:40: [basecommands.smx] "Console<0><Console><Console>" changed cvar (cvar "bot_hearing_flashbang_effect_max_distance") (value "1500")
L 08/12/2014 - 05:12:40: [basecommands.smx] "Console<0><Console><Console>" changed cvar (cvar "bot_hearing_silenced_weapon_sound_reduction") (value "0.75")
L 08/12/2014 - 05:15:17: [basecommands.smx] "Console<0><Console><Console>" changed cvar (cvar "ins_bot_max_setup_gate_defend_range") (value "5000")
L 08/12/2014 - 05:15:17: [basecommands.smx] "Console<0><Console><Console>" changed cvar (cvar "ins_bot_min_setup_gate_defend_range") (value "800")
L 08/12/2014 - 05:15:17: [basecommands.smx] "Console<0><Console><Console>" changed cvar (cvar "ins_bot_min_setup_gate_sniper_defend_range") (value "400")
L 08/12/2014 - 05:15:17: [basecommands.smx] "Console<0><Console><Console>" changed cvar (cvar "ins_bot_suppress_visible_requirement") (value "0.5")
L 08/12/2014 - 05:15:17: [basecommands.smx] "Console<0><Console><Console>" changed cvar (cvar "ins_bot_suppressing_fire_duration") (value "3.0")
L 08/12/2014 - 05:15:17: [basecommands.smx] "Console<0><Console><Console>" changed cvar (cvar "bot_hearing_flashbang_effect_max_distance") (value "1500")
L 08/12/2014 - 05:15:17: [basecommands.smx] "Console<0><Console><Console>" changed cvar (cvar "bot_hearing_silenced_weapon_sound_reduction") (value "0.75")
L 08/12/2014 - 05:48:19: [SM] Changed map to "district_hunt"
L 08/12/2014 - 05:48:20: -------- Mapchange to district_hunt --------
L 08/12/2014 - 05:48:20: [basecommands.smx] "Console<0><Console><Console>" changed cvar (cvar "ins_bot_max_setup_gate_defend_range") (value "5000")
L 08/12/2014 - 05:48:20: [basecommands.smx] "Console<0><Console><Console>" changed cvar (cvar "ins_bot_min_setup_gate_defend_range") (value "800")
L 08/12/2014 - 05:48:20: [basecommands.smx] "Console<0><Console><Console>" changed cvar (cvar "ins_bot_min_setup_gate_sniper_defend_range") (value "400")
L 08/12/2014 - 05:48:20: [basecommands.smx] "Console<0><Console><Console>" changed cvar (cvar "ins_bot_suppress_visible_requirement") (value "0.5")
L 08/12/2014 - 05:48:20: [basecommands.smx] "Console<0><Console><Console>" changed cvar (cvar "ins_bot_suppressing_fire_duration") (value "3.0")
L 08/12/2014 - 05:48:20: [basecommands.smx] "Console<0><Console><Console>" changed cvar (cvar "bot_hearing_flashbang_effect_max_distance") (value "1500")
L 08/12/2014 - 05:48:20: [basecommands.smx] "Console<0><Console><Console>" changed cvar (cvar "bot_hearing_silenced_weapon_sound_reduction") (value "0.75")
L 08/12/2014 - 05:54:25: [SM] Changed map to "heights_hunt"
L 08/12/2014 - 05:54:25: -------- Mapchange to heights_hunt --------
L 08/12/2014 - 05:54:25: [basecommands.smx] "Console<0><Console><Console>" changed cvar (cvar "ins_bot_max_setup_gate_defend_range") (value "5000")
L 08/12/2014 - 05:54:25: [basecommands.smx] "Console<0><Console><Console>" changed cvar (cvar "ins_bot_min_setup_gate_defend_range") (value "800")
L 08/12/2014 - 05:54:25: [basecommands.smx] "Console<0><Console><Console>" changed cvar (cvar "ins_bot_min_setup_gate_sniper_defend_range") (value "400")
L 08/12/2014 - 05:54:25: [basecommands.smx] "Console<0><Console><Console>" changed cvar (cvar "ins_bot_suppress_visible_requirement") (value "0.5")
L 08/12/2014 - 05:54:25: [basecommands.smx] "Console<0><Console><Console>" changed cvar (cvar "ins_bot_suppressing_fire_duration") (value "3.0")
L 08/12/2014 - 05:54:25: [basecommands.smx] "Console<0><Console><Console>" changed cvar (cvar "bot_hearing_flashbang_effect_max_distance") (value "1500")
L 08/12/2014 - 05:54:25: [basecommands.smx] "Console<0><Console><Console>" changed cvar (cvar "bot_hearing_silenced_weapon_sound_reduction") (value "0.75")
L 08/12/2014 - 06:01:01: [SM] Changed map to "ministry_hunt"
L 08/12/2014 - 06:02:03: SourceMod log file session started (file "L20140812.log") (Version "1.6.0")
L 08/12/2014 - 06:02:03: -------- Mapchange to ministry_coop --------
L 08/12/2014 - 06:02:03: [basecommands.smx] "Console<0><Console><Console>" changed cvar (cvar "ins_bot_max_setup_gate_defend_range") (value "5000")
L 08/12/2014 - 06:02:03: [basecommands.smx] "Console<0><Console><Console>" changed cvar (cvar "ins_bot_min_setup_gate_defend_range") (value "800")
L 08/12/2014 - 06:02:03: [basecommands.smx] "Console<0><Console><Console>" changed cvar (cvar "ins_bot_min_setup_gate_sniper_defend_range") (value "400")
L 08/12/2014 - 06:02:03: [basecommands.smx] "Console<0><Console><Console>" changed cvar (cvar "ins_bot_suppress_visible_requirement") (value "0.5")
L 08/12/2014 - 06:02:03: [basecommands.smx] "Console<0><Console><Console>" changed cvar (cvar "ins_bot_suppressing_fire_duration") (value "3.0")
L 08/12/2014 - 06:02:03: [basecommands.smx] "Console<0><Console><Console>" changed cvar (cvar "bot_hearing_flashbang_effect_max_distance") (value "1500")
L 08/12/2014 - 06:02:03: [basecommands.smx] "Console<0><Console><Console>" changed cvar (cvar "bot_hearing_silenced_weapon_sound_reduction") (value "0.75")
L 08/12/2014 - 06:34:42: SourceMod log file session started (file "L20140812.log") (Version "1.6.0")
L 08/12/2014 - 06:34:42: -------- Mapchange to ministry_coop --------
L 08/12/2014 - 06:34:42: [basecommands.smx] "Console<0><Console><Console>" changed cvar (cvar "ins_bot_max_setup_gate_defend_range") (value "5000")
L 08/12/2014 - 06:34:42: [basecommands.smx] "Console<0><Console><Console>" changed cvar (cvar "ins_bot_min_setup_gate_defend_range") (value "800")
L 08/12/2014 - 06:34:42: [basecommands.smx] "Console<0><Console><Console>" changed cvar (cvar "ins_bot_min_setup_gate_sniper_defend_range") (value "400")
L 08/12/2014 - 06:34:42: [basecommands.smx] "Console<0><Console><Console>" changed cvar (cvar "ins_bot_suppress_visible_requirement") (value "0.5")
L 08/12/2014 - 06:34:42: [basecommands.smx] "Console<0><Console><Console>" changed cvar (cvar "ins_bot_suppressing_fire_duration") (value "3.0")
L 08/12/2014 - 06:34:42: [basecommands.smx] "Console<0><Console><Console>" changed cvar (cvar "bot_hearing_flashbang_effect_max_distance") (value "1500")
L 08/12/2014 - 06:34:42: [basecommands.smx] "Console<0><Console><Console>" changed cvar (cvar "bot_hearing_silenced_weapon_sound_reduction") (value "0.75")
L 08/12/2014 - 06:48:32: [SM] Changed map to "siege_coop"
L 08/12/2014 - 06:48:32: -------- Mapchange to siege_coop --------
L 08/12/2014 - 06:48:33: [basecommands.smx] "Console<0><Console><Console>" changed cvar (cvar "ins_bot_max_setup_gate_defend_range") (value "5000")
L 08/12/2014 - 06:48:33: [basecommands.smx] "Console<0><Console><Console>" changed cvar (cvar "ins_bot_min_setup_gate_defend_range") (value "800")
L 08/12/2014 - 06:48:33: [basecommands.smx] "Console<0><Console><Console>" changed cvar (cvar "ins_bot_min_setup_gate_sniper_defend_range") (value "400")
L 08/12/2014 - 06:48:33: [basecommands.smx] "Console<0><Console><Console>" changed cvar (cvar "ins_bot_suppress_visible_requirement") (value "0.5")
L 08/12/2014 - 06:48:33: [basecommands.smx] "Console<0><Console><Console>" changed cvar (cvar "ins_bot_suppressing_fire_duration") (value "3.0")
L 08/12/2014 - 06:48:33: [basecommands.smx] "Console<0><Console><Console>" changed cvar (cvar "bot_hearing_flashbang_effect_max_distance") (value "1500")
L 08/12/2014 - 06:48:33: [basecommands.smx] "Console<0><Console><Console>" changed cvar (cvar "bot_hearing_silenced_weapon_sound_reduction") (value "0.75")
L 08/12/2014 - 07:09:06: [SM] Changed map to "district_hunt"
L 08/12/2014 - 07:09:07: -------- Mapchange to district_hunt --------
L 08/12/2014 - 07:09:07: [basecommands.smx] "Console<0><Console><Console>" changed cvar (cvar "ins_bot_max_setup_gate_defend_range") (value "5000")
L 08/12/2014 - 07:09:07: [basecommands.smx] "Console<0><Console><Console>" changed cvar (cvar "ins_bot_min_setup_gate_defend_range") (value "800")
L 08/12/2014 - 07:09:07: [basecommands.smx] "Console<0><Console><Console>" changed cvar (cvar "ins_bot_min_setup_gate_sniper_defend_range") (value "400")
L 08/12/2014 - 07:09:07: [basecommands.smx] "Console<0><Console><Console>" changed cvar (cvar "ins_bot_suppress_visible_requirement") (value "0.5")
L 08/12/2014 - 07:09:07: [basecommands.smx] "Console<0><Console><Console>" changed cvar (cvar "ins_bot_suppressing_fire_duration") (value "3.0")
L 08/12/2014 - 07:09:07: [basecommands.smx] "Console<0><Console><Console>" changed cvar (cvar "bot_hearing_flashbang_effect_max_distance") (value "1500")
L 08/12/2014 - 07:09:07: [basecommands.smx] "Console<0><Console><Console>" changed cvar (cvar "bot_hearing_silenced_weapon_sound_reduction") (value "0.75")
L 08/12/2014 - 07:30:50: [SM] Changed map to "heights_hunt"
L 08/12/2014 - 07:30:51: -------- Mapchange to heights_hunt --------
L 08/12/2014 - 07:30:51: [basecommands.smx] "Console<0><Console><Console>" changed cvar (cvar "ins_bot_max_setup_gate_defend_range") (value "5000")
L 08/12/2014 - 07:30:51: [basecommands.smx] "Console<0><Console><Console>" changed cvar (cvar "ins_bot_min_setup_gate_defend_range") (value "800")
L 08/12/2014 - 07:30:51: [basecommands.smx] "Console<0><Console><Console>" changed cvar (cvar "ins_bot_min_setup_gate_sniper_defend_range") (value "400")
L 08/12/2014 - 07:30:51: [basecommands.smx] "Console<0><Console><Console>" changed cvar (cvar "ins_bot_suppress_visible_requirement") (value "0.5")
L 08/12/2014 - 07:30:51: [basecommands.smx] "Console<0><Console><Console>" changed cvar (cvar "ins_bot_suppressing_fire_duration") (value "3.0")
L 08/12/2014 - 07:30:51: [basecommands.smx] "Console<0><Console><Console>" changed cvar (cvar "bot_hearing_flashbang_effect_max_distance") (value "1500")
L 08/12/2014 - 07:30:51: [basecommands.smx] "Console<0><Console><Console>" changed cvar (cvar "bot_hearing_silenced_weapon_sound_reduction") (value "0.75")
L 08/12/2014 - 07:50:31: [SM] Changed map to "ministry_hunt"
L 08/12/2014 - 07:50:32: -------- Mapchange to ministry_hunt --------
L 08/12/2014 - 07:50:32: [basecommands.smx] "Console<0><Console><Console>" changed cvar (cvar "ins_bot_max_setup_gate_defend_range") (value "5000")
L 08/12/2014 - 07:50:32: [basecommands.smx] "Console<0><Console><Console>" changed cvar (cvar "ins_bot_min_setup_gate_defend_range") (value "800")
L 08/12/2014 - 07:50:32: [basecommands.smx] "Console<0><Console><Console>" changed cvar (cvar "ins_bot_min_setup_gate_sniper_defend_range") (value "400")
L 08/12/2014 - 07:50:32: [basecommands.smx] "Console<0><Console><Console>" changed cvar (cvar "ins_bot_suppress_visible_requirement") (value "0.5")
L 08/12/2014 - 07:50:32: [basecommands.smx] "Console<0><Console><Console>" changed cvar (cvar "ins_bot_suppressing_fire_duration") (value "3.0")
L 08/12/2014 - 07:50:32: [basecommands.smx] "Console<0><Console><Console>" changed cvar (cvar "bot_hearing_flashbang_effect_max_distance") (value "1500")
L 08/12/2014 - 07:50:32: [basecommands.smx] "Console<0><Console><Console>" changed cvar (cvar "bot_hearing_silenced_weapon_sound_reduction") (value "0.75")
L 08/12/2014 - 07:56:44: [SM] Changed map to "uprising_hunt"
L 08/12/2014 - 07:56:44: -------- Mapchange to uprising_hunt --------
L 08/12/2014 - 07:56:44: [basecommands.smx] "Console<0><Console><Console>" changed cvar (cvar "ins_bot_max_setup_gate_defend_range") (value "5000")
L 08/12/2014 - 07:56:44: [basecommands.smx] "Console<0><Console><Console>" changed cvar (cvar "ins_bot_min_setup_gate_defend_range") (value "800")
L 08/12/2014 - 07:56:44: [basecommands.smx] "Console<0><Console><Console>" changed cvar (cvar "ins_bot_min_setup_gate_sniper_defend_range") (value "400")
L 08/12/2014 - 07:56:44: [basecommands.smx] "Console<0><Console><Console>" changed cvar (cvar "ins_bot_suppress_visible_requirement") (value "0.5")
L 08/12/2014 - 07:56:44: [basecommands.smx] "Console<0><Console><Console>" changed cvar (cvar "ins_bot_suppressing_fire_duration") (value "3.0")
L 08/12/2014 - 07:56:44: [basecommands.smx] "Console<0><Console><Console>" changed cvar (cvar "bot_hearing_flashbang_effect_max_distance") (value "1500")
L 08/12/2014 - 07:56:44: [basecommands.smx] "Console<0><Console><Console>" changed cvar (cvar "bot_hearing_silenced_weapon_sound_reduction") (value "0.75")
L 08/12/2014 - 07:59:29: [SM] Changed map to "panj_hunt"
L 08/12/2014 - 07:59:30: -------- Mapchange to panj_hunt --------
L 08/12/2014 - 07:59:30: [basecommands.smx] "Console<0><Console><Console>" changed cvar (cvar "ins_bot_max_setup_gate_defend_range") (value "5000")
L 08/12/2014 - 07:59:30: [basecommands.smx] "Console<0><Console><Console>" changed cvar (cvar "ins_bot_min_setup_gate_defend_range") (value "800")
L 08/12/2014 - 07:59:30: [basecommands.smx] "Console<0><Console><Console>" changed cvar (cvar "ins_bot_min_setup_gate_sniper_defend_range") (value "400")
L 08/12/2014 - 07:59:30: [basecommands.smx] "Console<0><Console><Console>" changed cvar (cvar "ins_bot_suppress_visible_requirement") (value "0.5")
L 08/12/2014 - 07:59:30: [basecommands.smx] "Console<0><Console><Console>" changed cvar (cvar "ins_bot_suppressing_fire_duration") (value "3.0")
L 08/12/2014 - 07:59:30: [basecommands.smx] "Console<0><Console><Console>" changed cvar (cvar "bot_hearing_flashbang_effect_max_distance") (value "1500")
L 08/12/2014 - 07:59:30: [basecommands.smx] "Console<0><Console><Console>" changed cvar (cvar "bot_hearing_silenced_weapon_sound_reduction") (value "0.75")
L 08/12/2014 - 09:01:05: [SM] Changed map to "contact_hunt"
L 08/12/2014 - 09:01:06: -------- Mapchange to contact_hunt --------
L 08/12/2014 - 09:01:06: [basecommands.smx] "Console<0><Console><Console>" changed cvar (cvar "ins_bot_max_setup_gate_defend_range") (value "5000")
L 08/12/2014 - 09:01:06: [basecommands.smx] "Console<0><Console><Console>" changed cvar (cvar "ins_bot_min_setup_gate_defend_range") (value "800")
L 08/12/2014 - 09:01:06: [basecommands.smx] "Console<0><Console><Console>" changed cvar (cvar "ins_bot_min_setup_gate_sniper_defend_range") (value "400")
L 08/12/2014 - 09:01:06: [basecommands.smx] "Console<0><Console><Console>" changed cvar (cvar "ins_bot_suppress_visible_requirement") (value "0.5")
L 08/12/2014 - 09:01:06: [basecommands.smx] "Console<0><Console><Console>" changed cvar (cvar "ins_bot_suppressing_fire_duration") (value "3.0")
L 08/12/2014 - 09:01:06: [basecommands.smx] "Console<0><Console><Console>" changed cvar (cvar "bot_hearing_flashbang_effect_max_distance") (value "1500")
L 08/12/2014 - 09:01:06: [basecommands.smx] "Console<0><Console><Console>" changed cvar (cvar "bot_hearing_silenced_weapon_sound_reduction") (value "0.75")
L 08/12/2014 - 09:14:30: [SM] Changed map to "sinjar_coop"
L 08/12/2014 - 09:14:30: -------- Mapchange to sinjar_coop --------
L 08/12/2014 - 09:14:30: [basecommands.smx] "Console<0><Console><Console>" changed cvar (cvar "ins_bot_max_setup_gate_defend_range") (value "5000")
L 08/12/2014 - 09:14:30: [basecommands.smx] "Console<0><Console><Console>" changed cvar (cvar "ins_bot_min_setup_gate_defend_range") (value "800")
L 08/12/2014 - 09:14:30: [basecommands.smx] "Console<0><Console><Console>" changed cvar (cvar "ins_bot_min_setup_gate_sniper_defend_range") (value "400")
L 08/12/2014 - 09:14:30: [basecommands.smx] "Console<0><Console><Console>" changed cvar (cvar "ins_bot_suppress_visible_requirement") (value "0.5")
L 08/12/2014 - 09:14:30: [basecommands.smx] "Console<0><Console><Console>" changed cvar (cvar "ins_bot_suppressing_fire_duration") (value "3.0")
L 08/12/2014 - 09:14:30: [basecommands.smx] "Console<0><Console><Console>" changed cvar (cvar "bot_hearing_flashbang_effect_max_distance") (value "1500")
L 08/12/2014 - 09:14:30: [basecommands.smx] "Console<0><Console><Console>" changed cvar (cvar "bot_hearing_silenced_weapon_sound_reduction") (value "0.75")
L 08/12/2014 - 09:31:54: [SM] Changed map to "revolt_coop"
L 08/12/2014 - 09:31:55: -------- Mapchange to revolt_coop --------
L 08/12/2014 - 09:31:55: [basecommands.smx] "Console<0><Console><Console>" changed cvar (cvar "ins_bot_max_setup_gate_defend_range") (value "5000")
L 08/12/2014 - 09:31:55: [basecommands.smx] "Console<0><Console><Console>" changed cvar (cvar "ins_bot_min_setup_gate_defend_range") (value "800")
L 08/12/2014 - 09:31:55: [basecommands.smx] "Console<0><Console><Console>" changed cvar (cvar "ins_bot_min_setup_gate_sniper_defend_range") (value "400")
L 08/12/2014 - 09:31:55: [basecommands.smx] "Console<0><Console><Console>" changed cvar (cvar "ins_bot_suppress_visible_requirement") (value "0.5")
L 08/12/2014 - 09:31:55: [basecommands.smx] "Console<0><Console><Console>" changed cvar (cvar "ins_bot_suppressing_fire_duration") (value "3.0")
L 08/12/2014 - 09:31:55: [basecommands.smx] "Console<0><Console><Console>" changed cvar (cvar "bot_hearing_flashbang_effect_max_distance") (value "1500")
L 08/12/2014 - 09:31:55: [basecommands.smx] "Console<0><Console><Console>" changed cvar (cvar "bot_hearing_silenced_weapon_sound_reduction") (value "0.75")
L 08/12/2014 - 09:32:38: -------- Mapchange to buhriz_coop --------
L 08/12/2014 - 09:32:38: [basecommands.smx] "Console<0><Console><Console>" changed cvar (cvar "ins_bot_max_setup_gate_defend_range") (value "5000")
L 08/12/2014 - 09:32:38: [basecommands.smx] "Console<0><Console><Console>" changed cvar (cvar "ins_bot_min_setup_gate_defend_range") (value "800")
L 08/12/2014 - 09:32:38: [basecommands.smx] "Console<0><Console><Console>" changed cvar (cvar "ins_bot_min_setup_gate_sniper_defend_range") (value "400")
L 08/12/2014 - 09:32:38: [basecommands.smx] "Console<0><Console><Console>" changed cvar (cvar "ins_bot_suppress_visible_requirement") (value "0.5")
L 08/12/2014 - 09:32:38: [basecommands.smx] "Console<0><Console><Console>" changed cvar (cvar "ins_bot_suppressing_fire_duration") (value "3.0")
L 08/12/2014 - 09:32:38: [basecommands.smx] "Console<0><Console><Console>" changed cvar (cvar "bot_hearing_flashbang_effect_max_distance") (value "1500")
L 08/12/2014 - 09:32:38: [basecommands.smx] "Console<0><Console><Console>" changed cvar (cvar "bot_hearing_silenced_weapon_sound_reduction") (value "0.75")
L 08/12/2014 - 09:50:41: [SM] Changed map to "market_coop"
L 08/12/2014 - 09:50:42: -------- Mapchange to market_coop --------
L 08/12/2014 - 09:50:42: [basecommands.smx] "Console<0><Console><Console>" changed cvar (cvar "ins_bot_max_setup_gate_defend_range") (value "5000")
L 08/12/2014 - 09:50:42: [basecommands.smx] "Console<0><Console><Console>" changed cvar (cvar "ins_bot_min_setup_gate_defend_range") (value "800")
L 08/12/2014 - 09:50:42: [basecommands.smx] "Console<0><Console><Console>" changed cvar (cvar "ins_bot_min_setup_gate_sniper_defend_range") (value "400")
L 08/12/2014 - 09:50:42: [basecommands.smx] "Console<0><Console><Console>" changed cvar (cvar "ins_bot_suppress_visible_requirement") (value "0.5")
L 08/12/2014 - 09:50:42: [basecommands.smx] "Console<0><Console><Console>" changed cvar (cvar "ins_bot_suppressing_fire_duration") (value "3.0")
L 08/12/2014 - 09:50:42: [basecommands.smx] "Console<0><Console><Console>" changed cvar (cvar "bot_hearing_flashbang_effect_max_distance") (value "1500")
L 08/12/2014 - 09:50:42: [basecommands.smx] "Console<0><Console><Console>" changed cvar (cvar "bot_hearing_silenced_weapon_sound_reduction") (value "0.75")
L 08/12/2014 - 10:23:20: [SM] Changed map to "heights_coop"
L 08/12/2014 - 10:23:20: -------- Mapchange to heights_coop --------
L 08/12/2014 - 10:23:20: [basecommands.smx] "Console<0><Console><Console>" changed cvar (cvar "ins_bot_max_setup_gate_defend_range") (value "5000")
L 08/12/2014 - 10:23:20: [basecommands.smx] "Console<0><Console><Console>" changed cvar (cvar "ins_bot_min_setup_gate_defend_range") (value "800")
L 08/12/2014 - 10:23:20: [basecommands.smx] "Console<0><Console><Console>" changed cvar (cvar "ins_bot_min_setup_gate_sniper_defend_range") (value "400")
L 08/12/2014 - 10:23:20: [basecommands.smx] "Console<0><Console><Console>" changed cvar (cvar "ins_bot_suppress_visible_requirement") (value "0.5")
L 08/12/2014 - 10:23:20: [basecommands.smx] "Console<0><Console><Console>" changed cvar (cvar "ins_bot_suppressing_fire_duration") (value "3.0")
L 08/12/2014 - 10:23:20: [basecommands.smx] "Console<0><Console><Console>" changed cvar (cvar "bot_hearing_flashbang_effect_max_distance") (value "1500")
L 08/12/2014 - 10:23:20: [basecommands.smx] "Console<0><Console><Console>" changed cvar (cvar "bot_hearing_silenced_weapon_sound_reduction") (value "0.75")
L 08/12/2014 - 10:38:03: SourceMod log file session started (file "L20140812.log") (Version "1.6.0")
L 08/12/2014 - 10:38:03: -------- Mapchange to ministry_coop --------
L 08/12/2014 - 10:38:03: [basecommands.smx] "Console<0><Console><Console>" changed cvar (cvar "ins_bot_max_setup_gate_defend_range") (value "5000")
L 08/12/2014 - 10:38:03: [basecommands.smx] "Console<0><Console><Console>" changed cvar (cvar "ins_bot_min_setup_gate_defend_range") (value "800")
L 08/12/2014 - 10:38:03: [basecommands.smx] "Console<0><Console><Console>" changed cvar (cvar "ins_bot_min_setup_gate_sniper_defend_range") (value "400")
L 08/12/2014 - 10:38:03: [basecommands.smx] "Console<0><Console><Console>" changed cvar (cvar "ins_bot_suppress_visible_requirement") (value "0.5")
L 08/12/2014 - 10:38:03: [basecommands.smx] "Console<0><Console><Console>" changed cvar (cvar "ins_bot_suppressing_fire_duration") (value "3.0")
L 08/12/2014 - 10:38:03: [basecommands.smx] "Console<0><Console><Console>" changed cvar (cvar "bot_hearing_flashbang_effect_max_distance") (value "1500")
L 08/12/2014 - 10:38:03: [basecommands.smx] "Console<0><Console><Console>" changed cvar (cvar "bot_hearing_silenced_weapon_sound_reduction") (value "0.75")
L 08/12/2014 - 10:38:16: SourceMod log file session started (file "L20140812.log") (Version "1.6.0")
L 08/12/2014 - 10:38:16: -------- Mapchange to ministry_coop --------
L 08/12/2014 - 10:38:16: [basecommands.smx] "Console<0><Console><Console>" changed cvar (cvar "ins_bot_max_setup_gate_defend_range") (value "5000")
L 08/12/2014 - 10:38:16: [basecommands.smx] "Console<0><Console><Console>" changed cvar (cvar "ins_bot_min_setup_gate_defend_range") (value "800")
L 08/12/2014 - 10:38:16: [basecommands.smx] "Console<0><Console><Console>" changed cvar (cvar "ins_bot_min_setup_gate_sniper_defend_range") (value "400")
L 08/12/2014 - 10:38:16: [basecommands.smx] "Console<0><Console><Console>" changed cvar (cvar "ins_bot_suppress_visible_requirement") (value "0.5")
L 08/12/2014 - 10:38:16: [basecommands.smx] "Console<0><Console><Console>" changed cvar (cvar "ins_bot_suppressing_fire_duration") (value "3.0")
L 08/12/2014 - 10:38:16: [basecommands.smx] "Console<0><Console><Console>" changed cvar (cvar "bot_hearing_flashbang_effect_max_distance") (value "1500")
L 08/12/2014 - 10:38:16: [basecommands.smx] "Console<0><Console><Console>" changed cvar (cvar "bot_hearing_silenced_weapon_sound_reduction") (value "0.75")
L 08/12/2014 - 10:40:58: [SM] Changed map to "siege_coop"
L 08/12/2014 - 10:40:58: -------- Mapchange to siege_coop --------
L 08/12/2014 - 10:40:58: [basecommands.smx] "Console<0><Console><Console>" changed cvar (cvar "ins_bot_max_setup_gate_defend_range") (value "5000")
L 08/12/2014 - 10:40:58: [basecommands.smx] "Console<0><Console><Console>" changed cvar (cvar "ins_bot_min_setup_gate_defend_range") (value "800")
L 08/12/2014 - 10:40:58: [basecommands.smx] "Console<0><Console><Console>" changed cvar (cvar "ins_bot_min_setup_gate_sniper_defend_range") (value "400")
L 08/12/2014 - 10:40:58: [basecommands.smx] "Console<0><Console><Console>" changed cvar (cvar "ins_bot_suppress_visible_requirement") (value "0.5")
L 08/12/2014 - 10:40:58: [basecommands.smx] "Console<0><Console><Console>" changed cvar (cvar "ins_bot_suppressing_fire_duration") (value "3.0")
L 08/12/2014 - 10:40:58: [basecommands.smx] "Console<0><Console><Console>" changed cvar (cvar "bot_hearing_flashbang_effect_max_distance") (value "1500")
L 08/12/2014 - 10:40:58: [basecommands.smx] "Console<0><Console><Console>" changed cvar (cvar "bot_hearing_silenced_weapon_sound_reduction") (value "0.75")
L 08/12/2014 - 11:08:52: [SM] Changed map to "district_hunt"
L 08/12/2014 - 11:08:52: -------- Mapchange to district_hunt --------
L 08/12/2014 - 11:08:52: [basecommands.smx] "Console<0><Console><Console>" changed cvar (cvar "ins_bot_max_setup_gate_defend_range") (value "5000")
L 08/12/2014 - 11:08:52: [basecommands.smx] "Console<0><Console><Console>" changed cvar (cvar "ins_bot_min_setup_gate_defend_range") (value "800")
L 08/12/2014 - 11:08:52: [basecommands.smx] "Console<0><Console><Console>" changed cvar (cvar "ins_bot_min_setup_gate_sniper_defend_range") (value "400")
L 08/12/2014 - 11:08:52: [basecommands.smx] "Console<0><Console><Console>" changed cvar (cvar "ins_bot_suppress_visible_requirement") (value "0.5")
L 08/12/2014 - 11:08:52: [basecommands.smx] "Console<0><Console><Console>" changed cvar (cvar "ins_bot_suppressing_fire_duration") (value "3.0")
L 08/12/2014 - 11:08:52: [basecommands.smx] "Console<0><Console><Console>" changed cvar (cvar "bot_hearing_flashbang_effect_max_distance") (value "1500")
L 08/12/2014 - 11:08:52: [basecommands.smx] "Console<0><Console><Console>" changed cvar (cvar "bot_hearing_silenced_weapon_sound_reduction") (value "0.75")
L 08/12/2014 - 11:19:02: [SM] Changed map to "heights_hunt"
L 08/12/2014 - 11:19:03: -------- Mapchange to heights_hunt --------
L 08/12/2014 - 11:19:03: [basecommands.smx] "Console<0><Console><Console>" changed cvar (cvar "ins_bot_max_setup_gate_defend_range") (value "5000")
L 08/12/2014 - 11:19:03: [basecommands.smx] "Console<0><Console><Console>" changed cvar (cvar "ins_bot_min_setup_gate_defend_range") (value "800")
L 08/12/2014 - 11:19:03: [basecommands.smx] "Console<0><Console><Console>" changed cvar (cvar "ins_bot_min_setup_gate_sniper_defend_range") (value "400")
L 08/12/2014 - 11:19:03: [basecommands.smx] "Console<0><Console><Console>" changed cvar (cvar "ins_bot_suppress_visible_requirement") (value "0.5")
L 08/12/2014 - 11:19:03: [basecommands.smx] "Console<0><Console><Console>" changed cvar (cvar "ins_bot_suppressing_fire_duration") (value "3.0")
L 08/12/2014 - 11:19:03: [basecommands.smx] "Console<0><Console><Console>" changed cvar (cvar "bot_hearing_flashbang_effect_max_distance") (value "1500")
L 08/12/2014 - 11:19:03: [basecommands.smx] "Console<0><Console><Console>" changed cvar (cvar "bot_hearing_silenced_weapon_sound_reduction") (value "0.75")
L 08/12/2014 - 11:24:47: [SM] Changed map to "ministry_hunt"
L 08/12/2014 - 11:24:48: -------- Mapchange to ministry_hunt --------
L 08/12/2014 - 11:24:48: [basecommands.smx] "Console<0><Console><Console>" changed cvar (cvar "ins_bot_max_setup_gate_defend_range") (value "5000")
L 08/12/2014 - 11:24:48: [basecommands.smx] "Console<0><Console><Console>" changed cvar (cvar "ins_bot_min_setup_gate_defend_range") (value "800")
L 08/12/2014 - 11:24:48: [basecommands.smx] "Console<0><Console><Console>" changed cvar (cvar "ins_bot_min_setup_gate_sniper_defend_range") (value "400")
L 08/12/2014 - 11:24:48: [basecommands.smx] "Console<0><Console><Console>" changed cvar (cvar "ins_bot_suppress_visible_requirement") (value "0.5")
L 08/12/2014 - 11:24:48: [basecommands.smx] "Console<0><Console><Console>" changed cvar (cvar "ins_bot_suppressing_fire_duration") (value "3.0")
L 08/12/2014 - 11:24:48: [basecommands.smx] "Console<0><Console><Console>" changed cvar (cvar "bot_hearing_flashbang_effect_max_distance") (value "1500")
L 08/12/2014 - 11:24:48: [basecommands.smx] "Console<0><Console><Console>" changed cvar (cvar "bot_hearing_silenced_weapon_sound_reduction") (value "0.75")
L 08/12/2014 - 11:45:42: [SM] Changed map to "uprising_hunt"
L 08/12/2014 - 11:45:42: -------- Mapchange to uprising_hunt --------
L 08/12/2014 - 11:45:42: [basecommands.smx] "Console<0><Console><Console>" changed cvar (cvar "ins_bot_max_setup_gate_defend_range") (value "5000")
L 08/12/2014 - 11:45:42: [basecommands.smx] "Console<0><Console><Console>" changed cvar (cvar "ins_bot_min_setup_gate_defend_range") (value "800")
L 08/12/2014 - 11:45:42: [basecommands.smx] "Console<0><Console><Console>" changed cvar (cvar "ins_bot_min_setup_gate_sniper_defend_range") (value "400")
L 08/12/2014 - 11:45:42: [basecommands.smx] "Console<0><Console><Console>" changed cvar (cvar "ins_bot_suppress_visible_requirement") (value "0.5")
L 08/12/2014 - 11:45:42: [basecommands.smx] "Console<0><Console><Console>" changed cvar (cvar "ins_bot_suppressing_fire_duration") (value "3.0")
L 08/12/2014 - 11:45:42: [basecommands.smx] "Console<0><Console><Console>" changed cvar (cvar "bot_hearing_flashbang_effect_max_distance") (value "1500")
L 08/12/2014 - 11:45:42: [basecommands.smx] "Console<0><Console><Console>" changed cvar (cvar "bot_hearing_silenced_weapon_sound_reduction") (value "0.75")
L 08/12/2014 - 13:11:49: -------- Mapchange to ministry_coop --------
L 08/12/2014 - 13:11:49: [basecommands.smx] "Console<0><Console><Console>" changed cvar (cvar "ins_bot_max_setup_gate_defend_range") (value "5000")
L 08/12/2014 - 13:11:49: [basecommands.smx] "Console<0><Console><Console>" changed cvar (cvar "ins_bot_min_setup_gate_defend_range") (value "800")
L 08/12/2014 - 13:11:49: [basecommands.smx] "Console<0><Console><Console>" changed cvar (cvar "ins_bot_min_setup_gate_sniper_defend_range") (value "400")
L 08/12/2014 - 13:11:49: [basecommands.smx] "Console<0><Console><Console>" changed cvar (cvar "ins_bot_suppress_visible_requirement") (value "0.5")
L 08/12/2014 - 13:11:49: [basecommands.smx] "Console<0><Console><Console>" changed cvar (cvar "ins_bot_suppressing_fire_duration") (value "3.0")
L 08/12/2014 - 13:11:49: [basecommands.smx] "Console<0><Console><Console>" changed cvar (cvar "bot_hearing_flashbang_effect_max_distance") (value "1500")
L 08/12/2014 - 13:11:49: [basecommands.smx] "Console<0><Console><Console>" changed cvar (cvar "bot_hearing_silenced_weapon_sound_reduction") (value "0.75")
L 08/12/2014 - 13:25:23: [SM] Changed map to "panj_hunt"
L 08/12/2014 - 13:25:23: -------- Mapchange to panj_hunt --------
L 08/12/2014 - 13:25:23: [basecommands.smx] "Console<0><Console><Console>" changed cvar (cvar "ins_bot_max_setup_gate_defend_range") (value "5000")
L 08/12/2014 - 13:25:23: [basecommands.smx] "Console<0><Console><Console>" changed cvar (cvar "ins_bot_min_setup_gate_defend_range") (value "800")
L 08/12/2014 - 13:25:23: [basecommands.smx] "Console<0><Console><Console>" changed cvar (cvar "ins_bot_min_setup_gate_sniper_defend_range") (value "400")
L 08/12/2014 - 13:25:23: [basecommands.smx] "Console<0><Console><Console>" changed cvar (cvar "ins_bot_suppress_visible_requirement") (value "0.5")
L 08/12/2014 - 13:25:23: [basecommands.smx] "Console<0><Console><Console>" changed cvar (cvar "ins_bot_suppressing_fire_duration") (value "3.0")
L 08/12/2014 - 13:25:23: [basecommands.smx] "Console<0><Console><Console>" changed cvar (cvar "bot_hearing_flashbang_effect_max_distance") (value "1500")
L 08/12/2014 - 13:25:23: [basecommands.smx] "Console<0><Console><Console>" changed cvar (cvar "bot_hearing_silenced_weapon_sound_reduction") (value "0.75")
L 08/12/2014 - 13:33:56: [SM] Changed map to "contact_hunt"
L 08/12/2014 - 13:33:56: -------- Mapchange to contact_hunt --------
L 08/12/2014 - 13:33:56: [basecommands.smx] "Console<0><Console><Console>" changed cvar (cvar "ins_bot_max_setup_gate_defend_range") (value "5000")
L 08/12/2014 - 13:33:56: [basecommands.smx] "Console<0><Console><Console>" changed cvar (cvar "ins_bot_min_setup_gate_defend_range") (value "800")
L 08/12/2014 - 13:33:56: [basecommands.smx] "Console<0><Console><Console>" changed cvar (cvar "ins_bot_min_setup_gate_sniper_defend_range") (value "400")
L 08/12/2014 - 13:33:56: [basecommands.smx] "Console<0><Console><Console>" changed cvar (cvar "ins_bot_suppress_visible_requirement") (value "0.5")
L 08/12/2014 - 13:33:56: [basecommands.smx] "Console<0><Console><Console>" changed cvar (cvar "ins_bot_suppressing_fire_duration") (value "3.0")
L 08/12/2014 - 13:33:56: [basecommands.smx] "Console<0><Console><Console>" changed cvar (cvar "bot_hearing_flashbang_effect_max_distance") (value "1500")
L 08/12/2014 - 13:33:56: [basecommands.smx] "Console<0><Console><Console>" changed cvar (cvar "bot_hearing_silenced_weapon_sound_reduction") (value "0.75")
L 08/12/2014 - 13:42:34: [basecommands.smx] "-|TDB|-GEEZER |LMC|<279><STEAM_1:1:10119430><>" changed map to "battle_sdk_example"
L 08/12/2014 - 13:42:37: [SM] Changed map to "battle_sdk_example"
L 08/12/2014 - 13:42:37: -------- Mapchange to battle_sdk_example --------
L 08/12/2014 - 13:42:37: [basecommands.smx] "Console<0><Console><Console>" changed cvar (cvar "ins_bot_max_setup_gate_defend_range") (value "5000")
L 08/12/2014 - 13:42:37: [basecommands.smx] "Console<0><Console><Console>" changed cvar (cvar "ins_bot_min_setup_gate_defend_range") (value "800")
L 08/12/2014 - 13:42:37: [basecommands.smx] "Console<0><Console><Console>" changed cvar (cvar "ins_bot_min_setup_gate_sniper_defend_range") (value "400")
L 08/12/2014 - 13:42:37: [basecommands.smx] "Console<0><Console><Console>" changed cvar (cvar "ins_bot_suppress_visible_requirement") (value "0.5")
L 08/12/2014 - 13:42:37: [basecommands.smx] "Console<0><Console><Console>" changed cvar (cvar "ins_bot_suppressing_fire_duration") (value "3.0")
L 08/12/2014 - 13:42:37: [basecommands.smx] "Console<0><Console><Console>" changed cvar (cvar "bot_hearing_flashbang_effect_max_distance") (value "1500")
L 08/12/2014 - 13:42:37: [basecommands.smx] "Console<0><Console><Console>" changed cvar (cvar "bot_hearing_silenced_weapon_sound_reduction") (value "0.75")
L 08/12/2014 - 13:45:49: [basecommands.smx] "-|TDB|-GEEZER |LMC|<290><STEAM_1:1:10119430><>" changed map to "anbar_coop_beta4"
L 08/12/2014 - 13:45:52: [SM] Changed map to "anbar_coop_beta4"
L 08/12/2014 - 13:45:52: -------- Mapchange to anbar_coop_beta4 --------
L 08/12/2014 - 13:45:52: [basecommands.smx] "Console<0><Console><Console>" changed cvar (cvar "ins_bot_max_setup_gate_defend_range") (value "5000")
L 08/12/2014 - 13:45:52: [basecommands.smx] "Console<0><Console><Console>" changed cvar (cvar "ins_bot_min_setup_gate_defend_range") (value "800")
L 08/12/2014 - 13:45:52: [basecommands.smx] "Console<0><Console><Console>" changed cvar (cvar "ins_bot_min_setup_gate_sniper_defend_range") (value "400")
L 08/12/2014 - 13:45:52: [basecommands.smx] "Console<0><Console><Console>" changed cvar (cvar "ins_bot_suppress_visible_requirement") (value "0.5")
L 08/12/2014 - 13:45:52: [basecommands.smx] "Console<0><Console><Console>" changed cvar (cvar "ins_bot_suppressing_fire_duration") (value "3.0")
L 08/12/2014 - 13:45:52: [basecommands.smx] "Console<0><Console><Console>" changed cvar (cvar "bot_hearing_flashbang_effect_max_distance") (value "1500")
L 08/12/2014 - 13:45:52: [basecommands.smx] "Console<0><Console><Console>" changed cvar (cvar "bot_hearing_silenced_weapon_sound_reduction") (value "0.75")
L 08/12/2014 - 13:59:25: [SM] Changed map to "sinjar_coop"
L 08/12/2014 - 13:59:26: -------- Mapchange to sinjar_coop --------
L 08/12/2014 - 13:59:26: [basecommands.smx] "Console<0><Console><Console>" changed cvar (cvar "ins_bot_max_setup_gate_defend_range") (value "5000")
L 08/12/2014 - 13:59:26: [basecommands.smx] "Console<0><Console><Console>" changed cvar (cvar "ins_bot_min_setup_gate_defend_range") (value "800")
L 08/12/2014 - 13:59:26: [basecommands.smx] "Console<0><Console><Console>" changed cvar (cvar "ins_bot_min_setup_gate_sniper_defend_range") (value "400")
L 08/12/2014 - 13:59:26: [basecommands.smx] "Console<0><Console><Console>" changed cvar (cvar "ins_bot_suppress_visible_requirement") (value "0.5")
L 08/12/2014 - 13:59:26: [basecommands.smx] "Console<0><Console><Console>" changed cvar (cvar "ins_bot_suppressing_fire_duration") (value "3.0")
L 08/12/2014 - 13:59:26: [basecommands.smx] "Console<0><Console><Console>" changed cvar (cvar "bot_hearing_flashbang_effect_max_distance") (value "1500")
L 08/12/2014 - 13:59:26: [basecommands.smx] "Console<0><Console><Console>" changed cvar (cvar "bot_hearing_silenced_weapon_sound_reduction") (value "0.75")
L 08/12/2014 - 15:42:58: [SM] Changed map to "revolt_coop"
L 08/12/2014 - 15:42:59: -------- Mapchange to revolt_coop --------
L 08/12/2014 - 15:42:59: [basecommands.smx] "Console<0><Console><Console>" changed cvar (cvar "ins_bot_max_setup_gate_defend_range") (value "5000")
L 08/12/2014 - 15:42:59: [basecommands.smx] "Console<0><Console><Console>" changed cvar (cvar "ins_bot_min_setup_gate_defend_range") (value "800")
L 08/12/2014 - 15:42:59: [basecommands.smx] "Console<0><Console><Console>" changed cvar (cvar "ins_bot_min_setup_gate_sniper_defend_range") (value "400")
L 08/12/2014 - 15:42:59: [basecommands.smx] "Console<0><Console><Console>" changed cvar (cvar "ins_bot_suppress_visible_requirement") (value "0.5")
L 08/12/2014 - 15:42:59: [basecommands.smx] "Console<0><Console><Console>" changed cvar (cvar "ins_bot_suppressing_fire_duration") (value "3.0")
L 08/12/2014 - 15:42:59: [basecommands.smx] "Console<0><Console><Console>" changed cvar (cvar "bot_hearing_flashbang_effect_max_distance") (value "1500")
L 08/12/2014 - 15:42:59: [basecommands.smx] "Console<0><Console><Console>" changed cvar (cvar "bot_hearing_silenced_weapon_sound_reduction") (value "0.75")
L 08/12/2014 - 16:07:48: [SM] Changed map to "buhriz_coop"
L 08/12/2014 - 16:07:49: -------- Mapchange to buhriz_coop --------
L 08/12/2014 - 16:07:49: [basecommands.smx] "Console<0><Console><Console>" changed cvar (cvar "ins_bot_max_setup_gate_defend_range") (value "5000")
L 08/12/2014 - 16:07:49: [basecommands.smx] "Console<0><Console><Console>" changed cvar (cvar "ins_bot_min_setup_gate_defend_range") (value "800")
L 08/12/2014 - 16:07:49: [basecommands.smx] "Console<0><Console><Console>" changed cvar (cvar "ins_bot_min_setup_gate_sniper_defend_range") (value "400")
L 08/12/2014 - 16:07:49: [basecommands.smx] "Console<0><Console><Console>" changed cvar (cvar "ins_bot_suppress_visible_requirement") (value "0.5")
L 08/12/2014 - 16:07:49: [basecommands.smx] "Console<0><Console><Console>" changed cvar (cvar "ins_bot_suppressing_fire_duration") (value "3.0")
L 08/12/2014 - 16:07:49: [basecommands.smx] "Console<0><Console><Console>" changed cvar (cvar "bot_hearing_flashbang_effect_max_distance") (value "1500")
L 08/12/2014 - 16:07:49: [basecommands.smx] "Console<0><Console><Console>" changed cvar (cvar "bot_hearing_silenced_weapon_sound_reduction") (value "0.75")
L 08/12/2014 - 16:25:18: [SM] Changed map to "market_coop"
L 08/12/2014 - 16:25:19: -------- Mapchange to market_coop --------
L 08/12/2014 - 16:25:19: [basecommands.smx] "Console<0><Console><Console>" changed cvar (cvar "ins_bot_max_setup_gate_defend_range") (value "5000")
L 08/12/2014 - 16:25:19: [basecommands.smx] "Console<0><Console><Console>" changed cvar (cvar "ins_bot_min_setup_gate_defend_range") (value "800")
L 08/12/2014 - 16:25:19: [basecommands.smx] "Console<0><Console><Console>" changed cvar (cvar "ins_bot_min_setup_gate_sniper_defend_range") (value "400")
L 08/12/2014 - 16:25:19: [basecommands.smx] "Console<0><Console><Console>" changed cvar (cvar "ins_bot_suppress_visible_requirement") (value "0.5")
L 08/12/2014 - 16:25:19: [basecommands.smx] "Console<0><Console><Console>" changed cvar (cvar "ins_bot_suppressing_fire_duration") (value "3.0")
L 08/12/2014 - 16:25:19: [basecommands.smx] "Console<0><Console><Console>" changed cvar (cvar "bot_hearing_flashbang_effect_max_distance") (value "1500")
L 08/12/2014 - 16:25:19: [basecommands.smx] "Console<0><Console><Console>" changed cvar (cvar "bot_hearing_silenced_weapon_sound_reduction") (value "0.75")
L 08/12/2014 - 16:33:03: SourceMod log file session started (file "L20140812.log") (Version "1.6.0")
L 08/12/2014 - 16:33:03: -------- Mapchange to ministry_coop --------
L 08/12/2014 - 16:33:03: [basecommands.smx] "Console<0><Console><Console>" changed cvar (cvar "ins_bot_max_setup_gate_defend_range") (value "5000")
L 08/12/2014 - 16:33:03: [basecommands.smx] "Console<0><Console><Console>" changed cvar (cvar "ins_bot_min_setup_gate_defend_range") (value "800")
L 08/12/2014 - 16:33:03: [basecommands.smx] "Console<0><Console><Console>" changed cvar (cvar "ins_bot_min_setup_gate_sniper_defend_range") (value "400")
L 08/12/2014 - 16:33:03: [basecommands.smx] "Console<0><Console><Console>" changed cvar (cvar "ins_bot_suppress_visible_requirement") (value "0.5")
L 08/12/2014 - 16:33:03: [basecommands.smx] "Console<0><Console><Console>" changed cvar (cvar "ins_bot_suppressing_fire_duration") (value "3.0")
L 08/12/2014 - 16:33:03: [basecommands.smx] "Console<0><Console><Console>" changed cvar (cvar "bot_hearing_flashbang_effect_max_distance") (value "1500")
L 08/12/2014 - 16:33:03: [basecommands.smx] "Console<0><Console><Console>" changed cvar (cvar "bot_hearing_silenced_weapon_sound_reduction") (value "0.75")
L 08/12/2014 - 16:44:03: SourceMod log file session started (file "L20140812.log") (Version "1.6.0")
L 08/12/2014 - 16:44:03: -------- Mapchange to ministry_coop --------
L 08/12/2014 - 16:44:03: [basecommands.smx] "Console<0><Console><Console>" changed cvar (cvar "ins_bot_max_setup_gate_defend_range") (value "5000")
L 08/12/2014 - 16:44:03: [basecommands.smx] "Console<0><Console><Console>" changed cvar (cvar "ins_bot_min_setup_gate_defend_range") (value "800")
L 08/12/2014 - 16:44:03: [basecommands.smx] "Console<0><Console><Console>" changed cvar (cvar "ins_bot_min_setup_gate_sniper_defend_range") (value "400")
L 08/12/2014 - 16:44:03: [basecommands.smx] "Console<0><Console><Console>" changed cvar (cvar "ins_bot_suppress_visible_requirement") (value "0.5")
L 08/12/2014 - 16:44:03: [basecommands.smx] "Console<0><Console><Console>" changed cvar (cvar "ins_bot_suppressing_fire_duration") (value "3.0")
L 08/12/2014 - 16:44:03: [basecommands.smx] "Console<0><Console><Console>" changed cvar (cvar "bot_hearing_flashbang_effect_max_distance") (value "1500")
L 08/12/2014 - 16:44:03: [basecommands.smx] "Console<0><Console><Console>" changed cvar (cvar "bot_hearing_silenced_weapon_sound_reduction") (value "0.75")
L 08/12/2014 - 17:24:54: [SM] Changed map to "siege_coop"
L 08/12/2014 - 17:24:54: -------- Mapchange to siege_coop --------
L 08/12/2014 - 17:24:54: [basecommands.smx] "Console<0><Console><Console>" changed cvar (cvar "ins_bot_max_setup_gate_defend_range") (value "5000")
L 08/12/2014 - 17:24:54: [basecommands.smx] "Console<0><Console><Console>" changed cvar (cvar "ins_bot_min_setup_gate_defend_range") (value "800")
L 08/12/2014 - 17:24:54: [basecommands.smx] "Console<0><Console><Console>" changed cvar (cvar "ins_bot_min_setup_gate_sniper_defend_range") (value "400")
L 08/12/2014 - 17:24:54: [basecommands.smx] "Console<0><Console><Console>" changed cvar (cvar "ins_bot_suppress_visible_requirement") (value "0.5")
L 08/12/2014 - 17:24:54: [basecommands.smx] "Console<0><Console><Console>" changed cvar (cvar "ins_bot_suppressing_fire_duration") (value "3.0")
L 08/12/2014 - 17:24:54: [basecommands.smx] "Console<0><Console><Console>" changed cvar (cvar "bot_hearing_flashbang_effect_max_distance") (value "1500")
L 08/12/2014 - 17:24:54: [basecommands.smx] "Console<0><Console><Console>" changed cvar (cvar "bot_hearing_silenced_weapon_sound_reduction") (value "0.75")
L 08/12/2014 - 17:49:44: [SM] Changed map to "district_hunt"
L 08/12/2014 - 17:49:44: -------- Mapchange to district_hunt --------
L 08/12/2014 - 17:49:44: [basecommands.smx] "Console<0><Console><Console>" changed cvar (cvar "ins_bot_max_setup_gate_defend_range") (value "5000")
L 08/12/2014 - 17:49:44: [basecommands.smx] "Console<0><Console><Console>" changed cvar (cvar "ins_bot_min_setup_gate_defend_range") (value "800")
L 08/12/2014 - 17:49:44: [basecommands.smx] "Console<0><Console><Console>" changed cvar (cvar "ins_bot_min_setup_gate_sniper_defend_range") (value "400")
L 08/12/2014 - 17:49:44: [basecommands.smx] "Console<0><Console><Console>" changed cvar (cvar "ins_bot_suppress_visible_requirement") (value "0.5")
L 08/12/2014 - 17:49:44: [basecommands.smx] "Console<0><Console><Console>" changed cvar (cvar "ins_bot_suppressing_fire_duration") (value "3.0")
L 08/12/2014 - 17:49:44: [basecommands.smx] "Console<0><Console><Console>" changed cvar (cvar "bot_hearing_flashbang_effect_max_distance") (value "1500")
L 08/12/2014 - 17:49:44: [basecommands.smx] "Console<0><Console><Console>" changed cvar (cvar "bot_hearing_silenced_weapon_sound_reduction") (value "0.75")
L 08/12/2014 - 17:55:15: [SM] Changed map to "heights_hunt"
L 08/12/2014 - 17:55:16: -------- Mapchange to heights_hunt --------
L 08/12/2014 - 17:55:16: [basecommands.smx] "Console<0><Console><Console>" changed cvar (cvar "ins_bot_max_setup_gate_defend_range") (value "5000")
L 08/12/2014 - 17:55:16: [basecommands.smx] "Console<0><Console><Console>" changed cvar (cvar "ins_bot_min_setup_gate_defend_range") (value "800")
L 08/12/2014 - 17:55:16: [basecommands.smx] "Console<0><Console><Console>" changed cvar (cvar "ins_bot_min_setup_gate_sniper_defend_range") (value "400")
L 08/12/2014 - 17:55:16: [basecommands.smx] "Console<0><Console><Console>" changed cvar (cvar "ins_bot_suppress_visible_requirement") (value "0.5")
L 08/12/2014 - 17:55:16: [basecommands.smx] "Console<0><Console><Console>" changed cvar (cvar "ins_bot_suppressing_fire_duration") (value "3.0")
L 08/12/2014 - 17:55:16: [basecommands.smx] "Console<0><Console><Console>" changed cvar (cvar "bot_hearing_flashbang_effect_max_distance") (value "1500")
L 08/12/2014 - 17:55:16: [basecommands.smx] "Console<0><Console><Console>" changed cvar (cvar "bot_hearing_silenced_weapon_sound_reduction") (value "0.75")
L 08/12/2014 - 18:01:54: [SM] Changed map to "ministry_hunt"
L 08/12/2014 - 18:01:55: -------- Mapchange to ministry_hunt --------
L 08/12/2014 - 18:01:55: [basecommands.smx] "Console<0><Console><Console>" changed cvar (cvar "ins_bot_max_setup_gate_defend_range") (value "5000")
L 08/12/2014 - 18:01:55: [basecommands.smx] "Console<0><Console><Console>" changed cvar (cvar "ins_bot_min_setup_gate_defend_range") (value "800")
L 08/12/2014 - 18:01:55: [basecommands.smx] "Console<0><Console><Console>" changed cvar (cvar "ins_bot_min_setup_gate_sniper_defend_range") (value "400")
L 08/12/2014 - 18:01:55: [basecommands.smx] "Console<0><Console><Console>" changed cvar (cvar "ins_bot_suppress_visible_requirement") (value "0.5")
L 08/12/2014 - 18:01:55: [basecommands.smx] "Console<0><Console><Console>" changed cvar (cvar "ins_bot_suppressing_fire_duration") (value "3.0")
L 08/12/2014 - 18:01:55: [basecommands.smx] "Console<0><Console><Console>" changed cvar (cvar "bot_hearing_flashbang_effect_max_distance") (value "1500")
L 08/12/2014 - 18:01:55: [basecommands.smx] "Console<0><Console><Console>" changed cvar (cvar "bot_hearing_silenced_weapon_sound_reduction") (value "0.75")
L 08/12/2014 - 18:05:45: [SM] Changed map to "uprising_hunt"
L 08/12/2014 - 18:05:45: -------- Mapchange to uprising_hunt --------
L 08/12/2014 - 18:05:45: [basecommands.smx] "Console<0><Console><Console>" changed cvar (cvar "ins_bot_max_setup_gate_defend_range") (value "5000")
L 08/12/2014 - 18:05:45: [basecommands.smx] "Console<0><Console><Console>" changed cvar (cvar "ins_bot_min_setup_gate_defend_range") (value "800")
L 08/12/2014 - 18:05:45: [basecommands.smx] "Console<0><Console><Console>" changed cvar (cvar "ins_bot_min_setup_gate_sniper_defend_range") (value "400")
L 08/12/2014 - 18:05:45: [basecommands.smx] "Console<0><Console><Console>" changed cvar (cvar "ins_bot_suppress_visible_requirement") (value "0.5")
L 08/12/2014 - 18:05:45: [basecommands.smx] "Console<0><Console><Console>" changed cvar (cvar "ins_bot_suppressing_fire_duration") (value "3.0")
L 08/12/2014 - 18:05:45: [basecommands.smx] "Console<0><Console><Console>" changed cvar (cvar "bot_hearing_flashbang_effect_max_distance") (value "1500")
L 08/12/2014 - 18:05:45: [basecommands.smx] "Console<0><Console><Console>" changed cvar (cvar "bot_hearing_silenced_weapon_sound_reduction") (value "0.75")
L 08/12/2014 - 18:10:19: [SM] Changed map to "panj_hunt"
L 08/12/2014 - 18:10:19: -------- Mapchange to panj_hunt --------
L 08/12/2014 - 18:10:19: [basecommands.smx] "Console<0><Console><Console>" changed cvar (cvar "ins_bot_max_setup_gate_defend_range") (value "5000")
L 08/12/2014 - 18:10:19: [basecommands.smx] "Console<0><Console><Console>" changed cvar (cvar "ins_bot_min_setup_gate_defend_range") (value "800")
L 08/12/2014 - 18:10:19: [basecommands.smx] "Console<0><Console><Console>" changed cvar (cvar "ins_bot_min_setup_gate_sniper_defend_range") (value "400")
L 08/12/2014 - 18:10:19: [basecommands.smx] "Console<0><Console><Console>" changed cvar (cvar "ins_bot_suppress_visible_requirement") (value "0.5")
L 08/12/2014 - 18:10:19: [basecommands.smx] "Console<0><Console><Console>" changed cvar (cvar "ins_bot_suppressing_fire_duration") (value "3.0")
L 08/12/2014 - 18:10:19: [basecommands.smx] "Console<0><Console><Console>" changed cvar (cvar "bot_hearing_flashbang_effect_max_distance") (value "1500")
L 08/12/2014 - 18:10:19: [basecommands.smx] "Console<0><Console><Console>" changed cvar (cvar "bot_hearing_silenced_weapon_sound_reduction") (value "0.75")
L 08/12/2014 - 18:16:34: [SM] Changed map to "contact_hunt"
L 08/12/2014 - 18:16:35: -------- Mapchange to contact_hunt --------
L 08/12/2014 - 18:16:35: [basecommands.smx] "Console<0><Console><Console>" changed cvar (cvar "ins_bot_max_setup_gate_defend_range") (value "5000")
L 08/12/2014 - 18:16:35: [basecommands.smx] "Console<0><Console><Console>" changed cvar (cvar "ins_bot_min_setup_gate_defend_range") (value "800")
L 08/12/2014 - 18:16:35: [basecommands.smx] "Console<0><Console><Console>" changed cvar (cvar "ins_bot_min_setup_gate_sniper_defend_range") (value "400")
L 08/12/2014 - 18:16:35: [basecommands.smx] "Console<0><Console><Console>" changed cvar (cvar "ins_bot_suppress_visible_requirement") (value "0.5")
L 08/12/2014 - 18:16:35: [basecommands.smx] "Console<0><Console><Console>" changed cvar (cvar "ins_bot_suppressing_fire_duration") (value "3.0")
L 08/12/2014 - 18:16:35: [basecommands.smx] "Console<0><Console><Console>" changed cvar (cvar "bot_hearing_flashbang_effect_max_distance") (value "1500")
L 08/12/2014 - 18:16:35: [basecommands.smx] "Console<0><Console><Console>" changed cvar (cvar "bot_hearing_silenced_weapon_sound_reduction") (value "0.75")
L 08/12/2014 - 18:20:12: [SM] Changed map to "sinjar_coop"
L 08/12/2014 - 18:20:12: -------- Mapchange to sinjar_coop --------
L 08/12/2014 - 18:20:12: [basecommands.smx] "Console<0><Console><Console>" changed cvar (cvar "ins_bot_max_setup_gate_defend_range") (value "5000")
L 08/12/2014 - 18:20:12: [basecommands.smx] "Console<0><Console><Console>" changed cvar (cvar "ins_bot_min_setup_gate_defend_range") (value "800")
L 08/12/2014 - 18:20:12: [basecommands.smx] "Console<0><Console><Console>" changed cvar (cvar "ins_bot_min_setup_gate_sniper_defend_range") (value "400")
L 08/12/2014 - 18:20:12: [basecommands.smx] "Console<0><Console><Console>" changed cvar (cvar "ins_bot_suppress_visible_requirement") (value "0.5")
L 08/12/2014 - 18:20:12: [basecommands.smx] "Console<0><Console><Console>" changed cvar (cvar "ins_bot_suppressing_fire_duration") (value "3.0")
L 08/12/2014 - 18:20:12: [basecommands.smx] "Console<0><Console><Console>" changed cvar (cvar "bot_hearing_flashbang_effect_max_distance") (value "1500")
L 08/12/2014 - 18:20:12: [basecommands.smx] "Console<0><Console><Console>" changed cvar (cvar "bot_hearing_silenced_weapon_sound_reduction") (value "0.75")
L 08/12/2014 - 18:51:25: [SM] Changed map to "revolt_coop"
L 08/12/2014 - 18:51:25: -------- Mapchange to revolt_coop --------
L 08/12/2014 - 18:51:25: [basecommands.smx] "Console<0><Console><Console>" changed cvar (cvar "ins_bot_max_setup_gate_defend_range") (value "5000")
L 08/12/2014 - 18:51:25: [basecommands.smx] "Console<0><Console><Console>" changed cvar (cvar "ins_bot_min_setup_gate_defend_range") (value "800")
L 08/12/2014 - 18:51:25: [basecommands.smx] "Console<0><Console><Console>" changed cvar (cvar "ins_bot_min_setup_gate_sniper_defend_range") (value "400")
L 08/12/2014 - 18:51:25: [basecommands.smx] "Console<0><Console><Console>" changed cvar (cvar "ins_bot_suppress_visible_requirement") (value "0.5")
L 08/12/2014 - 18:51:25: [basecommands.smx] "Console<0><Console><Console>" changed cvar (cvar "ins_bot_suppressing_fire_duration") (value "3.0")
L 08/12/2014 - 18:51:25: [basecommands.smx] "Console<0><Console><Console>" changed cvar (cvar "bot_hearing_flashbang_effect_max_distance") (value "1500")
L 08/12/2014 - 18:51:25: [basecommands.smx] "Console<0><Console><Console>" changed cvar (cvar "bot_hearing_silenced_weapon_sound_reduction") (value "0.75")
L 08/12/2014 - 19:10:28: [basechat.smx] "-|TDB|-GEEZER |LMC|<278><STEAM_1:1:10119430><>" triggered sm_csay (text test)
L 08/12/2014 - 19:10:29: [basechat.smx] "-|TDB|-GEEZER |LMC|<278><STEAM_1:1:10119430><>" triggered sm_csay (text test)
L 08/12/2014 - 19:10:40: [basechat.smx] "-|TDB|-GEEZER |LMC|<278><STEAM_1:1:10119430><>" triggered sm_csay (text test)
L 08/12/2014 - 19:10:41: [basechat.smx] "-|TDB|-GEEZER |LMC|<278><STEAM_1:1:10119430><>" triggered sm_csay (text test)
L 08/12/2014 - 19:10:41: [basechat.smx] "-|TDB|-GEEZER |LMC|<278><STEAM_1:1:10119430><>" triggered sm_csay (text test)
L 08/12/2014 - 19:10:42: [basechat.smx] "-|TDB|-GEEZER |LMC|<278><STEAM_1:1:10119430><>" triggered sm_csay (text test)
L 08/12/2014 - 19:10:43: [basechat.smx] "-|TDB|-GEEZER |LMC|<278><STEAM_1:1:10119430><>" triggered sm_csay (text test)
L 08/12/2014 - 19:13:18: [SM] Changed map to "buhriz_coop"
L 08/12/2014 - 19:13:19: -------- Mapchange to buhriz_coop --------
L 08/12/2014 - 19:13:19: [basecommands.smx] "Console<0><Console><Console>" changed cvar (cvar "ins_bot_max_setup_gate_defend_range") (value "5000")
L 08/12/2014 - 19:13:19: [basecommands.smx] "Console<0><Console><Console>" changed cvar (cvar "ins_bot_min_setup_gate_defend_range") (value "800")
L 08/12/2014 - 19:13:19: [basecommands.smx] "Console<0><Console><Console>" changed cvar (cvar "ins_bot_min_setup_gate_sniper_defend_range") (value "400")
L 08/12/2014 - 19:13:19: [basecommands.smx] "Console<0><Console><Console>" changed cvar (cvar "ins_bot_suppress_visible_requirement") (value "0.5")
L 08/12/2014 - 19:13:19: [basecommands.smx] "Console<0><Console><Console>" changed cvar (cvar "ins_bot_suppressing_fire_duration") (value "3.0")
L 08/12/2014 - 19:13:19: [basecommands.smx] "Console<0><Console><Console>" changed cvar (cvar "bot_hearing_flashbang_effect_max_distance") (value "1500")
L 08/12/2014 - 19:13:19: [basecommands.smx] "Console<0><Console><Console>" changed cvar (cvar "bot_hearing_silenced_weapon_sound_reduction") (value "0.75")
L 08/12/2014 - 19:29:44: [SM] Changed map to "market_coop"
L 08/12/2014 - 19:29:45: -------- Mapchange to market_coop --------
L 08/12/2014 - 19:29:45: [basecommands.smx] "Console<0><Console><Console>" changed cvar (cvar "ins_bot_max_setup_gate_defend_range") (value "5000")
L 08/12/2014 - 19:29:45: [basecommands.smx] "Console<0><Console><Console>" changed cvar (cvar "ins_bot_min_setup_gate_defend_range") (value "800")
L 08/12/2014 - 19:29:45: [basecommands.smx] "Console<0><Console><Console>" changed cvar (cvar "ins_bot_min_setup_gate_sniper_defend_range") (value "400")
L 08/12/2014 - 19:29:45: [basecommands.smx] "Console<0><Console><Console>" changed cvar (cvar "ins_bot_suppress_visible_requirement") (value "0.5")
L 08/12/2014 - 19:29:45: [basecommands.smx] "Console<0><Console><Console>" changed cvar (cvar "ins_bot_suppressing_fire_duration") (value "3.0")
L 08/12/2014 - 19:29:45: [basecommands.smx] "Console<0><Console><Console>" changed cvar (cvar "bot_hearing_flashbang_effect_max_distance") (value "1500")
L 08/12/2014 - 19:29:45: [basecommands.smx] "Console<0><Console><Console>" changed cvar (cvar "bot_hearing_silenced_weapon_sound_reduction") (value "0.75")
L 08/12/2014 - 19:49:38: [SM] Changed map to "heights_coop"
L 08/12/2014 - 19:49:38: -------- Mapchange to heights_coop --------
L 08/12/2014 - 19:49:38: [basecommands.smx] "Console<0><Console><Console>" changed cvar (cvar "ins_bot_max_setup_gate_defend_range") (value "5000")
L 08/12/2014 - 19:49:38: [basecommands.smx] "Console<0><Console><Console>" changed cvar (cvar "ins_bot_min_setup_gate_defend_range") (value "800")
L 08/12/2014 - 19:49:38: [basecommands.smx] "Console<0><Console><Console>" changed cvar (cvar "ins_bot_min_setup_gate_sniper_defend_range") (value "400")
L 08/12/2014 - 19:49:38: [basecommands.smx] "Console<0><Console><Console>" changed cvar (cvar "ins_bot_suppress_visible_requirement") (value "0.5")
L 08/12/2014 - 19:49:38: [basecommands.smx] "Console<0><Console><Console>" changed cvar (cvar "ins_bot_suppressing_fire_duration") (value "3.0")
L 08/12/2014 - 19:49:38: [basecommands.smx] "Console<0><Console><Console>" changed cvar (cvar "bot_hearing_flashbang_effect_max_distance") (value "1500")
L 08/12/2014 - 19:49:38: [basecommands.smx] "Console<0><Console><Console>" changed cvar (cvar "bot_hearing_silenced_weapon_sound_reduction") (value "0.75")
L 08/12/2014 - 20:13:50: [SM] Changed map to "contact_coop"
L 08/12/2014 - 20:13:50: -------- Mapchange to contact_coop --------
L 08/12/2014 - 20:13:50: [basecommands.smx] "Console<0><Console><Console>" changed cvar (cvar "ins_bot_max_setup_gate_defend_range") (value "5000")
L 08/12/2014 - 20:13:50: [basecommands.smx] "Console<0><Console><Console>" changed cvar (cvar "ins_bot_min_setup_gate_defend_range") (value "800")
L 08/12/2014 - 20:13:50: [basecommands.smx] "Console<0><Console><Console>" changed cvar (cvar "ins_bot_min_setup_gate_sniper_defend_range") (value "400")
L 08/12/2014 - 20:13:50: [basecommands.smx] "Console<0><Console><Console>" changed cvar (cvar "ins_bot_suppress_visible_requirement") (value "0.5")
L 08/12/2014 - 20:13:50: [basecommands.smx] "Console<0><Console><Console>" changed cvar (cvar "ins_bot_suppressing_fire_duration") (value "3.0")
L 08/12/2014 - 20:13:50: [basecommands.smx] "Console<0><Console><Console>" changed cvar (cvar "bot_hearing_flashbang_effect_max_distance") (value "1500")
L 08/12/2014 - 20:13:50: [basecommands.smx] "Console<0><Console><Console>" changed cvar (cvar "bot_hearing_silenced_weapon_sound_reduction") (value "0.75")
L 08/12/2014 - 20:32:55: [SM] Changed map to "district_coop"
L 08/12/2014 - 20:32:56: -------- Mapchange to district_coop --------
L 08/12/2014 - 20:32:56: [basecommands.smx] "Console<0><Console><Console>" changed cvar (cvar "ins_bot_max_setup_gate_defend_range") (value "5000")
L 08/12/2014 - 20:32:56: [basecommands.smx] "Console<0><Console><Console>" changed cvar (cvar "ins_bot_min_setup_gate_defend_range") (value "800")
L 08/12/2014 - 20:32:56: [basecommands.smx] "Console<0><Console><Console>" changed cvar (cvar "ins_bot_min_setup_gate_sniper_defend_range") (value "400")
L 08/12/2014 - 20:32:56: [basecommands.smx] "Console<0><Console><Console>" changed cvar (cvar "ins_bot_suppress_visible_requirement") (value "0.5")
L 08/12/2014 - 20:32:56: [basecommands.smx] "Console<0><Console><Console>" changed cvar (cvar "ins_bot_suppressing_fire_duration") (value "3.0")
L 08/12/2014 - 20:32:56: [basecommands.smx] "Console<0><Console><Console>" changed cvar (cvar "bot_hearing_flashbang_effect_max_distance") (value "1500")
L 08/12/2014 - 20:32:56: [basecommands.smx] "Console<0><Console><Console>" changed cvar (cvar "bot_hearing_silenced_weapon_sound_reduction") (value "0.75")
L 08/12/2014 - 20:50:45: [SM] Changed map to "ministry_coop"
L 08/12/2014 - 20:50:46: -------- Mapchange to ministry_coop --------
L 08/12/2014 - 20:50:46: [basecommands.smx] "Console<0><Console><Console>" changed cvar (cvar "ins_bot_max_setup_gate_defend_range") (value "5000")
L 08/12/2014 - 20:50:46: [basecommands.smx] "Console<0><Console><Console>" changed cvar (cvar "ins_bot_min_setup_gate_defend_range") (value "800")
L 08/12/2014 - 20:50:46: [basecommands.smx] "Console<0><Console><Console>" changed cvar (cvar "ins_bot_min_setup_gate_sniper_defend_range") (value "400")
L 08/12/2014 - 20:50:46: [basecommands.smx] "Console<0><Console><Console>" changed cvar (cvar "ins_bot_suppress_visible_requirement") (value "0.5")
L 08/12/2014 - 20:50:46: [basecommands.smx] "Console<0><Console><Console>" changed cvar (cvar "ins_bot_suppressing_fire_duration") (value "3.0")
L 08/12/2014 - 20:50:46: [basecommands.smx] "Console<0><Console><Console>" changed cvar (cvar "bot_hearing_flashbang_effect_max_distance") (value "1500")
L 08/12/2014 - 20:50:46: [basecommands.smx] "Console<0><Console><Console>" changed cvar (cvar "bot_hearing_silenced_weapon_sound_reduction") (value "0.75")
L 08/12/2014 - 21:03:44: [SM] Changed map to "siege_coop"
L 08/12/2014 - 21:03:45: -------- Mapchange to siege_coop --------
L 08/12/2014 - 21:03:45: [basecommands.smx] "Console<0><Console><Console>" changed cvar (cvar "ins_bot_max_setup_gate_defend_range") (value "5000")
L 08/12/2014 - 21:03:45: [basecommands.smx] "Console<0><Console><Console>" changed cvar (cvar "ins_bot_min_setup_gate_defend_range") (value "800")
L 08/12/2014 - 21:03:45: [basecommands.smx] "Console<0><Console><Console>" changed cvar (cvar "ins_bot_min_setup_gate_sniper_defend_range") (value "400")
L 08/12/2014 - 21:03:45: [basecommands.smx] "Console<0><Console><Console>" changed cvar (cvar "ins_bot_suppress_visible_requirement") (value "0.5")
L 08/12/2014 - 21:03:45: [basecommands.smx] "Console<0><Console><Console>" changed cvar (cvar "ins_bot_suppressing_fire_duration") (value "3.0")
L 08/12/2014 - 21:03:45: [basecommands.smx] "Console<0><Console><Console>" changed cvar (cvar "bot_hearing_flashbang_effect_max_distance") (value "1500")
L 08/12/2014 - 21:03:45: [basecommands.smx] "Console<0><Console><Console>" changed cvar (cvar "bot_hearing_silenced_weapon_sound_reduction") (value "0.75")
L 08/12/2014 - 21:17:45: [SM] Changed map to "district_hunt"
L 08/12/2014 - 21:17:46: -------- Mapchange to district_hunt --------
L 08/12/2014 - 21:17:46: [basecommands.smx] "Console<0><Console><Console>" changed cvar (cvar "ins_bot_max_setup_gate_defend_range") (value "5000")
L 08/12/2014 - 21:17:46: [basecommands.smx] "Console<0><Console><Console>" changed cvar (cvar "ins_bot_min_setup_gate_defend_range") (value "800")
L 08/12/2014 - 21:17:46: [basecommands.smx] "Console<0><Console><Console>" changed cvar (cvar "ins_bot_min_setup_gate_sniper_defend_range") (value "400")
L 08/12/2014 - 21:17:46: [basecommands.smx] "Console<0><Console><Console>" changed cvar (cvar "ins_bot_suppress_visible_requirement") (value "0.5")
L 08/12/2014 - 21:17:46: [basecommands.smx] "Console<0><Console><Console>" changed cvar (cvar "ins_bot_suppressing_fire_duration") (value "3.0")
L 08/12/2014 - 21:17:46: [basecommands.smx] "Console<0><Console><Console>" changed cvar (cvar "bot_hearing_flashbang_effect_max_distance") (value "1500")
L 08/12/2014 - 21:17:46: [basecommands.smx] "Console<0><Console><Console>" changed cvar (cvar "bot_hearing_silenced_weapon_sound_reduction") (value "0.75")
L 08/12/2014 - 21:27:51: [SM] Changed map to "heights_hunt"
L 08/12/2014 - 21:27:51: -------- Mapchange to heights_hunt --------
L 08/12/2014 - 21:27:51: [basecommands.smx] "Console<0><Console><Console>" changed cvar (cvar "ins_bot_max_setup_gate_defend_range") (value "5000")
L 08/12/2014 - 21:27:51: [basecommands.smx] "Console<0><Console><Console>" changed cvar (cvar "ins_bot_min_setup_gate_defend_range") (value "800")
L 08/12/2014 - 21:27:51: [basecommands.smx] "Console<0><Console><Console>" changed cvar (cvar "ins_bot_min_setup_gate_sniper_defend_range") (value "400")
L 08/12/2014 - 21:27:51: [basecommands.smx] "Console<0><Console><Console>" changed cvar (cvar "ins_bot_suppress_visible_requirement") (value "0.5")
L 08/12/2014 - 21:27:51: [basecommands.smx] "Console<0><Console><Console>" changed cvar (cvar "ins_bot_suppressing_fire_duration") (value "3.0")
L 08/12/2014 - 21:27:51: [basecommands.smx] "Console<0><Console><Console>" changed cvar (cvar "bot_hearing_flashbang_effect_max_distance") (value "1500")
L 08/12/2014 - 21:27:51: [basecommands.smx] "Console<0><Console><Console>" changed cvar (cvar "bot_hearing_silenced_weapon_sound_reduction") (value "0.75")
L 08/12/2014 - 21:35:05: [SM] Changed map to "ministry_hunt"
L 08/12/2014 - 21:35:06: -------- Mapchange to ministry_hunt --------
L 08/12/2014 - 21:35:06: [basecommands.smx] "Console<0><Console><Console>" changed cvar (cvar "ins_bot_max_setup_gate_defend_range") (value "5000")
L 08/12/2014 - 21:35:06: [basecommands.smx] "Console<0><Console><Console>" changed cvar (cvar "ins_bot_min_setup_gate_defend_range") (value "800")
L 08/12/2014 - 21:35:06: [basecommands.smx] "Console<0><Console><Console>" changed cvar (cvar "ins_bot_min_setup_gate_sniper_defend_range") (value "400")
L 08/12/2014 - 21:35:06: [basecommands.smx] "Console<0><Console><Console>" changed cvar (cvar "ins_bot_suppress_visible_requirement") (value "0.5")
L 08/12/2014 - 21:35:06: [basecommands.smx] "Console<0><Console><Console>" changed cvar (cvar "ins_bot_suppressing_fire_duration") (value "3.0")
L 08/12/2014 - 21:35:06: [basecommands.smx] "Console<0><Console><Console>" changed cvar (cvar "bot_hearing_flashbang_effect_max_distance") (value "1500")
L 08/12/2014 - 21:35:06: [basecommands.smx] "Console<0><Console><Console>" changed cvar (cvar "bot_hearing_silenced_weapon_sound_reduction") (value "0.75")
L 08/12/2014 - 21:39:11: [SM] Changed map to "uprising_hunt"
L 08/12/2014 - 21:39:11: -------- Mapchange to uprising_hunt --------
L 08/12/2014 - 21:39:11: [basecommands.smx] "Console<0><Console><Console>" changed cvar (cvar "ins_bot_max_setup_gate_defend_range") (value "5000")
L 08/12/2014 - 21:39:11: [basecommands.smx] "Console<0><Console><Console>" changed cvar (cvar "ins_bot_min_setup_gate_defend_range") (value "800")
L 08/12/2014 - 21:39:11: [basecommands.smx] "Console<0><Console><Console>" changed cvar (cvar "ins_bot_min_setup_gate_sniper_defend_range") (value "400")
L 08/12/2014 - 21:39:11: [basecommands.smx] "Console<0><Console><Console>" changed cvar (cvar "ins_bot_suppress_visible_requirement") (value "0.5")
L 08/12/2014 - 21:39:11: [basecommands.smx] "Console<0><Console><Console>" changed cvar (cvar "ins_bot_suppressing_fire_duration") (value "3.0")
L 08/12/2014 - 21:39:11: [basecommands.smx] "Console<0><Console><Console>" changed cvar (cvar "bot_hearing_flashbang_effect_max_distance") (value "1500")
L 08/12/2014 - 21:39:11: [basecommands.smx] "Console<0><Console><Console>" changed cvar (cvar "bot_hearing_silenced_weapon_sound_reduction") (value "0.75")
L 08/12/2014 - 21:45:31: Log file closed.
L 08/12/2014 - 21:45:37: SourceMod log file session started (file "L20140812.log") (Version "1.6.0")
L 08/12/2014 - 21:45:37: -------- Mapchange to ministry_coop --------
L 08/12/2014 - 21:45:37: [basecommands.smx] "Console<0><Console><Console>" changed cvar (cvar "ins_bot_max_setup_gate_defend_range") (value "5000")
L 08/12/2014 - 21:45:37: [basecommands.smx] "Console<0><Console><Console>" changed cvar (cvar "ins_bot_min_setup_gate_defend_range") (value "800")
L 08/12/2014 - 21:45:37: [basecommands.smx] "Console<0><Console><Console>" changed cvar (cvar "ins_bot_min_setup_gate_sniper_defend_range") (value "400")
L 08/12/2014 - 21:45:37: [basecommands.smx] "Console<0><Console><Console>" changed cvar (cvar "ins_bot_suppress_visible_requirement") (value "0.5")
L 08/12/2014 - 21:45:37: [basecommands.smx] "Console<0><Console><Console>" changed cvar (cvar "ins_bot_suppressing_fire_duration") (value "3.0")
L 08/12/2014 - 21:45:37: [basecommands.smx] "Console<0><Console><Console>" changed cvar (cvar "bot_hearing_flashbang_effect_max_distance") (value "1500")
L 08/12/2014 - 21:45:37: [basecommands.smx] "Console<0><Console><Console>" changed cvar (cvar "bot_hearing_silenced_weapon_sound_reduction") (value "0.75")
L 08/12/2014 - 22:13:02: [SM] Changed map to "siege_coop"
L 08/12/2014 - 22:13:02: -------- Mapchange to siege_coop --------
L 08/12/2014 - 22:13:02: [basecommands.smx] "Console<0><Console><Console>" changed cvar (cvar "ins_bot_max_setup_gate_defend_range") (value "5000")
L 08/12/2014 - 22:13:02: [basecommands.smx] "Console<0><Console><Console>" changed cvar (cvar "ins_bot_min_setup_gate_defend_range") (value "800")
L 08/12/2014 - 22:13:02: [basecommands.smx] "Console<0><Console><Console>" changed cvar (cvar "ins_bot_min_setup_gate_sniper_defend_range") (value "400")
L 08/12/2014 - 22:13:02: [basecommands.smx] "Console<0><Console><Console>" changed cvar (cvar "ins_bot_suppress_visible_requirement") (value "0.5")
L 08/12/2014 - 22:13:02: [basecommands.smx] "Console<0><Console><Console>" changed cvar (cvar "ins_bot_suppressing_fire_duration") (value "3.0")
L 08/12/2014 - 22:13:02: [basecommands.smx] "Console<0><Console><Console>" changed cvar (cvar "bot_hearing_flashbang_effect_max_distance") (value "1500")
L 08/12/2014 - 22:13:02: [basecommands.smx] "Console<0><Console><Console>" changed cvar (cvar "bot_hearing_silenced_weapon_sound_reduction") (value "0.75")
L 08/12/2014 - 22:35:22: [SM] Changed map to "district_hunt"
L 08/12/2014 - 22:35:23: -------- Mapchange to district_hunt --------
L 08/12/2014 - 22:35:23: [basecommands.smx] "Console<0><Console><Console>" changed cvar (cvar "ins_bot_max_setup_gate_defend_range") (value "5000")
L 08/12/2014 - 22:35:23: [basecommands.smx] "Console<0><Console><Console>" changed cvar (cvar "ins_bot_min_setup_gate_defend_range") (value "800")
L 08/12/2014 - 22:35:23: [basecommands.smx] "Console<0><Console><Console>" changed cvar (cvar "ins_bot_min_setup_gate_sniper_defend_range") (value "400")
L 08/12/2014 - 22:35:23: [basecommands.smx] "Console<0><Console><Console>" changed cvar (cvar "ins_bot_suppress_visible_requirement") (value "0.5")
L 08/12/2014 - 22:35:23: [basecommands.smx] "Console<0><Console><Console>" changed cvar (cvar "ins_bot_suppressing_fire_duration") (value "3.0")
L 08/12/2014 - 22:35:23: [basecommands.smx] "Console<0><Console><Console>" changed cvar (cvar "bot_hearing_flashbang_effect_max_distance") (value "1500")
L 08/12/2014 - 22:35:23: [basecommands.smx] "Console<0><Console><Console>" changed cvar (cvar "bot_hearing_silenced_weapon_sound_reduction") (value "0.75")
L 08/12/2014 - 22:52:02: [SM] Changed map to "heights_hunt"
L 08/12/2014 - 22:52:02: -------- Mapchange to heights_hunt --------
L 08/12/2014 - 22:52:02: [basecommands.smx] "Console<0><Console><Console>" changed cvar (cvar "ins_bot_max_setup_gate_defend_range") (value "5000")
L 08/12/2014 - 22:52:02: [basecommands.smx] "Console<0><Console><Console>" changed cvar (cvar "ins_bot_min_setup_gate_defend_range") (value "800")
L 08/12/2014 - 22:52:02: [basecommands.smx] "Console<0><Console><Console>" changed cvar (cvar "ins_bot_min_setup_gate_sniper_defend_range") (value "400")
L 08/12/2014 - 22:52:02: [basecommands.smx] "Console<0><Console><Console>" changed cvar (cvar "ins_bot_suppress_visible_requirement") (value "0.5")
L 08/12/2014 - 22:52:02: [basecommands.smx] "Console<0><Console><Console>" changed cvar (cvar "ins_bot_suppressing_fire_duration") (value "3.0")
L 08/12/2014 - 22:52:02: [basecommands.smx] "Console<0><Console><Console>" changed cvar (cvar "bot_hearing_flashbang_effect_max_distance") (value "1500")
L 08/12/2014 - 22:52:02: [basecommands.smx] "Console<0><Console><Console>" changed cvar (cvar "bot_hearing_silenced_weapon_sound_reduction") (value "0.75")
L 08/12/2014 - 23:03:27: Log file closed.
L 08/12/2014 - 23:03:36: SourceMod log file session started (file "L20140812.log") (Version "1.6.0")
L 08/12/2014 - 23:03:36: -------- Mapchange to ministry_coop --------
L 08/12/2014 - 23:03:36: [basecommands.smx] "Console<0><Console><Console>" changed cvar (cvar "ins_bot_max_setup_gate_defend_range") (value "5000")
L 08/12/2014 - 23:03:36: [basecommands.smx] "Console<0><Console><Console>" changed cvar (cvar "ins_bot_min_setup_gate_defend_range") (value "800")
L 08/12/2014 - 23:03:36: [basecommands.smx] "Console<0><Console><Console>" changed cvar (cvar "ins_bot_min_setup_gate_sniper_defend_range") (value "400")
L 08/12/2014 - 23:03:36: [basecommands.smx] "Console<0><Console><Console>" changed cvar (cvar "ins_bot_suppress_visible_requirement") (value "0.5")
L 08/12/2014 - 23:03:36: [basecommands.smx] "Console<0><Console><Console>" changed cvar (cvar "ins_bot_suppressing_fire_duration") (value "3.0")
L 08/12/2014 - 23:03:36: [basecommands.smx] "Console<0><Console><Console>" changed cvar (cvar "bot_hearing_flashbang_effect_max_distance") (value "1500")
L 08/12/2014 - 23:03:36: [basecommands.smx] "Console<0><Console><Console>" changed cvar (cvar "bot_hearing_silenced_weapon_sound_reduction") (value "0.75")
L 08/12/2014 - 23:24:30: [SM] Changed map to "siege_coop"
L 08/12/2014 - 23:24:31: -------- Mapchange to siege_coop --------
L 08/12/2014 - 23:24:31: [basecommands.smx] "Console<0><Console><Console>" changed cvar (cvar "ins_bot_max_setup_gate_defend_range") (value "5000")
L 08/12/2014 - 23:24:31: [basecommands.smx] "Console<0><Console><Console>" changed cvar (cvar "ins_bot_min_setup_gate_defend_range") (value "800")
L 08/12/2014 - 23:24:31: [basecommands.smx] "Console<0><Console><Console>" changed cvar (cvar "ins_bot_min_setup_gate_sniper_defend_range") (value "400")
L 08/12/2014 - 23:24:31: [basecommands.smx] "Console<0><Console><Console>" changed cvar (cvar "ins_bot_suppress_visible_requirement") (value "0.5")
L 08/12/2014 - 23:24:31: [basecommands.smx] "Console<0><Console><Console>" changed cvar (cvar "ins_bot_suppressing_fire_duration") (value "3.0")
L 08/12/2014 - 23:24:31: [basecommands.smx] "Console<0><Console><Console>" changed cvar (cvar "bot_hearing_flashbang_effect_max_distance") (value "1500")
L 08/12/2014 - 23:24:31: [basecommands.smx] "Console<0><Console><Console>" changed cvar (cvar "bot_hearing_silenced_weapon_sound_reduction") (value "0.75")
L 08/12/2014 - 23:52:22: [SM] Changed map to "district_hunt"
L 08/12/2014 - 23:52:23: -------- Mapchange to district_hunt --------
L 08/12/2014 - 23:52:23: [basecommands.smx] "Console<0><Console><Console>" changed cvar (cvar "ins_bot_max_setup_gate_defend_range") (value "5000")
L 08/12/2014 - 23:52:23: [basecommands.smx] "Console<0><Console><Console>" changed cvar (cvar "ins_bot_min_setup_gate_defend_range") (value "800")
L 08/12/2014 - 23:52:23: [basecommands.smx] "Console<0><Console><Console>" changed cvar (cvar "ins_bot_min_setup_gate_sniper_defend_range") (value "400")
L 08/12/2014 - 23:52:23: [basecommands.smx] "Console<0><Console><Console>" changed cvar (cvar "ins_bot_suppress_visible_requirement") (value "0.5")
L 08/12/2014 - 23:52:23: [basecommands.smx] "Console<0><Console><Console>" changed cvar (cvar "ins_bot_suppressing_fire_duration") (value "3.0")
L 08/12/2014 - 23:52:23: [basecommands.smx] "Console<0><Console><Console>" changed cvar (cvar "bot_hearing_flashbang_effect_max_distance") (value "1500")
L 08/12/2014 - 23:52:23: [basecommands.smx] "Console<0><Console><Console>" changed cvar (cvar "bot_hearing_silenced_weapon_sound_reduction") (value "0.75")
L 08/12/2014 - 23:58:13: [SM] Changed map to "heights_hunt"
L 08/12/2014 - 23:58:13: -------- Mapchange to heights_hunt --------
L 08/12/2014 - 23:58:13: [basecommands.smx] "Console<0><Console><Console>" changed cvar (cvar "ins_bot_max_setup_gate_defend_range") (value "5000")
L 08/12/2014 - 23:58:13: [basecommands.smx] "Console<0><Console><Console>" changed cvar (cvar "ins_bot_min_setup_gate_defend_range") (value "800")
L 08/12/2014 - 23:58:13: [basecommands.smx] "Console<0><Console><Console>" changed cvar (cvar "ins_bot_min_setup_gate_sniper_defend_range") (value "400")
L 08/12/2014 - 23:58:13: [basecommands.smx] "Console<0><Console><Console>" changed cvar (cvar "ins_bot_suppress_visible_requirement") (value "0.5")
L 08/12/2014 - 23:58:13: [basecommands.smx] "Console<0><Console><Console>" changed cvar (cvar "ins_bot_suppressing_fire_duration") (value "3.0")
L 08/12/2014 - 23:58:13: [basecommands.smx] "Console<0><Console><Console>" changed cvar (cvar "bot_hearing_flashbang_effect_max_distance") (value "1500")
L 08/12/2014 - 23:58:13: [basecommands.smx] "Console<0><Console><Console>" changed cvar (cvar "bot_hearing_silenced_weapon_sound_reduction") (value "0.75")
