L 08/08/2014 - 00:04:56: SourceMod log file session started (file "L20140808.log") (Version "1.6.0")
L 08/08/2014 - 00:04:56: [SM] Changed map to "contact_hunt"
L 08/08/2014 - 00:05:03: SourceMod log file session started (file "L20140808.log") (Version "1.6.0")
L 08/08/2014 - 00:05:03: -------- Mapchange to ministry_coop --------
L 08/08/2014 - 00:05:03: [basecommands.smx] "Console<0><Console><Console>" changed cvar (cvar "ins_bot_max_setup_gate_defend_range") (value "3000")
L 08/08/2014 - 00:05:03: [basecommands.smx] "Console<0><Console><Console>" changed cvar (cvar "ins_bot_min_setup_gate_defend_range") (value "500")
L 08/08/2014 - 00:05:03: [basecommands.smx] "Console<0><Console><Console>" changed cvar (cvar "ins_bot_min_setup_gate_sniper_defend_range") (value "100")
L 08/08/2014 - 00:05:03: [basecommands.smx] "Console<0><Console><Console>" changed cvar (cvar "ins_bot_suppressing_fire_duration") (value "3.0")
L 08/08/2014 - 00:05:03: [basecommands.smx] "Console<0><Console><Console>" changed cvar (cvar "bot_hearing_flashbang_effect_max_distance") (value "1500")
L 08/08/2014 - 00:05:03: [basecommands.smx] "Console<0><Console><Console>" changed cvar (cvar "bot_hearing_silenced_weapon_sound_reduction") (value "0.75")
L 08/08/2014 - 00:20:05: [SM] Changed map to "siege_coop"
L 08/08/2014 - 00:20:05: -------- Mapchange to siege_coop --------
L 08/08/2014 - 00:20:05: [basecommands.smx] "Console<0><Console><Console>" changed cvar (cvar "ins_bot_max_setup_gate_defend_range") (value "3000")
L 08/08/2014 - 00:20:05: [basecommands.smx] "Console<0><Console><Console>" changed cvar (cvar "ins_bot_min_setup_gate_defend_range") (value "500")
L 08/08/2014 - 00:20:05: [basecommands.smx] "Console<0><Console><Console>" changed cvar (cvar "ins_bot_min_setup_gate_sniper_defend_range") (value "100")
L 08/08/2014 - 00:20:05: [basecommands.smx] "Console<0><Console><Console>" changed cvar (cvar "ins_bot_suppressing_fire_duration") (value "3.0")
L 08/08/2014 - 00:20:05: [basecommands.smx] "Console<0><Console><Console>" changed cvar (cvar "bot_hearing_flashbang_effect_max_distance") (value "1500")
L 08/08/2014 - 00:20:05: [basecommands.smx] "Console<0><Console><Console>" changed cvar (cvar "bot_hearing_silenced_weapon_sound_reduction") (value "0.75")
L 08/08/2014 - 00:41:05: [SM] Changed map to "district_hunt"
L 08/08/2014 - 00:41:05: -------- Mapchange to district_hunt --------
L 08/08/2014 - 00:41:05: [basecommands.smx] "Console<0><Console><Console>" changed cvar (cvar "ins_bot_max_setup_gate_defend_range") (value "3000")
L 08/08/2014 - 00:41:05: [basecommands.smx] "Console<0><Console><Console>" changed cvar (cvar "ins_bot_min_setup_gate_defend_range") (value "500")
L 08/08/2014 - 00:41:05: [basecommands.smx] "Console<0><Console><Console>" changed cvar (cvar "ins_bot_min_setup_gate_sniper_defend_range") (value "100")
L 08/08/2014 - 00:41:05: [basecommands.smx] "Console<0><Console><Console>" changed cvar (cvar "ins_bot_suppressing_fire_duration") (value "3.0")
L 08/08/2014 - 00:41:05: [basecommands.smx] "Console<0><Console><Console>" changed cvar (cvar "bot_hearing_flashbang_effect_max_distance") (value "1500")
L 08/08/2014 - 00:41:05: [basecommands.smx] "Console<0><Console><Console>" changed cvar (cvar "bot_hearing_silenced_weapon_sound_reduction") (value "0.75")
L 08/08/2014 - 00:51:48: [SM] Changed map to "heights_hunt"
L 08/08/2014 - 00:51:49: -------- Mapchange to heights_hunt --------
L 08/08/2014 - 00:51:49: [basecommands.smx] "Console<0><Console><Console>" changed cvar (cvar "ins_bot_max_setup_gate_defend_range") (value "3000")
L 08/08/2014 - 00:51:49: [basecommands.smx] "Console<0><Console><Console>" changed cvar (cvar "ins_bot_min_setup_gate_defend_range") (value "500")
L 08/08/2014 - 00:51:49: [basecommands.smx] "Console<0><Console><Console>" changed cvar (cvar "ins_bot_min_setup_gate_sniper_defend_range") (value "100")
L 08/08/2014 - 00:51:49: [basecommands.smx] "Console<0><Console><Console>" changed cvar (cvar "ins_bot_suppressing_fire_duration") (value "3.0")
L 08/08/2014 - 00:51:49: [basecommands.smx] "Console<0><Console><Console>" changed cvar (cvar "bot_hearing_flashbang_effect_max_distance") (value "1500")
L 08/08/2014 - 00:51:49: [basecommands.smx] "Console<0><Console><Console>" changed cvar (cvar "bot_hearing_silenced_weapon_sound_reduction") (value "0.75")
L 08/08/2014 - 00:59:34: [SM] Changed map to "ministry_hunt"
L 08/08/2014 - 01:00:03: SourceMod log file session started (file "L20140808.log") (Version "1.6.0")
L 08/08/2014 - 01:00:03: -------- Mapchange to ministry_coop --------
L 08/08/2014 - 01:00:03: [basecommands.smx] "Console<0><Console><Console>" changed cvar (cvar "ins_bot_max_setup_gate_defend_range") (value "3000")
L 08/08/2014 - 01:00:03: [basecommands.smx] "Console<0><Console><Console>" changed cvar (cvar "ins_bot_min_setup_gate_defend_range") (value "500")
L 08/08/2014 - 01:00:03: [basecommands.smx] "Console<0><Console><Console>" changed cvar (cvar "ins_bot_min_setup_gate_sniper_defend_range") (value "100")
L 08/08/2014 - 01:00:03: [basecommands.smx] "Console<0><Console><Console>" changed cvar (cvar "ins_bot_suppressing_fire_duration") (value "3.0")
L 08/08/2014 - 01:00:03: [basecommands.smx] "Console<0><Console><Console>" changed cvar (cvar "bot_hearing_flashbang_effect_max_distance") (value "1500")
L 08/08/2014 - 01:00:03: [basecommands.smx] "Console<0><Console><Console>" changed cvar (cvar "bot_hearing_silenced_weapon_sound_reduction") (value "0.75")
L 08/08/2014 - 01:20:49: [SM] Changed map to "siege_coop"
L 08/08/2014 - 01:20:50: -------- Mapchange to siege_coop --------
L 08/08/2014 - 01:20:50: [basecommands.smx] "Console<0><Console><Console>" changed cvar (cvar "ins_bot_max_setup_gate_defend_range") (value "3000")
L 08/08/2014 - 01:20:50: [basecommands.smx] "Console<0><Console><Console>" changed cvar (cvar "ins_bot_min_setup_gate_defend_range") (value "500")
L 08/08/2014 - 01:20:50: [basecommands.smx] "Console<0><Console><Console>" changed cvar (cvar "ins_bot_min_setup_gate_sniper_defend_range") (value "100")
L 08/08/2014 - 01:20:50: [basecommands.smx] "Console<0><Console><Console>" changed cvar (cvar "ins_bot_suppressing_fire_duration") (value "3.0")
L 08/08/2014 - 01:20:50: [basecommands.smx] "Console<0><Console><Console>" changed cvar (cvar "bot_hearing_flashbang_effect_max_distance") (value "1500")
L 08/08/2014 - 01:20:50: [basecommands.smx] "Console<0><Console><Console>" changed cvar (cvar "bot_hearing_silenced_weapon_sound_reduction") (value "0.75")
L 08/08/2014 - 01:38:28: [SM] Changed map to "district_hunt"
L 08/08/2014 - 01:38:29: -------- Mapchange to district_hunt --------
L 08/08/2014 - 01:38:29: [basecommands.smx] "Console<0><Console><Console>" changed cvar (cvar "ins_bot_max_setup_gate_defend_range") (value "3000")
L 08/08/2014 - 01:38:29: [basecommands.smx] "Console<0><Console><Console>" changed cvar (cvar "ins_bot_min_setup_gate_defend_range") (value "500")
L 08/08/2014 - 01:38:29: [basecommands.smx] "Console<0><Console><Console>" changed cvar (cvar "ins_bot_min_setup_gate_sniper_defend_range") (value "100")
L 08/08/2014 - 01:38:29: [basecommands.smx] "Console<0><Console><Console>" changed cvar (cvar "ins_bot_suppressing_fire_duration") (value "3.0")
L 08/08/2014 - 01:38:29: [basecommands.smx] "Console<0><Console><Console>" changed cvar (cvar "bot_hearing_flashbang_effect_max_distance") (value "1500")
L 08/08/2014 - 01:38:29: [basecommands.smx] "Console<0><Console><Console>" changed cvar (cvar "bot_hearing_silenced_weapon_sound_reduction") (value "0.75")
L 08/08/2014 - 01:47:22: [SM] Changed map to "heights_hunt"
L 08/08/2014 - 01:47:22: -------- Mapchange to heights_hunt --------
L 08/08/2014 - 01:47:22: [basecommands.smx] "Console<0><Console><Console>" changed cvar (cvar "ins_bot_max_setup_gate_defend_range") (value "3000")
L 08/08/2014 - 01:47:22: [basecommands.smx] "Console<0><Console><Console>" changed cvar (cvar "ins_bot_min_setup_gate_defend_range") (value "500")
L 08/08/2014 - 01:47:22: [basecommands.smx] "Console<0><Console><Console>" changed cvar (cvar "ins_bot_min_setup_gate_sniper_defend_range") (value "100")
L 08/08/2014 - 01:47:22: [basecommands.smx] "Console<0><Console><Console>" changed cvar (cvar "ins_bot_suppressing_fire_duration") (value "3.0")
L 08/08/2014 - 01:47:22: [basecommands.smx] "Console<0><Console><Console>" changed cvar (cvar "bot_hearing_flashbang_effect_max_distance") (value "1500")
L 08/08/2014 - 01:47:22: [basecommands.smx] "Console<0><Console><Console>" changed cvar (cvar "bot_hearing_silenced_weapon_sound_reduction") (value "0.75")
L 08/08/2014 - 01:57:33: [SM] Changed map to "ministry_hunt"
L 08/08/2014 - 01:57:34: -------- Mapchange to ministry_hunt --------
L 08/08/2014 - 01:57:34: [basecommands.smx] "Console<0><Console><Console>" changed cvar (cvar "ins_bot_max_setup_gate_defend_range") (value "3000")
L 08/08/2014 - 01:57:34: [basecommands.smx] "Console<0><Console><Console>" changed cvar (cvar "ins_bot_min_setup_gate_defend_range") (value "500")
L 08/08/2014 - 01:57:34: [basecommands.smx] "Console<0><Console><Console>" changed cvar (cvar "ins_bot_min_setup_gate_sniper_defend_range") (value "100")
L 08/08/2014 - 01:57:34: [basecommands.smx] "Console<0><Console><Console>" changed cvar (cvar "ins_bot_suppressing_fire_duration") (value "3.0")
L 08/08/2014 - 01:57:34: [basecommands.smx] "Console<0><Console><Console>" changed cvar (cvar "bot_hearing_flashbang_effect_max_distance") (value "1500")
L 08/08/2014 - 01:57:34: [basecommands.smx] "Console<0><Console><Console>" changed cvar (cvar "bot_hearing_silenced_weapon_sound_reduction") (value "0.75")
L 08/08/2014 - 02:04:14: [SM] Changed map to "uprising_hunt"
L 08/08/2014 - 02:04:14: -------- Mapchange to uprising_hunt --------
L 08/08/2014 - 02:04:14: [basecommands.smx] "Console<0><Console><Console>" changed cvar (cvar "ins_bot_max_setup_gate_defend_range") (value "3000")
L 08/08/2014 - 02:04:14: [basecommands.smx] "Console<0><Console><Console>" changed cvar (cvar "ins_bot_min_setup_gate_defend_range") (value "500")
L 08/08/2014 - 02:04:14: [basecommands.smx] "Console<0><Console><Console>" changed cvar (cvar "ins_bot_min_setup_gate_sniper_defend_range") (value "100")
L 08/08/2014 - 02:04:14: [basecommands.smx] "Console<0><Console><Console>" changed cvar (cvar "ins_bot_suppressing_fire_duration") (value "3.0")
L 08/08/2014 - 02:04:14: [basecommands.smx] "Console<0><Console><Console>" changed cvar (cvar "bot_hearing_flashbang_effect_max_distance") (value "1500")
L 08/08/2014 - 02:04:14: [basecommands.smx] "Console<0><Console><Console>" changed cvar (cvar "bot_hearing_silenced_weapon_sound_reduction") (value "0.75")
L 08/08/2014 - 02:29:57: [SM] Changed map to "panj_hunt"
L 08/08/2014 - 02:29:58: -------- Mapchange to panj_hunt --------
L 08/08/2014 - 02:29:58: [basecommands.smx] "Console<0><Console><Console>" changed cvar (cvar "ins_bot_max_setup_gate_defend_range") (value "3000")
L 08/08/2014 - 02:29:58: [basecommands.smx] "Console<0><Console><Console>" changed cvar (cvar "ins_bot_min_setup_gate_defend_range") (value "500")
L 08/08/2014 - 02:29:58: [basecommands.smx] "Console<0><Console><Console>" changed cvar (cvar "ins_bot_min_setup_gate_sniper_defend_range") (value "100")
L 08/08/2014 - 02:29:58: [basecommands.smx] "Console<0><Console><Console>" changed cvar (cvar "ins_bot_suppressing_fire_duration") (value "3.0")
L 08/08/2014 - 02:29:58: [basecommands.smx] "Console<0><Console><Console>" changed cvar (cvar "bot_hearing_flashbang_effect_max_distance") (value "1500")
L 08/08/2014 - 02:29:58: [basecommands.smx] "Console<0><Console><Console>" changed cvar (cvar "bot_hearing_silenced_weapon_sound_reduction") (value "0.75")
L 08/08/2014 - 03:02:51: [SM] Changed map to "contact_hunt"
L 08/08/2014 - 03:03:03: SourceMod log file session started (file "L20140808.log") (Version "1.6.0")
L 08/08/2014 - 03:03:03: -------- Mapchange to ministry_coop --------
L 08/08/2014 - 03:03:03: [basecommands.smx] "Console<0><Console><Console>" changed cvar (cvar "ins_bot_max_setup_gate_defend_range") (value "3000")
L 08/08/2014 - 03:03:03: [basecommands.smx] "Console<0><Console><Console>" changed cvar (cvar "ins_bot_min_setup_gate_defend_range") (value "500")
L 08/08/2014 - 03:03:03: [basecommands.smx] "Console<0><Console><Console>" changed cvar (cvar "ins_bot_min_setup_gate_sniper_defend_range") (value "100")
L 08/08/2014 - 03:03:03: [basecommands.smx] "Console<0><Console><Console>" changed cvar (cvar "ins_bot_suppressing_fire_duration") (value "3.0")
L 08/08/2014 - 03:03:03: [basecommands.smx] "Console<0><Console><Console>" changed cvar (cvar "bot_hearing_flashbang_effect_max_distance") (value "1500")
L 08/08/2014 - 03:03:03: [basecommands.smx] "Console<0><Console><Console>" changed cvar (cvar "bot_hearing_silenced_weapon_sound_reduction") (value "0.75")
L 08/08/2014 - 03:13:38: [SM] Changed map to "siege_coop"
L 08/08/2014 - 03:13:38: -------- Mapchange to siege_coop --------
L 08/08/2014 - 03:13:38: [basecommands.smx] "Console<0><Console><Console>" changed cvar (cvar "ins_bot_max_setup_gate_defend_range") (value "3000")
L 08/08/2014 - 03:13:38: [basecommands.smx] "Console<0><Console><Console>" changed cvar (cvar "ins_bot_min_setup_gate_defend_range") (value "500")
L 08/08/2014 - 03:13:38: [basecommands.smx] "Console<0><Console><Console>" changed cvar (cvar "ins_bot_min_setup_gate_sniper_defend_range") (value "100")
L 08/08/2014 - 03:13:38: [basecommands.smx] "Console<0><Console><Console>" changed cvar (cvar "ins_bot_suppressing_fire_duration") (value "3.0")
L 08/08/2014 - 03:13:38: [basecommands.smx] "Console<0><Console><Console>" changed cvar (cvar "bot_hearing_flashbang_effect_max_distance") (value "1500")
L 08/08/2014 - 03:13:38: [basecommands.smx] "Console<0><Console><Console>" changed cvar (cvar "bot_hearing_silenced_weapon_sound_reduction") (value "0.75")
L 08/08/2014 - 03:22:53: [ftz_cheats.smx] Bar fyll max<55><STEAM_1:0:88389029><> was prevented from using cheat command: noclip.
L 08/08/2014 - 03:29:27: [basecommands.smx] "Console<0><Console><Console>" changed cvar (cvar "ins_bot_max_setup_gate_defend_range") (value "3000")
L 08/08/2014 - 03:29:27: [basecommands.smx] "Console<0><Console><Console>" changed cvar (cvar "ins_bot_min_setup_gate_defend_range") (value "500")
L 08/08/2014 - 03:29:27: [basecommands.smx] "Console<0><Console><Console>" changed cvar (cvar "ins_bot_min_setup_gate_sniper_defend_range") (value "100")
L 08/08/2014 - 03:29:27: [basecommands.smx] "Console<0><Console><Console>" changed cvar (cvar "ins_bot_suppress_visible_requirement") (value "0.5")
L 08/08/2014 - 03:29:27: [basecommands.smx] "Console<0><Console><Console>" changed cvar (cvar "ins_bot_suppressing_fire_duration") (value "3.0")
L 08/08/2014 - 03:29:27: [basecommands.smx] "Console<0><Console><Console>" changed cvar (cvar "bot_hearing_flashbang_effect_max_distance") (value "1500")
L 08/08/2014 - 03:29:27: [basecommands.smx] "Console<0><Console><Console>" changed cvar (cvar "bot_hearing_silenced_weapon_sound_reduction") (value "0.75")
L 08/08/2014 - 03:32:03: SourceMod log file session started (file "L20140808.log") (Version "1.6.0")
L 08/08/2014 - 03:32:03: -------- Mapchange to ministry_coop --------
L 08/08/2014 - 03:32:03: [basecommands.smx] "Console<0><Console><Console>" changed cvar (cvar "ins_bot_max_setup_gate_defend_range") (value "3000")
L 08/08/2014 - 03:32:03: [basecommands.smx] "Console<0><Console><Console>" changed cvar (cvar "ins_bot_min_setup_gate_defend_range") (value "500")
L 08/08/2014 - 03:32:03: [basecommands.smx] "Console<0><Console><Console>" changed cvar (cvar "ins_bot_min_setup_gate_sniper_defend_range") (value "100")
L 08/08/2014 - 03:32:03: [basecommands.smx] "Console<0><Console><Console>" changed cvar (cvar "ins_bot_suppress_visible_requirement") (value "0.5")
L 08/08/2014 - 03:32:03: [basecommands.smx] "Console<0><Console><Console>" changed cvar (cvar "ins_bot_suppressing_fire_duration") (value "3.0")
L 08/08/2014 - 03:32:03: [basecommands.smx] "Console<0><Console><Console>" changed cvar (cvar "bot_hearing_flashbang_effect_max_distance") (value "1500")
L 08/08/2014 - 03:32:03: [basecommands.smx] "Console<0><Console><Console>" changed cvar (cvar "bot_hearing_silenced_weapon_sound_reduction") (value "0.75")
L 08/08/2014 - 03:32:27: [basecommands.smx] "Console<0><Console><Console>" changed cvar (cvar "ins_bot_max_setup_gate_defend_range") (value "3000")
L 08/08/2014 - 03:32:27: [basecommands.smx] "Console<0><Console><Console>" changed cvar (cvar "ins_bot_min_setup_gate_defend_range") (value "500")
L 08/08/2014 - 03:32:27: [basecommands.smx] "Console<0><Console><Console>" changed cvar (cvar "ins_bot_min_setup_gate_sniper_defend_range") (value "100")
L 08/08/2014 - 03:32:27: [basecommands.smx] "Console<0><Console><Console>" changed cvar (cvar "ins_bot_suppress_visible_requirement") (value "0.5")
L 08/08/2014 - 03:32:27: [basecommands.smx] "Console<0><Console><Console>" changed cvar (cvar "ins_bot_suppressing_fire_duration") (value "3.0")
L 08/08/2014 - 03:32:27: [basecommands.smx] "Console<0><Console><Console>" changed cvar (cvar "bot_hearing_flashbang_effect_max_distance") (value "1500")
L 08/08/2014 - 03:32:27: [basecommands.smx] "Console<0><Console><Console>" changed cvar (cvar "bot_hearing_silenced_weapon_sound_reduction") (value "0.75")
L 08/08/2014 - 03:32:27: [basecommands.smx] "Console<0><Console><Console>" changed cvar (cvar "bot_aim_aimtracking_base") (value "0.2")
L 08/08/2014 - 03:32:27: [basecommands.smx] "Console<0><Console><Console>" changed cvar (cvar "bot_aim_aimtracking_frac_easy") (value "1")
L 08/08/2014 - 03:32:27: [basecommands.smx] "Console<0><Console><Console>" changed cvar (cvar "bot_aim_aimtracking_frac_hard") (value "1")
L 08/08/2014 - 03:32:27: [basecommands.smx] "Console<0><Console><Console>" changed cvar (cvar "bot_aim_aimtracking_frac_impossible") (value "1")
L 08/08/2014 - 03:32:27: [basecommands.smx] "Console<0><Console><Console>" changed cvar (cvar "bot_aim_angularvelocity_base") (value "45")
L 08/08/2014 - 03:32:27: [basecommands.smx] "Console<0><Console><Console>" changed cvar (cvar "bot_aim_angularvelocity_base_ooc") (value "40")
L 08/08/2014 - 03:32:27: [basecommands.smx] "Console<0><Console><Console>" changed cvar (cvar "bot_aim_angularvelocity_frac_easy") (value "1")
L 08/08/2014 - 03:32:27: [basecommands.smx] "Console<0><Console><Console>" changed cvar (cvar "bot_aim_angularvelocity_frac_hard") (value "1")
L 08/08/2014 - 03:32:27: [basecommands.smx] "Console<0><Console><Console>" changed cvar (cvar "bot_aim_angularvelocity_frac_impossible") (value "1")
L 08/08/2014 - 03:32:27: [basecommands.smx] "Console<0><Console><Console>" changed cvar (cvar "bot_aim_attack_aimtolerance_frac_easy") (value "1")
L 08/08/2014 - 03:32:27: [basecommands.smx] "Console<0><Console><Console>" changed cvar (cvar "bot_aim_attack_aimtolerance_frac_hard") (value "1")
L 08/08/2014 - 03:32:27: [basecommands.smx] "Console<0><Console><Console>" changed cvar (cvar "bot_aim_attack_aimtolerance_frac_impossible") (value "1")
L 08/08/2014 - 03:32:27: [basecommands.smx] "Console<0><Console><Console>" changed cvar (cvar "bot_aim_attack_aimtolerance_frac_normal") (value "1")
L 08/08/2014 - 03:32:27: [basecommands.smx] "Console<0><Console><Console>" changed cvar (cvar "bot_attack_aimpenalty_amt_close") (value "70")
L 08/08/2014 - 03:32:27: [basecommands.smx] "Console<0><Console><Console>" changed cvar (cvar "bot_attack_aimpenalty_amt_far") (value "140")
L 08/08/2014 - 03:32:27: [basecommands.smx] "Console<0><Console><Console>" changed cvar (cvar "bot_attack_aimpenalty_amt_frac_easy") (value "2")
L 08/08/2014 - 03:32:27: [basecommands.smx] "Console<0><Console><Console>" changed cvar (cvar "bot_attack_aimpenalty_amt_frac_hard") (value "1")
L 08/08/2014 - 03:32:27: [basecommands.smx] "Console<0><Console><Console>" changed cvar (cvar "bot_attack_aimpenalty_amt_frac_impossible") (value "1")
L 08/08/2014 - 03:32:27: [basecommands.smx] "Console<0><Console><Console>" changed cvar (cvar "bot_attack_aimpenalty_time_close") (value "3")
L 08/08/2014 - 03:32:27: [basecommands.smx] "Console<0><Console><Console>" changed cvar (cvar "bot_attack_aimpenalty_time_far") (value "6")
L 08/08/2014 - 03:32:27: [basecommands.smx] "Console<0><Console><Console>" changed cvar (cvar "bot_attack_aimtolerance_newthreat_amt") (value "6")
L 08/08/2014 - 03:32:27: [basecommands.smx] "Console<0><Console><Console>" changed cvar (cvar "bot_attack_aimtolerance_newthreat_time") (value "3")
L 08/08/2014 - 03:32:27: [basecommands.smx] "Console<0><Console><Console>" changed cvar (cvar "bot_loco_path_max_retreat_length") (value "1280")
L 08/08/2014 - 03:32:27: [basecommands.smx] "Console<0><Console><Console>" changed cvar (cvar "bot_loco_path_minlookahead") (value "120")
L 08/08/2014 - 03:32:27: [basecommands.smx] "Console<0><Console><Console>" changed cvar (cvar "bot_vis_fov_frac_easy") (value "1")
L 08/08/2014 - 03:32:27: [basecommands.smx] "Console<0><Console><Console>" changed cvar (cvar "bot_vis_fov_frac_hard") (value "1")
L 08/08/2014 - 03:32:27: [basecommands.smx] "Console<0><Console><Console>" changed cvar (cvar "bot_vis_fov_frac_impossible") (value "1")
L 08/08/2014 - 03:32:27: [basecommands.smx] "Console<0><Console><Console>" changed cvar (cvar "bot_vis_fov_idle_base") (value "90")
L 08/08/2014 - 03:32:27: [basecommands.smx] "Console<0><Console><Console>" changed cvar (cvar "bot_vis_recognizetime_base") (value "2")
L 08/08/2014 - 03:32:27: [basecommands.smx] "Console<0><Console><Console>" changed cvar (cvar "bot_vis_recognizetime_frac_easy") (value "2")
L 08/08/2014 - 03:32:27: [basecommands.smx] "Console<0><Console><Console>" changed cvar (cvar "bot_vis_recognizetime_frac_hard") (value "1")
L 08/08/2014 - 03:32:27: [basecommands.smx] "Console<0><Console><Console>" changed cvar (cvar "bot_vis_recognizetime_frac_impossible") (value "1")
L 08/08/2014 - 03:32:27: [basecommands.smx] "Console<0><Console><Console>" changed cvar (cvar "ins_bot_knives_only") (value "0")
L 08/08/2014 - 03:32:27: [basecommands.smx] "Console<0><Console><Console>" changed cvar (cvar "ins_bot_pathfollower_aimahead") (value "220")
L 08/08/2014 - 03:32:27: [basecommands.smx] "Console<0><Console><Console>" changed cvar (cvar "ins_bot_radio_range") (value "100000")
L 08/08/2014 - 03:32:27: [basecommands.smx] "Console<0><Console><Console>" changed cvar (cvar "ins_bot_radio_range_blocked_fraction") (value "0")
L 08/08/2014 - 03:32:27: [basecommands.smx] "Console<0><Console><Console>" changed cvar (cvar "ins_bot_suppress_visible_requirement") (value "0")
L 08/08/2014 - 03:32:27: [basecommands.smx] "Console<0><Console><Console>" changed cvar (cvar "ins_bot_suppressing_fire_duration") (value "3")
L 08/08/2014 - 03:39:15: [basecommands.smx] "Console<0><Console><Console>" changed cvar (cvar "ins_bot_max_setup_gate_defend_range") (value "3000")
L 08/08/2014 - 03:39:15: [basecommands.smx] "Console<0><Console><Console>" changed cvar (cvar "ins_bot_min_setup_gate_defend_range") (value "500")
L 08/08/2014 - 03:39:15: [basecommands.smx] "Console<0><Console><Console>" changed cvar (cvar "ins_bot_min_setup_gate_sniper_defend_range") (value "100")
L 08/08/2014 - 03:39:15: [basecommands.smx] "Console<0><Console><Console>" changed cvar (cvar "ins_bot_suppress_visible_requirement") (value "0.5")
L 08/08/2014 - 03:39:15: [basecommands.smx] "Console<0><Console><Console>" changed cvar (cvar "ins_bot_suppressing_fire_duration") (value "3.0")
L 08/08/2014 - 03:39:15: [basecommands.smx] "Console<0><Console><Console>" changed cvar (cvar "bot_hearing_flashbang_effect_max_distance") (value "1500")
L 08/08/2014 - 03:39:15: [basecommands.smx] "Console<0><Console><Console>" changed cvar (cvar "bot_hearing_silenced_weapon_sound_reduction") (value "0.75")
L 08/08/2014 - 03:42:57: SourceMod log file session started (file "L20140808.log") (Version "1.6.0")
L 08/08/2014 - 03:42:57: -------- Mapchange to ministry_coop --------
L 08/08/2014 - 03:42:57: [basecommands.smx] "Console<0><Console><Console>" changed cvar (cvar "ins_bot_max_setup_gate_defend_range") (value "3000")
L 08/08/2014 - 03:42:57: [basecommands.smx] "Console<0><Console><Console>" changed cvar (cvar "ins_bot_min_setup_gate_defend_range") (value "500")
L 08/08/2014 - 03:42:57: [basecommands.smx] "Console<0><Console><Console>" changed cvar (cvar "ins_bot_min_setup_gate_sniper_defend_range") (value "100")
L 08/08/2014 - 03:42:57: [basecommands.smx] "Console<0><Console><Console>" changed cvar (cvar "ins_bot_suppress_visible_requirement") (value "0.5")
L 08/08/2014 - 03:42:57: [basecommands.smx] "Console<0><Console><Console>" changed cvar (cvar "ins_bot_suppressing_fire_duration") (value "3.0")
L 08/08/2014 - 03:42:57: [basecommands.smx] "Console<0><Console><Console>" changed cvar (cvar "bot_hearing_flashbang_effect_max_distance") (value "1500")
L 08/08/2014 - 03:42:57: [basecommands.smx] "Console<0><Console><Console>" changed cvar (cvar "bot_hearing_silenced_weapon_sound_reduction") (value "0.75")
L 08/08/2014 - 03:51:19: [basecommands.smx] "Console<0><Console><Console>" changed cvar (cvar "ins_bot_max_setup_gate_defend_range") (value "5000")
L 08/08/2014 - 03:51:19: [basecommands.smx] "Console<0><Console><Console>" changed cvar (cvar "ins_bot_min_setup_gate_defend_range") (value "800")
L 08/08/2014 - 03:51:19: [basecommands.smx] "Console<0><Console><Console>" changed cvar (cvar "ins_bot_min_setup_gate_sniper_defend_range") (value "400")
L 08/08/2014 - 03:51:19: [basecommands.smx] "Console<0><Console><Console>" changed cvar (cvar "ins_bot_suppress_visible_requirement") (value "0.5")
L 08/08/2014 - 03:51:19: [basecommands.smx] "Console<0><Console><Console>" changed cvar (cvar "ins_bot_suppressing_fire_duration") (value "3.0")
L 08/08/2014 - 03:51:19: [basecommands.smx] "Console<0><Console><Console>" changed cvar (cvar "bot_hearing_flashbang_effect_max_distance") (value "1500")
L 08/08/2014 - 03:51:19: [basecommands.smx] "Console<0><Console><Console>" changed cvar (cvar "bot_hearing_silenced_weapon_sound_reduction") (value "0.75")
L 08/08/2014 - 03:52:18: [SM] Changed map to "siege_coop"
L 08/08/2014 - 03:52:19: -------- Mapchange to siege_coop --------
L 08/08/2014 - 03:52:19: [basecommands.smx] "Console<0><Console><Console>" changed cvar (cvar "ins_bot_max_setup_gate_defend_range") (value "5000")
L 08/08/2014 - 03:52:19: [basecommands.smx] "Console<0><Console><Console>" changed cvar (cvar "ins_bot_min_setup_gate_defend_range") (value "800")
L 08/08/2014 - 03:52:19: [basecommands.smx] "Console<0><Console><Console>" changed cvar (cvar "ins_bot_min_setup_gate_sniper_defend_range") (value "400")
L 08/08/2014 - 03:52:19: [basecommands.smx] "Console<0><Console><Console>" changed cvar (cvar "ins_bot_suppress_visible_requirement") (value "0.5")
L 08/08/2014 - 03:52:19: [basecommands.smx] "Console<0><Console><Console>" changed cvar (cvar "ins_bot_suppressing_fire_duration") (value "3.0")
L 08/08/2014 - 03:52:19: [basecommands.smx] "Console<0><Console><Console>" changed cvar (cvar "bot_hearing_flashbang_effect_max_distance") (value "1500")
L 08/08/2014 - 03:52:19: [basecommands.smx] "Console<0><Console><Console>" changed cvar (cvar "bot_hearing_silenced_weapon_sound_reduction") (value "0.75")
L 08/08/2014 - 04:17:55: [SM] Changed map to "district_hunt"
L 08/08/2014 - 04:18:03: SourceMod log file session started (file "L20140808.log") (Version "1.6.0")
L 08/08/2014 - 04:18:03: -------- Mapchange to ministry_coop --------
L 08/08/2014 - 04:18:04: [basecommands.smx] "Console<0><Console><Console>" changed cvar (cvar "ins_bot_max_setup_gate_defend_range") (value "5000")
L 08/08/2014 - 04:18:04: [basecommands.smx] "Console<0><Console><Console>" changed cvar (cvar "ins_bot_min_setup_gate_defend_range") (value "800")
L 08/08/2014 - 04:18:04: [basecommands.smx] "Console<0><Console><Console>" changed cvar (cvar "ins_bot_min_setup_gate_sniper_defend_range") (value "400")
L 08/08/2014 - 04:18:04: [basecommands.smx] "Console<0><Console><Console>" changed cvar (cvar "ins_bot_suppress_visible_requirement") (value "0.5")
L 08/08/2014 - 04:18:04: [basecommands.smx] "Console<0><Console><Console>" changed cvar (cvar "ins_bot_suppressing_fire_duration") (value "3.0")
L 08/08/2014 - 04:18:04: [basecommands.smx] "Console<0><Console><Console>" changed cvar (cvar "bot_hearing_flashbang_effect_max_distance") (value "1500")
L 08/08/2014 - 04:18:04: [basecommands.smx] "Console<0><Console><Console>" changed cvar (cvar "bot_hearing_silenced_weapon_sound_reduction") (value "0.75")
L 08/08/2014 - 04:30:03: SourceMod log file session started (file "L20140808.log") (Version "1.6.0")
L 08/08/2014 - 04:30:03: -------- Mapchange to ministry_coop --------
L 08/08/2014 - 04:30:03: [basecommands.smx] "Console<0><Console><Console>" changed cvar (cvar "ins_bot_max_setup_gate_defend_range") (value "5000")
L 08/08/2014 - 04:30:03: [basecommands.smx] "Console<0><Console><Console>" changed cvar (cvar "ins_bot_min_setup_gate_defend_range") (value "800")
L 08/08/2014 - 04:30:03: [basecommands.smx] "Console<0><Console><Console>" changed cvar (cvar "ins_bot_min_setup_gate_sniper_defend_range") (value "400")
L 08/08/2014 - 04:30:03: [basecommands.smx] "Console<0><Console><Console>" changed cvar (cvar "ins_bot_suppress_visible_requirement") (value "0.5")
L 08/08/2014 - 04:30:03: [basecommands.smx] "Console<0><Console><Console>" changed cvar (cvar "ins_bot_suppressing_fire_duration") (value "3.0")
L 08/08/2014 - 04:30:03: [basecommands.smx] "Console<0><Console><Console>" changed cvar (cvar "bot_hearing_flashbang_effect_max_distance") (value "1500")
L 08/08/2014 - 04:30:03: [basecommands.smx] "Console<0><Console><Console>" changed cvar (cvar "bot_hearing_silenced_weapon_sound_reduction") (value "0.75")
L 08/08/2014 - 04:42:54: [SM] Changed map to "siege_coop"
L 08/08/2014 - 04:42:55: -------- Mapchange to siege_coop --------
L 08/08/2014 - 04:42:55: [basecommands.smx] "Console<0><Console><Console>" changed cvar (cvar "ins_bot_max_setup_gate_defend_range") (value "5000")
L 08/08/2014 - 04:42:55: [basecommands.smx] "Console<0><Console><Console>" changed cvar (cvar "ins_bot_min_setup_gate_defend_range") (value "800")
L 08/08/2014 - 04:42:55: [basecommands.smx] "Console<0><Console><Console>" changed cvar (cvar "ins_bot_min_setup_gate_sniper_defend_range") (value "400")
L 08/08/2014 - 04:42:55: [basecommands.smx] "Console<0><Console><Console>" changed cvar (cvar "ins_bot_suppress_visible_requirement") (value "0.5")
L 08/08/2014 - 04:42:55: [basecommands.smx] "Console<0><Console><Console>" changed cvar (cvar "ins_bot_suppressing_fire_duration") (value "3.0")
L 08/08/2014 - 04:42:55: [basecommands.smx] "Console<0><Console><Console>" changed cvar (cvar "bot_hearing_flashbang_effect_max_distance") (value "1500")
L 08/08/2014 - 04:42:55: [basecommands.smx] "Console<0><Console><Console>" changed cvar (cvar "bot_hearing_silenced_weapon_sound_reduction") (value "0.75")
L 08/08/2014 - 04:43:19: Log file closed.
L 08/08/2014 - 04:43:28: SourceMod log file session started (file "L20140808.log") (Version "1.6.0")
L 08/08/2014 - 04:43:28: -------- Mapchange to ministry_coop --------
L 08/08/2014 - 04:43:28: [basecommands.smx] "Console<0><Console><Console>" changed cvar (cvar "ins_bot_max_setup_gate_defend_range") (value "5000")
L 08/08/2014 - 04:43:28: [basecommands.smx] "Console<0><Console><Console>" changed cvar (cvar "ins_bot_min_setup_gate_defend_range") (value "800")
L 08/08/2014 - 04:43:28: [basecommands.smx] "Console<0><Console><Console>" changed cvar (cvar "ins_bot_min_setup_gate_sniper_defend_range") (value "400")
L 08/08/2014 - 04:43:28: [basecommands.smx] "Console<0><Console><Console>" changed cvar (cvar "ins_bot_suppress_visible_requirement") (value "0.5")
L 08/08/2014 - 04:43:28: [basecommands.smx] "Console<0><Console><Console>" changed cvar (cvar "ins_bot_suppressing_fire_duration") (value "3.0")
L 08/08/2014 - 04:43:28: [basecommands.smx] "Console<0><Console><Console>" changed cvar (cvar "bot_hearing_flashbang_effect_max_distance") (value "1500")
L 08/08/2014 - 04:43:28: [basecommands.smx] "Console<0><Console><Console>" changed cvar (cvar "bot_hearing_silenced_weapon_sound_reduction") (value "0.75")
L 08/08/2014 - 04:57:12: [SM] Changed map to "siege_coop"
L 08/08/2014 - 04:57:13: -------- Mapchange to siege_coop --------
L 08/08/2014 - 04:57:13: [basecommands.smx] "Console<0><Console><Console>" changed cvar (cvar "ins_bot_max_setup_gate_defend_range") (value "5000")
L 08/08/2014 - 04:57:13: [basecommands.smx] "Console<0><Console><Console>" changed cvar (cvar "ins_bot_min_setup_gate_defend_range") (value "800")
L 08/08/2014 - 04:57:13: [basecommands.smx] "Console<0><Console><Console>" changed cvar (cvar "ins_bot_min_setup_gate_sniper_defend_range") (value "400")
L 08/08/2014 - 04:57:13: [basecommands.smx] "Console<0><Console><Console>" changed cvar (cvar "ins_bot_suppress_visible_requirement") (value "0.5")
L 08/08/2014 - 04:57:13: [basecommands.smx] "Console<0><Console><Console>" changed cvar (cvar "ins_bot_suppressing_fire_duration") (value "3.0")
L 08/08/2014 - 04:57:13: [basecommands.smx] "Console<0><Console><Console>" changed cvar (cvar "bot_hearing_flashbang_effect_max_distance") (value "1500")
L 08/08/2014 - 04:57:13: [basecommands.smx] "Console<0><Console><Console>" changed cvar (cvar "bot_hearing_silenced_weapon_sound_reduction") (value "0.75")
L 08/08/2014 - 05:44:08: [SM] Changed map to "district_hunt"
L 08/08/2014 - 05:45:03: SourceMod log file session started (file "L20140808.log") (Version "1.6.0")
L 08/08/2014 - 05:45:03: -------- Mapchange to ministry_coop --------
L 08/08/2014 - 05:45:03: [basecommands.smx] "Console<0><Console><Console>" changed cvar (cvar "ins_bot_max_setup_gate_defend_range") (value "5000")
L 08/08/2014 - 05:45:03: [basecommands.smx] "Console<0><Console><Console>" changed cvar (cvar "ins_bot_min_setup_gate_defend_range") (value "800")
L 08/08/2014 - 05:45:03: [basecommands.smx] "Console<0><Console><Console>" changed cvar (cvar "ins_bot_min_setup_gate_sniper_defend_range") (value "400")
L 08/08/2014 - 05:45:03: [basecommands.smx] "Console<0><Console><Console>" changed cvar (cvar "ins_bot_suppress_visible_requirement") (value "0.5")
L 08/08/2014 - 05:45:03: [basecommands.smx] "Console<0><Console><Console>" changed cvar (cvar "ins_bot_suppressing_fire_duration") (value "3.0")
L 08/08/2014 - 05:45:03: [basecommands.smx] "Console<0><Console><Console>" changed cvar (cvar "bot_hearing_flashbang_effect_max_distance") (value "1500")
L 08/08/2014 - 05:45:03: [basecommands.smx] "Console<0><Console><Console>" changed cvar (cvar "bot_hearing_silenced_weapon_sound_reduction") (value "0.75")
L 08/08/2014 - 05:46:43: SourceMod log file session started (file "L20140808.log") (Version "1.6.0")
L 08/08/2014 - 05:46:43: -------- Mapchange to ministry_coop --------
L 08/08/2014 - 05:46:43: [basecommands.smx] "Console<0><Console><Console>" changed cvar (cvar "ins_bot_max_setup_gate_defend_range") (value "5000")
L 08/08/2014 - 05:46:43: [basecommands.smx] "Console<0><Console><Console>" changed cvar (cvar "ins_bot_min_setup_gate_defend_range") (value "800")
L 08/08/2014 - 05:46:43: [basecommands.smx] "Console<0><Console><Console>" changed cvar (cvar "ins_bot_min_setup_gate_sniper_defend_range") (value "400")
L 08/08/2014 - 05:46:43: [basecommands.smx] "Console<0><Console><Console>" changed cvar (cvar "ins_bot_suppress_visible_requirement") (value "0.5")
L 08/08/2014 - 05:46:43: [basecommands.smx] "Console<0><Console><Console>" changed cvar (cvar "ins_bot_suppressing_fire_duration") (value "3.0")
L 08/08/2014 - 05:46:43: [basecommands.smx] "Console<0><Console><Console>" changed cvar (cvar "bot_hearing_flashbang_effect_max_distance") (value "1500")
L 08/08/2014 - 05:46:43: [basecommands.smx] "Console<0><Console><Console>" changed cvar (cvar "bot_hearing_silenced_weapon_sound_reduction") (value "0.75")
L 08/08/2014 - 05:49:56: -------- Mapchange to ministry_coop --------
L 08/08/2014 - 05:49:56: [basecommands.smx] "Console<0><Console><Console>" changed cvar (cvar "ins_bot_max_setup_gate_defend_range") (value "5000")
L 08/08/2014 - 05:49:56: [basecommands.smx] "Console<0><Console><Console>" changed cvar (cvar "ins_bot_min_setup_gate_defend_range") (value "800")
L 08/08/2014 - 05:49:56: [basecommands.smx] "Console<0><Console><Console>" changed cvar (cvar "ins_bot_min_setup_gate_sniper_defend_range") (value "400")
L 08/08/2014 - 05:49:56: [basecommands.smx] "Console<0><Console><Console>" changed cvar (cvar "ins_bot_suppress_visible_requirement") (value "0.5")
L 08/08/2014 - 05:49:56: [basecommands.smx] "Console<0><Console><Console>" changed cvar (cvar "ins_bot_suppressing_fire_duration") (value "3.0")
L 08/08/2014 - 05:49:56: [basecommands.smx] "Console<0><Console><Console>" changed cvar (cvar "bot_hearing_flashbang_effect_max_distance") (value "1500")
L 08/08/2014 - 05:49:56: [basecommands.smx] "Console<0><Console><Console>" changed cvar (cvar "bot_hearing_silenced_weapon_sound_reduction") (value "0.75")
L 08/08/2014 - 06:12:16: [SM] Changed map to "siege_coop"
L 08/08/2014 - 06:12:17: -------- Mapchange to siege_coop --------
L 08/08/2014 - 06:12:17: [basecommands.smx] "Console<0><Console><Console>" changed cvar (cvar "ins_bot_max_setup_gate_defend_range") (value "5000")
L 08/08/2014 - 06:12:17: [basecommands.smx] "Console<0><Console><Console>" changed cvar (cvar "ins_bot_min_setup_gate_defend_range") (value "800")
L 08/08/2014 - 06:12:17: [basecommands.smx] "Console<0><Console><Console>" changed cvar (cvar "ins_bot_min_setup_gate_sniper_defend_range") (value "400")
L 08/08/2014 - 06:12:17: [basecommands.smx] "Console<0><Console><Console>" changed cvar (cvar "ins_bot_suppress_visible_requirement") (value "0.5")
L 08/08/2014 - 06:12:17: [basecommands.smx] "Console<0><Console><Console>" changed cvar (cvar "ins_bot_suppressing_fire_duration") (value "3.0")
L 08/08/2014 - 06:12:17: [basecommands.smx] "Console<0><Console><Console>" changed cvar (cvar "bot_hearing_flashbang_effect_max_distance") (value "1500")
L 08/08/2014 - 06:12:17: [basecommands.smx] "Console<0><Console><Console>" changed cvar (cvar "bot_hearing_silenced_weapon_sound_reduction") (value "0.75")
L 08/08/2014 - 06:14:15: [basecomm.smx] "=7Cav=SPC.Ballou.J<102><STEAM_1:1:2938846><>" muted "Cheesy<326><STEAM_1:1:44690458><>"
L 08/08/2014 - 06:17:59: SourceMod log file session started (file "L20140808.log") (Version "1.6.0")
L 08/08/2014 - 06:17:59: -------- Mapchange to ministry_coop --------
L 08/08/2014 - 06:17:59: [basecommands.smx] "Console<0><Console><Console>" changed cvar (cvar "ins_bot_max_setup_gate_defend_range") (value "5000")
L 08/08/2014 - 06:17:59: [basecommands.smx] "Console<0><Console><Console>" changed cvar (cvar "ins_bot_min_setup_gate_defend_range") (value "800")
L 08/08/2014 - 06:17:59: [basecommands.smx] "Console<0><Console><Console>" changed cvar (cvar "ins_bot_min_setup_gate_sniper_defend_range") (value "400")
L 08/08/2014 - 06:17:59: [basecommands.smx] "Console<0><Console><Console>" changed cvar (cvar "ins_bot_suppress_visible_requirement") (value "0.5")
L 08/08/2014 - 06:17:59: [basecommands.smx] "Console<0><Console><Console>" changed cvar (cvar "ins_bot_suppressing_fire_duration") (value "3.0")
L 08/08/2014 - 06:17:59: [basecommands.smx] "Console<0><Console><Console>" changed cvar (cvar "bot_hearing_flashbang_effect_max_distance") (value "1500")
L 08/08/2014 - 06:17:59: [basecommands.smx] "Console<0><Console><Console>" changed cvar (cvar "bot_hearing_silenced_weapon_sound_reduction") (value "0.75")
L 08/08/2014 - 06:21:20: [basecommands.smx] "Console<0><Console><Console>" changed cvar (cvar "ins_bot_max_setup_gate_defend_range") (value "5000")
L 08/08/2014 - 06:21:20: [basecommands.smx] "Console<0><Console><Console>" changed cvar (cvar "ins_bot_min_setup_gate_defend_range") (value "800")
L 08/08/2014 - 06:21:20: [basecommands.smx] "Console<0><Console><Console>" changed cvar (cvar "ins_bot_min_setup_gate_sniper_defend_range") (value "400")
L 08/08/2014 - 06:21:20: [basecommands.smx] "Console<0><Console><Console>" changed cvar (cvar "ins_bot_suppress_visible_requirement") (value "0.5")
L 08/08/2014 - 06:21:20: [basecommands.smx] "Console<0><Console><Console>" changed cvar (cvar "ins_bot_suppressing_fire_duration") (value "3.0")
L 08/08/2014 - 06:21:20: [basecommands.smx] "Console<0><Console><Console>" changed cvar (cvar "bot_hearing_flashbang_effect_max_distance") (value "1500")
L 08/08/2014 - 06:21:20: [basecommands.smx] "Console<0><Console><Console>" changed cvar (cvar "bot_hearing_silenced_weapon_sound_reduction") (value "0.75")
L 08/08/2014 - 06:24:33: [basecommands.smx] "Console<0><Console><Console>" changed cvar (cvar "ins_bot_max_setup_gate_defend_range") (value "5000")
L 08/08/2014 - 06:24:33: [basecommands.smx] "Console<0><Console><Console>" changed cvar (cvar "ins_bot_min_setup_gate_defend_range") (value "800")
L 08/08/2014 - 06:24:33: [basecommands.smx] "Console<0><Console><Console>" changed cvar (cvar "ins_bot_min_setup_gate_sniper_defend_range") (value "400")
L 08/08/2014 - 06:24:33: [basecommands.smx] "Console<0><Console><Console>" changed cvar (cvar "ins_bot_suppress_visible_requirement") (value "0.5")
L 08/08/2014 - 06:24:33: [basecommands.smx] "Console<0><Console><Console>" changed cvar (cvar "ins_bot_suppressing_fire_duration") (value "3.0")
L 08/08/2014 - 06:24:33: [basecommands.smx] "Console<0><Console><Console>" changed cvar (cvar "bot_hearing_flashbang_effect_max_distance") (value "1500")
L 08/08/2014 - 06:24:33: [basecommands.smx] "Console<0><Console><Console>" changed cvar (cvar "bot_hearing_silenced_weapon_sound_reduction") (value "0.75")
L 08/08/2014 - 06:32:09: [SM] Changed map to "siege_coop"
L 08/08/2014 - 06:32:09: -------- Mapchange to siege_coop --------
L 08/08/2014 - 06:32:09: [basecommands.smx] "Console<0><Console><Console>" changed cvar (cvar "ins_bot_max_setup_gate_defend_range") (value "5000")
L 08/08/2014 - 06:32:09: [basecommands.smx] "Console<0><Console><Console>" changed cvar (cvar "ins_bot_min_setup_gate_defend_range") (value "800")
L 08/08/2014 - 06:32:09: [basecommands.smx] "Console<0><Console><Console>" changed cvar (cvar "ins_bot_min_setup_gate_sniper_defend_range") (value "400")
L 08/08/2014 - 06:32:09: [basecommands.smx] "Console<0><Console><Console>" changed cvar (cvar "ins_bot_suppress_visible_requirement") (value "0.5")
L 08/08/2014 - 06:32:09: [basecommands.smx] "Console<0><Console><Console>" changed cvar (cvar "ins_bot_suppressing_fire_duration") (value "3.0")
L 08/08/2014 - 06:32:09: [basecommands.smx] "Console<0><Console><Console>" changed cvar (cvar "bot_hearing_flashbang_effect_max_distance") (value "1500")
L 08/08/2014 - 06:32:09: [basecommands.smx] "Console<0><Console><Console>" changed cvar (cvar "bot_hearing_silenced_weapon_sound_reduction") (value "0.75")
L 08/08/2014 - 07:22:29: [SM] Changed map to "district_hunt"
L 08/08/2014 - 07:22:30: -------- Mapchange to district_hunt --------
L 08/08/2014 - 07:22:30: [basecommands.smx] "Console<0><Console><Console>" changed cvar (cvar "ins_bot_max_setup_gate_defend_range") (value "5000")
L 08/08/2014 - 07:22:30: [basecommands.smx] "Console<0><Console><Console>" changed cvar (cvar "ins_bot_min_setup_gate_defend_range") (value "800")
L 08/08/2014 - 07:22:30: [basecommands.smx] "Console<0><Console><Console>" changed cvar (cvar "ins_bot_min_setup_gate_sniper_defend_range") (value "400")
L 08/08/2014 - 07:22:30: [basecommands.smx] "Console<0><Console><Console>" changed cvar (cvar "ins_bot_suppress_visible_requirement") (value "0.5")
L 08/08/2014 - 07:22:30: [basecommands.smx] "Console<0><Console><Console>" changed cvar (cvar "ins_bot_suppressing_fire_duration") (value "3.0")
L 08/08/2014 - 07:22:30: [basecommands.smx] "Console<0><Console><Console>" changed cvar (cvar "bot_hearing_flashbang_effect_max_distance") (value "1500")
L 08/08/2014 - 07:22:30: [basecommands.smx] "Console<0><Console><Console>" changed cvar (cvar "bot_hearing_silenced_weapon_sound_reduction") (value "0.75")
L 08/08/2014 - 08:04:33: [SM] Changed map to "heights_hunt"
L 08/08/2014 - 08:04:33: -------- Mapchange to heights_hunt --------
L 08/08/2014 - 08:04:33: [basecommands.smx] "Console<0><Console><Console>" changed cvar (cvar "ins_bot_max_setup_gate_defend_range") (value "5000")
L 08/08/2014 - 08:04:33: [basecommands.smx] "Console<0><Console><Console>" changed cvar (cvar "ins_bot_min_setup_gate_defend_range") (value "800")
L 08/08/2014 - 08:04:33: [basecommands.smx] "Console<0><Console><Console>" changed cvar (cvar "ins_bot_min_setup_gate_sniper_defend_range") (value "400")
L 08/08/2014 - 08:04:33: [basecommands.smx] "Console<0><Console><Console>" changed cvar (cvar "ins_bot_suppress_visible_requirement") (value "0.5")
L 08/08/2014 - 08:04:33: [basecommands.smx] "Console<0><Console><Console>" changed cvar (cvar "ins_bot_suppressing_fire_duration") (value "3.0")
L 08/08/2014 - 08:04:33: [basecommands.smx] "Console<0><Console><Console>" changed cvar (cvar "bot_hearing_flashbang_effect_max_distance") (value "1500")
L 08/08/2014 - 08:04:33: [basecommands.smx] "Console<0><Console><Console>" changed cvar (cvar "bot_hearing_silenced_weapon_sound_reduction") (value "0.75")
L 08/08/2014 - 08:32:18: [SM] Changed map to "ministry_hunt"
L 08/08/2014 - 08:33:03: SourceMod log file session started (file "L20140808.log") (Version "1.6.0")
L 08/08/2014 - 08:33:03: -------- Mapchange to ministry_coop --------
L 08/08/2014 - 08:33:03: [basecommands.smx] "Console<0><Console><Console>" changed cvar (cvar "ins_bot_max_setup_gate_defend_range") (value "5000")
L 08/08/2014 - 08:33:03: [basecommands.smx] "Console<0><Console><Console>" changed cvar (cvar "ins_bot_min_setup_gate_defend_range") (value "800")
L 08/08/2014 - 08:33:03: [basecommands.smx] "Console<0><Console><Console>" changed cvar (cvar "ins_bot_min_setup_gate_sniper_defend_range") (value "400")
L 08/08/2014 - 08:33:03: [basecommands.smx] "Console<0><Console><Console>" changed cvar (cvar "ins_bot_suppress_visible_requirement") (value "0.5")
L 08/08/2014 - 08:33:03: [basecommands.smx] "Console<0><Console><Console>" changed cvar (cvar "ins_bot_suppressing_fire_duration") (value "3.0")
L 08/08/2014 - 08:33:03: [basecommands.smx] "Console<0><Console><Console>" changed cvar (cvar "bot_hearing_flashbang_effect_max_distance") (value "1500")
L 08/08/2014 - 08:33:03: [basecommands.smx] "Console<0><Console><Console>" changed cvar (cvar "bot_hearing_silenced_weapon_sound_reduction") (value "0.75")
L 08/08/2014 - 09:00:03: SourceMod log file session started (file "L20140808.log") (Version "1.6.0")
L 08/08/2014 - 09:00:03: -------- Mapchange to ministry_coop --------
L 08/08/2014 - 09:00:03: [basecommands.smx] "Console<0><Console><Console>" changed cvar (cvar "ins_bot_max_setup_gate_defend_range") (value "5000")
L 08/08/2014 - 09:00:03: [basecommands.smx] "Console<0><Console><Console>" changed cvar (cvar "ins_bot_min_setup_gate_defend_range") (value "800")
L 08/08/2014 - 09:00:03: [basecommands.smx] "Console<0><Console><Console>" changed cvar (cvar "ins_bot_min_setup_gate_sniper_defend_range") (value "400")
L 08/08/2014 - 09:00:03: [basecommands.smx] "Console<0><Console><Console>" changed cvar (cvar "ins_bot_suppress_visible_requirement") (value "0.5")
L 08/08/2014 - 09:00:03: [basecommands.smx] "Console<0><Console><Console>" changed cvar (cvar "ins_bot_suppressing_fire_duration") (value "3.0")
L 08/08/2014 - 09:00:03: [basecommands.smx] "Console<0><Console><Console>" changed cvar (cvar "bot_hearing_flashbang_effect_max_distance") (value "1500")
L 08/08/2014 - 09:00:03: [basecommands.smx] "Console<0><Console><Console>" changed cvar (cvar "bot_hearing_silenced_weapon_sound_reduction") (value "0.75")
L 08/08/2014 - 09:44:47: [SM] Changed map to "siege_coop"
L 08/08/2014 - 09:44:47: -------- Mapchange to siege_coop --------
L 08/08/2014 - 09:44:47: [basecommands.smx] "Console<0><Console><Console>" changed cvar (cvar "ins_bot_max_setup_gate_defend_range") (value "5000")
L 08/08/2014 - 09:44:47: [basecommands.smx] "Console<0><Console><Console>" changed cvar (cvar "ins_bot_min_setup_gate_defend_range") (value "800")
L 08/08/2014 - 09:44:47: [basecommands.smx] "Console<0><Console><Console>" changed cvar (cvar "ins_bot_min_setup_gate_sniper_defend_range") (value "400")
L 08/08/2014 - 09:44:47: [basecommands.smx] "Console<0><Console><Console>" changed cvar (cvar "ins_bot_suppress_visible_requirement") (value "0.5")
L 08/08/2014 - 09:44:47: [basecommands.smx] "Console<0><Console><Console>" changed cvar (cvar "ins_bot_suppressing_fire_duration") (value "3.0")
L 08/08/2014 - 09:44:47: [basecommands.smx] "Console<0><Console><Console>" changed cvar (cvar "bot_hearing_flashbang_effect_max_distance") (value "1500")
L 08/08/2014 - 09:44:47: [basecommands.smx] "Console<0><Console><Console>" changed cvar (cvar "bot_hearing_silenced_weapon_sound_reduction") (value "0.75")
L 08/08/2014 - 09:58:48: [SM] Changed map to "district_hunt"
L 08/08/2014 - 09:59:03: SourceMod log file session started (file "L20140808.log") (Version "1.6.0")
L 08/08/2014 - 09:59:03: -------- Mapchange to ministry_coop --------
L 08/08/2014 - 09:59:03: [basecommands.smx] "Console<0><Console><Console>" changed cvar (cvar "ins_bot_max_setup_gate_defend_range") (value "5000")
L 08/08/2014 - 09:59:03: [basecommands.smx] "Console<0><Console><Console>" changed cvar (cvar "ins_bot_min_setup_gate_defend_range") (value "800")
L 08/08/2014 - 09:59:03: [basecommands.smx] "Console<0><Console><Console>" changed cvar (cvar "ins_bot_min_setup_gate_sniper_defend_range") (value "400")
L 08/08/2014 - 09:59:03: [basecommands.smx] "Console<0><Console><Console>" changed cvar (cvar "ins_bot_suppress_visible_requirement") (value "0.5")
L 08/08/2014 - 09:59:03: [basecommands.smx] "Console<0><Console><Console>" changed cvar (cvar "ins_bot_suppressing_fire_duration") (value "3.0")
L 08/08/2014 - 09:59:03: [basecommands.smx] "Console<0><Console><Console>" changed cvar (cvar "bot_hearing_flashbang_effect_max_distance") (value "1500")
L 08/08/2014 - 09:59:03: [basecommands.smx] "Console<0><Console><Console>" changed cvar (cvar "bot_hearing_silenced_weapon_sound_reduction") (value "0.75")
L 08/08/2014 - 10:40:26: [SM] Changed map to "siege_coop"
L 08/08/2014 - 10:40:26: -------- Mapchange to siege_coop --------
L 08/08/2014 - 10:40:26: [basecommands.smx] "Console<0><Console><Console>" changed cvar (cvar "ins_bot_max_setup_gate_defend_range") (value "5000")
L 08/08/2014 - 10:40:26: [basecommands.smx] "Console<0><Console><Console>" changed cvar (cvar "ins_bot_min_setup_gate_defend_range") (value "800")
L 08/08/2014 - 10:40:26: [basecommands.smx] "Console<0><Console><Console>" changed cvar (cvar "ins_bot_min_setup_gate_sniper_defend_range") (value "400")
L 08/08/2014 - 10:40:26: [basecommands.smx] "Console<0><Console><Console>" changed cvar (cvar "ins_bot_suppress_visible_requirement") (value "0.5")
L 08/08/2014 - 10:40:26: [basecommands.smx] "Console<0><Console><Console>" changed cvar (cvar "ins_bot_suppressing_fire_duration") (value "3.0")
L 08/08/2014 - 10:40:26: [basecommands.smx] "Console<0><Console><Console>" changed cvar (cvar "bot_hearing_flashbang_effect_max_distance") (value "1500")
L 08/08/2014 - 10:40:26: [basecommands.smx] "Console<0><Console><Console>" changed cvar (cvar "bot_hearing_silenced_weapon_sound_reduction") (value "0.75")
L 08/08/2014 - 10:52:37: [SM] Changed map to "district_hunt"
L 08/08/2014 - 10:52:38: -------- Mapchange to district_hunt --------
L 08/08/2014 - 10:52:38: [basecommands.smx] "Console<0><Console><Console>" changed cvar (cvar "ins_bot_max_setup_gate_defend_range") (value "5000")
L 08/08/2014 - 10:52:38: [basecommands.smx] "Console<0><Console><Console>" changed cvar (cvar "ins_bot_min_setup_gate_defend_range") (value "800")
L 08/08/2014 - 10:52:38: [basecommands.smx] "Console<0><Console><Console>" changed cvar (cvar "ins_bot_min_setup_gate_sniper_defend_range") (value "400")
L 08/08/2014 - 10:52:38: [basecommands.smx] "Console<0><Console><Console>" changed cvar (cvar "ins_bot_suppress_visible_requirement") (value "0.5")
L 08/08/2014 - 10:52:38: [basecommands.smx] "Console<0><Console><Console>" changed cvar (cvar "ins_bot_suppressing_fire_duration") (value "3.0")
L 08/08/2014 - 10:52:38: [basecommands.smx] "Console<0><Console><Console>" changed cvar (cvar "bot_hearing_flashbang_effect_max_distance") (value "1500")
L 08/08/2014 - 10:52:38: [basecommands.smx] "Console<0><Console><Console>" changed cvar (cvar "bot_hearing_silenced_weapon_sound_reduction") (value "0.75")
L 08/08/2014 - 11:29:07: [SM] Changed map to "heights_hunt"
L 08/08/2014 - 11:29:07: -------- Mapchange to heights_hunt --------
L 08/08/2014 - 11:29:08: [basecommands.smx] "Console<0><Console><Console>" changed cvar (cvar "ins_bot_max_setup_gate_defend_range") (value "5000")
L 08/08/2014 - 11:29:08: [basecommands.smx] "Console<0><Console><Console>" changed cvar (cvar "ins_bot_min_setup_gate_defend_range") (value "800")
L 08/08/2014 - 11:29:08: [basecommands.smx] "Console<0><Console><Console>" changed cvar (cvar "ins_bot_min_setup_gate_sniper_defend_range") (value "400")
L 08/08/2014 - 11:29:08: [basecommands.smx] "Console<0><Console><Console>" changed cvar (cvar "ins_bot_suppress_visible_requirement") (value "0.5")
L 08/08/2014 - 11:29:08: [basecommands.smx] "Console<0><Console><Console>" changed cvar (cvar "ins_bot_suppressing_fire_duration") (value "3.0")
L 08/08/2014 - 11:29:08: [basecommands.smx] "Console<0><Console><Console>" changed cvar (cvar "bot_hearing_flashbang_effect_max_distance") (value "1500")
L 08/08/2014 - 11:29:08: [basecommands.smx] "Console<0><Console><Console>" changed cvar (cvar "bot_hearing_silenced_weapon_sound_reduction") (value "0.75")
L 08/08/2014 - 12:00:49: [SM] Changed map to "ministry_hunt"
L 08/08/2014 - 12:01:03: SourceMod log file session started (file "L20140808.log") (Version "1.6.0")
L 08/08/2014 - 12:01:03: -------- Mapchange to ministry_coop --------
L 08/08/2014 - 12:01:03: [basecommands.smx] "Console<0><Console><Console>" changed cvar (cvar "ins_bot_max_setup_gate_defend_range") (value "5000")
L 08/08/2014 - 12:01:03: [basecommands.smx] "Console<0><Console><Console>" changed cvar (cvar "ins_bot_min_setup_gate_defend_range") (value "800")
L 08/08/2014 - 12:01:03: [basecommands.smx] "Console<0><Console><Console>" changed cvar (cvar "ins_bot_min_setup_gate_sniper_defend_range") (value "400")
L 08/08/2014 - 12:01:03: [basecommands.smx] "Console<0><Console><Console>" changed cvar (cvar "ins_bot_suppress_visible_requirement") (value "0.5")
L 08/08/2014 - 12:01:03: [basecommands.smx] "Console<0><Console><Console>" changed cvar (cvar "ins_bot_suppressing_fire_duration") (value "3.0")
L 08/08/2014 - 12:01:03: [basecommands.smx] "Console<0><Console><Console>" changed cvar (cvar "bot_hearing_flashbang_effect_max_distance") (value "1500")
L 08/08/2014 - 12:01:03: [basecommands.smx] "Console<0><Console><Console>" changed cvar (cvar "bot_hearing_silenced_weapon_sound_reduction") (value "0.75")
L 08/08/2014 - 12:32:38: [SM] Changed map to "siege_coop"
L 08/08/2014 - 12:32:38: -------- Mapchange to siege_coop --------
L 08/08/2014 - 12:32:38: [basecommands.smx] "Console<0><Console><Console>" changed cvar (cvar "ins_bot_max_setup_gate_defend_range") (value "5000")
L 08/08/2014 - 12:32:38: [basecommands.smx] "Console<0><Console><Console>" changed cvar (cvar "ins_bot_min_setup_gate_defend_range") (value "800")
L 08/08/2014 - 12:32:38: [basecommands.smx] "Console<0><Console><Console>" changed cvar (cvar "ins_bot_min_setup_gate_sniper_defend_range") (value "400")
L 08/08/2014 - 12:32:38: [basecommands.smx] "Console<0><Console><Console>" changed cvar (cvar "ins_bot_suppress_visible_requirement") (value "0.5")
L 08/08/2014 - 12:32:38: [basecommands.smx] "Console<0><Console><Console>" changed cvar (cvar "ins_bot_suppressing_fire_duration") (value "3.0")
L 08/08/2014 - 12:32:38: [basecommands.smx] "Console<0><Console><Console>" changed cvar (cvar "bot_hearing_flashbang_effect_max_distance") (value "1500")
L 08/08/2014 - 12:32:38: [basecommands.smx] "Console<0><Console><Console>" changed cvar (cvar "bot_hearing_silenced_weapon_sound_reduction") (value "0.75")
L 08/08/2014 - 12:46:44: [SM] Changed map to "district_hunt"
L 08/08/2014 - 12:47:03: SourceMod log file session started (file "L20140808.log") (Version "1.6.0")
L 08/08/2014 - 12:47:03: -------- Mapchange to ministry_coop --------
L 08/08/2014 - 12:47:03: [basecommands.smx] "Console<0><Console><Console>" changed cvar (cvar "ins_bot_max_setup_gate_defend_range") (value "5000")
L 08/08/2014 - 12:47:03: [basecommands.smx] "Console<0><Console><Console>" changed cvar (cvar "ins_bot_min_setup_gate_defend_range") (value "800")
L 08/08/2014 - 12:47:03: [basecommands.smx] "Console<0><Console><Console>" changed cvar (cvar "ins_bot_min_setup_gate_sniper_defend_range") (value "400")
L 08/08/2014 - 12:47:03: [basecommands.smx] "Console<0><Console><Console>" changed cvar (cvar "ins_bot_suppress_visible_requirement") (value "0.5")
L 08/08/2014 - 12:47:03: [basecommands.smx] "Console<0><Console><Console>" changed cvar (cvar "ins_bot_suppressing_fire_duration") (value "3.0")
L 08/08/2014 - 12:47:03: [basecommands.smx] "Console<0><Console><Console>" changed cvar (cvar "bot_hearing_flashbang_effect_max_distance") (value "1500")
L 08/08/2014 - 12:47:03: [basecommands.smx] "Console<0><Console><Console>" changed cvar (cvar "bot_hearing_silenced_weapon_sound_reduction") (value "0.75")
L 08/08/2014 - 13:23:43: [SM] Changed map to "siege_coop"
L 08/08/2014 - 13:23:43: -------- Mapchange to siege_coop --------
L 08/08/2014 - 13:23:43: [basecommands.smx] "Console<0><Console><Console>" changed cvar (cvar "ins_bot_max_setup_gate_defend_range") (value "5000")
L 08/08/2014 - 13:23:43: [basecommands.smx] "Console<0><Console><Console>" changed cvar (cvar "ins_bot_min_setup_gate_defend_range") (value "800")
L 08/08/2014 - 13:23:43: [basecommands.smx] "Console<0><Console><Console>" changed cvar (cvar "ins_bot_min_setup_gate_sniper_defend_range") (value "400")
L 08/08/2014 - 13:23:43: [basecommands.smx] "Console<0><Console><Console>" changed cvar (cvar "ins_bot_suppress_visible_requirement") (value "0.5")
L 08/08/2014 - 13:23:43: [basecommands.smx] "Console<0><Console><Console>" changed cvar (cvar "ins_bot_suppressing_fire_duration") (value "3.0")
L 08/08/2014 - 13:23:43: [basecommands.smx] "Console<0><Console><Console>" changed cvar (cvar "bot_hearing_flashbang_effect_max_distance") (value "1500")
L 08/08/2014 - 13:23:43: [basecommands.smx] "Console<0><Console><Console>" changed cvar (cvar "bot_hearing_silenced_weapon_sound_reduction") (value "0.75")
L 08/08/2014 - 14:00:35: [SM] Changed map to "district_hunt"
L 08/08/2014 - 14:01:03: SourceMod log file session started (file "L20140808.log") (Version "1.6.0")
L 08/08/2014 - 14:01:03: -------- Mapchange to ministry_coop --------
L 08/08/2014 - 14:01:03: [basecommands.smx] "Console<0><Console><Console>" changed cvar (cvar "ins_bot_max_setup_gate_defend_range") (value "5000")
L 08/08/2014 - 14:01:03: [basecommands.smx] "Console<0><Console><Console>" changed cvar (cvar "ins_bot_min_setup_gate_defend_range") (value "800")
L 08/08/2014 - 14:01:03: [basecommands.smx] "Console<0><Console><Console>" changed cvar (cvar "ins_bot_min_setup_gate_sniper_defend_range") (value "400")
L 08/08/2014 - 14:01:03: [basecommands.smx] "Console<0><Console><Console>" changed cvar (cvar "ins_bot_suppress_visible_requirement") (value "0.5")
L 08/08/2014 - 14:01:03: [basecommands.smx] "Console<0><Console><Console>" changed cvar (cvar "ins_bot_suppressing_fire_duration") (value "3.0")
L 08/08/2014 - 14:01:03: [basecommands.smx] "Console<0><Console><Console>" changed cvar (cvar "bot_hearing_flashbang_effect_max_distance") (value "1500")
L 08/08/2014 - 14:01:03: [basecommands.smx] "Console<0><Console><Console>" changed cvar (cvar "bot_hearing_silenced_weapon_sound_reduction") (value "0.75")
L 08/08/2014 - 14:20:44: [SM] Changed map to "siege_coop"
L 08/08/2014 - 14:20:45: -------- Mapchange to siege_coop --------
L 08/08/2014 - 14:20:45: [basecommands.smx] "Console<0><Console><Console>" changed cvar (cvar "ins_bot_max_setup_gate_defend_range") (value "5000")
L 08/08/2014 - 14:20:45: [basecommands.smx] "Console<0><Console><Console>" changed cvar (cvar "ins_bot_min_setup_gate_defend_range") (value "800")
L 08/08/2014 - 14:20:45: [basecommands.smx] "Console<0><Console><Console>" changed cvar (cvar "ins_bot_min_setup_gate_sniper_defend_range") (value "400")
L 08/08/2014 - 14:20:45: [basecommands.smx] "Console<0><Console><Console>" changed cvar (cvar "ins_bot_suppress_visible_requirement") (value "0.5")
L 08/08/2014 - 14:20:45: [basecommands.smx] "Console<0><Console><Console>" changed cvar (cvar "ins_bot_suppressing_fire_duration") (value "3.0")
L 08/08/2014 - 14:20:45: [basecommands.smx] "Console<0><Console><Console>" changed cvar (cvar "bot_hearing_flashbang_effect_max_distance") (value "1500")
L 08/08/2014 - 14:20:45: [basecommands.smx] "Console<0><Console><Console>" changed cvar (cvar "bot_hearing_silenced_weapon_sound_reduction") (value "0.75")
L 08/08/2014 - 14:30:03: SourceMod log file session started (file "L20140808.log") (Version "1.6.0")
L 08/08/2014 - 14:30:03: -------- Mapchange to ministry_coop --------
L 08/08/2014 - 14:30:03: [basecommands.smx] "Console<0><Console><Console>" changed cvar (cvar "ins_bot_max_setup_gate_defend_range") (value "5000")
L 08/08/2014 - 14:30:03: [basecommands.smx] "Console<0><Console><Console>" changed cvar (cvar "ins_bot_min_setup_gate_defend_range") (value "800")
L 08/08/2014 - 14:30:03: [basecommands.smx] "Console<0><Console><Console>" changed cvar (cvar "ins_bot_min_setup_gate_sniper_defend_range") (value "400")
L 08/08/2014 - 14:30:03: [basecommands.smx] "Console<0><Console><Console>" changed cvar (cvar "ins_bot_suppress_visible_requirement") (value "0.5")
L 08/08/2014 - 14:30:03: [basecommands.smx] "Console<0><Console><Console>" changed cvar (cvar "ins_bot_suppressing_fire_duration") (value "3.0")
L 08/08/2014 - 14:30:03: [basecommands.smx] "Console<0><Console><Console>" changed cvar (cvar "bot_hearing_flashbang_effect_max_distance") (value "1500")
L 08/08/2014 - 14:30:03: [basecommands.smx] "Console<0><Console><Console>" changed cvar (cvar "bot_hearing_silenced_weapon_sound_reduction") (value "0.75")
L 08/08/2014 - 14:47:00: [SM] Changed map to "siege_coop"
L 08/08/2014 - 14:47:00: -------- Mapchange to siege_coop --------
L 08/08/2014 - 14:47:00: [basecommands.smx] "Console<0><Console><Console>" changed cvar (cvar "ins_bot_max_setup_gate_defend_range") (value "5000")
L 08/08/2014 - 14:47:00: [basecommands.smx] "Console<0><Console><Console>" changed cvar (cvar "ins_bot_min_setup_gate_defend_range") (value "800")
L 08/08/2014 - 14:47:00: [basecommands.smx] "Console<0><Console><Console>" changed cvar (cvar "ins_bot_min_setup_gate_sniper_defend_range") (value "400")
L 08/08/2014 - 14:47:00: [basecommands.smx] "Console<0><Console><Console>" changed cvar (cvar "ins_bot_suppress_visible_requirement") (value "0.5")
L 08/08/2014 - 14:47:00: [basecommands.smx] "Console<0><Console><Console>" changed cvar (cvar "ins_bot_suppressing_fire_duration") (value "3.0")
L 08/08/2014 - 14:47:00: [basecommands.smx] "Console<0><Console><Console>" changed cvar (cvar "bot_hearing_flashbang_effect_max_distance") (value "1500")
L 08/08/2014 - 14:47:00: [basecommands.smx] "Console<0><Console><Console>" changed cvar (cvar "bot_hearing_silenced_weapon_sound_reduction") (value "0.75")
L 08/08/2014 - 15:24:33: [SM] Changed map to "district_hunt"
L 08/08/2014 - 15:25:03: SourceMod log file session started (file "L20140808.log") (Version "1.6.0")
L 08/08/2014 - 15:25:03: -------- Mapchange to ministry_coop --------
L 08/08/2014 - 15:25:03: [basecommands.smx] "Console<0><Console><Console>" changed cvar (cvar "ins_bot_max_setup_gate_defend_range") (value "5000")
L 08/08/2014 - 15:25:03: [basecommands.smx] "Console<0><Console><Console>" changed cvar (cvar "ins_bot_min_setup_gate_defend_range") (value "800")
L 08/08/2014 - 15:25:03: [basecommands.smx] "Console<0><Console><Console>" changed cvar (cvar "ins_bot_min_setup_gate_sniper_defend_range") (value "400")
L 08/08/2014 - 15:25:03: [basecommands.smx] "Console<0><Console><Console>" changed cvar (cvar "ins_bot_suppress_visible_requirement") (value "0.5")
L 08/08/2014 - 15:25:03: [basecommands.smx] "Console<0><Console><Console>" changed cvar (cvar "ins_bot_suppressing_fire_duration") (value "3.0")
L 08/08/2014 - 15:25:03: [basecommands.smx] "Console<0><Console><Console>" changed cvar (cvar "bot_hearing_flashbang_effect_max_distance") (value "1500")
L 08/08/2014 - 15:25:03: [basecommands.smx] "Console<0><Console><Console>" changed cvar (cvar "bot_hearing_silenced_weapon_sound_reduction") (value "0.75")
L 08/08/2014 - 15:55:31: [SM] Changed map to "siege_coop"
L 08/08/2014 - 15:55:32: -------- Mapchange to siege_coop --------
L 08/08/2014 - 15:55:32: [basecommands.smx] "Console<0><Console><Console>" changed cvar (cvar "ins_bot_max_setup_gate_defend_range") (value "5000")
L 08/08/2014 - 15:55:32: [basecommands.smx] "Console<0><Console><Console>" changed cvar (cvar "ins_bot_min_setup_gate_defend_range") (value "800")
L 08/08/2014 - 15:55:32: [basecommands.smx] "Console<0><Console><Console>" changed cvar (cvar "ins_bot_min_setup_gate_sniper_defend_range") (value "400")
L 08/08/2014 - 15:55:32: [basecommands.smx] "Console<0><Console><Console>" changed cvar (cvar "ins_bot_suppress_visible_requirement") (value "0.5")
L 08/08/2014 - 15:55:32: [basecommands.smx] "Console<0><Console><Console>" changed cvar (cvar "ins_bot_suppressing_fire_duration") (value "3.0")
L 08/08/2014 - 15:55:32: [basecommands.smx] "Console<0><Console><Console>" changed cvar (cvar "bot_hearing_flashbang_effect_max_distance") (value "1500")
L 08/08/2014 - 15:55:32: [basecommands.smx] "Console<0><Console><Console>" changed cvar (cvar "bot_hearing_silenced_weapon_sound_reduction") (value "0.75")
L 08/08/2014 - 16:02:51: [SM] Changed map to "district_hunt"
L 08/08/2014 - 16:03:03: SourceMod log file session started (file "L20140808.log") (Version "1.6.0")
L 08/08/2014 - 16:03:03: -------- Mapchange to ministry_coop --------
L 08/08/2014 - 16:03:03: [basecommands.smx] "Console<0><Console><Console>" changed cvar (cvar "ins_bot_max_setup_gate_defend_range") (value "5000")
L 08/08/2014 - 16:03:03: [basecommands.smx] "Console<0><Console><Console>" changed cvar (cvar "ins_bot_min_setup_gate_defend_range") (value "800")
L 08/08/2014 - 16:03:03: [basecommands.smx] "Console<0><Console><Console>" changed cvar (cvar "ins_bot_min_setup_gate_sniper_defend_range") (value "400")
L 08/08/2014 - 16:03:03: [basecommands.smx] "Console<0><Console><Console>" changed cvar (cvar "ins_bot_suppress_visible_requirement") (value "0.5")
L 08/08/2014 - 16:03:03: [basecommands.smx] "Console<0><Console><Console>" changed cvar (cvar "ins_bot_suppressing_fire_duration") (value "3.0")
L 08/08/2014 - 16:03:03: [basecommands.smx] "Console<0><Console><Console>" changed cvar (cvar "bot_hearing_flashbang_effect_max_distance") (value "1500")
L 08/08/2014 - 16:03:03: [basecommands.smx] "Console<0><Console><Console>" changed cvar (cvar "bot_hearing_silenced_weapon_sound_reduction") (value "0.75")
L 08/08/2014 - 16:26:40: [SM] Changed map to "siege_coop"
L 08/08/2014 - 16:26:41: -------- Mapchange to siege_coop --------
L 08/08/2014 - 16:26:41: [basecommands.smx] "Console<0><Console><Console>" changed cvar (cvar "ins_bot_max_setup_gate_defend_range") (value "5000")
L 08/08/2014 - 16:26:41: [basecommands.smx] "Console<0><Console><Console>" changed cvar (cvar "ins_bot_min_setup_gate_defend_range") (value "800")
L 08/08/2014 - 16:26:41: [basecommands.smx] "Console<0><Console><Console>" changed cvar (cvar "ins_bot_min_setup_gate_sniper_defend_range") (value "400")
L 08/08/2014 - 16:26:41: [basecommands.smx] "Console<0><Console><Console>" changed cvar (cvar "ins_bot_suppress_visible_requirement") (value "0.5")
L 08/08/2014 - 16:26:41: [basecommands.smx] "Console<0><Console><Console>" changed cvar (cvar "ins_bot_suppressing_fire_duration") (value "3.0")
L 08/08/2014 - 16:26:41: [basecommands.smx] "Console<0><Console><Console>" changed cvar (cvar "bot_hearing_flashbang_effect_max_distance") (value "1500")
L 08/08/2014 - 16:26:41: [basecommands.smx] "Console<0><Console><Console>" changed cvar (cvar "bot_hearing_silenced_weapon_sound_reduction") (value "0.75")
L 08/08/2014 - 17:01:39: [SM] Changed map to "district_hunt"
L 08/08/2014 - 17:02:03: SourceMod log file session started (file "L20140808.log") (Version "1.6.0")
L 08/08/2014 - 17:02:03: -------- Mapchange to ministry_coop --------
L 08/08/2014 - 17:02:03: [basecommands.smx] "Console<0><Console><Console>" changed cvar (cvar "ins_bot_max_setup_gate_defend_range") (value "5000")
L 08/08/2014 - 17:02:03: [basecommands.smx] "Console<0><Console><Console>" changed cvar (cvar "ins_bot_min_setup_gate_defend_range") (value "800")
L 08/08/2014 - 17:02:03: [basecommands.smx] "Console<0><Console><Console>" changed cvar (cvar "ins_bot_min_setup_gate_sniper_defend_range") (value "400")
L 08/08/2014 - 17:02:03: [basecommands.smx] "Console<0><Console><Console>" changed cvar (cvar "ins_bot_suppress_visible_requirement") (value "0.5")
L 08/08/2014 - 17:02:03: [basecommands.smx] "Console<0><Console><Console>" changed cvar (cvar "ins_bot_suppressing_fire_duration") (value "3.0")
L 08/08/2014 - 17:02:03: [basecommands.smx] "Console<0><Console><Console>" changed cvar (cvar "bot_hearing_flashbang_effect_max_distance") (value "1500")
L 08/08/2014 - 17:02:03: [basecommands.smx] "Console<0><Console><Console>" changed cvar (cvar "bot_hearing_silenced_weapon_sound_reduction") (value "0.75")
L 08/08/2014 - 17:27:55: [SM] Changed map to "siege_coop"
L 08/08/2014 - 17:27:56: -------- Mapchange to siege_coop --------
L 08/08/2014 - 17:27:56: [basecommands.smx] "Console<0><Console><Console>" changed cvar (cvar "ins_bot_max_setup_gate_defend_range") (value "5000")
L 08/08/2014 - 17:27:56: [basecommands.smx] "Console<0><Console><Console>" changed cvar (cvar "ins_bot_min_setup_gate_defend_range") (value "800")
L 08/08/2014 - 17:27:56: [basecommands.smx] "Console<0><Console><Console>" changed cvar (cvar "ins_bot_min_setup_gate_sniper_defend_range") (value "400")
L 08/08/2014 - 17:27:56: [basecommands.smx] "Console<0><Console><Console>" changed cvar (cvar "ins_bot_suppress_visible_requirement") (value "0.5")
L 08/08/2014 - 17:27:56: [basecommands.smx] "Console<0><Console><Console>" changed cvar (cvar "ins_bot_suppressing_fire_duration") (value "3.0")
L 08/08/2014 - 17:27:56: [basecommands.smx] "Console<0><Console><Console>" changed cvar (cvar "bot_hearing_flashbang_effect_max_distance") (value "1500")
L 08/08/2014 - 17:27:56: [basecommands.smx] "Console<0><Console><Console>" changed cvar (cvar "bot_hearing_silenced_weapon_sound_reduction") (value "0.75")
L 08/08/2014 - 17:54:10: [SM] Changed map to "district_hunt"
L 08/08/2014 - 17:54:10: -------- Mapchange to district_hunt --------
L 08/08/2014 - 17:54:10: [basecommands.smx] "Console<0><Console><Console>" changed cvar (cvar "ins_bot_max_setup_gate_defend_range") (value "5000")
L 08/08/2014 - 17:54:10: [basecommands.smx] "Console<0><Console><Console>" changed cvar (cvar "ins_bot_min_setup_gate_defend_range") (value "800")
L 08/08/2014 - 17:54:10: [basecommands.smx] "Console<0><Console><Console>" changed cvar (cvar "ins_bot_min_setup_gate_sniper_defend_range") (value "400")
L 08/08/2014 - 17:54:10: [basecommands.smx] "Console<0><Console><Console>" changed cvar (cvar "ins_bot_suppress_visible_requirement") (value "0.5")
L 08/08/2014 - 17:54:10: [basecommands.smx] "Console<0><Console><Console>" changed cvar (cvar "ins_bot_suppressing_fire_duration") (value "3.0")
L 08/08/2014 - 17:54:10: [basecommands.smx] "Console<0><Console><Console>" changed cvar (cvar "bot_hearing_flashbang_effect_max_distance") (value "1500")
L 08/08/2014 - 17:54:10: [basecommands.smx] "Console<0><Console><Console>" changed cvar (cvar "bot_hearing_silenced_weapon_sound_reduction") (value "0.75")
L 08/08/2014 - 18:47:09: [SM] Changed map to "heights_hunt"
L 08/08/2014 - 18:47:09: -------- Mapchange to heights_hunt --------
L 08/08/2014 - 18:47:09: [basecommands.smx] "Console<0><Console><Console>" changed cvar (cvar "ins_bot_max_setup_gate_defend_range") (value "5000")
L 08/08/2014 - 18:47:09: [basecommands.smx] "Console<0><Console><Console>" changed cvar (cvar "ins_bot_min_setup_gate_defend_range") (value "800")
L 08/08/2014 - 18:47:09: [basecommands.smx] "Console<0><Console><Console>" changed cvar (cvar "ins_bot_min_setup_gate_sniper_defend_range") (value "400")
L 08/08/2014 - 18:47:09: [basecommands.smx] "Console<0><Console><Console>" changed cvar (cvar "ins_bot_suppress_visible_requirement") (value "0.5")
L 08/08/2014 - 18:47:09: [basecommands.smx] "Console<0><Console><Console>" changed cvar (cvar "ins_bot_suppressing_fire_duration") (value "3.0")
L 08/08/2014 - 18:47:09: [basecommands.smx] "Console<0><Console><Console>" changed cvar (cvar "bot_hearing_flashbang_effect_max_distance") (value "1500")
L 08/08/2014 - 18:47:09: [basecommands.smx] "Console<0><Console><Console>" changed cvar (cvar "bot_hearing_silenced_weapon_sound_reduction") (value "0.75")
L 08/08/2014 - 19:15:03: SourceMod log file session started (file "L20140808.log") (Version "1.6.0")
L 08/08/2014 - 19:15:03: -------- Mapchange to ministry_coop --------
L 08/08/2014 - 19:15:03: [basecommands.smx] "Console<0><Console><Console>" changed cvar (cvar "ins_bot_max_setup_gate_defend_range") (value "5000")
L 08/08/2014 - 19:15:03: [basecommands.smx] "Console<0><Console><Console>" changed cvar (cvar "ins_bot_min_setup_gate_defend_range") (value "800")
L 08/08/2014 - 19:15:03: [basecommands.smx] "Console<0><Console><Console>" changed cvar (cvar "ins_bot_min_setup_gate_sniper_defend_range") (value "400")
L 08/08/2014 - 19:15:03: [basecommands.smx] "Console<0><Console><Console>" changed cvar (cvar "ins_bot_suppress_visible_requirement") (value "0.5")
L 08/08/2014 - 19:15:03: [basecommands.smx] "Console<0><Console><Console>" changed cvar (cvar "ins_bot_suppressing_fire_duration") (value "3.0")
L 08/08/2014 - 19:15:03: [basecommands.smx] "Console<0><Console><Console>" changed cvar (cvar "bot_hearing_flashbang_effect_max_distance") (value "1500")
L 08/08/2014 - 19:15:03: [basecommands.smx] "Console<0><Console><Console>" changed cvar (cvar "bot_hearing_silenced_weapon_sound_reduction") (value "0.75")
L 08/08/2014 - 19:31:03: [SM] Changed map to "siege_coop"
L 08/08/2014 - 19:31:04: -------- Mapchange to siege_coop --------
L 08/08/2014 - 19:31:04: [basecommands.smx] "Console<0><Console><Console>" changed cvar (cvar "ins_bot_max_setup_gate_defend_range") (value "5000")
L 08/08/2014 - 19:31:04: [basecommands.smx] "Console<0><Console><Console>" changed cvar (cvar "ins_bot_min_setup_gate_defend_range") (value "800")
L 08/08/2014 - 19:31:04: [basecommands.smx] "Console<0><Console><Console>" changed cvar (cvar "ins_bot_min_setup_gate_sniper_defend_range") (value "400")
L 08/08/2014 - 19:31:04: [basecommands.smx] "Console<0><Console><Console>" changed cvar (cvar "ins_bot_suppress_visible_requirement") (value "0.5")
L 08/08/2014 - 19:31:04: [basecommands.smx] "Console<0><Console><Console>" changed cvar (cvar "ins_bot_suppressing_fire_duration") (value "3.0")
L 08/08/2014 - 19:31:04: [basecommands.smx] "Console<0><Console><Console>" changed cvar (cvar "bot_hearing_flashbang_effect_max_distance") (value "1500")
L 08/08/2014 - 19:31:04: [basecommands.smx] "Console<0><Console><Console>" changed cvar (cvar "bot_hearing_silenced_weapon_sound_reduction") (value "0.75")
L 08/08/2014 - 19:45:07: [SM] Changed map to "district_hunt"
L 08/08/2014 - 19:46:02: SourceMod log file session started (file "L20140808.log") (Version "1.6.0")
L 08/08/2014 - 19:46:02: -------- Mapchange to ministry_coop --------
L 08/08/2014 - 19:46:03: [basecommands.smx] "Console<0><Console><Console>" changed cvar (cvar "ins_bot_max_setup_gate_defend_range") (value "5000")
L 08/08/2014 - 19:46:03: [basecommands.smx] "Console<0><Console><Console>" changed cvar (cvar "ins_bot_min_setup_gate_defend_range") (value "800")
L 08/08/2014 - 19:46:03: [basecommands.smx] "Console<0><Console><Console>" changed cvar (cvar "ins_bot_min_setup_gate_sniper_defend_range") (value "400")
L 08/08/2014 - 19:46:03: [basecommands.smx] "Console<0><Console><Console>" changed cvar (cvar "ins_bot_suppress_visible_requirement") (value "0.5")
L 08/08/2014 - 19:46:03: [basecommands.smx] "Console<0><Console><Console>" changed cvar (cvar "ins_bot_suppressing_fire_duration") (value "3.0")
L 08/08/2014 - 19:46:03: [basecommands.smx] "Console<0><Console><Console>" changed cvar (cvar "bot_hearing_flashbang_effect_max_distance") (value "1500")
L 08/08/2014 - 19:46:03: [basecommands.smx] "Console<0><Console><Console>" changed cvar (cvar "bot_hearing_silenced_weapon_sound_reduction") (value "0.75")
L 08/08/2014 - 20:04:10: [SM] Changed map to "siege_coop"
L 08/08/2014 - 20:04:11: -------- Mapchange to siege_coop --------
L 08/08/2014 - 20:04:11: [basecommands.smx] "Console<0><Console><Console>" changed cvar (cvar "ins_bot_max_setup_gate_defend_range") (value "5000")
L 08/08/2014 - 20:04:11: [basecommands.smx] "Console<0><Console><Console>" changed cvar (cvar "ins_bot_min_setup_gate_defend_range") (value "800")
L 08/08/2014 - 20:04:11: [basecommands.smx] "Console<0><Console><Console>" changed cvar (cvar "ins_bot_min_setup_gate_sniper_defend_range") (value "400")
L 08/08/2014 - 20:04:11: [basecommands.smx] "Console<0><Console><Console>" changed cvar (cvar "ins_bot_suppress_visible_requirement") (value "0.5")
L 08/08/2014 - 20:04:11: [basecommands.smx] "Console<0><Console><Console>" changed cvar (cvar "ins_bot_suppressing_fire_duration") (value "3.0")
L 08/08/2014 - 20:04:11: [basecommands.smx] "Console<0><Console><Console>" changed cvar (cvar "bot_hearing_flashbang_effect_max_distance") (value "1500")
L 08/08/2014 - 20:04:11: [basecommands.smx] "Console<0><Console><Console>" changed cvar (cvar "bot_hearing_silenced_weapon_sound_reduction") (value "0.75")
L 08/08/2014 - 20:17:38: [SM] Changed map to "district_hunt"
L 08/08/2014 - 20:17:39: -------- Mapchange to district_hunt --------
L 08/08/2014 - 20:17:39: [basecommands.smx] "Console<0><Console><Console>" changed cvar (cvar "ins_bot_max_setup_gate_defend_range") (value "5000")
L 08/08/2014 - 20:17:39: [basecommands.smx] "Console<0><Console><Console>" changed cvar (cvar "ins_bot_min_setup_gate_defend_range") (value "800")
L 08/08/2014 - 20:17:39: [basecommands.smx] "Console<0><Console><Console>" changed cvar (cvar "ins_bot_min_setup_gate_sniper_defend_range") (value "400")
L 08/08/2014 - 20:17:39: [basecommands.smx] "Console<0><Console><Console>" changed cvar (cvar "ins_bot_suppress_visible_requirement") (value "0.5")
L 08/08/2014 - 20:17:39: [basecommands.smx] "Console<0><Console><Console>" changed cvar (cvar "ins_bot_suppressing_fire_duration") (value "3.0")
L 08/08/2014 - 20:17:39: [basecommands.smx] "Console<0><Console><Console>" changed cvar (cvar "bot_hearing_flashbang_effect_max_distance") (value "1500")
L 08/08/2014 - 20:17:39: [basecommands.smx] "Console<0><Console><Console>" changed cvar (cvar "bot_hearing_silenced_weapon_sound_reduction") (value "0.75")
L 08/08/2014 - 20:21:34: -------- Mapchange to market_coop --------
L 08/08/2014 - 20:21:34: [basecommands.smx] "Console<0><Console><Console>" changed cvar (cvar "ins_bot_max_setup_gate_defend_range") (value "5000")
L 08/08/2014 - 20:21:34: [basecommands.smx] "Console<0><Console><Console>" changed cvar (cvar "ins_bot_min_setup_gate_defend_range") (value "800")
L 08/08/2014 - 20:21:34: [basecommands.smx] "Console<0><Console><Console>" changed cvar (cvar "ins_bot_min_setup_gate_sniper_defend_range") (value "400")
L 08/08/2014 - 20:21:34: [basecommands.smx] "Console<0><Console><Console>" changed cvar (cvar "ins_bot_suppress_visible_requirement") (value "0.5")
L 08/08/2014 - 20:21:34: [basecommands.smx] "Console<0><Console><Console>" changed cvar (cvar "ins_bot_suppressing_fire_duration") (value "3.0")
L 08/08/2014 - 20:21:34: [basecommands.smx] "Console<0><Console><Console>" changed cvar (cvar "bot_hearing_flashbang_effect_max_distance") (value "1500")
L 08/08/2014 - 20:21:34: [basecommands.smx] "Console<0><Console><Console>" changed cvar (cvar "bot_hearing_silenced_weapon_sound_reduction") (value "0.75")
L 08/08/2014 - 20:27:03: SourceMod log file session started (file "L20140808.log") (Version "1.6.0")
L 08/08/2014 - 20:27:03: -------- Mapchange to ministry_coop --------
L 08/08/2014 - 20:27:03: [basecommands.smx] "Console<0><Console><Console>" changed cvar (cvar "ins_bot_max_setup_gate_defend_range") (value "5000")
L 08/08/2014 - 20:27:03: [basecommands.smx] "Console<0><Console><Console>" changed cvar (cvar "ins_bot_min_setup_gate_defend_range") (value "800")
L 08/08/2014 - 20:27:03: [basecommands.smx] "Console<0><Console><Console>" changed cvar (cvar "ins_bot_min_setup_gate_sniper_defend_range") (value "400")
L 08/08/2014 - 20:27:03: [basecommands.smx] "Console<0><Console><Console>" changed cvar (cvar "ins_bot_suppress_visible_requirement") (value "0.5")
L 08/08/2014 - 20:27:03: [basecommands.smx] "Console<0><Console><Console>" changed cvar (cvar "ins_bot_suppressing_fire_duration") (value "3.0")
L 08/08/2014 - 20:27:03: [basecommands.smx] "Console<0><Console><Console>" changed cvar (cvar "bot_hearing_flashbang_effect_max_distance") (value "1500")
L 08/08/2014 - 20:27:03: [basecommands.smx] "Console<0><Console><Console>" changed cvar (cvar "bot_hearing_silenced_weapon_sound_reduction") (value "0.75")
L 08/08/2014 - 20:42:15: [SM] Changed map to "siege_coop"
L 08/08/2014 - 20:42:16: -------- Mapchange to siege_coop --------
L 08/08/2014 - 20:42:16: [basecommands.smx] "Console<0><Console><Console>" changed cvar (cvar "ins_bot_max_setup_gate_defend_range") (value "5000")
L 08/08/2014 - 20:42:16: [basecommands.smx] "Console<0><Console><Console>" changed cvar (cvar "ins_bot_min_setup_gate_defend_range") (value "800")
L 08/08/2014 - 20:42:16: [basecommands.smx] "Console<0><Console><Console>" changed cvar (cvar "ins_bot_min_setup_gate_sniper_defend_range") (value "400")
L 08/08/2014 - 20:42:16: [basecommands.smx] "Console<0><Console><Console>" changed cvar (cvar "ins_bot_suppress_visible_requirement") (value "0.5")
L 08/08/2014 - 20:42:16: [basecommands.smx] "Console<0><Console><Console>" changed cvar (cvar "ins_bot_suppressing_fire_duration") (value "3.0")
L 08/08/2014 - 20:42:16: [basecommands.smx] "Console<0><Console><Console>" changed cvar (cvar "bot_hearing_flashbang_effect_max_distance") (value "1500")
L 08/08/2014 - 20:42:16: [basecommands.smx] "Console<0><Console><Console>" changed cvar (cvar "bot_hearing_silenced_weapon_sound_reduction") (value "0.75")
L 08/08/2014 - 21:12:38: [SM] Changed map to "district_hunt"
L 08/08/2014 - 21:12:39: -------- Mapchange to district_hunt --------
L 08/08/2014 - 21:12:39: [basecommands.smx] "Console<0><Console><Console>" changed cvar (cvar "ins_bot_max_setup_gate_defend_range") (value "5000")
L 08/08/2014 - 21:12:39: [basecommands.smx] "Console<0><Console><Console>" changed cvar (cvar "ins_bot_min_setup_gate_defend_range") (value "800")
L 08/08/2014 - 21:12:39: [basecommands.smx] "Console<0><Console><Console>" changed cvar (cvar "ins_bot_min_setup_gate_sniper_defend_range") (value "400")
L 08/08/2014 - 21:12:39: [basecommands.smx] "Console<0><Console><Console>" changed cvar (cvar "ins_bot_suppress_visible_requirement") (value "0.5")
L 08/08/2014 - 21:12:39: [basecommands.smx] "Console<0><Console><Console>" changed cvar (cvar "ins_bot_suppressing_fire_duration") (value "3.0")
L 08/08/2014 - 21:12:39: [basecommands.smx] "Console<0><Console><Console>" changed cvar (cvar "bot_hearing_flashbang_effect_max_distance") (value "1500")
L 08/08/2014 - 21:12:39: [basecommands.smx] "Console<0><Console><Console>" changed cvar (cvar "bot_hearing_silenced_weapon_sound_reduction") (value "0.75")
L 08/08/2014 - 21:38:06: [SM] Changed map to "heights_hunt"
L 08/08/2014 - 21:38:07: -------- Mapchange to heights_hunt --------
L 08/08/2014 - 21:38:07: [basecommands.smx] "Console<0><Console><Console>" changed cvar (cvar "ins_bot_max_setup_gate_defend_range") (value "5000")
L 08/08/2014 - 21:38:07: [basecommands.smx] "Console<0><Console><Console>" changed cvar (cvar "ins_bot_min_setup_gate_defend_range") (value "800")
L 08/08/2014 - 21:38:07: [basecommands.smx] "Console<0><Console><Console>" changed cvar (cvar "ins_bot_min_setup_gate_sniper_defend_range") (value "400")
L 08/08/2014 - 21:38:07: [basecommands.smx] "Console<0><Console><Console>" changed cvar (cvar "ins_bot_suppress_visible_requirement") (value "0.5")
L 08/08/2014 - 21:38:07: [basecommands.smx] "Console<0><Console><Console>" changed cvar (cvar "ins_bot_suppressing_fire_duration") (value "3.0")
L 08/08/2014 - 21:38:07: [basecommands.smx] "Console<0><Console><Console>" changed cvar (cvar "bot_hearing_flashbang_effect_max_distance") (value "1500")
L 08/08/2014 - 21:38:07: [basecommands.smx] "Console<0><Console><Console>" changed cvar (cvar "bot_hearing_silenced_weapon_sound_reduction") (value "0.75")
L 08/08/2014 - 22:08:23: [SM] Changed map to "ministry_hunt"
L 08/08/2014 - 22:08:35: SourceMod log file session started (file "L20140808.log") (Version "1.6.0")
L 08/08/2014 - 22:08:35: -------- Mapchange to ministry_coop --------
L 08/08/2014 - 22:08:35: [basecommands.smx] "Console<0><Console><Console>" changed cvar (cvar "ins_bot_max_setup_gate_defend_range") (value "5000")
L 08/08/2014 - 22:08:35: [basecommands.smx] "Console<0><Console><Console>" changed cvar (cvar "ins_bot_min_setup_gate_defend_range") (value "800")
L 08/08/2014 - 22:08:35: [basecommands.smx] "Console<0><Console><Console>" changed cvar (cvar "ins_bot_min_setup_gate_sniper_defend_range") (value "400")
L 08/08/2014 - 22:08:35: [basecommands.smx] "Console<0><Console><Console>" changed cvar (cvar "ins_bot_suppress_visible_requirement") (value "0.5")
L 08/08/2014 - 22:08:35: [basecommands.smx] "Console<0><Console><Console>" changed cvar (cvar "ins_bot_suppressing_fire_duration") (value "3.0")
L 08/08/2014 - 22:08:35: [basecommands.smx] "Console<0><Console><Console>" changed cvar (cvar "bot_hearing_flashbang_effect_max_distance") (value "1500")
L 08/08/2014 - 22:08:35: [basecommands.smx] "Console<0><Console><Console>" changed cvar (cvar "bot_hearing_silenced_weapon_sound_reduction") (value "0.75")
L 08/08/2014 - 22:12:33: [basecommands.smx] "Console<0><Console><Console>" changed cvar (cvar "ins_bot_max_setup_gate_defend_range") (value "5000")
L 08/08/2014 - 22:12:33: [basecommands.smx] "Console<0><Console><Console>" changed cvar (cvar "ins_bot_min_setup_gate_defend_range") (value "800")
L 08/08/2014 - 22:12:33: [basecommands.smx] "Console<0><Console><Console>" changed cvar (cvar "ins_bot_min_setup_gate_sniper_defend_range") (value "400")
L 08/08/2014 - 22:12:33: [basecommands.smx] "Console<0><Console><Console>" changed cvar (cvar "ins_bot_suppress_visible_requirement") (value "0.5")
L 08/08/2014 - 22:12:33: [basecommands.smx] "Console<0><Console><Console>" changed cvar (cvar "ins_bot_suppressing_fire_duration") (value "3.0")
L 08/08/2014 - 22:12:33: [basecommands.smx] "Console<0><Console><Console>" changed cvar (cvar "bot_hearing_flashbang_effect_max_distance") (value "1500")
L 08/08/2014 - 22:12:33: [basecommands.smx] "Console<0><Console><Console>" changed cvar (cvar "bot_hearing_silenced_weapon_sound_reduction") (value "0.75")
L 08/08/2014 - 22:22:28: [SM] Changed map to "siege_coop"
L 08/08/2014 - 22:22:29: -------- Mapchange to siege_coop --------
L 08/08/2014 - 22:22:29: [basecommands.smx] "Console<0><Console><Console>" changed cvar (cvar "ins_bot_max_setup_gate_defend_range") (value "5000")
L 08/08/2014 - 22:22:29: [basecommands.smx] "Console<0><Console><Console>" changed cvar (cvar "ins_bot_min_setup_gate_defend_range") (value "800")
L 08/08/2014 - 22:22:29: [basecommands.smx] "Console<0><Console><Console>" changed cvar (cvar "ins_bot_min_setup_gate_sniper_defend_range") (value "400")
L 08/08/2014 - 22:22:29: [basecommands.smx] "Console<0><Console><Console>" changed cvar (cvar "ins_bot_suppress_visible_requirement") (value "0.5")
L 08/08/2014 - 22:22:29: [basecommands.smx] "Console<0><Console><Console>" changed cvar (cvar "ins_bot_suppressing_fire_duration") (value "3.0")
L 08/08/2014 - 22:22:29: [basecommands.smx] "Console<0><Console><Console>" changed cvar (cvar "bot_hearing_flashbang_effect_max_distance") (value "1500")
L 08/08/2014 - 22:22:29: [basecommands.smx] "Console<0><Console><Console>" changed cvar (cvar "bot_hearing_silenced_weapon_sound_reduction") (value "0.75")
L 08/08/2014 - 23:38:06: [SM] Changed map to "district_hunt"
L 08/08/2014 - 23:39:03: SourceMod log file session started (file "L20140808.log") (Version "1.6.0")
L 08/08/2014 - 23:39:03: -------- Mapchange to ministry_coop --------
L 08/08/2014 - 23:39:03: [basecommands.smx] "Console<0><Console><Console>" changed cvar (cvar "ins_bot_max_setup_gate_defend_range") (value "5000")
L 08/08/2014 - 23:39:03: [basecommands.smx] "Console<0><Console><Console>" changed cvar (cvar "ins_bot_min_setup_gate_defend_range") (value "800")
L 08/08/2014 - 23:39:03: [basecommands.smx] "Console<0><Console><Console>" changed cvar (cvar "ins_bot_min_setup_gate_sniper_defend_range") (value "400")
L 08/08/2014 - 23:39:03: [basecommands.smx] "Console<0><Console><Console>" changed cvar (cvar "ins_bot_suppress_visible_requirement") (value "0.5")
L 08/08/2014 - 23:39:03: [basecommands.smx] "Console<0><Console><Console>" changed cvar (cvar "ins_bot_suppressing_fire_duration") (value "3.0")
L 08/08/2014 - 23:39:03: [basecommands.smx] "Console<0><Console><Console>" changed cvar (cvar "bot_hearing_flashbang_effect_max_distance") (value "1500")
L 08/08/2014 - 23:39:03: [basecommands.smx] "Console<0><Console><Console>" changed cvar (cvar "bot_hearing_silenced_weapon_sound_reduction") (value "0.75")
L 08/08/2014 - 23:56:49: [SM] Changed map to "siege_coop"
L 08/08/2014 - 23:56:50: -------- Mapchange to siege_coop --------
L 08/08/2014 - 23:56:50: [basecommands.smx] "Console<0><Console><Console>" changed cvar (cvar "ins_bot_max_setup_gate_defend_range") (value "5000")
L 08/08/2014 - 23:56:50: [basecommands.smx] "Console<0><Console><Console>" changed cvar (cvar "ins_bot_min_setup_gate_defend_range") (value "800")
L 08/08/2014 - 23:56:50: [basecommands.smx] "Console<0><Console><Console>" changed cvar (cvar "ins_bot_min_setup_gate_sniper_defend_range") (value "400")
L 08/08/2014 - 23:56:50: [basecommands.smx] "Console<0><Console><Console>" changed cvar (cvar "ins_bot_suppress_visible_requirement") (value "0.5")
L 08/08/2014 - 23:56:50: [basecommands.smx] "Console<0><Console><Console>" changed cvar (cvar "ins_bot_suppressing_fire_duration") (value "3.0")
L 08/08/2014 - 23:56:50: [basecommands.smx] "Console<0><Console><Console>" changed cvar (cvar "bot_hearing_flashbang_effect_max_distance") (value "1500")
L 08/08/2014 - 23:56:50: [basecommands.smx] "Console<0><Console><Console>" changed cvar (cvar "bot_hearing_silenced_weapon_sound_reduction") (value "0.75")
