L 07/26/2014 - 05:04:26: SourceMod log file session started (file "L20140726.log") (Version "1.6.0")
L 07/26/2014 - 05:04:26: -------- Mapchange to ministry_coop --------
L 07/26/2014 - 06:08:29: [SM] Changed map to "siege_coop"
L 07/26/2014 - 06:08:29: [SM] Changed map to "siege_coop"
L 07/26/2014 - 06:08:30: -------- Mapchange to siege_coop --------
L 07/26/2014 - 07:42:44: [SM] Changed map to "peak_coop"
L 07/26/2014 - 07:42:44: [SM] Changed map to "peak_coop"
L 07/26/2014 - 07:42:45: -------- Mapchange to peak_coop --------
L 07/26/2014 - 08:25:52: -------- Mapchange to sinjar_coop --------
L 07/26/2014 - 08:56:52: SourceMod log file session started (file "L20140726.log") (Version "1.6.0")
L 07/26/2014 - 08:56:52: -------- Mapchange to ministry_coop --------
L 07/26/2014 - 09:41:05: [SM] Changed map to "siege_coop"
L 07/26/2014 - 09:41:06: -------- Mapchange to siege_coop --------
L 07/26/2014 - 10:15:02: -------- Mapchange to peak_coop --------
L 07/26/2014 - 10:17:43: -------- Mapchange to peak_coop --------
L 07/26/2014 - 10:48:03: SourceMod log file session started (file "L20140726.log") (Version "1.6.0")
L 07/26/2014 - 10:48:03: -------- Mapchange to ministry_coop --------
L 07/26/2014 - 10:50:35: Log file closed.
L 07/26/2014 - 10:51:03: SourceMod log file session started (file "L20140726.log") (Version "1.6.0")
L 07/26/2014 - 10:51:03: -------- Mapchange to ministry_coop --------
L 07/26/2014 - 12:29:28: [SM] Changed map to "siege_coop"
L 07/26/2014 - 12:29:28: [SM] Changed map to "siege_coop"
L 07/26/2014 - 12:29:29: -------- Mapchange to siege_coop --------
L 07/26/2014 - 13:25:29: [SM] Changed map to "peak_coop"
L 07/26/2014 - 13:25:29: [SM] Changed map to "peak_coop"
L 07/26/2014 - 13:25:30: -------- Mapchange to peak_coop --------
L 07/26/2014 - 14:20:48: [SM] Changed map to "peak_coop"
L 07/26/2014 - 14:20:48: [SM] Changed map to "peak_coop"
L 07/26/2014 - 14:20:49: -------- Mapchange to peak_coop --------
L 07/26/2014 - 15:15:22: [SM] Changed map to "sinjar_coop"
L 07/26/2014 - 15:15:23: -------- Mapchange to sinjar_coop --------
L 07/26/2014 - 15:59:16: [SM] Changed map to "revolt_coop"
L 07/26/2014 - 15:59:17: -------- Mapchange to revolt_coop --------
L 07/26/2014 - 17:24:00: [SM] Changed map to "buhriz_coop"
L 07/26/2014 - 17:24:01: -------- Mapchange to buhriz_coop --------
L 07/26/2014 - 17:47:28: [SM] Changed map to "market_coop"
L 07/26/2014 - 17:47:30: -------- Mapchange to market_coop --------
L 07/26/2014 - 18:45:06: [SM] Changed map to "heights_coop"
L 07/26/2014 - 18:45:07: -------- Mapchange to heights_coop --------
L 07/26/2014 - 22:57:01: [SM] Changed map to "contact_coop"
L 07/26/2014 - 22:57:01: [SM] Changed map to "contact_coop"
L 07/26/2014 - 22:57:02: -------- Mapchange to contact_coop --------
