L 08/11/2014 - 00:21:03: SourceMod log file session started (file "L20140811.log") (Version "1.6.0")
L 08/11/2014 - 00:21:03: [SM] Changed map to "heights_hunt"
L 08/11/2014 - 00:21:04: -------- Mapchange to heights_hunt --------
L 08/11/2014 - 00:21:04: [basecommands.smx] "Console<0><Console><Console>" changed cvar (cvar "ins_bot_max_setup_gate_defend_range") (value "5000")
L 08/11/2014 - 00:21:04: [basecommands.smx] "Console<0><Console><Console>" changed cvar (cvar "ins_bot_min_setup_gate_defend_range") (value "800")
L 08/11/2014 - 00:21:04: [basecommands.smx] "Console<0><Console><Console>" changed cvar (cvar "ins_bot_min_setup_gate_sniper_defend_range") (value "400")
L 08/11/2014 - 00:21:04: [basecommands.smx] "Console<0><Console><Console>" changed cvar (cvar "ins_bot_suppress_visible_requirement") (value "0.5")
L 08/11/2014 - 00:21:04: [basecommands.smx] "Console<0><Console><Console>" changed cvar (cvar "ins_bot_suppressing_fire_duration") (value "3.0")
L 08/11/2014 - 00:21:04: [basecommands.smx] "Console<0><Console><Console>" changed cvar (cvar "bot_hearing_flashbang_effect_max_distance") (value "1500")
L 08/11/2014 - 00:21:04: [basecommands.smx] "Console<0><Console><Console>" changed cvar (cvar "bot_hearing_silenced_weapon_sound_reduction") (value "0.75")
L 08/11/2014 - 00:36:26: [SM] Changed map to "ministry_hunt"
L 08/11/2014 - 00:37:03: SourceMod log file session started (file "L20140811.log") (Version "1.6.0")
L 08/11/2014 - 00:37:03: -------- Mapchange to ministry_coop --------
L 08/11/2014 - 00:37:03: [basecommands.smx] "Console<0><Console><Console>" changed cvar (cvar "ins_bot_max_setup_gate_defend_range") (value "5000")
L 08/11/2014 - 00:37:03: [basecommands.smx] "Console<0><Console><Console>" changed cvar (cvar "ins_bot_min_setup_gate_defend_range") (value "800")
L 08/11/2014 - 00:37:03: [basecommands.smx] "Console<0><Console><Console>" changed cvar (cvar "ins_bot_min_setup_gate_sniper_defend_range") (value "400")
L 08/11/2014 - 00:37:03: [basecommands.smx] "Console<0><Console><Console>" changed cvar (cvar "ins_bot_suppress_visible_requirement") (value "0.5")
L 08/11/2014 - 00:37:03: [basecommands.smx] "Console<0><Console><Console>" changed cvar (cvar "ins_bot_suppressing_fire_duration") (value "3.0")
L 08/11/2014 - 00:37:03: [basecommands.smx] "Console<0><Console><Console>" changed cvar (cvar "bot_hearing_flashbang_effect_max_distance") (value "1500")
L 08/11/2014 - 00:37:03: [basecommands.smx] "Console<0><Console><Console>" changed cvar (cvar "bot_hearing_silenced_weapon_sound_reduction") (value "0.75")
L 08/11/2014 - 00:49:36: [SM] Changed map to "siege_coop"
L 08/11/2014 - 00:49:36: -------- Mapchange to siege_coop --------
L 08/11/2014 - 00:49:36: [basecommands.smx] "Console<0><Console><Console>" changed cvar (cvar "ins_bot_max_setup_gate_defend_range") (value "5000")
L 08/11/2014 - 00:49:36: [basecommands.smx] "Console<0><Console><Console>" changed cvar (cvar "ins_bot_min_setup_gate_defend_range") (value "800")
L 08/11/2014 - 00:49:36: [basecommands.smx] "Console<0><Console><Console>" changed cvar (cvar "ins_bot_min_setup_gate_sniper_defend_range") (value "400")
L 08/11/2014 - 00:49:36: [basecommands.smx] "Console<0><Console><Console>" changed cvar (cvar "ins_bot_suppress_visible_requirement") (value "0.5")
L 08/11/2014 - 00:49:36: [basecommands.smx] "Console<0><Console><Console>" changed cvar (cvar "ins_bot_suppressing_fire_duration") (value "3.0")
L 08/11/2014 - 00:49:36: [basecommands.smx] "Console<0><Console><Console>" changed cvar (cvar "bot_hearing_flashbang_effect_max_distance") (value "1500")
L 08/11/2014 - 00:49:36: [basecommands.smx] "Console<0><Console><Console>" changed cvar (cvar "bot_hearing_silenced_weapon_sound_reduction") (value "0.75")
L 08/11/2014 - 01:18:56: [SM] Changed map to "district_hunt"
L 08/11/2014 - 01:19:03: SourceMod log file session started (file "L20140811.log") (Version "1.6.0")
L 08/11/2014 - 01:19:03: -------- Mapchange to ministry_coop --------
L 08/11/2014 - 01:19:03: [basecommands.smx] "Console<0><Console><Console>" changed cvar (cvar "ins_bot_max_setup_gate_defend_range") (value "5000")
L 08/11/2014 - 01:19:03: [basecommands.smx] "Console<0><Console><Console>" changed cvar (cvar "ins_bot_min_setup_gate_defend_range") (value "800")
L 08/11/2014 - 01:19:03: [basecommands.smx] "Console<0><Console><Console>" changed cvar (cvar "ins_bot_min_setup_gate_sniper_defend_range") (value "400")
L 08/11/2014 - 01:19:03: [basecommands.smx] "Console<0><Console><Console>" changed cvar (cvar "ins_bot_suppress_visible_requirement") (value "0.5")
L 08/11/2014 - 01:19:03: [basecommands.smx] "Console<0><Console><Console>" changed cvar (cvar "ins_bot_suppressing_fire_duration") (value "3.0")
L 08/11/2014 - 01:19:03: [basecommands.smx] "Console<0><Console><Console>" changed cvar (cvar "bot_hearing_flashbang_effect_max_distance") (value "1500")
L 08/11/2014 - 01:19:03: [basecommands.smx] "Console<0><Console><Console>" changed cvar (cvar "bot_hearing_silenced_weapon_sound_reduction") (value "0.75")
L 08/11/2014 - 01:30:40: [SM] Changed map to "siege_coop"
L 08/11/2014 - 01:30:41: -------- Mapchange to siege_coop --------
L 08/11/2014 - 01:30:41: [basecommands.smx] "Console<0><Console><Console>" changed cvar (cvar "ins_bot_max_setup_gate_defend_range") (value "5000")
L 08/11/2014 - 01:30:41: [basecommands.smx] "Console<0><Console><Console>" changed cvar (cvar "ins_bot_min_setup_gate_defend_range") (value "800")
L 08/11/2014 - 01:30:41: [basecommands.smx] "Console<0><Console><Console>" changed cvar (cvar "ins_bot_min_setup_gate_sniper_defend_range") (value "400")
L 08/11/2014 - 01:30:41: [basecommands.smx] "Console<0><Console><Console>" changed cvar (cvar "ins_bot_suppress_visible_requirement") (value "0.5")
L 08/11/2014 - 01:30:41: [basecommands.smx] "Console<0><Console><Console>" changed cvar (cvar "ins_bot_suppressing_fire_duration") (value "3.0")
L 08/11/2014 - 01:30:41: [basecommands.smx] "Console<0><Console><Console>" changed cvar (cvar "bot_hearing_flashbang_effect_max_distance") (value "1500")
L 08/11/2014 - 01:30:41: [basecommands.smx] "Console<0><Console><Console>" changed cvar (cvar "bot_hearing_silenced_weapon_sound_reduction") (value "0.75")
L 08/11/2014 - 02:12:28: [SM] Changed map to "district_hunt"
L 08/11/2014 - 02:12:29: -------- Mapchange to district_hunt --------
L 08/11/2014 - 02:12:29: [basecommands.smx] "Console<0><Console><Console>" changed cvar (cvar "ins_bot_max_setup_gate_defend_range") (value "5000")
L 08/11/2014 - 02:12:29: [basecommands.smx] "Console<0><Console><Console>" changed cvar (cvar "ins_bot_min_setup_gate_defend_range") (value "800")
L 08/11/2014 - 02:12:29: [basecommands.smx] "Console<0><Console><Console>" changed cvar (cvar "ins_bot_min_setup_gate_sniper_defend_range") (value "400")
L 08/11/2014 - 02:12:29: [basecommands.smx] "Console<0><Console><Console>" changed cvar (cvar "ins_bot_suppress_visible_requirement") (value "0.5")
L 08/11/2014 - 02:12:29: [basecommands.smx] "Console<0><Console><Console>" changed cvar (cvar "ins_bot_suppressing_fire_duration") (value "3.0")
L 08/11/2014 - 02:12:29: [basecommands.smx] "Console<0><Console><Console>" changed cvar (cvar "bot_hearing_flashbang_effect_max_distance") (value "1500")
L 08/11/2014 - 02:12:29: [basecommands.smx] "Console<0><Console><Console>" changed cvar (cvar "bot_hearing_silenced_weapon_sound_reduction") (value "0.75")
L 08/11/2014 - 02:25:32: [SM] Changed map to "heights_hunt"
L 08/11/2014 - 02:25:32: -------- Mapchange to heights_hunt --------
L 08/11/2014 - 02:25:32: [basecommands.smx] "Console<0><Console><Console>" changed cvar (cvar "ins_bot_max_setup_gate_defend_range") (value "5000")
L 08/11/2014 - 02:25:32: [basecommands.smx] "Console<0><Console><Console>" changed cvar (cvar "ins_bot_min_setup_gate_defend_range") (value "800")
L 08/11/2014 - 02:25:32: [basecommands.smx] "Console<0><Console><Console>" changed cvar (cvar "ins_bot_min_setup_gate_sniper_defend_range") (value "400")
L 08/11/2014 - 02:25:32: [basecommands.smx] "Console<0><Console><Console>" changed cvar (cvar "ins_bot_suppress_visible_requirement") (value "0.5")
L 08/11/2014 - 02:25:32: [basecommands.smx] "Console<0><Console><Console>" changed cvar (cvar "ins_bot_suppressing_fire_duration") (value "3.0")
L 08/11/2014 - 02:25:32: [basecommands.smx] "Console<0><Console><Console>" changed cvar (cvar "bot_hearing_flashbang_effect_max_distance") (value "1500")
L 08/11/2014 - 02:25:32: [basecommands.smx] "Console<0><Console><Console>" changed cvar (cvar "bot_hearing_silenced_weapon_sound_reduction") (value "0.75")
L 08/11/2014 - 02:40:02: [SM] Changed map to "ministry_hunt"
L 08/11/2014 - 02:41:03: SourceMod log file session started (file "L20140811.log") (Version "1.6.0")
L 08/11/2014 - 02:41:03: -------- Mapchange to ministry_coop --------
L 08/11/2014 - 02:41:03: [basecommands.smx] "Console<0><Console><Console>" changed cvar (cvar "ins_bot_max_setup_gate_defend_range") (value "5000")
L 08/11/2014 - 02:41:03: [basecommands.smx] "Console<0><Console><Console>" changed cvar (cvar "ins_bot_min_setup_gate_defend_range") (value "800")
L 08/11/2014 - 02:41:03: [basecommands.smx] "Console<0><Console><Console>" changed cvar (cvar "ins_bot_min_setup_gate_sniper_defend_range") (value "400")
L 08/11/2014 - 02:41:03: [basecommands.smx] "Console<0><Console><Console>" changed cvar (cvar "ins_bot_suppress_visible_requirement") (value "0.5")
L 08/11/2014 - 02:41:03: [basecommands.smx] "Console<0><Console><Console>" changed cvar (cvar "ins_bot_suppressing_fire_duration") (value "3.0")
L 08/11/2014 - 02:41:03: [basecommands.smx] "Console<0><Console><Console>" changed cvar (cvar "bot_hearing_flashbang_effect_max_distance") (value "1500")
L 08/11/2014 - 02:41:03: [basecommands.smx] "Console<0><Console><Console>" changed cvar (cvar "bot_hearing_silenced_weapon_sound_reduction") (value "0.75")
L 08/11/2014 - 02:53:04: [SM] Changed map to "siege_coop"
L 08/11/2014 - 02:53:05: -------- Mapchange to siege_coop --------
L 08/11/2014 - 02:53:05: [basecommands.smx] "Console<0><Console><Console>" changed cvar (cvar "ins_bot_max_setup_gate_defend_range") (value "5000")
L 08/11/2014 - 02:53:05: [basecommands.smx] "Console<0><Console><Console>" changed cvar (cvar "ins_bot_min_setup_gate_defend_range") (value "800")
L 08/11/2014 - 02:53:05: [basecommands.smx] "Console<0><Console><Console>" changed cvar (cvar "ins_bot_min_setup_gate_sniper_defend_range") (value "400")
L 08/11/2014 - 02:53:05: [basecommands.smx] "Console<0><Console><Console>" changed cvar (cvar "ins_bot_suppress_visible_requirement") (value "0.5")
L 08/11/2014 - 02:53:05: [basecommands.smx] "Console<0><Console><Console>" changed cvar (cvar "ins_bot_suppressing_fire_duration") (value "3.0")
L 08/11/2014 - 02:53:05: [basecommands.smx] "Console<0><Console><Console>" changed cvar (cvar "bot_hearing_flashbang_effect_max_distance") (value "1500")
L 08/11/2014 - 02:53:05: [basecommands.smx] "Console<0><Console><Console>" changed cvar (cvar "bot_hearing_silenced_weapon_sound_reduction") (value "0.75")
L 08/11/2014 - 03:12:30: [SM] Changed map to "district_hunt"
L 08/11/2014 - 03:12:31: -------- Mapchange to district_hunt --------
L 08/11/2014 - 03:12:31: [basecommands.smx] "Console<0><Console><Console>" changed cvar (cvar "ins_bot_max_setup_gate_defend_range") (value "5000")
L 08/11/2014 - 03:12:31: [basecommands.smx] "Console<0><Console><Console>" changed cvar (cvar "ins_bot_min_setup_gate_defend_range") (value "800")
L 08/11/2014 - 03:12:31: [basecommands.smx] "Console<0><Console><Console>" changed cvar (cvar "ins_bot_min_setup_gate_sniper_defend_range") (value "400")
L 08/11/2014 - 03:12:31: [basecommands.smx] "Console<0><Console><Console>" changed cvar (cvar "ins_bot_suppress_visible_requirement") (value "0.5")
L 08/11/2014 - 03:12:31: [basecommands.smx] "Console<0><Console><Console>" changed cvar (cvar "ins_bot_suppressing_fire_duration") (value "3.0")
L 08/11/2014 - 03:12:31: [basecommands.smx] "Console<0><Console><Console>" changed cvar (cvar "bot_hearing_flashbang_effect_max_distance") (value "1500")
L 08/11/2014 - 03:12:31: [basecommands.smx] "Console<0><Console><Console>" changed cvar (cvar "bot_hearing_silenced_weapon_sound_reduction") (value "0.75")
L 08/11/2014 - 03:21:29: [basecommands.smx] "-|TDB|-GEEZER |LMC|<43><STEAM_1:1:10119430><>" changed map to "anbar_coop_beta4"
L 08/11/2014 - 03:21:32: [SM] Changed map to "anbar_coop_beta4"
L 08/11/2014 - 03:21:33: -------- Mapchange to anbar_coop_beta4 --------
L 08/11/2014 - 03:21:33: [basecommands.smx] "Console<0><Console><Console>" changed cvar (cvar "ins_bot_max_setup_gate_defend_range") (value "5000")
L 08/11/2014 - 03:21:33: [basecommands.smx] "Console<0><Console><Console>" changed cvar (cvar "ins_bot_min_setup_gate_defend_range") (value "800")
L 08/11/2014 - 03:21:33: [basecommands.smx] "Console<0><Console><Console>" changed cvar (cvar "ins_bot_min_setup_gate_sniper_defend_range") (value "400")
L 08/11/2014 - 03:21:33: [basecommands.smx] "Console<0><Console><Console>" changed cvar (cvar "ins_bot_suppress_visible_requirement") (value "0.5")
L 08/11/2014 - 03:21:33: [basecommands.smx] "Console<0><Console><Console>" changed cvar (cvar "ins_bot_suppressing_fire_duration") (value "3.0")
L 08/11/2014 - 03:21:33: [basecommands.smx] "Console<0><Console><Console>" changed cvar (cvar "bot_hearing_flashbang_effect_max_distance") (value "1500")
L 08/11/2014 - 03:21:33: [basecommands.smx] "Console<0><Console><Console>" changed cvar (cvar "bot_hearing_silenced_weapon_sound_reduction") (value "0.75")
L 08/11/2014 - 03:49:03: SourceMod log file session started (file "L20140811.log") (Version "1.6.0")
L 08/11/2014 - 03:49:03: -------- Mapchange to ministry_coop --------
L 08/11/2014 - 03:49:03: [basecommands.smx] "Console<0><Console><Console>" changed cvar (cvar "ins_bot_max_setup_gate_defend_range") (value "5000")
L 08/11/2014 - 03:49:03: [basecommands.smx] "Console<0><Console><Console>" changed cvar (cvar "ins_bot_min_setup_gate_defend_range") (value "800")
L 08/11/2014 - 03:49:03: [basecommands.smx] "Console<0><Console><Console>" changed cvar (cvar "ins_bot_min_setup_gate_sniper_defend_range") (value "400")
L 08/11/2014 - 03:49:03: [basecommands.smx] "Console<0><Console><Console>" changed cvar (cvar "ins_bot_suppress_visible_requirement") (value "0.5")
L 08/11/2014 - 03:49:03: [basecommands.smx] "Console<0><Console><Console>" changed cvar (cvar "ins_bot_suppressing_fire_duration") (value "3.0")
L 08/11/2014 - 03:49:03: [basecommands.smx] "Console<0><Console><Console>" changed cvar (cvar "bot_hearing_flashbang_effect_max_distance") (value "1500")
L 08/11/2014 - 03:49:03: [basecommands.smx] "Console<0><Console><Console>" changed cvar (cvar "bot_hearing_silenced_weapon_sound_reduction") (value "0.75")
L 08/11/2014 - 04:00:33: [SM] Changed map to "siege_coop"
L 08/11/2014 - 04:00:34: -------- Mapchange to siege_coop --------
L 08/11/2014 - 04:00:34: [basecommands.smx] "Console<0><Console><Console>" changed cvar (cvar "ins_bot_max_setup_gate_defend_range") (value "5000")
L 08/11/2014 - 04:00:34: [basecommands.smx] "Console<0><Console><Console>" changed cvar (cvar "ins_bot_min_setup_gate_defend_range") (value "800")
L 08/11/2014 - 04:00:34: [basecommands.smx] "Console<0><Console><Console>" changed cvar (cvar "ins_bot_min_setup_gate_sniper_defend_range") (value "400")
L 08/11/2014 - 04:00:34: [basecommands.smx] "Console<0><Console><Console>" changed cvar (cvar "ins_bot_suppress_visible_requirement") (value "0.5")
L 08/11/2014 - 04:00:34: [basecommands.smx] "Console<0><Console><Console>" changed cvar (cvar "ins_bot_suppressing_fire_duration") (value "3.0")
L 08/11/2014 - 04:00:34: [basecommands.smx] "Console<0><Console><Console>" changed cvar (cvar "bot_hearing_flashbang_effect_max_distance") (value "1500")
L 08/11/2014 - 04:00:34: [basecommands.smx] "Console<0><Console><Console>" changed cvar (cvar "bot_hearing_silenced_weapon_sound_reduction") (value "0.75")
L 08/11/2014 - 04:28:29: [SM] Changed map to "district_hunt"
L 08/11/2014 - 04:28:30: -------- Mapchange to district_hunt --------
L 08/11/2014 - 04:28:30: [basecommands.smx] "Console<0><Console><Console>" changed cvar (cvar "ins_bot_max_setup_gate_defend_range") (value "5000")
L 08/11/2014 - 04:28:30: [basecommands.smx] "Console<0><Console><Console>" changed cvar (cvar "ins_bot_min_setup_gate_defend_range") (value "800")
L 08/11/2014 - 04:28:30: [basecommands.smx] "Console<0><Console><Console>" changed cvar (cvar "ins_bot_min_setup_gate_sniper_defend_range") (value "400")
L 08/11/2014 - 04:28:30: [basecommands.smx] "Console<0><Console><Console>" changed cvar (cvar "ins_bot_suppress_visible_requirement") (value "0.5")
L 08/11/2014 - 04:28:30: [basecommands.smx] "Console<0><Console><Console>" changed cvar (cvar "ins_bot_suppressing_fire_duration") (value "3.0")
L 08/11/2014 - 04:28:30: [basecommands.smx] "Console<0><Console><Console>" changed cvar (cvar "bot_hearing_flashbang_effect_max_distance") (value "1500")
L 08/11/2014 - 04:28:30: [basecommands.smx] "Console<0><Console><Console>" changed cvar (cvar "bot_hearing_silenced_weapon_sound_reduction") (value "0.75")
L 08/11/2014 - 05:01:16: [SM] Changed map to "heights_hunt"
L 08/11/2014 - 05:01:16: -------- Mapchange to heights_hunt --------
L 08/11/2014 - 05:01:16: [basecommands.smx] "Console<0><Console><Console>" changed cvar (cvar "ins_bot_max_setup_gate_defend_range") (value "5000")
L 08/11/2014 - 05:01:16: [basecommands.smx] "Console<0><Console><Console>" changed cvar (cvar "ins_bot_min_setup_gate_defend_range") (value "800")
L 08/11/2014 - 05:01:16: [basecommands.smx] "Console<0><Console><Console>" changed cvar (cvar "ins_bot_min_setup_gate_sniper_defend_range") (value "400")
L 08/11/2014 - 05:01:16: [basecommands.smx] "Console<0><Console><Console>" changed cvar (cvar "ins_bot_suppress_visible_requirement") (value "0.5")
L 08/11/2014 - 05:01:16: [basecommands.smx] "Console<0><Console><Console>" changed cvar (cvar "ins_bot_suppressing_fire_duration") (value "3.0")
L 08/11/2014 - 05:01:16: [basecommands.smx] "Console<0><Console><Console>" changed cvar (cvar "bot_hearing_flashbang_effect_max_distance") (value "1500")
L 08/11/2014 - 05:01:16: [basecommands.smx] "Console<0><Console><Console>" changed cvar (cvar "bot_hearing_silenced_weapon_sound_reduction") (value "0.75")
L 08/11/2014 - 06:23:47: [SM] Changed map to "ministry_hunt"
L 08/11/2014 - 06:23:47: [SM] Changed map to "ministry_hunt"
L 08/11/2014 - 06:24:03: SourceMod log file session started (file "L20140811.log") (Version "1.6.0")
L 08/11/2014 - 06:24:03: -------- Mapchange to ministry_coop --------
L 08/11/2014 - 06:24:03: [basecommands.smx] "Console<0><Console><Console>" changed cvar (cvar "ins_bot_max_setup_gate_defend_range") (value "5000")
L 08/11/2014 - 06:24:03: [basecommands.smx] "Console<0><Console><Console>" changed cvar (cvar "ins_bot_min_setup_gate_defend_range") (value "800")
L 08/11/2014 - 06:24:03: [basecommands.smx] "Console<0><Console><Console>" changed cvar (cvar "ins_bot_min_setup_gate_sniper_defend_range") (value "400")
L 08/11/2014 - 06:24:03: [basecommands.smx] "Console<0><Console><Console>" changed cvar (cvar "ins_bot_suppress_visible_requirement") (value "0.5")
L 08/11/2014 - 06:24:03: [basecommands.smx] "Console<0><Console><Console>" changed cvar (cvar "ins_bot_suppressing_fire_duration") (value "3.0")
L 08/11/2014 - 06:24:03: [basecommands.smx] "Console<0><Console><Console>" changed cvar (cvar "bot_hearing_flashbang_effect_max_distance") (value "1500")
L 08/11/2014 - 06:24:03: [basecommands.smx] "Console<0><Console><Console>" changed cvar (cvar "bot_hearing_silenced_weapon_sound_reduction") (value "0.75")
L 08/11/2014 - 07:18:54: [SM] Changed map to "ministry_coop"
L 08/11/2014 - 07:18:54: [SM] Changed map to "ministry_coop"
L 08/11/2014 - 07:18:54: -------- Mapchange to ministry_coop --------
L 08/11/2014 - 07:18:54: [basecommands.smx] "Console<0><Console><Console>" changed cvar (cvar "ins_bot_max_setup_gate_defend_range") (value "5000")
L 08/11/2014 - 07:18:54: [basecommands.smx] "Console<0><Console><Console>" changed cvar (cvar "ins_bot_min_setup_gate_defend_range") (value "800")
L 08/11/2014 - 07:18:54: [basecommands.smx] "Console<0><Console><Console>" changed cvar (cvar "ins_bot_min_setup_gate_sniper_defend_range") (value "400")
L 08/11/2014 - 07:18:54: [basecommands.smx] "Console<0><Console><Console>" changed cvar (cvar "ins_bot_suppress_visible_requirement") (value "0.5")
L 08/11/2014 - 07:18:54: [basecommands.smx] "Console<0><Console><Console>" changed cvar (cvar "ins_bot_suppressing_fire_duration") (value "3.0")
L 08/11/2014 - 07:18:54: [basecommands.smx] "Console<0><Console><Console>" changed cvar (cvar "bot_hearing_flashbang_effect_max_distance") (value "1500")
L 08/11/2014 - 07:18:54: [basecommands.smx] "Console<0><Console><Console>" changed cvar (cvar "bot_hearing_silenced_weapon_sound_reduction") (value "0.75")
L 08/11/2014 - 08:13:48: [SM] Changed map to "ministry_coop"
L 08/11/2014 - 08:13:48: [SM] Changed map to "ministry_coop"
L 08/11/2014 - 08:13:48: -------- Mapchange to ministry_coop --------
L 08/11/2014 - 08:13:48: [basecommands.smx] "Console<0><Console><Console>" changed cvar (cvar "ins_bot_max_setup_gate_defend_range") (value "5000")
L 08/11/2014 - 08:13:48: [basecommands.smx] "Console<0><Console><Console>" changed cvar (cvar "ins_bot_min_setup_gate_defend_range") (value "800")
L 08/11/2014 - 08:13:48: [basecommands.smx] "Console<0><Console><Console>" changed cvar (cvar "ins_bot_min_setup_gate_sniper_defend_range") (value "400")
L 08/11/2014 - 08:13:48: [basecommands.smx] "Console<0><Console><Console>" changed cvar (cvar "ins_bot_suppress_visible_requirement") (value "0.5")
L 08/11/2014 - 08:13:48: [basecommands.smx] "Console<0><Console><Console>" changed cvar (cvar "ins_bot_suppressing_fire_duration") (value "3.0")
L 08/11/2014 - 08:13:48: [basecommands.smx] "Console<0><Console><Console>" changed cvar (cvar "bot_hearing_flashbang_effect_max_distance") (value "1500")
L 08/11/2014 - 08:13:48: [basecommands.smx] "Console<0><Console><Console>" changed cvar (cvar "bot_hearing_silenced_weapon_sound_reduction") (value "0.75")
L 08/11/2014 - 09:08:42: [SM] Changed map to "ministry_coop"
L 08/11/2014 - 09:08:42: [SM] Changed map to "ministry_coop"
L 08/11/2014 - 09:08:42: -------- Mapchange to ministry_coop --------
L 08/11/2014 - 09:08:42: [basecommands.smx] "Console<0><Console><Console>" changed cvar (cvar "ins_bot_max_setup_gate_defend_range") (value "5000")
L 08/11/2014 - 09:08:42: [basecommands.smx] "Console<0><Console><Console>" changed cvar (cvar "ins_bot_min_setup_gate_defend_range") (value "800")
L 08/11/2014 - 09:08:42: [basecommands.smx] "Console<0><Console><Console>" changed cvar (cvar "ins_bot_min_setup_gate_sniper_defend_range") (value "400")
L 08/11/2014 - 09:08:42: [basecommands.smx] "Console<0><Console><Console>" changed cvar (cvar "ins_bot_suppress_visible_requirement") (value "0.5")
L 08/11/2014 - 09:08:42: [basecommands.smx] "Console<0><Console><Console>" changed cvar (cvar "ins_bot_suppressing_fire_duration") (value "3.0")
L 08/11/2014 - 09:08:42: [basecommands.smx] "Console<0><Console><Console>" changed cvar (cvar "bot_hearing_flashbang_effect_max_distance") (value "1500")
L 08/11/2014 - 09:08:42: [basecommands.smx] "Console<0><Console><Console>" changed cvar (cvar "bot_hearing_silenced_weapon_sound_reduction") (value "0.75")
L 08/11/2014 - 10:03:36: [SM] Changed map to "ministry_coop"
L 08/11/2014 - 10:03:36: [SM] Changed map to "ministry_coop"
L 08/11/2014 - 10:03:36: -------- Mapchange to ministry_coop --------
L 08/11/2014 - 10:03:36: [basecommands.smx] "Console<0><Console><Console>" changed cvar (cvar "ins_bot_max_setup_gate_defend_range") (value "5000")
L 08/11/2014 - 10:03:36: [basecommands.smx] "Console<0><Console><Console>" changed cvar (cvar "ins_bot_min_setup_gate_defend_range") (value "800")
L 08/11/2014 - 10:03:36: [basecommands.smx] "Console<0><Console><Console>" changed cvar (cvar "ins_bot_min_setup_gate_sniper_defend_range") (value "400")
L 08/11/2014 - 10:03:36: [basecommands.smx] "Console<0><Console><Console>" changed cvar (cvar "ins_bot_suppress_visible_requirement") (value "0.5")
L 08/11/2014 - 10:03:36: [basecommands.smx] "Console<0><Console><Console>" changed cvar (cvar "ins_bot_suppressing_fire_duration") (value "3.0")
L 08/11/2014 - 10:03:36: [basecommands.smx] "Console<0><Console><Console>" changed cvar (cvar "bot_hearing_flashbang_effect_max_distance") (value "1500")
L 08/11/2014 - 10:03:36: [basecommands.smx] "Console<0><Console><Console>" changed cvar (cvar "bot_hearing_silenced_weapon_sound_reduction") (value "0.75")
L 08/11/2014 - 10:58:30: [SM] Changed map to "ministry_coop"
L 08/11/2014 - 10:58:30: [SM] Changed map to "ministry_coop"
L 08/11/2014 - 10:58:30: -------- Mapchange to ministry_coop --------
L 08/11/2014 - 10:58:30: [basecommands.smx] "Console<0><Console><Console>" changed cvar (cvar "ins_bot_max_setup_gate_defend_range") (value "5000")
L 08/11/2014 - 10:58:30: [basecommands.smx] "Console<0><Console><Console>" changed cvar (cvar "ins_bot_min_setup_gate_defend_range") (value "800")
L 08/11/2014 - 10:58:30: [basecommands.smx] "Console<0><Console><Console>" changed cvar (cvar "ins_bot_min_setup_gate_sniper_defend_range") (value "400")
L 08/11/2014 - 10:58:30: [basecommands.smx] "Console<0><Console><Console>" changed cvar (cvar "ins_bot_suppress_visible_requirement") (value "0.5")
L 08/11/2014 - 10:58:30: [basecommands.smx] "Console<0><Console><Console>" changed cvar (cvar "ins_bot_suppressing_fire_duration") (value "3.0")
L 08/11/2014 - 10:58:30: [basecommands.smx] "Console<0><Console><Console>" changed cvar (cvar "bot_hearing_flashbang_effect_max_distance") (value "1500")
L 08/11/2014 - 10:58:30: [basecommands.smx] "Console<0><Console><Console>" changed cvar (cvar "bot_hearing_silenced_weapon_sound_reduction") (value "0.75")
L 08/11/2014 - 11:53:21: [SM] Changed map to "ministry_coop"
L 08/11/2014 - 11:53:22: [SM] Changed map to "ministry_coop"
L 08/11/2014 - 11:53:22: -------- Mapchange to ministry_coop --------
L 08/11/2014 - 11:53:22: [basecommands.smx] "Console<0><Console><Console>" changed cvar (cvar "ins_bot_max_setup_gate_defend_range") (value "5000")
L 08/11/2014 - 11:53:22: [basecommands.smx] "Console<0><Console><Console>" changed cvar (cvar "ins_bot_min_setup_gate_defend_range") (value "800")
L 08/11/2014 - 11:53:22: [basecommands.smx] "Console<0><Console><Console>" changed cvar (cvar "ins_bot_min_setup_gate_sniper_defend_range") (value "400")
L 08/11/2014 - 11:53:22: [basecommands.smx] "Console<0><Console><Console>" changed cvar (cvar "ins_bot_suppress_visible_requirement") (value "0.5")
L 08/11/2014 - 11:53:22: [basecommands.smx] "Console<0><Console><Console>" changed cvar (cvar "ins_bot_suppressing_fire_duration") (value "3.0")
L 08/11/2014 - 11:53:22: [basecommands.smx] "Console<0><Console><Console>" changed cvar (cvar "bot_hearing_flashbang_effect_max_distance") (value "1500")
L 08/11/2014 - 11:53:22: [basecommands.smx] "Console<0><Console><Console>" changed cvar (cvar "bot_hearing_silenced_weapon_sound_reduction") (value "0.75")
L 08/11/2014 - 12:48:12: [SM] Changed map to "ministry_coop"
L 08/11/2014 - 12:48:12: [SM] Changed map to "ministry_coop"
L 08/11/2014 - 12:48:13: -------- Mapchange to ministry_coop --------
L 08/11/2014 - 12:48:13: [basecommands.smx] "Console<0><Console><Console>" changed cvar (cvar "ins_bot_max_setup_gate_defend_range") (value "5000")
L 08/11/2014 - 12:48:13: [basecommands.smx] "Console<0><Console><Console>" changed cvar (cvar "ins_bot_min_setup_gate_defend_range") (value "800")
L 08/11/2014 - 12:48:13: [basecommands.smx] "Console<0><Console><Console>" changed cvar (cvar "ins_bot_min_setup_gate_sniper_defend_range") (value "400")
L 08/11/2014 - 12:48:13: [basecommands.smx] "Console<0><Console><Console>" changed cvar (cvar "ins_bot_suppress_visible_requirement") (value "0.5")
L 08/11/2014 - 12:48:13: [basecommands.smx] "Console<0><Console><Console>" changed cvar (cvar "ins_bot_suppressing_fire_duration") (value "3.0")
L 08/11/2014 - 12:48:13: [basecommands.smx] "Console<0><Console><Console>" changed cvar (cvar "bot_hearing_flashbang_effect_max_distance") (value "1500")
L 08/11/2014 - 12:48:13: [basecommands.smx] "Console<0><Console><Console>" changed cvar (cvar "bot_hearing_silenced_weapon_sound_reduction") (value "0.75")
L 08/11/2014 - 13:43:00: [SM] Changed map to "ministry_coop"
L 08/11/2014 - 13:43:01: [SM] Changed map to "ministry_coop"
L 08/11/2014 - 13:43:01: -------- Mapchange to ministry_coop --------
L 08/11/2014 - 13:43:01: [basecommands.smx] "Console<0><Console><Console>" changed cvar (cvar "ins_bot_max_setup_gate_defend_range") (value "5000")
L 08/11/2014 - 13:43:01: [basecommands.smx] "Console<0><Console><Console>" changed cvar (cvar "ins_bot_min_setup_gate_defend_range") (value "800")
L 08/11/2014 - 13:43:01: [basecommands.smx] "Console<0><Console><Console>" changed cvar (cvar "ins_bot_min_setup_gate_sniper_defend_range") (value "400")
L 08/11/2014 - 13:43:01: [basecommands.smx] "Console<0><Console><Console>" changed cvar (cvar "ins_bot_suppress_visible_requirement") (value "0.5")
L 08/11/2014 - 13:43:01: [basecommands.smx] "Console<0><Console><Console>" changed cvar (cvar "ins_bot_suppressing_fire_duration") (value "3.0")
L 08/11/2014 - 13:43:01: [basecommands.smx] "Console<0><Console><Console>" changed cvar (cvar "bot_hearing_flashbang_effect_max_distance") (value "1500")
L 08/11/2014 - 13:43:01: [basecommands.smx] "Console<0><Console><Console>" changed cvar (cvar "bot_hearing_silenced_weapon_sound_reduction") (value "0.75")
L 08/11/2014 - 14:37:46: [SM] Changed map to "ministry_coop"
L 08/11/2014 - 14:37:46: [SM] Changed map to "ministry_coop"
L 08/11/2014 - 14:37:47: -------- Mapchange to ministry_coop --------
L 08/11/2014 - 14:37:47: [basecommands.smx] "Console<0><Console><Console>" changed cvar (cvar "ins_bot_max_setup_gate_defend_range") (value "5000")
L 08/11/2014 - 14:37:47: [basecommands.smx] "Console<0><Console><Console>" changed cvar (cvar "ins_bot_min_setup_gate_defend_range") (value "800")
L 08/11/2014 - 14:37:47: [basecommands.smx] "Console<0><Console><Console>" changed cvar (cvar "ins_bot_min_setup_gate_sniper_defend_range") (value "400")
L 08/11/2014 - 14:37:47: [basecommands.smx] "Console<0><Console><Console>" changed cvar (cvar "ins_bot_suppress_visible_requirement") (value "0.5")
L 08/11/2014 - 14:37:47: [basecommands.smx] "Console<0><Console><Console>" changed cvar (cvar "ins_bot_suppressing_fire_duration") (value "3.0")
L 08/11/2014 - 14:37:47: [basecommands.smx] "Console<0><Console><Console>" changed cvar (cvar "bot_hearing_flashbang_effect_max_distance") (value "1500")
L 08/11/2014 - 14:37:47: [basecommands.smx] "Console<0><Console><Console>" changed cvar (cvar "bot_hearing_silenced_weapon_sound_reduction") (value "0.75")
L 08/11/2014 - 15:32:31: [SM] Changed map to "ministry_coop"
L 08/11/2014 - 15:32:31: [SM] Changed map to "ministry_coop"
L 08/11/2014 - 15:32:32: -------- Mapchange to ministry_coop --------
L 08/11/2014 - 15:32:32: [basecommands.smx] "Console<0><Console><Console>" changed cvar (cvar "ins_bot_max_setup_gate_defend_range") (value "5000")
L 08/11/2014 - 15:32:32: [basecommands.smx] "Console<0><Console><Console>" changed cvar (cvar "ins_bot_min_setup_gate_defend_range") (value "800")
L 08/11/2014 - 15:32:32: [basecommands.smx] "Console<0><Console><Console>" changed cvar (cvar "ins_bot_min_setup_gate_sniper_defend_range") (value "400")
L 08/11/2014 - 15:32:32: [basecommands.smx] "Console<0><Console><Console>" changed cvar (cvar "ins_bot_suppress_visible_requirement") (value "0.5")
L 08/11/2014 - 15:32:32: [basecommands.smx] "Console<0><Console><Console>" changed cvar (cvar "ins_bot_suppressing_fire_duration") (value "3.0")
L 08/11/2014 - 15:32:32: [basecommands.smx] "Console<0><Console><Console>" changed cvar (cvar "bot_hearing_flashbang_effect_max_distance") (value "1500")
L 08/11/2014 - 15:32:32: [basecommands.smx] "Console<0><Console><Console>" changed cvar (cvar "bot_hearing_silenced_weapon_sound_reduction") (value "0.75")
L 08/11/2014 - 16:27:44: [SM] Changed map to "ministry_coop"
L 08/11/2014 - 16:27:44: [SM] Changed map to "ministry_coop"
L 08/11/2014 - 16:27:44: -------- Mapchange to ministry_coop --------
L 08/11/2014 - 16:27:44: [basecommands.smx] "Console<0><Console><Console>" changed cvar (cvar "ins_bot_max_setup_gate_defend_range") (value "5000")
L 08/11/2014 - 16:27:44: [basecommands.smx] "Console<0><Console><Console>" changed cvar (cvar "ins_bot_min_setup_gate_defend_range") (value "800")
L 08/11/2014 - 16:27:44: [basecommands.smx] "Console<0><Console><Console>" changed cvar (cvar "ins_bot_min_setup_gate_sniper_defend_range") (value "400")
L 08/11/2014 - 16:27:44: [basecommands.smx] "Console<0><Console><Console>" changed cvar (cvar "ins_bot_suppress_visible_requirement") (value "0.5")
L 08/11/2014 - 16:27:44: [basecommands.smx] "Console<0><Console><Console>" changed cvar (cvar "ins_bot_suppressing_fire_duration") (value "3.0")
L 08/11/2014 - 16:27:44: [basecommands.smx] "Console<0><Console><Console>" changed cvar (cvar "bot_hearing_flashbang_effect_max_distance") (value "1500")
L 08/11/2014 - 16:27:44: [basecommands.smx] "Console<0><Console><Console>" changed cvar (cvar "bot_hearing_silenced_weapon_sound_reduction") (value "0.75")
L 08/11/2014 - 17:23:04: [SM] Changed map to "ministry_coop"
L 08/11/2014 - 17:23:04: [SM] Changed map to "ministry_coop"
L 08/11/2014 - 17:23:05: -------- Mapchange to ministry_coop --------
L 08/11/2014 - 17:23:05: [basecommands.smx] "Console<0><Console><Console>" changed cvar (cvar "ins_bot_max_setup_gate_defend_range") (value "5000")
L 08/11/2014 - 17:23:05: [basecommands.smx] "Console<0><Console><Console>" changed cvar (cvar "ins_bot_min_setup_gate_defend_range") (value "800")
L 08/11/2014 - 17:23:05: [basecommands.smx] "Console<0><Console><Console>" changed cvar (cvar "ins_bot_min_setup_gate_sniper_defend_range") (value "400")
L 08/11/2014 - 17:23:05: [basecommands.smx] "Console<0><Console><Console>" changed cvar (cvar "ins_bot_suppress_visible_requirement") (value "0.5")
L 08/11/2014 - 17:23:05: [basecommands.smx] "Console<0><Console><Console>" changed cvar (cvar "ins_bot_suppressing_fire_duration") (value "3.0")
L 08/11/2014 - 17:23:05: [basecommands.smx] "Console<0><Console><Console>" changed cvar (cvar "bot_hearing_flashbang_effect_max_distance") (value "1500")
L 08/11/2014 - 17:23:05: [basecommands.smx] "Console<0><Console><Console>" changed cvar (cvar "bot_hearing_silenced_weapon_sound_reduction") (value "0.75")
L 08/11/2014 - 18:18:25: [SM] Changed map to "ministry_coop"
L 08/11/2014 - 18:18:25: [SM] Changed map to "ministry_coop"
L 08/11/2014 - 18:18:25: -------- Mapchange to ministry_coop --------
L 08/11/2014 - 18:18:25: [basecommands.smx] "Console<0><Console><Console>" changed cvar (cvar "ins_bot_max_setup_gate_defend_range") (value "5000")
L 08/11/2014 - 18:18:25: [basecommands.smx] "Console<0><Console><Console>" changed cvar (cvar "ins_bot_min_setup_gate_defend_range") (value "800")
L 08/11/2014 - 18:18:25: [basecommands.smx] "Console<0><Console><Console>" changed cvar (cvar "ins_bot_min_setup_gate_sniper_defend_range") (value "400")
L 08/11/2014 - 18:18:25: [basecommands.smx] "Console<0><Console><Console>" changed cvar (cvar "ins_bot_suppress_visible_requirement") (value "0.5")
L 08/11/2014 - 18:18:25: [basecommands.smx] "Console<0><Console><Console>" changed cvar (cvar "ins_bot_suppressing_fire_duration") (value "3.0")
L 08/11/2014 - 18:18:25: [basecommands.smx] "Console<0><Console><Console>" changed cvar (cvar "bot_hearing_flashbang_effect_max_distance") (value "1500")
L 08/11/2014 - 18:18:25: [basecommands.smx] "Console<0><Console><Console>" changed cvar (cvar "bot_hearing_silenced_weapon_sound_reduction") (value "0.75")
L 08/11/2014 - 19:13:49: [SM] Changed map to "ministry_coop"
L 08/11/2014 - 19:13:50: [SM] Changed map to "ministry_coop"
L 08/11/2014 - 19:13:50: -------- Mapchange to ministry_coop --------
L 08/11/2014 - 19:13:50: [basecommands.smx] "Console<0><Console><Console>" changed cvar (cvar "ins_bot_max_setup_gate_defend_range") (value "5000")
L 08/11/2014 - 19:13:50: [basecommands.smx] "Console<0><Console><Console>" changed cvar (cvar "ins_bot_min_setup_gate_defend_range") (value "800")
L 08/11/2014 - 19:13:50: [basecommands.smx] "Console<0><Console><Console>" changed cvar (cvar "ins_bot_min_setup_gate_sniper_defend_range") (value "400")
L 08/11/2014 - 19:13:50: [basecommands.smx] "Console<0><Console><Console>" changed cvar (cvar "ins_bot_suppress_visible_requirement") (value "0.5")
L 08/11/2014 - 19:13:50: [basecommands.smx] "Console<0><Console><Console>" changed cvar (cvar "ins_bot_suppressing_fire_duration") (value "3.0")
L 08/11/2014 - 19:13:50: [basecommands.smx] "Console<0><Console><Console>" changed cvar (cvar "bot_hearing_flashbang_effect_max_distance") (value "1500")
L 08/11/2014 - 19:13:50: [basecommands.smx] "Console<0><Console><Console>" changed cvar (cvar "bot_hearing_silenced_weapon_sound_reduction") (value "0.75")
L 08/11/2014 - 20:32:46: [SM] Changed map to "siege_coop"
L 08/11/2014 - 20:32:46: [SM] Changed map to "siege_coop"
L 08/11/2014 - 20:32:47: -------- Mapchange to siege_coop --------
L 08/11/2014 - 20:32:47: [basecommands.smx] "Console<0><Console><Console>" changed cvar (cvar "ins_bot_max_setup_gate_defend_range") (value "5000")
L 08/11/2014 - 20:32:47: [basecommands.smx] "Console<0><Console><Console>" changed cvar (cvar "ins_bot_min_setup_gate_defend_range") (value "800")
L 08/11/2014 - 20:32:47: [basecommands.smx] "Console<0><Console><Console>" changed cvar (cvar "ins_bot_min_setup_gate_sniper_defend_range") (value "400")
L 08/11/2014 - 20:32:47: [basecommands.smx] "Console<0><Console><Console>" changed cvar (cvar "ins_bot_suppress_visible_requirement") (value "0.5")
L 08/11/2014 - 20:32:47: [basecommands.smx] "Console<0><Console><Console>" changed cvar (cvar "ins_bot_suppressing_fire_duration") (value "3.0")
L 08/11/2014 - 20:32:47: [basecommands.smx] "Console<0><Console><Console>" changed cvar (cvar "bot_hearing_flashbang_effect_max_distance") (value "1500")
L 08/11/2014 - 20:32:47: [basecommands.smx] "Console<0><Console><Console>" changed cvar (cvar "bot_hearing_silenced_weapon_sound_reduction") (value "0.75")
L 08/11/2014 - 21:28:07: [SM] Changed map to "siege_coop"
L 08/11/2014 - 21:28:07: [SM] Changed map to "siege_coop"
L 08/11/2014 - 21:28:07: -------- Mapchange to siege_coop --------
L 08/11/2014 - 21:28:07: [basecommands.smx] "Console<0><Console><Console>" changed cvar (cvar "ins_bot_max_setup_gate_defend_range") (value "5000")
L 08/11/2014 - 21:28:07: [basecommands.smx] "Console<0><Console><Console>" changed cvar (cvar "ins_bot_min_setup_gate_defend_range") (value "800")
L 08/11/2014 - 21:28:07: [basecommands.smx] "Console<0><Console><Console>" changed cvar (cvar "ins_bot_min_setup_gate_sniper_defend_range") (value "400")
L 08/11/2014 - 21:28:07: [basecommands.smx] "Console<0><Console><Console>" changed cvar (cvar "ins_bot_suppress_visible_requirement") (value "0.5")
L 08/11/2014 - 21:28:07: [basecommands.smx] "Console<0><Console><Console>" changed cvar (cvar "ins_bot_suppressing_fire_duration") (value "3.0")
L 08/11/2014 - 21:28:07: [basecommands.smx] "Console<0><Console><Console>" changed cvar (cvar "bot_hearing_flashbang_effect_max_distance") (value "1500")
L 08/11/2014 - 21:28:07: [basecommands.smx] "Console<0><Console><Console>" changed cvar (cvar "bot_hearing_silenced_weapon_sound_reduction") (value "0.75")
L 08/11/2014 - 22:23:21: [SM] Changed map to "siege_coop"
L 08/11/2014 - 22:23:21: [SM] Changed map to "siege_coop"
L 08/11/2014 - 22:23:21: -------- Mapchange to siege_coop --------
L 08/11/2014 - 22:23:21: [basecommands.smx] "Console<0><Console><Console>" changed cvar (cvar "ins_bot_max_setup_gate_defend_range") (value "5000")
L 08/11/2014 - 22:23:21: [basecommands.smx] "Console<0><Console><Console>" changed cvar (cvar "ins_bot_min_setup_gate_defend_range") (value "800")
L 08/11/2014 - 22:23:21: [basecommands.smx] "Console<0><Console><Console>" changed cvar (cvar "ins_bot_min_setup_gate_sniper_defend_range") (value "400")
L 08/11/2014 - 22:23:21: [basecommands.smx] "Console<0><Console><Console>" changed cvar (cvar "ins_bot_suppress_visible_requirement") (value "0.5")
L 08/11/2014 - 22:23:21: [basecommands.smx] "Console<0><Console><Console>" changed cvar (cvar "ins_bot_suppressing_fire_duration") (value "3.0")
L 08/11/2014 - 22:23:21: [basecommands.smx] "Console<0><Console><Console>" changed cvar (cvar "bot_hearing_flashbang_effect_max_distance") (value "1500")
L 08/11/2014 - 22:23:21: [basecommands.smx] "Console<0><Console><Console>" changed cvar (cvar "bot_hearing_silenced_weapon_sound_reduction") (value "0.75")
L 08/11/2014 - 23:18:32: [SM] Changed map to "siege_coop"
L 08/11/2014 - 23:18:32: [SM] Changed map to "siege_coop"
L 08/11/2014 - 23:18:33: -------- Mapchange to siege_coop --------
L 08/11/2014 - 23:18:33: [basecommands.smx] "Console<0><Console><Console>" changed cvar (cvar "ins_bot_max_setup_gate_defend_range") (value "5000")
L 08/11/2014 - 23:18:33: [basecommands.smx] "Console<0><Console><Console>" changed cvar (cvar "ins_bot_min_setup_gate_defend_range") (value "800")
L 08/11/2014 - 23:18:33: [basecommands.smx] "Console<0><Console><Console>" changed cvar (cvar "ins_bot_min_setup_gate_sniper_defend_range") (value "400")
L 08/11/2014 - 23:18:33: [basecommands.smx] "Console<0><Console><Console>" changed cvar (cvar "ins_bot_suppress_visible_requirement") (value "0.5")
L 08/11/2014 - 23:18:33: [basecommands.smx] "Console<0><Console><Console>" changed cvar (cvar "ins_bot_suppressing_fire_duration") (value "3.0")
L 08/11/2014 - 23:18:33: [basecommands.smx] "Console<0><Console><Console>" changed cvar (cvar "bot_hearing_flashbang_effect_max_distance") (value "1500")
L 08/11/2014 - 23:18:33: [basecommands.smx] "Console<0><Console><Console>" changed cvar (cvar "bot_hearing_silenced_weapon_sound_reduction") (value "0.75")
