L 08/01/2014 - 00:07:58: SourceMod log file session started (file "L20140801.log") (Version "1.6.0")
L 08/01/2014 - 00:07:58: [SM] Changed map to "ministry_coop"
L 08/01/2014 - 00:07:59: [SM] Changed map to "ministry_coop"
L 08/01/2014 - 00:07:59: -------- Mapchange to ministry_coop --------
L 08/01/2014 - 00:07:59: [basecommands.smx] "Console<0><Console><Console>" changed cvar (cvar "ins_bot_max_setup_gate_defend_range") (value "3000")
L 08/01/2014 - 00:07:59: [basecommands.smx] "Console<0><Console><Console>" changed cvar (cvar "ins_bot_min_setup_gate_defend_range") (value "500")
L 08/01/2014 - 00:07:59: [basecommands.smx] "Console<0><Console><Console>" changed cvar (cvar "ins_bot_min_setup_gate_sniper_defend_range") (value "100")
L 08/01/2014 - 00:07:59: [basecommands.smx] "Console<0><Console><Console>" changed cvar (cvar "ins_bot_suppressing_fire_duration") (value "3.0")
L 08/01/2014 - 00:07:59: [basecommands.smx] "Console<0><Console><Console>" changed cvar (cvar "bot_hearing_flashbang_effect_max_distance") (value "1500")
L 08/01/2014 - 00:07:59: [basecommands.smx] "Console<0><Console><Console>" changed cvar (cvar "bot_hearing_silenced_weapon_sound_reduction") (value "0.75")
L 08/01/2014 - 01:22:02: [SM] Changed map to "siege_coop"
L 08/01/2014 - 01:22:03: -------- Mapchange to siege_coop --------
L 08/01/2014 - 01:22:03: [basecommands.smx] "Console<0><Console><Console>" changed cvar (cvar "ins_bot_max_setup_gate_defend_range") (value "3000")
L 08/01/2014 - 01:22:03: [basecommands.smx] "Console<0><Console><Console>" changed cvar (cvar "ins_bot_min_setup_gate_defend_range") (value "500")
L 08/01/2014 - 01:22:03: [basecommands.smx] "Console<0><Console><Console>" changed cvar (cvar "ins_bot_min_setup_gate_sniper_defend_range") (value "100")
L 08/01/2014 - 01:22:03: [basecommands.smx] "Console<0><Console><Console>" changed cvar (cvar "ins_bot_suppressing_fire_duration") (value "3.0")
L 08/01/2014 - 01:22:03: [basecommands.smx] "Console<0><Console><Console>" changed cvar (cvar "bot_hearing_flashbang_effect_max_distance") (value "1500")
L 08/01/2014 - 01:22:03: [basecommands.smx] "Console<0><Console><Console>" changed cvar (cvar "bot_hearing_silenced_weapon_sound_reduction") (value "0.75")
L 08/01/2014 - 01:49:00: [SM] Changed map to "peak_coop"
L 08/01/2014 - 01:49:01: -------- Mapchange to peak_coop --------
L 08/01/2014 - 01:49:01: [basecommands.smx] "Console<0><Console><Console>" changed cvar (cvar "ins_bot_max_setup_gate_defend_range") (value "3000")
L 08/01/2014 - 01:49:01: [basecommands.smx] "Console<0><Console><Console>" changed cvar (cvar "ins_bot_min_setup_gate_defend_range") (value "500")
L 08/01/2014 - 01:49:01: [basecommands.smx] "Console<0><Console><Console>" changed cvar (cvar "ins_bot_min_setup_gate_sniper_defend_range") (value "100")
L 08/01/2014 - 01:49:01: [basecommands.smx] "Console<0><Console><Console>" changed cvar (cvar "ins_bot_suppressing_fire_duration") (value "3.0")
L 08/01/2014 - 01:49:01: [basecommands.smx] "Console<0><Console><Console>" changed cvar (cvar "bot_hearing_flashbang_effect_max_distance") (value "1500")
L 08/01/2014 - 01:49:01: [basecommands.smx] "Console<0><Console><Console>" changed cvar (cvar "bot_hearing_silenced_weapon_sound_reduction") (value "0.75")
L 08/01/2014 - 02:05:05: [SM] Changed map to "sinjar_coop"
L 08/01/2014 - 02:05:06: -------- Mapchange to sinjar_coop --------
L 08/01/2014 - 02:05:06: [basecommands.smx] "Console<0><Console><Console>" changed cvar (cvar "ins_bot_max_setup_gate_defend_range") (value "3000")
L 08/01/2014 - 02:05:06: [basecommands.smx] "Console<0><Console><Console>" changed cvar (cvar "ins_bot_min_setup_gate_defend_range") (value "500")
L 08/01/2014 - 02:05:06: [basecommands.smx] "Console<0><Console><Console>" changed cvar (cvar "ins_bot_min_setup_gate_sniper_defend_range") (value "100")
L 08/01/2014 - 02:05:06: [basecommands.smx] "Console<0><Console><Console>" changed cvar (cvar "ins_bot_suppressing_fire_duration") (value "3.0")
L 08/01/2014 - 02:05:06: [basecommands.smx] "Console<0><Console><Console>" changed cvar (cvar "bot_hearing_flashbang_effect_max_distance") (value "1500")
L 08/01/2014 - 02:05:06: [basecommands.smx] "Console<0><Console><Console>" changed cvar (cvar "bot_hearing_silenced_weapon_sound_reduction") (value "0.75")
L 08/01/2014 - 02:23:42: [SM] Changed map to "revolt_coop"
L 08/01/2014 - 02:23:43: -------- Mapchange to revolt_coop --------
L 08/01/2014 - 02:23:43: [basecommands.smx] "Console<0><Console><Console>" changed cvar (cvar "ins_bot_max_setup_gate_defend_range") (value "3000")
L 08/01/2014 - 02:23:43: [basecommands.smx] "Console<0><Console><Console>" changed cvar (cvar "ins_bot_min_setup_gate_defend_range") (value "500")
L 08/01/2014 - 02:23:43: [basecommands.smx] "Console<0><Console><Console>" changed cvar (cvar "ins_bot_min_setup_gate_sniper_defend_range") (value "100")
L 08/01/2014 - 02:23:43: [basecommands.smx] "Console<0><Console><Console>" changed cvar (cvar "ins_bot_suppressing_fire_duration") (value "3.0")
L 08/01/2014 - 02:23:43: [basecommands.smx] "Console<0><Console><Console>" changed cvar (cvar "bot_hearing_flashbang_effect_max_distance") (value "1500")
L 08/01/2014 - 02:23:43: [basecommands.smx] "Console<0><Console><Console>" changed cvar (cvar "bot_hearing_silenced_weapon_sound_reduction") (value "0.75")
L 08/01/2014 - 03:10:12: [SM] Changed map to "buhriz_coop"
L 08/01/2014 - 03:10:13: -------- Mapchange to buhriz_coop --------
L 08/01/2014 - 03:10:13: [basecommands.smx] "Console<0><Console><Console>" changed cvar (cvar "ins_bot_max_setup_gate_defend_range") (value "3000")
L 08/01/2014 - 03:10:13: [basecommands.smx] "Console<0><Console><Console>" changed cvar (cvar "ins_bot_min_setup_gate_defend_range") (value "500")
L 08/01/2014 - 03:10:13: [basecommands.smx] "Console<0><Console><Console>" changed cvar (cvar "ins_bot_min_setup_gate_sniper_defend_range") (value "100")
L 08/01/2014 - 03:10:13: [basecommands.smx] "Console<0><Console><Console>" changed cvar (cvar "ins_bot_suppressing_fire_duration") (value "3.0")
L 08/01/2014 - 03:10:13: [basecommands.smx] "Console<0><Console><Console>" changed cvar (cvar "bot_hearing_flashbang_effect_max_distance") (value "1500")
L 08/01/2014 - 03:10:13: [basecommands.smx] "Console<0><Console><Console>" changed cvar (cvar "bot_hearing_silenced_weapon_sound_reduction") (value "0.75")
L 08/01/2014 - 03:29:13: [SM] Changed map to "market_coop"
L 08/01/2014 - 03:29:14: -------- Mapchange to market_coop --------
L 08/01/2014 - 03:29:14: [basecommands.smx] "Console<0><Console><Console>" changed cvar (cvar "ins_bot_max_setup_gate_defend_range") (value "3000")
L 08/01/2014 - 03:29:14: [basecommands.smx] "Console<0><Console><Console>" changed cvar (cvar "ins_bot_min_setup_gate_defend_range") (value "500")
L 08/01/2014 - 03:29:14: [basecommands.smx] "Console<0><Console><Console>" changed cvar (cvar "ins_bot_min_setup_gate_sniper_defend_range") (value "100")
L 08/01/2014 - 03:29:14: [basecommands.smx] "Console<0><Console><Console>" changed cvar (cvar "ins_bot_suppressing_fire_duration") (value "3.0")
L 08/01/2014 - 03:29:14: [basecommands.smx] "Console<0><Console><Console>" changed cvar (cvar "bot_hearing_flashbang_effect_max_distance") (value "1500")
L 08/01/2014 - 03:29:14: [basecommands.smx] "Console<0><Console><Console>" changed cvar (cvar "bot_hearing_silenced_weapon_sound_reduction") (value "0.75")
L 08/01/2014 - 03:48:49: [SM] Changed map to "heights_coop"
L 08/01/2014 - 03:48:49: -------- Mapchange to heights_coop --------
L 08/01/2014 - 03:48:49: [basecommands.smx] "Console<0><Console><Console>" changed cvar (cvar "ins_bot_max_setup_gate_defend_range") (value "3000")
L 08/01/2014 - 03:48:49: [basecommands.smx] "Console<0><Console><Console>" changed cvar (cvar "ins_bot_min_setup_gate_defend_range") (value "500")
L 08/01/2014 - 03:48:49: [basecommands.smx] "Console<0><Console><Console>" changed cvar (cvar "ins_bot_min_setup_gate_sniper_defend_range") (value "100")
L 08/01/2014 - 03:48:49: [basecommands.smx] "Console<0><Console><Console>" changed cvar (cvar "ins_bot_suppressing_fire_duration") (value "3.0")
L 08/01/2014 - 03:48:49: [basecommands.smx] "Console<0><Console><Console>" changed cvar (cvar "bot_hearing_flashbang_effect_max_distance") (value "1500")
L 08/01/2014 - 03:48:49: [basecommands.smx] "Console<0><Console><Console>" changed cvar (cvar "bot_hearing_silenced_weapon_sound_reduction") (value "0.75")
L 08/01/2014 - 04:22:19: [SM] Changed map to "contact_coop"
L 08/01/2014 - 04:22:20: -------- Mapchange to contact_coop --------
L 08/01/2014 - 04:22:20: [basecommands.smx] "Console<0><Console><Console>" changed cvar (cvar "ins_bot_max_setup_gate_defend_range") (value "3000")
L 08/01/2014 - 04:22:20: [basecommands.smx] "Console<0><Console><Console>" changed cvar (cvar "ins_bot_min_setup_gate_defend_range") (value "500")
L 08/01/2014 - 04:22:20: [basecommands.smx] "Console<0><Console><Console>" changed cvar (cvar "ins_bot_min_setup_gate_sniper_defend_range") (value "100")
L 08/01/2014 - 04:22:20: [basecommands.smx] "Console<0><Console><Console>" changed cvar (cvar "ins_bot_suppressing_fire_duration") (value "3.0")
L 08/01/2014 - 04:22:20: [basecommands.smx] "Console<0><Console><Console>" changed cvar (cvar "bot_hearing_flashbang_effect_max_distance") (value "1500")
L 08/01/2014 - 04:22:20: [basecommands.smx] "Console<0><Console><Console>" changed cvar (cvar "bot_hearing_silenced_weapon_sound_reduction") (value "0.75")
L 08/01/2014 - 04:56:01: [SM] Changed map to "district_coop"
L 08/01/2014 - 04:56:02: -------- Mapchange to district_coop --------
L 08/01/2014 - 04:56:02: [basecommands.smx] "Console<0><Console><Console>" changed cvar (cvar "ins_bot_max_setup_gate_defend_range") (value "3000")
L 08/01/2014 - 04:56:02: [basecommands.smx] "Console<0><Console><Console>" changed cvar (cvar "ins_bot_min_setup_gate_defend_range") (value "500")
L 08/01/2014 - 04:56:02: [basecommands.smx] "Console<0><Console><Console>" changed cvar (cvar "ins_bot_min_setup_gate_sniper_defend_range") (value "100")
L 08/01/2014 - 04:56:02: [basecommands.smx] "Console<0><Console><Console>" changed cvar (cvar "ins_bot_suppressing_fire_duration") (value "3.0")
L 08/01/2014 - 04:56:02: [basecommands.smx] "Console<0><Console><Console>" changed cvar (cvar "bot_hearing_flashbang_effect_max_distance") (value "1500")
L 08/01/2014 - 04:56:02: [basecommands.smx] "Console<0><Console><Console>" changed cvar (cvar "bot_hearing_silenced_weapon_sound_reduction") (value "0.75")
L 08/01/2014 - 05:23:20: [SM] Changed map to "ministry_coop"
L 08/01/2014 - 05:23:21: -------- Mapchange to ministry_coop --------
L 08/01/2014 - 05:23:21: [basecommands.smx] "Console<0><Console><Console>" changed cvar (cvar "ins_bot_max_setup_gate_defend_range") (value "3000")
L 08/01/2014 - 05:23:21: [basecommands.smx] "Console<0><Console><Console>" changed cvar (cvar "ins_bot_min_setup_gate_defend_range") (value "500")
L 08/01/2014 - 05:23:21: [basecommands.smx] "Console<0><Console><Console>" changed cvar (cvar "ins_bot_min_setup_gate_sniper_defend_range") (value "100")
L 08/01/2014 - 05:23:21: [basecommands.smx] "Console<0><Console><Console>" changed cvar (cvar "ins_bot_suppressing_fire_duration") (value "3.0")
L 08/01/2014 - 05:23:21: [basecommands.smx] "Console<0><Console><Console>" changed cvar (cvar "bot_hearing_flashbang_effect_max_distance") (value "1500")
L 08/01/2014 - 05:23:21: [basecommands.smx] "Console<0><Console><Console>" changed cvar (cvar "bot_hearing_silenced_weapon_sound_reduction") (value "0.75")
L 08/01/2014 - 05:40:14: [SM] Changed map to "siege_coop"
L 08/01/2014 - 05:40:15: -------- Mapchange to siege_coop --------
L 08/01/2014 - 05:40:15: [basecommands.smx] "Console<0><Console><Console>" changed cvar (cvar "ins_bot_max_setup_gate_defend_range") (value "3000")
L 08/01/2014 - 05:40:15: [basecommands.smx] "Console<0><Console><Console>" changed cvar (cvar "ins_bot_min_setup_gate_defend_range") (value "500")
L 08/01/2014 - 05:40:15: [basecommands.smx] "Console<0><Console><Console>" changed cvar (cvar "ins_bot_min_setup_gate_sniper_defend_range") (value "100")
L 08/01/2014 - 05:40:15: [basecommands.smx] "Console<0><Console><Console>" changed cvar (cvar "ins_bot_suppressing_fire_duration") (value "3.0")
L 08/01/2014 - 05:40:15: [basecommands.smx] "Console<0><Console><Console>" changed cvar (cvar "bot_hearing_flashbang_effect_max_distance") (value "1500")
L 08/01/2014 - 05:40:15: [basecommands.smx] "Console<0><Console><Console>" changed cvar (cvar "bot_hearing_silenced_weapon_sound_reduction") (value "0.75")
L 08/01/2014 - 06:17:03: [SM] Changed map to "peak_coop"
L 08/01/2014 - 06:17:04: -------- Mapchange to peak_coop --------
L 08/01/2014 - 06:17:04: [basecommands.smx] "Console<0><Console><Console>" changed cvar (cvar "ins_bot_max_setup_gate_defend_range") (value "3000")
L 08/01/2014 - 06:17:04: [basecommands.smx] "Console<0><Console><Console>" changed cvar (cvar "ins_bot_min_setup_gate_defend_range") (value "500")
L 08/01/2014 - 06:17:04: [basecommands.smx] "Console<0><Console><Console>" changed cvar (cvar "ins_bot_min_setup_gate_sniper_defend_range") (value "100")
L 08/01/2014 - 06:17:04: [basecommands.smx] "Console<0><Console><Console>" changed cvar (cvar "ins_bot_suppressing_fire_duration") (value "3.0")
L 08/01/2014 - 06:17:04: [basecommands.smx] "Console<0><Console><Console>" changed cvar (cvar "bot_hearing_flashbang_effect_max_distance") (value "1500")
L 08/01/2014 - 06:17:04: [basecommands.smx] "Console<0><Console><Console>" changed cvar (cvar "bot_hearing_silenced_weapon_sound_reduction") (value "0.75")
L 08/01/2014 - 07:55:00: [SM] Changed map to "sinjar_coop"
L 08/01/2014 - 07:55:00: [SM] Changed map to "sinjar_coop"
L 08/01/2014 - 07:55:01: -------- Mapchange to sinjar_coop --------
L 08/01/2014 - 07:55:01: [basecommands.smx] "Console<0><Console><Console>" changed cvar (cvar "ins_bot_max_setup_gate_defend_range") (value "3000")
L 08/01/2014 - 07:55:01: [basecommands.smx] "Console<0><Console><Console>" changed cvar (cvar "ins_bot_min_setup_gate_defend_range") (value "500")
L 08/01/2014 - 07:55:01: [basecommands.smx] "Console<0><Console><Console>" changed cvar (cvar "ins_bot_min_setup_gate_sniper_defend_range") (value "100")
L 08/01/2014 - 07:55:01: [basecommands.smx] "Console<0><Console><Console>" changed cvar (cvar "ins_bot_suppressing_fire_duration") (value "3.0")
L 08/01/2014 - 07:55:01: [basecommands.smx] "Console<0><Console><Console>" changed cvar (cvar "bot_hearing_flashbang_effect_max_distance") (value "1500")
L 08/01/2014 - 07:55:01: [basecommands.smx] "Console<0><Console><Console>" changed cvar (cvar "bot_hearing_silenced_weapon_sound_reduction") (value "0.75")
L 08/01/2014 - 08:50:16: [SM] Changed map to "sinjar_coop"
L 08/01/2014 - 08:50:16: [SM] Changed map to "sinjar_coop"
L 08/01/2014 - 08:50:17: -------- Mapchange to sinjar_coop --------
L 08/01/2014 - 08:50:17: [basecommands.smx] "Console<0><Console><Console>" changed cvar (cvar "ins_bot_max_setup_gate_defend_range") (value "3000")
L 08/01/2014 - 08:50:17: [basecommands.smx] "Console<0><Console><Console>" changed cvar (cvar "ins_bot_min_setup_gate_defend_range") (value "500")
L 08/01/2014 - 08:50:17: [basecommands.smx] "Console<0><Console><Console>" changed cvar (cvar "ins_bot_min_setup_gate_sniper_defend_range") (value "100")
L 08/01/2014 - 08:50:17: [basecommands.smx] "Console<0><Console><Console>" changed cvar (cvar "ins_bot_suppressing_fire_duration") (value "3.0")
L 08/01/2014 - 08:50:17: [basecommands.smx] "Console<0><Console><Console>" changed cvar (cvar "bot_hearing_flashbang_effect_max_distance") (value "1500")
L 08/01/2014 - 08:50:17: [basecommands.smx] "Console<0><Console><Console>" changed cvar (cvar "bot_hearing_silenced_weapon_sound_reduction") (value "0.75")
L 08/01/2014 - 09:45:31: [SM] Changed map to "sinjar_coop"
L 08/01/2014 - 09:45:31: [SM] Changed map to "sinjar_coop"
L 08/01/2014 - 09:45:32: -------- Mapchange to sinjar_coop --------
L 08/01/2014 - 09:45:32: [basecommands.smx] "Console<0><Console><Console>" changed cvar (cvar "ins_bot_max_setup_gate_defend_range") (value "3000")
L 08/01/2014 - 09:45:32: [basecommands.smx] "Console<0><Console><Console>" changed cvar (cvar "ins_bot_min_setup_gate_defend_range") (value "500")
L 08/01/2014 - 09:45:32: [basecommands.smx] "Console<0><Console><Console>" changed cvar (cvar "ins_bot_min_setup_gate_sniper_defend_range") (value "100")
L 08/01/2014 - 09:45:32: [basecommands.smx] "Console<0><Console><Console>" changed cvar (cvar "ins_bot_suppressing_fire_duration") (value "3.0")
L 08/01/2014 - 09:45:32: [basecommands.smx] "Console<0><Console><Console>" changed cvar (cvar "bot_hearing_flashbang_effect_max_distance") (value "1500")
L 08/01/2014 - 09:45:32: [basecommands.smx] "Console<0><Console><Console>" changed cvar (cvar "bot_hearing_silenced_weapon_sound_reduction") (value "0.75")
L 08/01/2014 - 10:40:48: [SM] Changed map to "sinjar_coop"
L 08/01/2014 - 10:40:48: [SM] Changed map to "sinjar_coop"
L 08/01/2014 - 10:40:49: -------- Mapchange to sinjar_coop --------
L 08/01/2014 - 10:40:49: [basecommands.smx] "Console<0><Console><Console>" changed cvar (cvar "ins_bot_max_setup_gate_defend_range") (value "3000")
L 08/01/2014 - 10:40:49: [basecommands.smx] "Console<0><Console><Console>" changed cvar (cvar "ins_bot_min_setup_gate_defend_range") (value "500")
L 08/01/2014 - 10:40:49: [basecommands.smx] "Console<0><Console><Console>" changed cvar (cvar "ins_bot_min_setup_gate_sniper_defend_range") (value "100")
L 08/01/2014 - 10:40:49: [basecommands.smx] "Console<0><Console><Console>" changed cvar (cvar "ins_bot_suppressing_fire_duration") (value "3.0")
L 08/01/2014 - 10:40:49: [basecommands.smx] "Console<0><Console><Console>" changed cvar (cvar "bot_hearing_flashbang_effect_max_distance") (value "1500")
L 08/01/2014 - 10:40:49: [basecommands.smx] "Console<0><Console><Console>" changed cvar (cvar "bot_hearing_silenced_weapon_sound_reduction") (value "0.75")
L 08/01/2014 - 11:36:03: [SM] Changed map to "sinjar_coop"
L 08/01/2014 - 11:36:03: [SM] Changed map to "sinjar_coop"
L 08/01/2014 - 11:36:04: -------- Mapchange to sinjar_coop --------
L 08/01/2014 - 11:36:04: [basecommands.smx] "Console<0><Console><Console>" changed cvar (cvar "ins_bot_max_setup_gate_defend_range") (value "3000")
L 08/01/2014 - 11:36:04: [basecommands.smx] "Console<0><Console><Console>" changed cvar (cvar "ins_bot_min_setup_gate_defend_range") (value "500")
L 08/01/2014 - 11:36:04: [basecommands.smx] "Console<0><Console><Console>" changed cvar (cvar "ins_bot_min_setup_gate_sniper_defend_range") (value "100")
L 08/01/2014 - 11:36:04: [basecommands.smx] "Console<0><Console><Console>" changed cvar (cvar "ins_bot_suppressing_fire_duration") (value "3.0")
L 08/01/2014 - 11:36:04: [basecommands.smx] "Console<0><Console><Console>" changed cvar (cvar "bot_hearing_flashbang_effect_max_distance") (value "1500")
L 08/01/2014 - 11:36:04: [basecommands.smx] "Console<0><Console><Console>" changed cvar (cvar "bot_hearing_silenced_weapon_sound_reduction") (value "0.75")
L 08/01/2014 - 12:31:19: [SM] Changed map to "sinjar_coop"
L 08/01/2014 - 12:31:19: [SM] Changed map to "sinjar_coop"
L 08/01/2014 - 12:31:19: -------- Mapchange to sinjar_coop --------
L 08/01/2014 - 12:31:19: [basecommands.smx] "Console<0><Console><Console>" changed cvar (cvar "ins_bot_max_setup_gate_defend_range") (value "3000")
L 08/01/2014 - 12:31:19: [basecommands.smx] "Console<0><Console><Console>" changed cvar (cvar "ins_bot_min_setup_gate_defend_range") (value "500")
L 08/01/2014 - 12:31:19: [basecommands.smx] "Console<0><Console><Console>" changed cvar (cvar "ins_bot_min_setup_gate_sniper_defend_range") (value "100")
L 08/01/2014 - 12:31:19: [basecommands.smx] "Console<0><Console><Console>" changed cvar (cvar "ins_bot_suppressing_fire_duration") (value "3.0")
L 08/01/2014 - 12:31:19: [basecommands.smx] "Console<0><Console><Console>" changed cvar (cvar "bot_hearing_flashbang_effect_max_distance") (value "1500")
L 08/01/2014 - 12:31:19: [basecommands.smx] "Console<0><Console><Console>" changed cvar (cvar "bot_hearing_silenced_weapon_sound_reduction") (value "0.75")
L 08/01/2014 - 13:26:35: [SM] Changed map to "sinjar_coop"
L 08/01/2014 - 13:26:35: [SM] Changed map to "sinjar_coop"
L 08/01/2014 - 13:26:36: -------- Mapchange to sinjar_coop --------
L 08/01/2014 - 13:26:36: [basecommands.smx] "Console<0><Console><Console>" changed cvar (cvar "ins_bot_max_setup_gate_defend_range") (value "3000")
L 08/01/2014 - 13:26:36: [basecommands.smx] "Console<0><Console><Console>" changed cvar (cvar "ins_bot_min_setup_gate_defend_range") (value "500")
L 08/01/2014 - 13:26:36: [basecommands.smx] "Console<0><Console><Console>" changed cvar (cvar "ins_bot_min_setup_gate_sniper_defend_range") (value "100")
L 08/01/2014 - 13:26:36: [basecommands.smx] "Console<0><Console><Console>" changed cvar (cvar "ins_bot_suppressing_fire_duration") (value "3.0")
L 08/01/2014 - 13:26:36: [basecommands.smx] "Console<0><Console><Console>" changed cvar (cvar "bot_hearing_flashbang_effect_max_distance") (value "1500")
L 08/01/2014 - 13:26:36: [basecommands.smx] "Console<0><Console><Console>" changed cvar (cvar "bot_hearing_silenced_weapon_sound_reduction") (value "0.75")
L 08/01/2014 - 14:21:49: [SM] Changed map to "sinjar_coop"
L 08/01/2014 - 14:21:50: [SM] Changed map to "sinjar_coop"
L 08/01/2014 - 14:21:50: -------- Mapchange to sinjar_coop --------
L 08/01/2014 - 14:21:50: [basecommands.smx] "Console<0><Console><Console>" changed cvar (cvar "ins_bot_max_setup_gate_defend_range") (value "3000")
L 08/01/2014 - 14:21:50: [basecommands.smx] "Console<0><Console><Console>" changed cvar (cvar "ins_bot_min_setup_gate_defend_range") (value "500")
L 08/01/2014 - 14:21:50: [basecommands.smx] "Console<0><Console><Console>" changed cvar (cvar "ins_bot_min_setup_gate_sniper_defend_range") (value "100")
L 08/01/2014 - 14:21:50: [basecommands.smx] "Console<0><Console><Console>" changed cvar (cvar "ins_bot_suppressing_fire_duration") (value "3.0")
L 08/01/2014 - 14:21:50: [basecommands.smx] "Console<0><Console><Console>" changed cvar (cvar "bot_hearing_flashbang_effect_max_distance") (value "1500")
L 08/01/2014 - 14:21:50: [basecommands.smx] "Console<0><Console><Console>" changed cvar (cvar "bot_hearing_silenced_weapon_sound_reduction") (value "0.75")
L 08/01/2014 - 15:17:05: [SM] Changed map to "sinjar_coop"
L 08/01/2014 - 15:17:05: [SM] Changed map to "sinjar_coop"
L 08/01/2014 - 15:17:06: -------- Mapchange to sinjar_coop --------
L 08/01/2014 - 15:17:06: [basecommands.smx] "Console<0><Console><Console>" changed cvar (cvar "ins_bot_max_setup_gate_defend_range") (value "3000")
L 08/01/2014 - 15:17:06: [basecommands.smx] "Console<0><Console><Console>" changed cvar (cvar "ins_bot_min_setup_gate_defend_range") (value "500")
L 08/01/2014 - 15:17:06: [basecommands.smx] "Console<0><Console><Console>" changed cvar (cvar "ins_bot_min_setup_gate_sniper_defend_range") (value "100")
L 08/01/2014 - 15:17:06: [basecommands.smx] "Console<0><Console><Console>" changed cvar (cvar "ins_bot_suppressing_fire_duration") (value "3.0")
L 08/01/2014 - 15:17:06: [basecommands.smx] "Console<0><Console><Console>" changed cvar (cvar "bot_hearing_flashbang_effect_max_distance") (value "1500")
L 08/01/2014 - 15:17:06: [basecommands.smx] "Console<0><Console><Console>" changed cvar (cvar "bot_hearing_silenced_weapon_sound_reduction") (value "0.75")
L 08/01/2014 - 16:19:09: [SM] Changed map to "revolt_coop"
L 08/01/2014 - 16:19:10: -------- Mapchange to revolt_coop --------
L 08/01/2014 - 16:19:10: [basecommands.smx] "Console<0><Console><Console>" changed cvar (cvar "ins_bot_max_setup_gate_defend_range") (value "3000")
L 08/01/2014 - 16:19:10: [basecommands.smx] "Console<0><Console><Console>" changed cvar (cvar "ins_bot_min_setup_gate_defend_range") (value "500")
L 08/01/2014 - 16:19:10: [basecommands.smx] "Console<0><Console><Console>" changed cvar (cvar "ins_bot_min_setup_gate_sniper_defend_range") (value "100")
L 08/01/2014 - 16:19:10: [basecommands.smx] "Console<0><Console><Console>" changed cvar (cvar "ins_bot_suppressing_fire_duration") (value "3.0")
L 08/01/2014 - 16:19:10: [basecommands.smx] "Console<0><Console><Console>" changed cvar (cvar "bot_hearing_flashbang_effect_max_distance") (value "1500")
L 08/01/2014 - 16:19:10: [basecommands.smx] "Console<0><Console><Console>" changed cvar (cvar "bot_hearing_silenced_weapon_sound_reduction") (value "0.75")
L 08/01/2014 - 16:58:15: [SM] Changed map to "buhriz_coop"
L 08/01/2014 - 16:58:16: -------- Mapchange to buhriz_coop --------
L 08/01/2014 - 16:58:16: [basecommands.smx] "Console<0><Console><Console>" changed cvar (cvar "ins_bot_max_setup_gate_defend_range") (value "3000")
L 08/01/2014 - 16:58:16: [basecommands.smx] "Console<0><Console><Console>" changed cvar (cvar "ins_bot_min_setup_gate_defend_range") (value "500")
L 08/01/2014 - 16:58:16: [basecommands.smx] "Console<0><Console><Console>" changed cvar (cvar "ins_bot_min_setup_gate_sniper_defend_range") (value "100")
L 08/01/2014 - 16:58:16: [basecommands.smx] "Console<0><Console><Console>" changed cvar (cvar "ins_bot_suppressing_fire_duration") (value "3.0")
L 08/01/2014 - 16:58:16: [basecommands.smx] "Console<0><Console><Console>" changed cvar (cvar "bot_hearing_flashbang_effect_max_distance") (value "1500")
L 08/01/2014 - 16:58:16: [basecommands.smx] "Console<0><Console><Console>" changed cvar (cvar "bot_hearing_silenced_weapon_sound_reduction") (value "0.75")
L 08/01/2014 - 17:24:07: [SM] Changed map to "market_coop"
L 08/01/2014 - 17:24:08: -------- Mapchange to market_coop --------
L 08/01/2014 - 17:24:08: [basecommands.smx] "Console<0><Console><Console>" changed cvar (cvar "ins_bot_max_setup_gate_defend_range") (value "3000")
L 08/01/2014 - 17:24:08: [basecommands.smx] "Console<0><Console><Console>" changed cvar (cvar "ins_bot_min_setup_gate_defend_range") (value "500")
L 08/01/2014 - 17:24:08: [basecommands.smx] "Console<0><Console><Console>" changed cvar (cvar "ins_bot_min_setup_gate_sniper_defend_range") (value "100")
L 08/01/2014 - 17:24:08: [basecommands.smx] "Console<0><Console><Console>" changed cvar (cvar "ins_bot_suppressing_fire_duration") (value "3.0")
L 08/01/2014 - 17:24:08: [basecommands.smx] "Console<0><Console><Console>" changed cvar (cvar "bot_hearing_flashbang_effect_max_distance") (value "1500")
L 08/01/2014 - 17:24:08: [basecommands.smx] "Console<0><Console><Console>" changed cvar (cvar "bot_hearing_silenced_weapon_sound_reduction") (value "0.75")
L 08/01/2014 - 18:51:57: [SM] Changed map to "heights_coop"
L 08/01/2014 - 18:51:58: -------- Mapchange to heights_coop --------
L 08/01/2014 - 18:51:58: [basecommands.smx] "Console<0><Console><Console>" changed cvar (cvar "ins_bot_max_setup_gate_defend_range") (value "3000")
L 08/01/2014 - 18:51:58: [basecommands.smx] "Console<0><Console><Console>" changed cvar (cvar "ins_bot_min_setup_gate_defend_range") (value "500")
L 08/01/2014 - 18:51:58: [basecommands.smx] "Console<0><Console><Console>" changed cvar (cvar "ins_bot_min_setup_gate_sniper_defend_range") (value "100")
L 08/01/2014 - 18:51:58: [basecommands.smx] "Console<0><Console><Console>" changed cvar (cvar "ins_bot_suppressing_fire_duration") (value "3.0")
L 08/01/2014 - 18:51:58: [basecommands.smx] "Console<0><Console><Console>" changed cvar (cvar "bot_hearing_flashbang_effect_max_distance") (value "1500")
L 08/01/2014 - 18:51:58: [basecommands.smx] "Console<0><Console><Console>" changed cvar (cvar "bot_hearing_silenced_weapon_sound_reduction") (value "0.75")
L 08/01/2014 - 20:15:41: [SM] Changed map to "contact_coop"
L 08/01/2014 - 20:15:42: -------- Mapchange to contact_coop --------
L 08/01/2014 - 20:15:42: [basecommands.smx] "Console<0><Console><Console>" changed cvar (cvar "ins_bot_max_setup_gate_defend_range") (value "3000")
L 08/01/2014 - 20:15:42: [basecommands.smx] "Console<0><Console><Console>" changed cvar (cvar "ins_bot_min_setup_gate_defend_range") (value "500")
L 08/01/2014 - 20:15:42: [basecommands.smx] "Console<0><Console><Console>" changed cvar (cvar "ins_bot_min_setup_gate_sniper_defend_range") (value "100")
L 08/01/2014 - 20:15:42: [basecommands.smx] "Console<0><Console><Console>" changed cvar (cvar "ins_bot_suppressing_fire_duration") (value "3.0")
L 08/01/2014 - 20:15:42: [basecommands.smx] "Console<0><Console><Console>" changed cvar (cvar "bot_hearing_flashbang_effect_max_distance") (value "1500")
L 08/01/2014 - 20:15:42: [basecommands.smx] "Console<0><Console><Console>" changed cvar (cvar "bot_hearing_silenced_weapon_sound_reduction") (value "0.75")
L 08/01/2014 - 21:10:47: [SM] Changed map to "district_coop"
L 08/01/2014 - 21:10:47: [SM] Changed map to "district_coop"
L 08/01/2014 - 21:10:48: -------- Mapchange to district_coop --------
L 08/01/2014 - 21:10:48: [basecommands.smx] "Console<0><Console><Console>" changed cvar (cvar "ins_bot_max_setup_gate_defend_range") (value "3000")
L 08/01/2014 - 21:10:48: [basecommands.smx] "Console<0><Console><Console>" changed cvar (cvar "ins_bot_min_setup_gate_defend_range") (value "500")
L 08/01/2014 - 21:10:48: [basecommands.smx] "Console<0><Console><Console>" changed cvar (cvar "ins_bot_min_setup_gate_sniper_defend_range") (value "100")
L 08/01/2014 - 21:10:48: [basecommands.smx] "Console<0><Console><Console>" changed cvar (cvar "ins_bot_suppressing_fire_duration") (value "3.0")
L 08/01/2014 - 21:10:48: [basecommands.smx] "Console<0><Console><Console>" changed cvar (cvar "bot_hearing_flashbang_effect_max_distance") (value "1500")
L 08/01/2014 - 21:10:48: [basecommands.smx] "Console<0><Console><Console>" changed cvar (cvar "bot_hearing_silenced_weapon_sound_reduction") (value "0.75")
L 08/01/2014 - 22:14:06: [SM] Changed map to "ministry_coop"
L 08/01/2014 - 22:14:06: [SM] Changed map to "ministry_coop"
L 08/01/2014 - 22:14:07: -------- Mapchange to ministry_coop --------
L 08/01/2014 - 22:14:07: [basecommands.smx] "Console<0><Console><Console>" changed cvar (cvar "ins_bot_max_setup_gate_defend_range") (value "3000")
L 08/01/2014 - 22:14:07: [basecommands.smx] "Console<0><Console><Console>" changed cvar (cvar "ins_bot_min_setup_gate_defend_range") (value "500")
L 08/01/2014 - 22:14:07: [basecommands.smx] "Console<0><Console><Console>" changed cvar (cvar "ins_bot_min_setup_gate_sniper_defend_range") (value "100")
L 08/01/2014 - 22:14:07: [basecommands.smx] "Console<0><Console><Console>" changed cvar (cvar "ins_bot_suppressing_fire_duration") (value "3.0")
L 08/01/2014 - 22:14:07: [basecommands.smx] "Console<0><Console><Console>" changed cvar (cvar "bot_hearing_flashbang_effect_max_distance") (value "1500")
L 08/01/2014 - 22:14:07: [basecommands.smx] "Console<0><Console><Console>" changed cvar (cvar "bot_hearing_silenced_weapon_sound_reduction") (value "0.75")
L 08/01/2014 - 23:44:47: [SM] Changed map to "siege_coop"
L 08/01/2014 - 23:44:48: [SM] Changed map to "siege_coop"
L 08/01/2014 - 23:44:48: -------- Mapchange to siege_coop --------
L 08/01/2014 - 23:44:48: [basecommands.smx] "Console<0><Console><Console>" changed cvar (cvar "ins_bot_max_setup_gate_defend_range") (value "3000")
L 08/01/2014 - 23:44:48: [basecommands.smx] "Console<0><Console><Console>" changed cvar (cvar "ins_bot_min_setup_gate_defend_range") (value "500")
L 08/01/2014 - 23:44:48: [basecommands.smx] "Console<0><Console><Console>" changed cvar (cvar "ins_bot_min_setup_gate_sniper_defend_range") (value "100")
L 08/01/2014 - 23:44:48: [basecommands.smx] "Console<0><Console><Console>" changed cvar (cvar "ins_bot_suppressing_fire_duration") (value "3.0")
L 08/01/2014 - 23:44:48: [basecommands.smx] "Console<0><Console><Console>" changed cvar (cvar "bot_hearing_flashbang_effect_max_distance") (value "1500")
L 08/01/2014 - 23:44:48: [basecommands.smx] "Console<0><Console><Console>" changed cvar (cvar "bot_hearing_silenced_weapon_sound_reduction") (value "0.75")
