L 08/14/2014 - 00:07:10: SourceMod log file session started (file "L20140814.log") (Version "1.6.0")
L 08/14/2014 - 00:07:10: -------- Mapchange to ministry_coop --------
L 08/14/2014 - 00:07:10: [basecommands.smx] "Console<0><Console><Console>" changed cvar (cvar "ins_bot_max_setup_gate_defend_range") (value "5000")
L 08/14/2014 - 00:07:10: [basecommands.smx] "Console<0><Console><Console>" changed cvar (cvar "ins_bot_min_setup_gate_defend_range") (value "800")
L 08/14/2014 - 00:07:10: [basecommands.smx] "Console<0><Console><Console>" changed cvar (cvar "ins_bot_min_setup_gate_sniper_defend_range") (value "400")
L 08/14/2014 - 00:07:10: [basecommands.smx] "Console<0><Console><Console>" changed cvar (cvar "ins_bot_suppress_visible_requirement") (value "0.5")
L 08/14/2014 - 00:07:10: [basecommands.smx] "Console<0><Console><Console>" changed cvar (cvar "ins_bot_suppressing_fire_duration") (value "3.0")
L 08/14/2014 - 00:07:10: [basecommands.smx] "Console<0><Console><Console>" changed cvar (cvar "bot_hearing_flashbang_effect_max_distance") (value "1500")
L 08/14/2014 - 00:07:10: [basecommands.smx] "Console<0><Console><Console>" changed cvar (cvar "bot_hearing_silenced_weapon_sound_reduction") (value "0.75")
L 08/14/2014 - 00:36:46: [SM] Changed map to "siege_coop"
L 08/14/2014 - 00:36:47: -------- Mapchange to siege_coop --------
L 08/14/2014 - 00:36:47: [basecommands.smx] "Console<0><Console><Console>" changed cvar (cvar "ins_bot_max_setup_gate_defend_range") (value "5000")
L 08/14/2014 - 00:36:47: [basecommands.smx] "Console<0><Console><Console>" changed cvar (cvar "ins_bot_min_setup_gate_defend_range") (value "800")
L 08/14/2014 - 00:36:47: [basecommands.smx] "Console<0><Console><Console>" changed cvar (cvar "ins_bot_min_setup_gate_sniper_defend_range") (value "400")
L 08/14/2014 - 00:36:47: [basecommands.smx] "Console<0><Console><Console>" changed cvar (cvar "ins_bot_suppress_visible_requirement") (value "0.5")
L 08/14/2014 - 00:36:47: [basecommands.smx] "Console<0><Console><Console>" changed cvar (cvar "ins_bot_suppressing_fire_duration") (value "3.0")
L 08/14/2014 - 00:36:47: [basecommands.smx] "Console<0><Console><Console>" changed cvar (cvar "bot_hearing_flashbang_effect_max_distance") (value "1500")
L 08/14/2014 - 00:36:47: [basecommands.smx] "Console<0><Console><Console>" changed cvar (cvar "bot_hearing_silenced_weapon_sound_reduction") (value "0.75")
L 08/14/2014 - 01:00:57: [SM] Changed map to "district_hunt"
L 08/14/2014 - 01:00:58: -------- Mapchange to district_hunt --------
L 08/14/2014 - 01:00:58: [basecommands.smx] "Console<0><Console><Console>" changed cvar (cvar "ins_bot_max_setup_gate_defend_range") (value "5000")
L 08/14/2014 - 01:00:58: [basecommands.smx] "Console<0><Console><Console>" changed cvar (cvar "ins_bot_min_setup_gate_defend_range") (value "800")
L 08/14/2014 - 01:00:58: [basecommands.smx] "Console<0><Console><Console>" changed cvar (cvar "ins_bot_min_setup_gate_sniper_defend_range") (value "400")
L 08/14/2014 - 01:00:58: [basecommands.smx] "Console<0><Console><Console>" changed cvar (cvar "ins_bot_suppress_visible_requirement") (value "0.5")
L 08/14/2014 - 01:00:58: [basecommands.smx] "Console<0><Console><Console>" changed cvar (cvar "ins_bot_suppressing_fire_duration") (value "3.0")
L 08/14/2014 - 01:00:58: [basecommands.smx] "Console<0><Console><Console>" changed cvar (cvar "bot_hearing_flashbang_effect_max_distance") (value "1500")
L 08/14/2014 - 01:00:58: [basecommands.smx] "Console<0><Console><Console>" changed cvar (cvar "bot_hearing_silenced_weapon_sound_reduction") (value "0.75")
L 08/14/2014 - 01:06:14: [SM] Changed map to "heights_hunt"
L 08/14/2014 - 01:06:14: -------- Mapchange to heights_hunt --------
L 08/14/2014 - 01:06:14: [basecommands.smx] "Console<0><Console><Console>" changed cvar (cvar "ins_bot_max_setup_gate_defend_range") (value "5000")
L 08/14/2014 - 01:06:14: [basecommands.smx] "Console<0><Console><Console>" changed cvar (cvar "ins_bot_min_setup_gate_defend_range") (value "800")
L 08/14/2014 - 01:06:14: [basecommands.smx] "Console<0><Console><Console>" changed cvar (cvar "ins_bot_min_setup_gate_sniper_defend_range") (value "400")
L 08/14/2014 - 01:06:14: [basecommands.smx] "Console<0><Console><Console>" changed cvar (cvar "ins_bot_suppress_visible_requirement") (value "0.5")
L 08/14/2014 - 01:06:14: [basecommands.smx] "Console<0><Console><Console>" changed cvar (cvar "ins_bot_suppressing_fire_duration") (value "3.0")
L 08/14/2014 - 01:06:14: [basecommands.smx] "Console<0><Console><Console>" changed cvar (cvar "bot_hearing_flashbang_effect_max_distance") (value "1500")
L 08/14/2014 - 01:06:14: [basecommands.smx] "Console<0><Console><Console>" changed cvar (cvar "bot_hearing_silenced_weapon_sound_reduction") (value "0.75")
L 08/14/2014 - 01:34:46: [SM] Changed map to "ministry_hunt"
L 08/14/2014 - 01:34:47: -------- Mapchange to ministry_hunt --------
L 08/14/2014 - 01:34:47: [basecommands.smx] "Console<0><Console><Console>" changed cvar (cvar "ins_bot_max_setup_gate_defend_range") (value "5000")
L 08/14/2014 - 01:34:47: [basecommands.smx] "Console<0><Console><Console>" changed cvar (cvar "ins_bot_min_setup_gate_defend_range") (value "800")
L 08/14/2014 - 01:34:47: [basecommands.smx] "Console<0><Console><Console>" changed cvar (cvar "ins_bot_min_setup_gate_sniper_defend_range") (value "400")
L 08/14/2014 - 01:34:47: [basecommands.smx] "Console<0><Console><Console>" changed cvar (cvar "ins_bot_suppress_visible_requirement") (value "0.5")
L 08/14/2014 - 01:34:47: [basecommands.smx] "Console<0><Console><Console>" changed cvar (cvar "ins_bot_suppressing_fire_duration") (value "3.0")
L 08/14/2014 - 01:34:47: [basecommands.smx] "Console<0><Console><Console>" changed cvar (cvar "bot_hearing_flashbang_effect_max_distance") (value "1500")
L 08/14/2014 - 01:34:47: [basecommands.smx] "Console<0><Console><Console>" changed cvar (cvar "bot_hearing_silenced_weapon_sound_reduction") (value "0.75")
L 08/14/2014 - 01:40:47: [SM] Changed map to "uprising_hunt"
L 08/14/2014 - 01:40:48: -------- Mapchange to uprising_hunt --------
L 08/14/2014 - 01:40:48: [basecommands.smx] "Console<0><Console><Console>" changed cvar (cvar "ins_bot_max_setup_gate_defend_range") (value "5000")
L 08/14/2014 - 01:40:48: [basecommands.smx] "Console<0><Console><Console>" changed cvar (cvar "ins_bot_min_setup_gate_defend_range") (value "800")
L 08/14/2014 - 01:40:48: [basecommands.smx] "Console<0><Console><Console>" changed cvar (cvar "ins_bot_min_setup_gate_sniper_defend_range") (value "400")
L 08/14/2014 - 01:40:48: [basecommands.smx] "Console<0><Console><Console>" changed cvar (cvar "ins_bot_suppress_visible_requirement") (value "0.5")
L 08/14/2014 - 01:40:48: [basecommands.smx] "Console<0><Console><Console>" changed cvar (cvar "ins_bot_suppressing_fire_duration") (value "3.0")
L 08/14/2014 - 01:40:48: [basecommands.smx] "Console<0><Console><Console>" changed cvar (cvar "bot_hearing_flashbang_effect_max_distance") (value "1500")
L 08/14/2014 - 01:40:48: [basecommands.smx] "Console<0><Console><Console>" changed cvar (cvar "bot_hearing_silenced_weapon_sound_reduction") (value "0.75")
L 08/14/2014 - 01:44:16: [SM] Changed map to "panj_hunt"
L 08/14/2014 - 01:44:17: -------- Mapchange to panj_hunt --------
L 08/14/2014 - 01:44:17: [basecommands.smx] "Console<0><Console><Console>" changed cvar (cvar "ins_bot_max_setup_gate_defend_range") (value "5000")
L 08/14/2014 - 01:44:17: [basecommands.smx] "Console<0><Console><Console>" changed cvar (cvar "ins_bot_min_setup_gate_defend_range") (value "800")
L 08/14/2014 - 01:44:17: [basecommands.smx] "Console<0><Console><Console>" changed cvar (cvar "ins_bot_min_setup_gate_sniper_defend_range") (value "400")
L 08/14/2014 - 01:44:17: [basecommands.smx] "Console<0><Console><Console>" changed cvar (cvar "ins_bot_suppress_visible_requirement") (value "0.5")
L 08/14/2014 - 01:44:17: [basecommands.smx] "Console<0><Console><Console>" changed cvar (cvar "ins_bot_suppressing_fire_duration") (value "3.0")
L 08/14/2014 - 01:44:17: [basecommands.smx] "Console<0><Console><Console>" changed cvar (cvar "bot_hearing_flashbang_effect_max_distance") (value "1500")
L 08/14/2014 - 01:44:17: [basecommands.smx] "Console<0><Console><Console>" changed cvar (cvar "bot_hearing_silenced_weapon_sound_reduction") (value "0.75")
L 08/14/2014 - 01:50:24: [SM] Changed map to "contact_hunt"
L 08/14/2014 - 01:50:25: -------- Mapchange to contact_hunt --------
L 08/14/2014 - 01:50:25: [basecommands.smx] "Console<0><Console><Console>" changed cvar (cvar "ins_bot_max_setup_gate_defend_range") (value "5000")
L 08/14/2014 - 01:50:25: [basecommands.smx] "Console<0><Console><Console>" changed cvar (cvar "ins_bot_min_setup_gate_defend_range") (value "800")
L 08/14/2014 - 01:50:25: [basecommands.smx] "Console<0><Console><Console>" changed cvar (cvar "ins_bot_min_setup_gate_sniper_defend_range") (value "400")
L 08/14/2014 - 01:50:25: [basecommands.smx] "Console<0><Console><Console>" changed cvar (cvar "ins_bot_suppress_visible_requirement") (value "0.5")
L 08/14/2014 - 01:50:25: [basecommands.smx] "Console<0><Console><Console>" changed cvar (cvar "ins_bot_suppressing_fire_duration") (value "3.0")
L 08/14/2014 - 01:50:25: [basecommands.smx] "Console<0><Console><Console>" changed cvar (cvar "bot_hearing_flashbang_effect_max_distance") (value "1500")
L 08/14/2014 - 01:50:25: [basecommands.smx] "Console<0><Console><Console>" changed cvar (cvar "bot_hearing_silenced_weapon_sound_reduction") (value "0.75")
L 08/14/2014 - 01:53:50: [SM] Changed map to "sinjar_coop"
L 08/14/2014 - 01:53:51: -------- Mapchange to sinjar_coop --------
L 08/14/2014 - 01:53:51: [basecommands.smx] "Console<0><Console><Console>" changed cvar (cvar "ins_bot_max_setup_gate_defend_range") (value "5000")
L 08/14/2014 - 01:53:51: [basecommands.smx] "Console<0><Console><Console>" changed cvar (cvar "ins_bot_min_setup_gate_defend_range") (value "800")
L 08/14/2014 - 01:53:51: [basecommands.smx] "Console<0><Console><Console>" changed cvar (cvar "ins_bot_min_setup_gate_sniper_defend_range") (value "400")
L 08/14/2014 - 01:53:51: [basecommands.smx] "Console<0><Console><Console>" changed cvar (cvar "ins_bot_suppress_visible_requirement") (value "0.5")
L 08/14/2014 - 01:53:51: [basecommands.smx] "Console<0><Console><Console>" changed cvar (cvar "ins_bot_suppressing_fire_duration") (value "3.0")
L 08/14/2014 - 01:53:51: [basecommands.smx] "Console<0><Console><Console>" changed cvar (cvar "bot_hearing_flashbang_effect_max_distance") (value "1500")
L 08/14/2014 - 01:53:51: [basecommands.smx] "Console<0><Console><Console>" changed cvar (cvar "bot_hearing_silenced_weapon_sound_reduction") (value "0.75")
L 08/14/2014 - 02:11:53: [SM] Changed map to "revolt_coop"
L 08/14/2014 - 02:11:54: -------- Mapchange to revolt_coop --------
L 08/14/2014 - 02:11:54: [basecommands.smx] "Console<0><Console><Console>" changed cvar (cvar "ins_bot_max_setup_gate_defend_range") (value "5000")
L 08/14/2014 - 02:11:54: [basecommands.smx] "Console<0><Console><Console>" changed cvar (cvar "ins_bot_min_setup_gate_defend_range") (value "800")
L 08/14/2014 - 02:11:54: [basecommands.smx] "Console<0><Console><Console>" changed cvar (cvar "ins_bot_min_setup_gate_sniper_defend_range") (value "400")
L 08/14/2014 - 02:11:54: [basecommands.smx] "Console<0><Console><Console>" changed cvar (cvar "ins_bot_suppress_visible_requirement") (value "0.5")
L 08/14/2014 - 02:11:54: [basecommands.smx] "Console<0><Console><Console>" changed cvar (cvar "ins_bot_suppressing_fire_duration") (value "3.0")
L 08/14/2014 - 02:11:54: [basecommands.smx] "Console<0><Console><Console>" changed cvar (cvar "bot_hearing_flashbang_effect_max_distance") (value "1500")
L 08/14/2014 - 02:11:54: [basecommands.smx] "Console<0><Console><Console>" changed cvar (cvar "bot_hearing_silenced_weapon_sound_reduction") (value "0.75")
L 08/14/2014 - 02:36:12: [SM] Changed map to "buhriz_coop"
L 08/14/2014 - 02:36:12: -------- Mapchange to buhriz_coop --------
L 08/14/2014 - 02:36:12: [basecommands.smx] "Console<0><Console><Console>" changed cvar (cvar "ins_bot_max_setup_gate_defend_range") (value "5000")
L 08/14/2014 - 02:36:12: [basecommands.smx] "Console<0><Console><Console>" changed cvar (cvar "ins_bot_min_setup_gate_defend_range") (value "800")
L 08/14/2014 - 02:36:12: [basecommands.smx] "Console<0><Console><Console>" changed cvar (cvar "ins_bot_min_setup_gate_sniper_defend_range") (value "400")
L 08/14/2014 - 02:36:12: [basecommands.smx] "Console<0><Console><Console>" changed cvar (cvar "ins_bot_suppress_visible_requirement") (value "0.5")
L 08/14/2014 - 02:36:12: [basecommands.smx] "Console<0><Console><Console>" changed cvar (cvar "ins_bot_suppressing_fire_duration") (value "3.0")
L 08/14/2014 - 02:36:12: [basecommands.smx] "Console<0><Console><Console>" changed cvar (cvar "bot_hearing_flashbang_effect_max_distance") (value "1500")
L 08/14/2014 - 02:36:12: [basecommands.smx] "Console<0><Console><Console>" changed cvar (cvar "bot_hearing_silenced_weapon_sound_reduction") (value "0.75")
L 08/14/2014 - 03:00:11: [SM] Changed map to "market_coop"
L 08/14/2014 - 03:00:11: -------- Mapchange to market_coop --------
L 08/14/2014 - 03:00:11: [basecommands.smx] "Console<0><Console><Console>" changed cvar (cvar "ins_bot_max_setup_gate_defend_range") (value "5000")
L 08/14/2014 - 03:00:11: [basecommands.smx] "Console<0><Console><Console>" changed cvar (cvar "ins_bot_min_setup_gate_defend_range") (value "800")
L 08/14/2014 - 03:00:11: [basecommands.smx] "Console<0><Console><Console>" changed cvar (cvar "ins_bot_min_setup_gate_sniper_defend_range") (value "400")
L 08/14/2014 - 03:00:11: [basecommands.smx] "Console<0><Console><Console>" changed cvar (cvar "ins_bot_suppress_visible_requirement") (value "0.5")
L 08/14/2014 - 03:00:11: [basecommands.smx] "Console<0><Console><Console>" changed cvar (cvar "ins_bot_suppressing_fire_duration") (value "3.0")
L 08/14/2014 - 03:00:11: [basecommands.smx] "Console<0><Console><Console>" changed cvar (cvar "bot_hearing_flashbang_effect_max_distance") (value "1500")
L 08/14/2014 - 03:00:11: [basecommands.smx] "Console<0><Console><Console>" changed cvar (cvar "bot_hearing_silenced_weapon_sound_reduction") (value "0.75")
L 08/14/2014 - 03:43:06: SourceMod log file session started (file "L20140814.log") (Version "1.6.0")
L 08/14/2014 - 03:43:06: -------- Mapchange to ministry_coop --------
L 08/14/2014 - 03:43:06: [basecommands.smx] "Console<0><Console><Console>" changed cvar (cvar "ins_bot_max_setup_gate_defend_range") (value "5000")
L 08/14/2014 - 03:43:06: [basecommands.smx] "Console<0><Console><Console>" changed cvar (cvar "ins_bot_min_setup_gate_defend_range") (value "800")
L 08/14/2014 - 03:43:06: [basecommands.smx] "Console<0><Console><Console>" changed cvar (cvar "ins_bot_min_setup_gate_sniper_defend_range") (value "400")
L 08/14/2014 - 03:43:06: [basecommands.smx] "Console<0><Console><Console>" changed cvar (cvar "ins_bot_suppress_visible_requirement") (value "0.5")
L 08/14/2014 - 03:43:06: [basecommands.smx] "Console<0><Console><Console>" changed cvar (cvar "ins_bot_suppressing_fire_duration") (value "3.0")
L 08/14/2014 - 03:43:06: [basecommands.smx] "Console<0><Console><Console>" changed cvar (cvar "bot_hearing_flashbang_effect_max_distance") (value "1500")
L 08/14/2014 - 03:43:06: [basecommands.smx] "Console<0><Console><Console>" changed cvar (cvar "bot_hearing_silenced_weapon_sound_reduction") (value "0.75")
L 08/14/2014 - 03:54:57: [basecomm.smx] "-|TDB|-GEEZER |LMC|<25><STEAM_1:1:10119430><>" muted "Ghilbert<14><STEAM_1:1:51262345><>"
L 08/14/2014 - 03:55:56: [basecomm.smx] "-|TDB|-GEEZER |LMC|<25><STEAM_1:1:10119430><>" muted "DeathWarrent<12><STEAM_1:0:46254170><>"
L 08/14/2014 - 04:02:59: [SM] Changed map to "siege_coop"
L 08/14/2014 - 04:03:00: -------- Mapchange to siege_coop --------
L 08/14/2014 - 04:03:00: [basecommands.smx] "Console<0><Console><Console>" changed cvar (cvar "ins_bot_max_setup_gate_defend_range") (value "5000")
L 08/14/2014 - 04:03:00: [basecommands.smx] "Console<0><Console><Console>" changed cvar (cvar "ins_bot_min_setup_gate_defend_range") (value "800")
L 08/14/2014 - 04:03:00: [basecommands.smx] "Console<0><Console><Console>" changed cvar (cvar "ins_bot_min_setup_gate_sniper_defend_range") (value "400")
L 08/14/2014 - 04:03:00: [basecommands.smx] "Console<0><Console><Console>" changed cvar (cvar "ins_bot_suppress_visible_requirement") (value "0.5")
L 08/14/2014 - 04:03:00: [basecommands.smx] "Console<0><Console><Console>" changed cvar (cvar "ins_bot_suppressing_fire_duration") (value "3.0")
L 08/14/2014 - 04:03:00: [basecommands.smx] "Console<0><Console><Console>" changed cvar (cvar "bot_hearing_flashbang_effect_max_distance") (value "1500")
L 08/14/2014 - 04:03:00: [basecommands.smx] "Console<0><Console><Console>" changed cvar (cvar "bot_hearing_silenced_weapon_sound_reduction") (value "0.75")
L 08/14/2014 - 04:13:58: [basecomm.smx] "-|TDB|-GEEZER |LMC|<25><STEAM_1:1:10119430><>" muted "DeathWarrent<12><STEAM_1:0:46254170><>"
L 08/14/2014 - 04:33:40: [SM] Changed map to "district_hunt"
L 08/14/2014 - 04:33:40: -------- Mapchange to district_hunt --------
L 08/14/2014 - 04:33:40: [basecommands.smx] "Console<0><Console><Console>" changed cvar (cvar "ins_bot_max_setup_gate_defend_range") (value "5000")
L 08/14/2014 - 04:33:40: [basecommands.smx] "Console<0><Console><Console>" changed cvar (cvar "ins_bot_min_setup_gate_defend_range") (value "800")
L 08/14/2014 - 04:33:40: [basecommands.smx] "Console<0><Console><Console>" changed cvar (cvar "ins_bot_min_setup_gate_sniper_defend_range") (value "400")
L 08/14/2014 - 04:33:40: [basecommands.smx] "Console<0><Console><Console>" changed cvar (cvar "ins_bot_suppress_visible_requirement") (value "0.5")
L 08/14/2014 - 04:33:40: [basecommands.smx] "Console<0><Console><Console>" changed cvar (cvar "ins_bot_suppressing_fire_duration") (value "3.0")
L 08/14/2014 - 04:33:40: [basecommands.smx] "Console<0><Console><Console>" changed cvar (cvar "bot_hearing_flashbang_effect_max_distance") (value "1500")
L 08/14/2014 - 04:33:40: [basecommands.smx] "Console<0><Console><Console>" changed cvar (cvar "bot_hearing_silenced_weapon_sound_reduction") (value "0.75")
L 08/14/2014 - 06:00:49: [SM] Changed map to "heights_hunt"
L 08/14/2014 - 06:00:49: [SM] Changed map to "heights_hunt"
L 08/14/2014 - 06:00:50: -------- Mapchange to heights_hunt --------
L 08/14/2014 - 06:00:50: [basecommands.smx] "Console<0><Console><Console>" changed cvar (cvar "ins_bot_max_setup_gate_defend_range") (value "5000")
L 08/14/2014 - 06:00:50: [basecommands.smx] "Console<0><Console><Console>" changed cvar (cvar "ins_bot_min_setup_gate_defend_range") (value "800")
L 08/14/2014 - 06:00:50: [basecommands.smx] "Console<0><Console><Console>" changed cvar (cvar "ins_bot_min_setup_gate_sniper_defend_range") (value "400")
L 08/14/2014 - 06:00:50: [basecommands.smx] "Console<0><Console><Console>" changed cvar (cvar "ins_bot_suppress_visible_requirement") (value "0.5")
L 08/14/2014 - 06:00:50: [basecommands.smx] "Console<0><Console><Console>" changed cvar (cvar "ins_bot_suppressing_fire_duration") (value "3.0")
L 08/14/2014 - 06:00:50: [basecommands.smx] "Console<0><Console><Console>" changed cvar (cvar "bot_hearing_flashbang_effect_max_distance") (value "1500")
L 08/14/2014 - 06:00:50: [basecommands.smx] "Console<0><Console><Console>" changed cvar (cvar "bot_hearing_silenced_weapon_sound_reduction") (value "0.75")
L 08/14/2014 - 06:29:33: [SM] Changed map to "ministry_hunt"
L 08/14/2014 - 06:29:34: -------- Mapchange to ministry_hunt --------
L 08/14/2014 - 06:29:34: [basecommands.smx] "Console<0><Console><Console>" changed cvar (cvar "ins_bot_max_setup_gate_defend_range") (value "5000")
L 08/14/2014 - 06:29:34: [basecommands.smx] "Console<0><Console><Console>" changed cvar (cvar "ins_bot_min_setup_gate_defend_range") (value "800")
L 08/14/2014 - 06:29:34: [basecommands.smx] "Console<0><Console><Console>" changed cvar (cvar "ins_bot_min_setup_gate_sniper_defend_range") (value "400")
L 08/14/2014 - 06:29:34: [basecommands.smx] "Console<0><Console><Console>" changed cvar (cvar "ins_bot_suppress_visible_requirement") (value "0.5")
L 08/14/2014 - 06:29:34: [basecommands.smx] "Console<0><Console><Console>" changed cvar (cvar "ins_bot_suppressing_fire_duration") (value "3.0")
L 08/14/2014 - 06:29:34: [basecommands.smx] "Console<0><Console><Console>" changed cvar (cvar "bot_hearing_flashbang_effect_max_distance") (value "1500")
L 08/14/2014 - 06:29:34: [basecommands.smx] "Console<0><Console><Console>" changed cvar (cvar "bot_hearing_silenced_weapon_sound_reduction") (value "0.75")
L 08/14/2014 - 07:30:39: [SM] Changed map to "uprising_hunt"
L 08/14/2014 - 07:30:40: [SM] Changed map to "uprising_hunt"
L 08/14/2014 - 07:30:40: -------- Mapchange to uprising_hunt --------
L 08/14/2014 - 07:30:40: [basecommands.smx] "Console<0><Console><Console>" changed cvar (cvar "ins_bot_max_setup_gate_defend_range") (value "5000")
L 08/14/2014 - 07:30:40: [basecommands.smx] "Console<0><Console><Console>" changed cvar (cvar "ins_bot_min_setup_gate_defend_range") (value "800")
L 08/14/2014 - 07:30:40: [basecommands.smx] "Console<0><Console><Console>" changed cvar (cvar "ins_bot_min_setup_gate_sniper_defend_range") (value "400")
L 08/14/2014 - 07:30:40: [basecommands.smx] "Console<0><Console><Console>" changed cvar (cvar "ins_bot_suppress_visible_requirement") (value "0.5")
L 08/14/2014 - 07:30:40: [basecommands.smx] "Console<0><Console><Console>" changed cvar (cvar "ins_bot_suppressing_fire_duration") (value "3.0")
L 08/14/2014 - 07:30:40: [basecommands.smx] "Console<0><Console><Console>" changed cvar (cvar "bot_hearing_flashbang_effect_max_distance") (value "1500")
L 08/14/2014 - 07:30:40: [basecommands.smx] "Console<0><Console><Console>" changed cvar (cvar "bot_hearing_silenced_weapon_sound_reduction") (value "0.75")
L 08/14/2014 - 08:35:03: -------- Mapchange to buhriz_coop --------
L 08/14/2014 - 08:35:03: [basecommands.smx] "Console<0><Console><Console>" changed cvar (cvar "ins_bot_max_setup_gate_defend_range") (value "5000")
L 08/14/2014 - 08:35:03: [basecommands.smx] "Console<0><Console><Console>" changed cvar (cvar "ins_bot_min_setup_gate_defend_range") (value "800")
L 08/14/2014 - 08:35:03: [basecommands.smx] "Console<0><Console><Console>" changed cvar (cvar "ins_bot_min_setup_gate_sniper_defend_range") (value "400")
L 08/14/2014 - 08:35:03: [basecommands.smx] "Console<0><Console><Console>" changed cvar (cvar "ins_bot_suppress_visible_requirement") (value "0.5")
L 08/14/2014 - 08:35:03: [basecommands.smx] "Console<0><Console><Console>" changed cvar (cvar "ins_bot_suppressing_fire_duration") (value "3.0")
L 08/14/2014 - 08:35:03: [basecommands.smx] "Console<0><Console><Console>" changed cvar (cvar "bot_hearing_flashbang_effect_max_distance") (value "1500")
L 08/14/2014 - 08:35:03: [basecommands.smx] "Console<0><Console><Console>" changed cvar (cvar "bot_hearing_silenced_weapon_sound_reduction") (value "0.75")
L 08/14/2014 - 08:56:09: SourceMod log file session started (file "L20140814.log") (Version "1.6.0")
L 08/14/2014 - 08:56:09: -------- Mapchange to ministry_coop --------
L 08/14/2014 - 08:56:09: [basecommands.smx] "Console<0><Console><Console>" changed cvar (cvar "ins_bot_max_setup_gate_defend_range") (value "5000")
L 08/14/2014 - 08:56:09: [basecommands.smx] "Console<0><Console><Console>" changed cvar (cvar "ins_bot_min_setup_gate_defend_range") (value "800")
L 08/14/2014 - 08:56:09: [basecommands.smx] "Console<0><Console><Console>" changed cvar (cvar "ins_bot_min_setup_gate_sniper_defend_range") (value "400")
L 08/14/2014 - 08:56:09: [basecommands.smx] "Console<0><Console><Console>" changed cvar (cvar "ins_bot_suppress_visible_requirement") (value "0.5")
L 08/14/2014 - 08:56:09: [basecommands.smx] "Console<0><Console><Console>" changed cvar (cvar "ins_bot_suppressing_fire_duration") (value "3.0")
L 08/14/2014 - 08:56:09: [basecommands.smx] "Console<0><Console><Console>" changed cvar (cvar "bot_hearing_flashbang_effect_max_distance") (value "1500")
L 08/14/2014 - 08:56:09: [basecommands.smx] "Console<0><Console><Console>" changed cvar (cvar "bot_hearing_silenced_weapon_sound_reduction") (value "0.75")
L 08/14/2014 - 09:18:03: SourceMod log file session started (file "L20140814.log") (Version "1.6.0")
L 08/14/2014 - 09:18:03: -------- Mapchange to ministry_coop --------
L 08/14/2014 - 09:18:03: [basecommands.smx] "Console<0><Console><Console>" changed cvar (cvar "ins_bot_max_setup_gate_defend_range") (value "5000")
L 08/14/2014 - 09:18:03: [basecommands.smx] "Console<0><Console><Console>" changed cvar (cvar "ins_bot_min_setup_gate_defend_range") (value "800")
L 08/14/2014 - 09:18:03: [basecommands.smx] "Console<0><Console><Console>" changed cvar (cvar "ins_bot_min_setup_gate_sniper_defend_range") (value "400")
L 08/14/2014 - 09:18:03: [basecommands.smx] "Console<0><Console><Console>" changed cvar (cvar "ins_bot_suppress_visible_requirement") (value "0.5")
L 08/14/2014 - 09:18:03: [basecommands.smx] "Console<0><Console><Console>" changed cvar (cvar "ins_bot_suppressing_fire_duration") (value "3.0")
L 08/14/2014 - 09:18:03: [basecommands.smx] "Console<0><Console><Console>" changed cvar (cvar "bot_hearing_flashbang_effect_max_distance") (value "1500")
L 08/14/2014 - 09:18:03: [basecommands.smx] "Console<0><Console><Console>" changed cvar (cvar "bot_hearing_silenced_weapon_sound_reduction") (value "0.75")
L 08/14/2014 - 09:41:43: [SM] Changed map to "siege_coop"
L 08/14/2014 - 09:41:43: -------- Mapchange to siege_coop --------
L 08/14/2014 - 09:41:43: [basecommands.smx] "Console<0><Console><Console>" changed cvar (cvar "ins_bot_max_setup_gate_defend_range") (value "5000")
L 08/14/2014 - 09:41:43: [basecommands.smx] "Console<0><Console><Console>" changed cvar (cvar "ins_bot_min_setup_gate_defend_range") (value "800")
L 08/14/2014 - 09:41:43: [basecommands.smx] "Console<0><Console><Console>" changed cvar (cvar "ins_bot_min_setup_gate_sniper_defend_range") (value "400")
L 08/14/2014 - 09:41:43: [basecommands.smx] "Console<0><Console><Console>" changed cvar (cvar "ins_bot_suppress_visible_requirement") (value "0.5")
L 08/14/2014 - 09:41:43: [basecommands.smx] "Console<0><Console><Console>" changed cvar (cvar "ins_bot_suppressing_fire_duration") (value "3.0")
L 08/14/2014 - 09:41:43: [basecommands.smx] "Console<0><Console><Console>" changed cvar (cvar "bot_hearing_flashbang_effect_max_distance") (value "1500")
L 08/14/2014 - 09:41:43: [basecommands.smx] "Console<0><Console><Console>" changed cvar (cvar "bot_hearing_silenced_weapon_sound_reduction") (value "0.75")
L 08/14/2014 - 10:06:35: [SM] Changed map to "district_hunt"
L 08/14/2014 - 10:06:35: -------- Mapchange to district_hunt --------
L 08/14/2014 - 10:06:35: [basecommands.smx] "Console<0><Console><Console>" changed cvar (cvar "ins_bot_max_setup_gate_defend_range") (value "5000")
L 08/14/2014 - 10:06:35: [basecommands.smx] "Console<0><Console><Console>" changed cvar (cvar "ins_bot_min_setup_gate_defend_range") (value "800")
L 08/14/2014 - 10:06:35: [basecommands.smx] "Console<0><Console><Console>" changed cvar (cvar "ins_bot_min_setup_gate_sniper_defend_range") (value "400")
L 08/14/2014 - 10:06:35: [basecommands.smx] "Console<0><Console><Console>" changed cvar (cvar "ins_bot_suppress_visible_requirement") (value "0.5")
L 08/14/2014 - 10:06:35: [basecommands.smx] "Console<0><Console><Console>" changed cvar (cvar "ins_bot_suppressing_fire_duration") (value "3.0")
L 08/14/2014 - 10:06:35: [basecommands.smx] "Console<0><Console><Console>" changed cvar (cvar "bot_hearing_flashbang_effect_max_distance") (value "1500")
L 08/14/2014 - 10:06:35: [basecommands.smx] "Console<0><Console><Console>" changed cvar (cvar "bot_hearing_silenced_weapon_sound_reduction") (value "0.75")
L 08/14/2014 - 11:06:15: [SM] Changed map to "heights_hunt"
L 08/14/2014 - 11:06:15: [SM] Changed map to "heights_hunt"
L 08/14/2014 - 11:06:16: -------- Mapchange to heights_hunt --------
L 08/14/2014 - 11:06:16: [basecommands.smx] "Console<0><Console><Console>" changed cvar (cvar "ins_bot_max_setup_gate_defend_range") (value "5000")
L 08/14/2014 - 11:06:16: [basecommands.smx] "Console<0><Console><Console>" changed cvar (cvar "ins_bot_min_setup_gate_defend_range") (value "800")
L 08/14/2014 - 11:06:16: [basecommands.smx] "Console<0><Console><Console>" changed cvar (cvar "ins_bot_min_setup_gate_sniper_defend_range") (value "400")
L 08/14/2014 - 11:06:16: [basecommands.smx] "Console<0><Console><Console>" changed cvar (cvar "ins_bot_suppress_visible_requirement") (value "0.5")
L 08/14/2014 - 11:06:16: [basecommands.smx] "Console<0><Console><Console>" changed cvar (cvar "ins_bot_suppressing_fire_duration") (value "3.0")
L 08/14/2014 - 11:06:16: [basecommands.smx] "Console<0><Console><Console>" changed cvar (cvar "bot_hearing_flashbang_effect_max_distance") (value "1500")
L 08/14/2014 - 11:06:16: [basecommands.smx] "Console<0><Console><Console>" changed cvar (cvar "bot_hearing_silenced_weapon_sound_reduction") (value "0.75")
L 08/14/2014 - 12:05:52: [SM] Changed map to "ministry_hunt"
L 08/14/2014 - 12:05:52: -------- Mapchange to ministry_hunt --------
L 08/14/2014 - 12:05:52: [basecommands.smx] "Console<0><Console><Console>" changed cvar (cvar "ins_bot_max_setup_gate_defend_range") (value "5000")
L 08/14/2014 - 12:05:52: [basecommands.smx] "Console<0><Console><Console>" changed cvar (cvar "ins_bot_min_setup_gate_defend_range") (value "800")
L 08/14/2014 - 12:05:52: [basecommands.smx] "Console<0><Console><Console>" changed cvar (cvar "ins_bot_min_setup_gate_sniper_defend_range") (value "400")
L 08/14/2014 - 12:05:52: [basecommands.smx] "Console<0><Console><Console>" changed cvar (cvar "ins_bot_suppress_visible_requirement") (value "0.5")
L 08/14/2014 - 12:05:52: [basecommands.smx] "Console<0><Console><Console>" changed cvar (cvar "ins_bot_suppressing_fire_duration") (value "3.0")
L 08/14/2014 - 12:05:52: [basecommands.smx] "Console<0><Console><Console>" changed cvar (cvar "bot_hearing_flashbang_effect_max_distance") (value "1500")
L 08/14/2014 - 12:05:52: [basecommands.smx] "Console<0><Console><Console>" changed cvar (cvar "bot_hearing_silenced_weapon_sound_reduction") (value "0.75")
L 08/14/2014 - 12:15:17: [SM] Changed map to "uprising_hunt"
L 08/14/2014 - 12:15:18: -------- Mapchange to uprising_hunt --------
L 08/14/2014 - 12:15:18: [basecommands.smx] "Console<0><Console><Console>" changed cvar (cvar "ins_bot_max_setup_gate_defend_range") (value "5000")
L 08/14/2014 - 12:15:18: [basecommands.smx] "Console<0><Console><Console>" changed cvar (cvar "ins_bot_min_setup_gate_defend_range") (value "800")
L 08/14/2014 - 12:15:18: [basecommands.smx] "Console<0><Console><Console>" changed cvar (cvar "ins_bot_min_setup_gate_sniper_defend_range") (value "400")
L 08/14/2014 - 12:15:18: [basecommands.smx] "Console<0><Console><Console>" changed cvar (cvar "ins_bot_suppress_visible_requirement") (value "0.5")
L 08/14/2014 - 12:15:18: [basecommands.smx] "Console<0><Console><Console>" changed cvar (cvar "ins_bot_suppressing_fire_duration") (value "3.0")
L 08/14/2014 - 12:15:18: [basecommands.smx] "Console<0><Console><Console>" changed cvar (cvar "bot_hearing_flashbang_effect_max_distance") (value "1500")
L 08/14/2014 - 12:15:18: [basecommands.smx] "Console<0><Console><Console>" changed cvar (cvar "bot_hearing_silenced_weapon_sound_reduction") (value "0.75")
L 08/14/2014 - 12:36:43: [SM] Changed map to "panj_hunt"
L 08/14/2014 - 12:36:43: -------- Mapchange to panj_hunt --------
L 08/14/2014 - 12:36:43: [basecommands.smx] "Console<0><Console><Console>" changed cvar (cvar "ins_bot_max_setup_gate_defend_range") (value "5000")
L 08/14/2014 - 12:36:43: [basecommands.smx] "Console<0><Console><Console>" changed cvar (cvar "ins_bot_min_setup_gate_defend_range") (value "800")
L 08/14/2014 - 12:36:43: [basecommands.smx] "Console<0><Console><Console>" changed cvar (cvar "ins_bot_min_setup_gate_sniper_defend_range") (value "400")
L 08/14/2014 - 12:36:43: [basecommands.smx] "Console<0><Console><Console>" changed cvar (cvar "ins_bot_suppress_visible_requirement") (value "0.5")
L 08/14/2014 - 12:36:43: [basecommands.smx] "Console<0><Console><Console>" changed cvar (cvar "ins_bot_suppressing_fire_duration") (value "3.0")
L 08/14/2014 - 12:36:43: [basecommands.smx] "Console<0><Console><Console>" changed cvar (cvar "bot_hearing_flashbang_effect_max_distance") (value "1500")
L 08/14/2014 - 12:36:43: [basecommands.smx] "Console<0><Console><Console>" changed cvar (cvar "bot_hearing_silenced_weapon_sound_reduction") (value "0.75")
L 08/14/2014 - 12:44:25: [SM] Changed map to "contact_hunt"
L 08/14/2014 - 12:44:25: -------- Mapchange to contact_hunt --------
L 08/14/2014 - 12:44:25: [basecommands.smx] "Console<0><Console><Console>" changed cvar (cvar "ins_bot_max_setup_gate_defend_range") (value "5000")
L 08/14/2014 - 12:44:25: [basecommands.smx] "Console<0><Console><Console>" changed cvar (cvar "ins_bot_min_setup_gate_defend_range") (value "800")
L 08/14/2014 - 12:44:25: [basecommands.smx] "Console<0><Console><Console>" changed cvar (cvar "ins_bot_min_setup_gate_sniper_defend_range") (value "400")
L 08/14/2014 - 12:44:25: [basecommands.smx] "Console<0><Console><Console>" changed cvar (cvar "ins_bot_suppress_visible_requirement") (value "0.5")
L 08/14/2014 - 12:44:25: [basecommands.smx] "Console<0><Console><Console>" changed cvar (cvar "ins_bot_suppressing_fire_duration") (value "3.0")
L 08/14/2014 - 12:44:25: [basecommands.smx] "Console<0><Console><Console>" changed cvar (cvar "bot_hearing_flashbang_effect_max_distance") (value "1500")
L 08/14/2014 - 12:44:25: [basecommands.smx] "Console<0><Console><Console>" changed cvar (cvar "bot_hearing_silenced_weapon_sound_reduction") (value "0.75")
L 08/14/2014 - 12:49:39: [SM] Changed map to "sinjar_coop"
L 08/14/2014 - 12:49:39: -------- Mapchange to sinjar_coop --------
L 08/14/2014 - 12:49:39: [basecommands.smx] "Console<0><Console><Console>" changed cvar (cvar "ins_bot_max_setup_gate_defend_range") (value "5000")
L 08/14/2014 - 12:49:39: [basecommands.smx] "Console<0><Console><Console>" changed cvar (cvar "ins_bot_min_setup_gate_defend_range") (value "800")
L 08/14/2014 - 12:49:39: [basecommands.smx] "Console<0><Console><Console>" changed cvar (cvar "ins_bot_min_setup_gate_sniper_defend_range") (value "400")
L 08/14/2014 - 12:49:39: [basecommands.smx] "Console<0><Console><Console>" changed cvar (cvar "ins_bot_suppress_visible_requirement") (value "0.5")
L 08/14/2014 - 12:49:39: [basecommands.smx] "Console<0><Console><Console>" changed cvar (cvar "ins_bot_suppressing_fire_duration") (value "3.0")
L 08/14/2014 - 12:49:39: [basecommands.smx] "Console<0><Console><Console>" changed cvar (cvar "bot_hearing_flashbang_effect_max_distance") (value "1500")
L 08/14/2014 - 12:49:39: [basecommands.smx] "Console<0><Console><Console>" changed cvar (cvar "bot_hearing_silenced_weapon_sound_reduction") (value "0.75")
L 08/14/2014 - 13:13:03: [SM] Changed map to "revolt_coop"
L 08/14/2014 - 13:13:04: -------- Mapchange to revolt_coop --------
L 08/14/2014 - 13:13:04: [basecommands.smx] "Console<0><Console><Console>" changed cvar (cvar "ins_bot_max_setup_gate_defend_range") (value "5000")
L 08/14/2014 - 13:13:04: [basecommands.smx] "Console<0><Console><Console>" changed cvar (cvar "ins_bot_min_setup_gate_defend_range") (value "800")
L 08/14/2014 - 13:13:04: [basecommands.smx] "Console<0><Console><Console>" changed cvar (cvar "ins_bot_min_setup_gate_sniper_defend_range") (value "400")
L 08/14/2014 - 13:13:04: [basecommands.smx] "Console<0><Console><Console>" changed cvar (cvar "ins_bot_suppress_visible_requirement") (value "0.5")
L 08/14/2014 - 13:13:04: [basecommands.smx] "Console<0><Console><Console>" changed cvar (cvar "ins_bot_suppressing_fire_duration") (value "3.0")
L 08/14/2014 - 13:13:04: [basecommands.smx] "Console<0><Console><Console>" changed cvar (cvar "bot_hearing_flashbang_effect_max_distance") (value "1500")
L 08/14/2014 - 13:13:04: [basecommands.smx] "Console<0><Console><Console>" changed cvar (cvar "bot_hearing_silenced_weapon_sound_reduction") (value "0.75")
L 08/14/2014 - 13:50:33: [SM] Changed map to "buhriz_coop"
L 08/14/2014 - 13:50:34: -------- Mapchange to buhriz_coop --------
L 08/14/2014 - 13:50:34: [basecommands.smx] "Console<0><Console><Console>" changed cvar (cvar "ins_bot_max_setup_gate_defend_range") (value "5000")
L 08/14/2014 - 13:50:34: [basecommands.smx] "Console<0><Console><Console>" changed cvar (cvar "ins_bot_min_setup_gate_defend_range") (value "800")
L 08/14/2014 - 13:50:34: [basecommands.smx] "Console<0><Console><Console>" changed cvar (cvar "ins_bot_min_setup_gate_sniper_defend_range") (value "400")
L 08/14/2014 - 13:50:34: [basecommands.smx] "Console<0><Console><Console>" changed cvar (cvar "ins_bot_suppress_visible_requirement") (value "0.5")
L 08/14/2014 - 13:50:34: [basecommands.smx] "Console<0><Console><Console>" changed cvar (cvar "ins_bot_suppressing_fire_duration") (value "3.0")
L 08/14/2014 - 13:50:34: [basecommands.smx] "Console<0><Console><Console>" changed cvar (cvar "bot_hearing_flashbang_effect_max_distance") (value "1500")
L 08/14/2014 - 13:50:34: [basecommands.smx] "Console<0><Console><Console>" changed cvar (cvar "bot_hearing_silenced_weapon_sound_reduction") (value "0.75")
L 08/14/2014 - 14:09:18: [SM] Changed map to "market_coop"
L 08/14/2014 - 14:09:19: -------- Mapchange to market_coop --------
L 08/14/2014 - 14:09:19: [basecommands.smx] "Console<0><Console><Console>" changed cvar (cvar "ins_bot_max_setup_gate_defend_range") (value "5000")
L 08/14/2014 - 14:09:19: [basecommands.smx] "Console<0><Console><Console>" changed cvar (cvar "ins_bot_min_setup_gate_defend_range") (value "800")
L 08/14/2014 - 14:09:19: [basecommands.smx] "Console<0><Console><Console>" changed cvar (cvar "ins_bot_min_setup_gate_sniper_defend_range") (value "400")
L 08/14/2014 - 14:09:19: [basecommands.smx] "Console<0><Console><Console>" changed cvar (cvar "ins_bot_suppress_visible_requirement") (value "0.5")
L 08/14/2014 - 14:09:19: [basecommands.smx] "Console<0><Console><Console>" changed cvar (cvar "ins_bot_suppressing_fire_duration") (value "3.0")
L 08/14/2014 - 14:09:19: [basecommands.smx] "Console<0><Console><Console>" changed cvar (cvar "bot_hearing_flashbang_effect_max_distance") (value "1500")
L 08/14/2014 - 14:09:19: [basecommands.smx] "Console<0><Console><Console>" changed cvar (cvar "bot_hearing_silenced_weapon_sound_reduction") (value "0.75")
L 08/14/2014 - 14:37:21: [SM] Changed map to "heights_coop"
L 08/14/2014 - 14:37:22: -------- Mapchange to heights_coop --------
L 08/14/2014 - 14:37:22: [basecommands.smx] "Console<0><Console><Console>" changed cvar (cvar "ins_bot_max_setup_gate_defend_range") (value "5000")
L 08/14/2014 - 14:37:22: [basecommands.smx] "Console<0><Console><Console>" changed cvar (cvar "ins_bot_min_setup_gate_defend_range") (value "800")
L 08/14/2014 - 14:37:22: [basecommands.smx] "Console<0><Console><Console>" changed cvar (cvar "ins_bot_min_setup_gate_sniper_defend_range") (value "400")
L 08/14/2014 - 14:37:22: [basecommands.smx] "Console<0><Console><Console>" changed cvar (cvar "ins_bot_suppress_visible_requirement") (value "0.5")
L 08/14/2014 - 14:37:22: [basecommands.smx] "Console<0><Console><Console>" changed cvar (cvar "ins_bot_suppressing_fire_duration") (value "3.0")
L 08/14/2014 - 14:37:22: [basecommands.smx] "Console<0><Console><Console>" changed cvar (cvar "bot_hearing_flashbang_effect_max_distance") (value "1500")
L 08/14/2014 - 14:37:22: [basecommands.smx] "Console<0><Console><Console>" changed cvar (cvar "bot_hearing_silenced_weapon_sound_reduction") (value "0.75")
L 08/14/2014 - 14:47:52: [SM] Changed map to "contact_coop"
L 08/14/2014 - 14:47:53: -------- Mapchange to contact_coop --------
L 08/14/2014 - 14:47:53: [basecommands.smx] "Console<0><Console><Console>" changed cvar (cvar "ins_bot_max_setup_gate_defend_range") (value "5000")
L 08/14/2014 - 14:47:53: [basecommands.smx] "Console<0><Console><Console>" changed cvar (cvar "ins_bot_min_setup_gate_defend_range") (value "800")
L 08/14/2014 - 14:47:53: [basecommands.smx] "Console<0><Console><Console>" changed cvar (cvar "ins_bot_min_setup_gate_sniper_defend_range") (value "400")
L 08/14/2014 - 14:47:53: [basecommands.smx] "Console<0><Console><Console>" changed cvar (cvar "ins_bot_suppress_visible_requirement") (value "0.5")
L 08/14/2014 - 14:47:53: [basecommands.smx] "Console<0><Console><Console>" changed cvar (cvar "ins_bot_suppressing_fire_duration") (value "3.0")
L 08/14/2014 - 14:47:53: [basecommands.smx] "Console<0><Console><Console>" changed cvar (cvar "bot_hearing_flashbang_effect_max_distance") (value "1500")
L 08/14/2014 - 14:47:53: [basecommands.smx] "Console<0><Console><Console>" changed cvar (cvar "bot_hearing_silenced_weapon_sound_reduction") (value "0.75")
L 08/14/2014 - 16:38:52: [SM] Changed map to "district_coop"
L 08/14/2014 - 16:38:53: -------- Mapchange to district_coop --------
L 08/14/2014 - 16:38:53: [basecommands.smx] "Console<0><Console><Console>" changed cvar (cvar "ins_bot_max_setup_gate_defend_range") (value "5000")
L 08/14/2014 - 16:38:53: [basecommands.smx] "Console<0><Console><Console>" changed cvar (cvar "ins_bot_min_setup_gate_defend_range") (value "800")
L 08/14/2014 - 16:38:53: [basecommands.smx] "Console<0><Console><Console>" changed cvar (cvar "ins_bot_min_setup_gate_sniper_defend_range") (value "400")
L 08/14/2014 - 16:38:53: [basecommands.smx] "Console<0><Console><Console>" changed cvar (cvar "ins_bot_suppress_visible_requirement") (value "0.5")
L 08/14/2014 - 16:38:53: [basecommands.smx] "Console<0><Console><Console>" changed cvar (cvar "ins_bot_suppressing_fire_duration") (value "3.0")
L 08/14/2014 - 16:38:53: [basecommands.smx] "Console<0><Console><Console>" changed cvar (cvar "bot_hearing_flashbang_effect_max_distance") (value "1500")
L 08/14/2014 - 16:38:53: [basecommands.smx] "Console<0><Console><Console>" changed cvar (cvar "bot_hearing_silenced_weapon_sound_reduction") (value "0.75")
L 08/14/2014 - 17:36:08: [SM] Changed map to "ministry_coop"
L 08/14/2014 - 17:36:08: -------- Mapchange to ministry_coop --------
L 08/14/2014 - 17:36:08: [basecommands.smx] "Console<0><Console><Console>" changed cvar (cvar "ins_bot_max_setup_gate_defend_range") (value "5000")
L 08/14/2014 - 17:36:08: [basecommands.smx] "Console<0><Console><Console>" changed cvar (cvar "ins_bot_min_setup_gate_defend_range") (value "800")
L 08/14/2014 - 17:36:08: [basecommands.smx] "Console<0><Console><Console>" changed cvar (cvar "ins_bot_min_setup_gate_sniper_defend_range") (value "400")
L 08/14/2014 - 17:36:08: [basecommands.smx] "Console<0><Console><Console>" changed cvar (cvar "ins_bot_suppress_visible_requirement") (value "0.5")
L 08/14/2014 - 17:36:08: [basecommands.smx] "Console<0><Console><Console>" changed cvar (cvar "ins_bot_suppressing_fire_duration") (value "3.0")
L 08/14/2014 - 17:36:08: [basecommands.smx] "Console<0><Console><Console>" changed cvar (cvar "bot_hearing_flashbang_effect_max_distance") (value "1500")
L 08/14/2014 - 17:36:08: [basecommands.smx] "Console<0><Console><Console>" changed cvar (cvar "bot_hearing_silenced_weapon_sound_reduction") (value "0.75")
L 08/14/2014 - 18:33:39: [SM] Changed map to "siege_coop"
L 08/14/2014 - 18:33:39: -------- Mapchange to siege_coop --------
L 08/14/2014 - 18:33:39: [basecommands.smx] "Console<0><Console><Console>" changed cvar (cvar "ins_bot_max_setup_gate_defend_range") (value "5000")
L 08/14/2014 - 18:33:39: [basecommands.smx] "Console<0><Console><Console>" changed cvar (cvar "ins_bot_min_setup_gate_defend_range") (value "800")
L 08/14/2014 - 18:33:39: [basecommands.smx] "Console<0><Console><Console>" changed cvar (cvar "ins_bot_min_setup_gate_sniper_defend_range") (value "400")
L 08/14/2014 - 18:33:39: [basecommands.smx] "Console<0><Console><Console>" changed cvar (cvar "ins_bot_suppress_visible_requirement") (value "0.5")
L 08/14/2014 - 18:33:39: [basecommands.smx] "Console<0><Console><Console>" changed cvar (cvar "ins_bot_suppressing_fire_duration") (value "3.0")
L 08/14/2014 - 18:33:39: [basecommands.smx] "Console<0><Console><Console>" changed cvar (cvar "bot_hearing_flashbang_effect_max_distance") (value "1500")
L 08/14/2014 - 18:33:39: [basecommands.smx] "Console<0><Console><Console>" changed cvar (cvar "bot_hearing_silenced_weapon_sound_reduction") (value "0.75")
L 08/14/2014 - 18:56:12: [SM] Changed map to "district_hunt"
L 08/14/2014 - 18:56:12: -------- Mapchange to district_hunt --------
L 08/14/2014 - 18:56:12: [basecommands.smx] "Console<0><Console><Console>" changed cvar (cvar "ins_bot_max_setup_gate_defend_range") (value "5000")
L 08/14/2014 - 18:56:12: [basecommands.smx] "Console<0><Console><Console>" changed cvar (cvar "ins_bot_min_setup_gate_defend_range") (value "800")
L 08/14/2014 - 18:56:12: [basecommands.smx] "Console<0><Console><Console>" changed cvar (cvar "ins_bot_min_setup_gate_sniper_defend_range") (value "400")
L 08/14/2014 - 18:56:12: [basecommands.smx] "Console<0><Console><Console>" changed cvar (cvar "ins_bot_suppress_visible_requirement") (value "0.5")
L 08/14/2014 - 18:56:12: [basecommands.smx] "Console<0><Console><Console>" changed cvar (cvar "ins_bot_suppressing_fire_duration") (value "3.0")
L 08/14/2014 - 18:56:12: [basecommands.smx] "Console<0><Console><Console>" changed cvar (cvar "bot_hearing_flashbang_effect_max_distance") (value "1500")
L 08/14/2014 - 18:56:12: [basecommands.smx] "Console<0><Console><Console>" changed cvar (cvar "bot_hearing_silenced_weapon_sound_reduction") (value "0.75")
L 08/14/2014 - 18:59:04: [basecommands.smx] "-|TDB|-GEEZER |LMC|<598><STEAM_1:1:10119430><>" changed map to "7cav_breachv1"
L 08/14/2014 - 18:59:07: [SM] Changed map to "7cav_breachv1"
L 08/14/2014 - 18:59:07: -------- Mapchange to 7cav_breachv1 --------
L 08/14/2014 - 18:59:07: [basecommands.smx] "Console<0><Console><Console>" changed cvar (cvar "ins_bot_max_setup_gate_defend_range") (value "5000")
L 08/14/2014 - 18:59:07: [basecommands.smx] "Console<0><Console><Console>" changed cvar (cvar "ins_bot_min_setup_gate_defend_range") (value "800")
L 08/14/2014 - 18:59:07: [basecommands.smx] "Console<0><Console><Console>" changed cvar (cvar "ins_bot_min_setup_gate_sniper_defend_range") (value "400")
L 08/14/2014 - 18:59:07: [basecommands.smx] "Console<0><Console><Console>" changed cvar (cvar "ins_bot_suppress_visible_requirement") (value "0.5")
L 08/14/2014 - 18:59:07: [basecommands.smx] "Console<0><Console><Console>" changed cvar (cvar "ins_bot_suppressing_fire_duration") (value "3.0")
L 08/14/2014 - 18:59:07: [basecommands.smx] "Console<0><Console><Console>" changed cvar (cvar "bot_hearing_flashbang_effect_max_distance") (value "1500")
L 08/14/2014 - 18:59:07: [basecommands.smx] "Console<0><Console><Console>" changed cvar (cvar "bot_hearing_silenced_weapon_sound_reduction") (value "0.75")
L 08/14/2014 - 18:59:30: [basecommands.smx] "-|TDB|-GEEZER |LMC|<598><STEAM_1:1:10119430><>" changed map to "anbar_coop_beta4"
L 08/14/2014 - 18:59:33: [SM] Changed map to "anbar_coop_beta4"
L 08/14/2014 - 18:59:34: -------- Mapchange to anbar_coop_beta4 --------
L 08/14/2014 - 18:59:34: [basecommands.smx] "Console<0><Console><Console>" changed cvar (cvar "ins_bot_max_setup_gate_defend_range") (value "5000")
L 08/14/2014 - 18:59:34: [basecommands.smx] "Console<0><Console><Console>" changed cvar (cvar "ins_bot_min_setup_gate_defend_range") (value "800")
L 08/14/2014 - 18:59:34: [basecommands.smx] "Console<0><Console><Console>" changed cvar (cvar "ins_bot_min_setup_gate_sniper_defend_range") (value "400")
L 08/14/2014 - 18:59:34: [basecommands.smx] "Console<0><Console><Console>" changed cvar (cvar "ins_bot_suppress_visible_requirement") (value "0.5")
L 08/14/2014 - 18:59:34: [basecommands.smx] "Console<0><Console><Console>" changed cvar (cvar "ins_bot_suppressing_fire_duration") (value "3.0")
L 08/14/2014 - 18:59:34: [basecommands.smx] "Console<0><Console><Console>" changed cvar (cvar "bot_hearing_flashbang_effect_max_distance") (value "1500")
L 08/14/2014 - 18:59:34: [basecommands.smx] "Console<0><Console><Console>" changed cvar (cvar "bot_hearing_silenced_weapon_sound_reduction") (value "0.75")
L 08/14/2014 - 19:31:42: [SM] Changed map to "heights_hunt"
L 08/14/2014 - 19:31:43: -------- Mapchange to heights_hunt --------
L 08/14/2014 - 19:31:43: [basecommands.smx] "Console<0><Console><Console>" changed cvar (cvar "ins_bot_max_setup_gate_defend_range") (value "5000")
L 08/14/2014 - 19:31:43: [basecommands.smx] "Console<0><Console><Console>" changed cvar (cvar "ins_bot_min_setup_gate_defend_range") (value "800")
L 08/14/2014 - 19:31:43: [basecommands.smx] "Console<0><Console><Console>" changed cvar (cvar "ins_bot_min_setup_gate_sniper_defend_range") (value "400")
L 08/14/2014 - 19:31:43: [basecommands.smx] "Console<0><Console><Console>" changed cvar (cvar "ins_bot_suppress_visible_requirement") (value "0.5")
L 08/14/2014 - 19:31:43: [basecommands.smx] "Console<0><Console><Console>" changed cvar (cvar "ins_bot_suppressing_fire_duration") (value "3.0")
L 08/14/2014 - 19:31:43: [basecommands.smx] "Console<0><Console><Console>" changed cvar (cvar "bot_hearing_flashbang_effect_max_distance") (value "1500")
L 08/14/2014 - 19:31:43: [basecommands.smx] "Console<0><Console><Console>" changed cvar (cvar "bot_hearing_silenced_weapon_sound_reduction") (value "0.75")
L 08/14/2014 - 19:43:30: [SM] Changed map to "ministry_hunt"
L 08/14/2014 - 19:43:31: -------- Mapchange to ministry_hunt --------
L 08/14/2014 - 19:43:31: [basecommands.smx] "Console<0><Console><Console>" changed cvar (cvar "ins_bot_max_setup_gate_defend_range") (value "5000")
L 08/14/2014 - 19:43:31: [basecommands.smx] "Console<0><Console><Console>" changed cvar (cvar "ins_bot_min_setup_gate_defend_range") (value "800")
L 08/14/2014 - 19:43:31: [basecommands.smx] "Console<0><Console><Console>" changed cvar (cvar "ins_bot_min_setup_gate_sniper_defend_range") (value "400")
L 08/14/2014 - 19:43:31: [basecommands.smx] "Console<0><Console><Console>" changed cvar (cvar "ins_bot_suppress_visible_requirement") (value "0.5")
L 08/14/2014 - 19:43:31: [basecommands.smx] "Console<0><Console><Console>" changed cvar (cvar "ins_bot_suppressing_fire_duration") (value "3.0")
L 08/14/2014 - 19:43:31: [basecommands.smx] "Console<0><Console><Console>" changed cvar (cvar "bot_hearing_flashbang_effect_max_distance") (value "1500")
L 08/14/2014 - 19:43:31: [basecommands.smx] "Console<0><Console><Console>" changed cvar (cvar "bot_hearing_silenced_weapon_sound_reduction") (value "0.75")
L 08/14/2014 - 19:48:42: [SM] Changed map to "uprising_hunt"
L 08/14/2014 - 19:48:43: -------- Mapchange to uprising_hunt --------
L 08/14/2014 - 19:48:43: [basecommands.smx] "Console<0><Console><Console>" changed cvar (cvar "ins_bot_max_setup_gate_defend_range") (value "5000")
L 08/14/2014 - 19:48:43: [basecommands.smx] "Console<0><Console><Console>" changed cvar (cvar "ins_bot_min_setup_gate_defend_range") (value "800")
L 08/14/2014 - 19:48:43: [basecommands.smx] "Console<0><Console><Console>" changed cvar (cvar "ins_bot_min_setup_gate_sniper_defend_range") (value "400")
L 08/14/2014 - 19:48:43: [basecommands.smx] "Console<0><Console><Console>" changed cvar (cvar "ins_bot_suppress_visible_requirement") (value "0.5")
L 08/14/2014 - 19:48:43: [basecommands.smx] "Console<0><Console><Console>" changed cvar (cvar "ins_bot_suppressing_fire_duration") (value "3.0")
L 08/14/2014 - 19:48:43: [basecommands.smx] "Console<0><Console><Console>" changed cvar (cvar "bot_hearing_flashbang_effect_max_distance") (value "1500")
L 08/14/2014 - 19:48:43: [basecommands.smx] "Console<0><Console><Console>" changed cvar (cvar "bot_hearing_silenced_weapon_sound_reduction") (value "0.75")
L 08/14/2014 - 19:57:08: [SM] Changed map to "panj_hunt"
L 08/14/2014 - 19:57:08: -------- Mapchange to panj_hunt --------
L 08/14/2014 - 19:57:09: [basecommands.smx] "Console<0><Console><Console>" changed cvar (cvar "ins_bot_max_setup_gate_defend_range") (value "5000")
L 08/14/2014 - 19:57:09: [basecommands.smx] "Console<0><Console><Console>" changed cvar (cvar "ins_bot_min_setup_gate_defend_range") (value "800")
L 08/14/2014 - 19:57:09: [basecommands.smx] "Console<0><Console><Console>" changed cvar (cvar "ins_bot_min_setup_gate_sniper_defend_range") (value "400")
L 08/14/2014 - 19:57:09: [basecommands.smx] "Console<0><Console><Console>" changed cvar (cvar "ins_bot_suppress_visible_requirement") (value "0.5")
L 08/14/2014 - 19:57:09: [basecommands.smx] "Console<0><Console><Console>" changed cvar (cvar "ins_bot_suppressing_fire_duration") (value "3.0")
L 08/14/2014 - 19:57:09: [basecommands.smx] "Console<0><Console><Console>" changed cvar (cvar "bot_hearing_flashbang_effect_max_distance") (value "1500")
L 08/14/2014 - 19:57:09: [basecommands.smx] "Console<0><Console><Console>" changed cvar (cvar "bot_hearing_silenced_weapon_sound_reduction") (value "0.75")
L 08/14/2014 - 20:12:37: -------- Mapchange to revolt_coop --------
L 08/14/2014 - 20:12:37: [basecommands.smx] "Console<0><Console><Console>" changed cvar (cvar "ins_bot_max_setup_gate_defend_range") (value "5000")
L 08/14/2014 - 20:12:37: [basecommands.smx] "Console<0><Console><Console>" changed cvar (cvar "ins_bot_min_setup_gate_defend_range") (value "800")
L 08/14/2014 - 20:12:37: [basecommands.smx] "Console<0><Console><Console>" changed cvar (cvar "ins_bot_min_setup_gate_sniper_defend_range") (value "400")
L 08/14/2014 - 20:12:37: [basecommands.smx] "Console<0><Console><Console>" changed cvar (cvar "ins_bot_suppress_visible_requirement") (value "0.5")
L 08/14/2014 - 20:12:37: [basecommands.smx] "Console<0><Console><Console>" changed cvar (cvar "ins_bot_suppressing_fire_duration") (value "3.0")
L 08/14/2014 - 20:12:37: [basecommands.smx] "Console<0><Console><Console>" changed cvar (cvar "bot_hearing_flashbang_effect_max_distance") (value "1500")
L 08/14/2014 - 20:12:37: [basecommands.smx] "Console<0><Console><Console>" changed cvar (cvar "bot_hearing_silenced_weapon_sound_reduction") (value "0.75")
L 08/14/2014 - 20:36:32: [SM] Changed map to "contact_hunt"
L 08/14/2014 - 20:36:33: -------- Mapchange to contact_hunt --------
L 08/14/2014 - 20:36:33: [basecommands.smx] "Console<0><Console><Console>" changed cvar (cvar "ins_bot_max_setup_gate_defend_range") (value "5000")
L 08/14/2014 - 20:36:33: [basecommands.smx] "Console<0><Console><Console>" changed cvar (cvar "ins_bot_min_setup_gate_defend_range") (value "800")
L 08/14/2014 - 20:36:33: [basecommands.smx] "Console<0><Console><Console>" changed cvar (cvar "ins_bot_min_setup_gate_sniper_defend_range") (value "400")
L 08/14/2014 - 20:36:33: [basecommands.smx] "Console<0><Console><Console>" changed cvar (cvar "ins_bot_suppress_visible_requirement") (value "0.5")
L 08/14/2014 - 20:36:33: [basecommands.smx] "Console<0><Console><Console>" changed cvar (cvar "ins_bot_suppressing_fire_duration") (value "3.0")
L 08/14/2014 - 20:36:33: [basecommands.smx] "Console<0><Console><Console>" changed cvar (cvar "bot_hearing_flashbang_effect_max_distance") (value "1500")
L 08/14/2014 - 20:36:33: [basecommands.smx] "Console<0><Console><Console>" changed cvar (cvar "bot_hearing_silenced_weapon_sound_reduction") (value "0.75")
L 08/14/2014 - 20:41:14: [SM] Changed map to "sinjar_coop"
L 08/14/2014 - 20:41:15: -------- Mapchange to sinjar_coop --------
L 08/14/2014 - 20:41:15: [basecommands.smx] "Console<0><Console><Console>" changed cvar (cvar "ins_bot_max_setup_gate_defend_range") (value "5000")
L 08/14/2014 - 20:41:15: [basecommands.smx] "Console<0><Console><Console>" changed cvar (cvar "ins_bot_min_setup_gate_defend_range") (value "800")
L 08/14/2014 - 20:41:15: [basecommands.smx] "Console<0><Console><Console>" changed cvar (cvar "ins_bot_min_setup_gate_sniper_defend_range") (value "400")
L 08/14/2014 - 20:41:15: [basecommands.smx] "Console<0><Console><Console>" changed cvar (cvar "ins_bot_suppress_visible_requirement") (value "0.5")
L 08/14/2014 - 20:41:15: [basecommands.smx] "Console<0><Console><Console>" changed cvar (cvar "ins_bot_suppressing_fire_duration") (value "3.0")
L 08/14/2014 - 20:41:15: [basecommands.smx] "Console<0><Console><Console>" changed cvar (cvar "bot_hearing_flashbang_effect_max_distance") (value "1500")
L 08/14/2014 - 20:41:15: [basecommands.smx] "Console<0><Console><Console>" changed cvar (cvar "bot_hearing_silenced_weapon_sound_reduction") (value "0.75")
L 08/14/2014 - 20:58:53: [SM] Changed map to "revolt_coop"
L 08/14/2014 - 20:58:53: -------- Mapchange to revolt_coop --------
L 08/14/2014 - 20:58:53: [basecommands.smx] "Console<0><Console><Console>" changed cvar (cvar "ins_bot_max_setup_gate_defend_range") (value "5000")
L 08/14/2014 - 20:58:53: [basecommands.smx] "Console<0><Console><Console>" changed cvar (cvar "ins_bot_min_setup_gate_defend_range") (value "800")
L 08/14/2014 - 20:58:53: [basecommands.smx] "Console<0><Console><Console>" changed cvar (cvar "ins_bot_min_setup_gate_sniper_defend_range") (value "400")
L 08/14/2014 - 20:58:53: [basecommands.smx] "Console<0><Console><Console>" changed cvar (cvar "ins_bot_suppress_visible_requirement") (value "0.5")
L 08/14/2014 - 20:58:53: [basecommands.smx] "Console<0><Console><Console>" changed cvar (cvar "ins_bot_suppressing_fire_duration") (value "3.0")
L 08/14/2014 - 20:58:53: [basecommands.smx] "Console<0><Console><Console>" changed cvar (cvar "bot_hearing_flashbang_effect_max_distance") (value "1500")
L 08/14/2014 - 20:58:53: [basecommands.smx] "Console<0><Console><Console>" changed cvar (cvar "bot_hearing_silenced_weapon_sound_reduction") (value "0.75")
L 08/14/2014 - 21:50:27: [SM] Changed map to "buhriz_coop"
L 08/14/2014 - 21:50:28: -------- Mapchange to buhriz_coop --------
L 08/14/2014 - 21:50:28: [basecommands.smx] "Console<0><Console><Console>" changed cvar (cvar "ins_bot_max_setup_gate_defend_range") (value "5000")
L 08/14/2014 - 21:50:28: [basecommands.smx] "Console<0><Console><Console>" changed cvar (cvar "ins_bot_min_setup_gate_defend_range") (value "800")
L 08/14/2014 - 21:50:28: [basecommands.smx] "Console<0><Console><Console>" changed cvar (cvar "ins_bot_min_setup_gate_sniper_defend_range") (value "400")
L 08/14/2014 - 21:50:28: [basecommands.smx] "Console<0><Console><Console>" changed cvar (cvar "ins_bot_suppress_visible_requirement") (value "0.5")
L 08/14/2014 - 21:50:28: [basecommands.smx] "Console<0><Console><Console>" changed cvar (cvar "ins_bot_suppressing_fire_duration") (value "3.0")
L 08/14/2014 - 21:50:28: [basecommands.smx] "Console<0><Console><Console>" changed cvar (cvar "bot_hearing_flashbang_effect_max_distance") (value "1500")
L 08/14/2014 - 21:50:28: [basecommands.smx] "Console<0><Console><Console>" changed cvar (cvar "bot_hearing_silenced_weapon_sound_reduction") (value "0.75")
L 08/14/2014 - 22:09:52: [SM] Changed map to "market_coop"
L 08/14/2014 - 22:09:52: -------- Mapchange to market_coop --------
L 08/14/2014 - 22:09:52: [basecommands.smx] "Console<0><Console><Console>" changed cvar (cvar "ins_bot_max_setup_gate_defend_range") (value "5000")
L 08/14/2014 - 22:09:52: [basecommands.smx] "Console<0><Console><Console>" changed cvar (cvar "ins_bot_min_setup_gate_defend_range") (value "800")
L 08/14/2014 - 22:09:52: [basecommands.smx] "Console<0><Console><Console>" changed cvar (cvar "ins_bot_min_setup_gate_sniper_defend_range") (value "400")
L 08/14/2014 - 22:09:52: [basecommands.smx] "Console<0><Console><Console>" changed cvar (cvar "ins_bot_suppress_visible_requirement") (value "0.5")
L 08/14/2014 - 22:09:52: [basecommands.smx] "Console<0><Console><Console>" changed cvar (cvar "ins_bot_suppressing_fire_duration") (value "3.0")
L 08/14/2014 - 22:09:52: [basecommands.smx] "Console<0><Console><Console>" changed cvar (cvar "bot_hearing_flashbang_effect_max_distance") (value "1500")
L 08/14/2014 - 22:09:52: [basecommands.smx] "Console<0><Console><Console>" changed cvar (cvar "bot_hearing_silenced_weapon_sound_reduction") (value "0.75")
L 08/14/2014 - 22:33:10: SourceMod log file session started (file "L20140814.log") (Version "1.6.0")
L 08/14/2014 - 22:33:10: -------- Mapchange to ministry_coop --------
L 08/14/2014 - 22:33:10: [basecommands.smx] "Console<0><Console><Console>" changed cvar (cvar "ins_bot_max_setup_gate_defend_range") (value "5000")
L 08/14/2014 - 22:33:10: [basecommands.smx] "Console<0><Console><Console>" changed cvar (cvar "ins_bot_min_setup_gate_defend_range") (value "800")
L 08/14/2014 - 22:33:10: [basecommands.smx] "Console<0><Console><Console>" changed cvar (cvar "ins_bot_min_setup_gate_sniper_defend_range") (value "400")
L 08/14/2014 - 22:33:10: [basecommands.smx] "Console<0><Console><Console>" changed cvar (cvar "ins_bot_suppress_visible_requirement") (value "0.5")
L 08/14/2014 - 22:33:10: [basecommands.smx] "Console<0><Console><Console>" changed cvar (cvar "ins_bot_suppressing_fire_duration") (value "3.0")
L 08/14/2014 - 22:33:10: [basecommands.smx] "Console<0><Console><Console>" changed cvar (cvar "bot_hearing_flashbang_effect_max_distance") (value "1500")
L 08/14/2014 - 22:33:10: [basecommands.smx] "Console<0><Console><Console>" changed cvar (cvar "bot_hearing_silenced_weapon_sound_reduction") (value "0.75")
L 08/14/2014 - 22:52:38: [SM] Changed map to "siege_coop"
L 08/14/2014 - 22:52:38: -------- Mapchange to siege_coop --------
L 08/14/2014 - 22:52:38: [basecommands.smx] "Console<0><Console><Console>" changed cvar (cvar "ins_bot_max_setup_gate_defend_range") (value "5000")
L 08/14/2014 - 22:52:38: [basecommands.smx] "Console<0><Console><Console>" changed cvar (cvar "ins_bot_min_setup_gate_defend_range") (value "800")
L 08/14/2014 - 22:52:38: [basecommands.smx] "Console<0><Console><Console>" changed cvar (cvar "ins_bot_min_setup_gate_sniper_defend_range") (value "400")
L 08/14/2014 - 22:52:38: [basecommands.smx] "Console<0><Console><Console>" changed cvar (cvar "ins_bot_suppress_visible_requirement") (value "0.5")
L 08/14/2014 - 22:52:38: [basecommands.smx] "Console<0><Console><Console>" changed cvar (cvar "ins_bot_suppressing_fire_duration") (value "3.0")
L 08/14/2014 - 22:52:38: [basecommands.smx] "Console<0><Console><Console>" changed cvar (cvar "bot_hearing_flashbang_effect_max_distance") (value "1500")
L 08/14/2014 - 22:52:38: [basecommands.smx] "Console<0><Console><Console>" changed cvar (cvar "bot_hearing_silenced_weapon_sound_reduction") (value "0.75")
L 08/14/2014 - 23:27:05: [SM] Changed map to "district_hunt"
L 08/14/2014 - 23:27:05: -------- Mapchange to district_hunt --------
L 08/14/2014 - 23:27:05: [basecommands.smx] "Console<0><Console><Console>" changed cvar (cvar "ins_bot_max_setup_gate_defend_range") (value "5000")
L 08/14/2014 - 23:27:05: [basecommands.smx] "Console<0><Console><Console>" changed cvar (cvar "ins_bot_min_setup_gate_defend_range") (value "800")
L 08/14/2014 - 23:27:05: [basecommands.smx] "Console<0><Console><Console>" changed cvar (cvar "ins_bot_min_setup_gate_sniper_defend_range") (value "400")
L 08/14/2014 - 23:27:05: [basecommands.smx] "Console<0><Console><Console>" changed cvar (cvar "ins_bot_suppress_visible_requirement") (value "0.5")
L 08/14/2014 - 23:27:05: [basecommands.smx] "Console<0><Console><Console>" changed cvar (cvar "ins_bot_suppressing_fire_duration") (value "3.0")
L 08/14/2014 - 23:27:05: [basecommands.smx] "Console<0><Console><Console>" changed cvar (cvar "bot_hearing_flashbang_effect_max_distance") (value "1500")
L 08/14/2014 - 23:27:05: [basecommands.smx] "Console<0><Console><Console>" changed cvar (cvar "bot_hearing_silenced_weapon_sound_reduction") (value "0.75")
L 08/14/2014 - 23:32:35: [SM] Changed map to "heights_hunt"
L 08/14/2014 - 23:32:36: -------- Mapchange to heights_hunt --------
L 08/14/2014 - 23:32:36: [basecommands.smx] "Console<0><Console><Console>" changed cvar (cvar "ins_bot_max_setup_gate_defend_range") (value "5000")
L 08/14/2014 - 23:32:36: [basecommands.smx] "Console<0><Console><Console>" changed cvar (cvar "ins_bot_min_setup_gate_defend_range") (value "800")
L 08/14/2014 - 23:32:36: [basecommands.smx] "Console<0><Console><Console>" changed cvar (cvar "ins_bot_min_setup_gate_sniper_defend_range") (value "400")
L 08/14/2014 - 23:32:36: [basecommands.smx] "Console<0><Console><Console>" changed cvar (cvar "ins_bot_suppress_visible_requirement") (value "0.5")
L 08/14/2014 - 23:32:36: [basecommands.smx] "Console<0><Console><Console>" changed cvar (cvar "ins_bot_suppressing_fire_duration") (value "3.0")
L 08/14/2014 - 23:32:36: [basecommands.smx] "Console<0><Console><Console>" changed cvar (cvar "bot_hearing_flashbang_effect_max_distance") (value "1500")
L 08/14/2014 - 23:32:36: [basecommands.smx] "Console<0><Console><Console>" changed cvar (cvar "bot_hearing_silenced_weapon_sound_reduction") (value "0.75")
L 08/14/2014 - 23:37:51: [basecommands.smx] "-|TDB|-GEEZER |LMC|<113><STEAM_1:1:10119430><>" changed map to "sinjar_coop"
L 08/14/2014 - 23:37:54: [SM] Changed map to "sinjar_coop"
L 08/14/2014 - 23:37:55: -------- Mapchange to sinjar_coop --------
L 08/14/2014 - 23:37:55: [basecommands.smx] "Console<0><Console><Console>" changed cvar (cvar "ins_bot_max_setup_gate_defend_range") (value "5000")
L 08/14/2014 - 23:37:55: [basecommands.smx] "Console<0><Console><Console>" changed cvar (cvar "ins_bot_min_setup_gate_defend_range") (value "800")
L 08/14/2014 - 23:37:55: [basecommands.smx] "Console<0><Console><Console>" changed cvar (cvar "ins_bot_min_setup_gate_sniper_defend_range") (value "400")
L 08/14/2014 - 23:37:55: [basecommands.smx] "Console<0><Console><Console>" changed cvar (cvar "ins_bot_suppress_visible_requirement") (value "0.5")
L 08/14/2014 - 23:37:55: [basecommands.smx] "Console<0><Console><Console>" changed cvar (cvar "ins_bot_suppressing_fire_duration") (value "3.0")
L 08/14/2014 - 23:37:55: [basecommands.smx] "Console<0><Console><Console>" changed cvar (cvar "bot_hearing_flashbang_effect_max_distance") (value "1500")
L 08/14/2014 - 23:37:55: [basecommands.smx] "Console<0><Console><Console>" changed cvar (cvar "bot_hearing_silenced_weapon_sound_reduction") (value "0.75")
L 08/14/2014 - 23:46:03: SourceMod log file session started (file "L20140814.log") (Version "1.6.0")
L 08/14/2014 - 23:46:03: -------- Mapchange to ministry_coop --------
L 08/14/2014 - 23:46:03: [basecommands.smx] "Console<0><Console><Console>" changed cvar (cvar "ins_bot_max_setup_gate_defend_range") (value "5000")
L 08/14/2014 - 23:46:03: [basecommands.smx] "Console<0><Console><Console>" changed cvar (cvar "ins_bot_min_setup_gate_defend_range") (value "800")
L 08/14/2014 - 23:46:03: [basecommands.smx] "Console<0><Console><Console>" changed cvar (cvar "ins_bot_min_setup_gate_sniper_defend_range") (value "400")
L 08/14/2014 - 23:46:03: [basecommands.smx] "Console<0><Console><Console>" changed cvar (cvar "ins_bot_suppress_visible_requirement") (value "0.5")
L 08/14/2014 - 23:46:03: [basecommands.smx] "Console<0><Console><Console>" changed cvar (cvar "ins_bot_suppressing_fire_duration") (value "3.0")
L 08/14/2014 - 23:46:03: [basecommands.smx] "Console<0><Console><Console>" changed cvar (cvar "bot_hearing_flashbang_effect_max_distance") (value "1500")
L 08/14/2014 - 23:46:03: [basecommands.smx] "Console<0><Console><Console>" changed cvar (cvar "bot_hearing_silenced_weapon_sound_reduction") (value "0.75")
